number,value,datetime_start,datetime_complete,duration,params_adam_beta1,params_adam_beta2,params_hidden,params_lambda_ic,params_lambda_phys,params_lr,params_n_layers,params_scheduler_gamma,params_scheduler_step,state
183,0.0024208235554397106,2026-05-17 19:24:16.347688,2026-05-17 19:24:16.772365,0 days 00:00:00.424677,0.883857356724593,0.9987774619715508,80,20.79478334482612,2.982747567463,0.0032903125492312357,6,0.3251996649788311,4000,PRUNED
184,0.0030907532200217247,2026-05-17 19:24:16.779427,2026-05-17 19:24:17.014964,0 days 00:00:00.235537,0.8786194882234134,0.9990367953813748,48,47.28044394491049,1.1572841142347077,0.004569734288763548,6,0.35277417905246444,4000,PRUNED
185,0.09130004793405533,2026-05-17 19:24:17.021645,2026-05-17 19:24:17.255984,0 days 00:00:00.234339,0.8942711858468319,0.9961780011804496,48,41.27716431244409,0.01354884639043666,0.0021533338704464344,6,0.32216812114076343,4000,PRUNED
186,0.0030861597042530775,2026-05-17 19:24:17.262455,2026-05-17 19:24:17.505747,0 days 00:00:00.243292,0.8873505883102845,0.9991776223927561,32,30.66424700550276,1.5898183151970282,0.005238533357864997,6,0.89401687610446,4000,PRUNED
187,0.002357443794608116,2026-05-17 19:24:17.512895,2026-05-17 19:24:32.044275,0 days 00:00:14.531380,0.8911631018296081,0.9996014607965025,64,54.81327455403339,0.8971710295336673,0.003951902621538276,6,0.3719414742850742,4000,COMPLETE
188,0.0030697674956172705,2026-05-17 19:24:32.053357,2026-05-17 19:24:32.344226,0 days 00:00:00.290869,0.8974298973170104,0.9996383635526854,64,63.33871462065592,0.7888438054856117,0.0039503868753280056,6,0.3742902043828032,1000,PRUNED
189,0.004085856024175882,2026-05-17 19:24:32.351353,2026-05-17 19:24:32.585846,0 days 00:00:00.234493,0.8896797963615237,0.9995018508909366,64,50.01157424279725,1.2651528444520528,0.004347713444755029,6,0.3894103173143607,4000,PRUNED
190,0.0025250683538615704,2026-05-17 19:24:32.592156,2026-05-17 19:24:33.011800,0 days 00:00:00.419644,0.8915771302653811,0.9993777817791891,64,55.67739739733566,0.873543741468988,0.003650866463342328,6,0.48119025976118573,5000,PRUNED
191,0.004354563076049089,2026-05-17 19:24:33.018088,2026-05-17 19:24:33.248010,0 days 00:00:00.229922,0.9487330044881755,0.9998961746429113,64,39.24544659226977,1.088922679041015,0.0032177591467492605,6,0.4017743220188537,4000,PRUNED
192,0.0039084008894860744,2026-05-17 19:24:33.253964,2026-05-17 19:24:33.488340,0 days 00:00:00.234376,0.8738008151660972,0.9933926986903067,48,44.7325671659842,0.22791468051580813,0.0028876309671967246,6,0.3389068336405225,4000,PRUNED
193,0.029359493404626846,2026-05-17 19:24:33.494413,2026-05-17 19:24:33.738973,0 days 00:00:00.244560,0.8823736183574055,0.9989218218953896,48,55.18521275125645,2.0110877398131155,0.0003971005340662734,6,0.36554472224444595,4000,PRUNED
194,0.0025061427149921656,2026-05-17 19:24:33.744944,2026-05-17 19:24:34.178626,0 days 00:00:00.433682,0.8765139622416093,0.999651881860807,48,4.45114135555722,0.6508759468351053,0.0035255670930682123,6,0.8074898885982934,4000,PRUNED
195,0.0038869234267622232,2026-05-17 19:24:34.185187,2026-05-17 19:24:34.419611,0 days 00:00:00.234424,0.8852917480100722,0.9953842192398139,64,50.754437972339005,2.4524397394494315,0.002599843825407977,6,0.3098251832682666,4000,PRUNED
196,0.0036680179182440042,2026-05-17 19:24:34.425694,2026-05-17 19:24:34.665399,0 days 00:00:00.239705,0.9098578942536169,0.9983977494833365,48,11.678882557020476,1.4682191612103288,0.0030939212899015207,6,0.34684578399870936,4000,PRUNED
197,0.0023436076007783413,2026-05-17 19:24:34.671501,2026-05-17 19:24:49.321040,0 days 00:00:14.649539,0.8798757879993382,0.9915308763347098,48,35.82332711766259,1.8434153656057528,0.0023274345172995554,6,0.5122836046647,1000,COMPLETE
198,0.0023403868544846773,2026-05-17 19:24:49.330631,2026-05-17 19:25:04.243657,0 days 00:00:14.913026,0.8682671210363909,0.9918169724609995,64,34.586113230966056,0.514960958209581,0.0019524588355873684,6,0.5095207726556473,1000,COMPLETE
199,0.0033421453554183245,2026-05-17 19:25:04.252757,2026-05-17 19:25:04.541726,0 days 00:00:00.288969,0.8694911319635978,0.9916077695536922,64,1.7903677271730547,0.5294451492749317,0.001964414776763902,6,0.5360243772302704,1000,PRUNED
