number,value,datetime_start,datetime_complete,duration,params_adam_beta1,params_adam_beta2,params_hidden,params_lambda_ic,params_lambda_phys,params_lr,params_n_layers,params_scheduler_gamma,params_scheduler_step,state
0,0.0023489741142839193,2026-05-17 19:15:08.417801,2026-05-17 19:15:23.002107,0 days 00:00:14.584306,0.9712646604084909,0.9959510386162578,48,15.75132049977973,0.8471801418819978,0.0002051338263087451,6,0.3935967122017216,1000,COMPLETE
1,0.0024011917412281036,2026-05-17 19:15:23.014212,2026-05-17 19:15:29.182222,0 days 00:00:06.168010,0.8925939140143353,0.9951950886731592,96,46.22589001020831,7.579479953348009,0.00026587543983272726,2,0.4090949803242604,1000,COMPLETE
2,0.002353222807869315,2026-05-17 19:15:29.190787,2026-05-17 19:15:36.694174,0 days 00:00:07.503387,0.9599246345950219,0.9919767704433677,64,1.9010245319870354,0.2801635158716261,0.0003839629299804173,3,0.5198171059762151,3000,COMPLETE
3,0.002373484428972006,2026-05-17 19:15:36.701628,2026-05-17 19:15:48.487000,0 days 00:00:11.785372,0.9851884846304383,0.998003133746353,80,16.40928673064792,0.0015339162591163618,0.00021930485556643703,4,0.3390309557911677,5000,COMPLETE
4,0.002358228899538517,2026-05-17 19:15:48.498212,2026-05-17 19:15:54.668929,0 days 00:00:06.170717,0.9773048562910295,0.9925619218178402,48,7.591104805282694,0.5456725485601477,0.00017541893487450815,2,0.5971061460667622,1000,COMPLETE
5,0.0889451876282692,2026-05-17 19:15:54.676810,2026-05-17 19:15:54.851948,0 days 00:00:00.175138,0.9815298518189864,0.9988587907692338,96,12.399967836846093,0.12030178871154672,0.00023426581058204064,3,0.8817507766587351,4000,PRUNED
6,0.07081922143697739,2026-05-17 19:15:54.858982,2026-05-17 19:15:55.082082,0 days 00:00:00.223100,0.8879888644483455,0.9982045013406041,80,2.4658447214487373,0.002259279742015696,0.00012315571723666037,6,0.49519819845795865,2000,PRUNED
7,0.0023748360108584166,2026-05-17 19:15:55.089133,2026-05-17 19:16:05.058060,0 days 00:00:09.968927,0.9581142677015321,0.9919672852471884,48,1.9135880487692298,0.14817820606039092,0.0040215545266902904,3,0.3447303862078625,5000,COMPLETE
8,0.002364576328545809,2026-05-17 19:16:05.067475,2026-05-17 19:16:19.878482,0 days 00:00:14.811007,0.8662216683335181,0.9985447239161683,16,28.70875348195468,0.6720930050156113,0.0034877126245459306,6,0.3444267910404542,2000,COMPLETE
9,0.028710974380373955,2026-05-17 19:16:19.886782,2026-05-17 19:16:20.071938,0 days 00:00:00.185156,0.9742097839606857,0.9946749277591033,80,4.187594718900626,0.0017956984225677636,0.0004470608546778491,3,0.7377637070028384,4000,PRUNED
10,0.06533858925104141,2026-05-17 19:16:20.078547,2026-05-17 19:16:20.283721,0 days 00:00:00.205174,0.9372727126081251,0.9956484238623287,128,73.21173243252595,0.017012841103468537,0.001103265464618734,5,0.7141482441414871,2000,PRUNED
11,0.04396712779998779,2026-05-17 19:16:20.289713,2026-05-17 19:16:20.508229,0 days 00:00:00.218516,0.9350057983646516,0.9900895645804497,48,1.3997633330867796,3.0577558267160976,0.000739115897463125,5,0.505509596242654,3000,PRUNED
12,0.041803039610385895,2026-05-17 19:16:20.514625,2026-05-17 19:16:20.713365,0 days 00:00:00.198740,0.9508628948013829,0.9933242425085733,16,4.9134607426653245,0.8776841507236638,0.0014927100562947297,4,0.501246379719334,3000,PRUNED
13,0.04716803506016731,2026-05-17 19:16:20.719913,2026-05-17 19:16:20.931432,0 days 00:00:00.211519,0.9160073034895497,0.9965040815389444,32,1.0166899745473283,0.01895586429373142,0.0005046171980949179,5,0.598137997847344,1000,PRUNED
14,0.026894161477684975,2026-05-17 19:16:20.938153,2026-05-17 19:16:21.127602,0 days 00:00:00.189449,0.9595045250937164,0.990899597197136,64,18.977332265487444,0.02861615252534139,0.008327206331858154,4,0.4408780773576747,4000,PRUNED
15,0.02769031934440136,2026-05-17 19:16:21.134215,2026-05-17 19:16:21.371329,0 days 00:00:00.237114,0.9211124064280072,0.9968876341631516,64,7.262501516994396,1.508625542422029,0.00011275168556952315,6,0.6699883256941306,2000,PRUNED
16,0.02930251695215702,2026-05-17 19:16:21.377519,2026-05-17 19:16:21.545599,0 days 00:00:00.168080,0.9638109311794699,0.9940190183315947,32,3.517517652479344,0.1372777160689881,0.00042431701248430966,3,0.42757821775818455,3000,PRUNED
17,0.002341160085052252,2026-05-17 19:16:21.551968,2026-05-17 19:16:34.362094,0 days 00:00:12.810126,0.9451181730903084,0.9998118760748022,112,29.774116313691238,0.3172350889991854,0.0017904319826816592,5,0.5529444411486362,1000,COMPLETE
18,0.024209553375840187,2026-05-17 19:16:34.374904,2026-05-17 19:16:34.606712,0 days 00:00:00.231808,0.9390697243200142,0.9996958617189643,128,32.030233222131905,0.040986507871846246,0.001953635438746009,5,0.8542621715322205,1000,PRUNED
19,0.012194034643471241,2026-05-17 19:16:34.615513,2026-05-17 19:16:34.844709,0 days 00:00:00.229196,0.9135124750050402,0.9968754479669326,112,96.06261224252233,3.296121283573555,0.0026446784545179442,6,0.3043773205266697,1000,PRUNED
20,0.0023777333553880453,2026-05-17 19:16:34.851978,2026-05-17 19:16:47.732198,0 days 00:00:12.880220,0.8516269346278574,0.9998390435719922,112,43.30246618698513,9.658318826868332,0.006520045173988281,5,0.5541230354891601,2000,COMPLETE
21,0.0346493273973465,2026-05-17 19:16:47.740582,2026-05-17 19:16:47.980551,0 days 00:00:00.239969,0.9462973257489928,0.9915423315245754,64,19.28392977771259,0.3436130741995665,0.0007378185327474629,6,0.5570835626419518,1000,PRUNED
22,0.01926768571138382,2026-05-17 19:16:47.987717,2026-05-17 19:16:48.212322,0 days 00:00:00.224605,0.9676536978215321,0.9931891457826653,96,10.693433825573663,0.27528671398688975,0.00036446390832397244,5,0.4630585869639746,3000,PRUNED
23,0.04538705572485924,2026-05-17 19:16:48.219286,2026-05-17 19:16:48.417578,0 days 00:00:00.198292,0.9274236976154624,0.9962191590605339,32,26.86560048416397,1.2333843179050172,0.0007115869024492462,4,0.6551338177826211,2000,PRUNED
24,0.04523693025112152,2026-05-17 19:16:48.423444,2026-05-17 19:16:48.619038,0 days 00:00:00.195594,0.9887808497158727,0.9975214702647083,48,6.951303469652722,0.06927666252557309,0.0013558013656389926,4,0.5473516572077353,4000,PRUNED
25,0.04607854783535004,2026-05-17 19:16:48.625263,2026-05-17 19:16:48.777157,0 days 00:00:00.151894,0.9517689873500383,0.9944066842252552,64,13.768125630464603,0.29851538420076684,0.00015437215956743308,2,0.40741358062983696,1000,PRUNED
26,0.009677938185632229,2026-05-17 19:16:48.783160,2026-05-17 19:16:49.026580,0 days 00:00:00.243420,0.9698667208355072,0.9935418283154438,112,56.542196341260876,2.3907416158120878,0.00028545860637577695,6,0.6430979546301927,3000,PRUNED
27,0.12622392177581787,2026-05-17 19:16:49.032628,2026-05-17 19:16:49.204819,0 days 00:00:00.172191,0.9077824329540221,0.9955366352369475,80,24.482692238205725,0.0053247626411375105,0.0006179398328217869,3,0.39889572202386026,2000,PRUNED
28,0.02835468389093876,2026-05-17 19:16:49.210929,2026-05-17 19:16:49.429828,0 days 00:00:00.218899,0.9465557649477716,0.9991632851403517,32,2.911459720551694,0.06598110956248468,0.0010050294040238848,5,0.7772183300604062,1000,PRUNED
29,0.004480358213186264,2026-05-17 19:16:49.435891,2026-05-17 19:16:49.819516,0 days 00:00:00.383625,0.901230829287445,0.9951761392241264,96,38.44134268653038,6.006346664001376,0.0003135147371630036,2,0.3767012046015913,1000,PRUNED
30,0.0023660839069634676,2026-05-17 19:16:49.825953,2026-05-17 19:17:04.352533,0 days 00:00:14.526580,0.9292119972545327,0.9902060151890628,48,5.472974162875081,0.21967810706513036,0.0017517449832933941,6,0.46751903186548976,2000,COMPLETE
31,0.02469855733215809,2026-05-17 19:17:04.361182,2026-05-17 19:17:04.523664,0 days 00:00:00.162482,0.977662678792129,0.9924290795156293,48,7.871808228632693,0.5547404112507144,0.00019607547923012453,2,0.5873535061531686,1000,PRUNED
32,0.026923149824142456,2026-05-17 19:17:04.530670,2026-05-17 19:17:04.678583,0 days 00:00:00.147913,0.9758977840361651,0.9926207954873426,64,9.641256019857519,0.500008820324762,0.00016603725539827518,2,0.62440167939107,1000,PRUNED
33,0.030684370547533035,2026-05-17 19:17:04.684822,2026-05-17 19:17:04.830198,0 days 00:00:00.145376,0.9899001792600166,0.9908234095562093,48,15.834643533493107,1.3997956327755499,0.00024234167100098828,2,0.5388296600845729,1000,PRUNED
34,0.021378351375460625,2026-05-17 19:17:04.836793,2026-05-17 19:17:05.004937,0 days 00:00:00.168144,0.9575545912339094,0.991623595836076,80,1.8357608808430006,0.18391627631471974,0.00015234262812650735,3,0.6910281395519463,5000,PRUNED
35,0.03043675422668457,2026-05-17 19:17:05.011376,2026-05-17 19:17:05.179874,0 days 00:00:00.168498,0.9815408340902858,0.9926337799747599,64,21.40583872895033,0.4159119287695713,0.00010123622038071508,3,0.5835079784677497,1000,PRUNED
36,0.04485525190830231,2026-05-17 19:17:05.187129,2026-05-17 19:17:05.327888,0 days 00:00:00.140759,0.9660310377990381,0.997991010833427,80,12.942113510759711,0.8349543931768498,0.0001890477832603488,2,0.5080231621627832,2000,PRUNED
37,0.09233468025922775,2026-05-17 19:17:05.335027,2026-05-17 19:17:05.526255,0 days 00:00:00.191228,0.9717983652898723,0.9939981017893883,32,58.29696114199657,0.08691970827775297,0.0002669033612728632,4,0.6258985193694555,4000,PRUNED
38,0.019153280183672905,2026-05-17 19:17:05.533217,2026-05-17 19:17:05.703004,0 days 00:00:00.169787,0.882791139717288,0.9920988649933634,96,10.305430458224926,0.9025904409293143,0.0001342746452433605,3,0.3773225469365581,5000,PRUNED
39,0.043528541922569275,2026-05-17 19:17:05.709963,2026-05-17 19:17:05.878822,0 days 00:00:00.168859,0.9817008448714892,0.9911337605534601,48,2.150075970018216,2.1522371692501707,0.0030204149807043614,3,0.47146589575285786,2000,PRUNED
40,0.16982313990592957,2026-05-17 19:17:05.885890,2026-05-17 19:17:06.070326,0 days 00:00:00.184436,0.9577565265202068,0.9988427576721848,16,35.17049128274032,0.10951450527348769,0.004854839095220224,4,0.5248339956190424,1000,PRUNED
41,0.0023709230590611696,2026-05-17 19:17:06.077313,2026-05-17 19:17:20.455267,0 days 00:00:14.377954,0.8520720882899544,0.9986637051785054,16,23.90853849907464,0.6669519971934834,0.003236584289516509,6,0.3321277287814543,2000,COMPLETE
42,0.0023659146390855312,2026-05-17 19:17:20.464522,2026-05-17 19:17:33.731802,0 days 00:00:13.267280,0.8591658494025599,0.9994469186425685,32,29.433091816307034,4.761483275261677,0.004246822616247162,6,0.3474163980602864,2000,COMPLETE
43,0.023476140573620796,2026-05-17 19:17:33.739927,2026-05-17 19:17:33.958174,0 days 00:00:00.218247,0.8769386669742881,0.9977361822802949,16,15.632241637594808,0.41748281927009623,0.0020207643172511142,5,0.4425363618653372,3000,PRUNED
44,0.0023474895860999823,2026-05-17 19:17:33.964309,2026-05-17 19:17:47.655703,0 days 00:00:13.691394,0.8696096426680888,0.9973069449544247,48,1.1850017402002953,0.1987535928771813,0.0025993211583144995,6,0.3071160237681454,1000,COMPLETE
45,0.0023680871818214655,2026-05-17 19:17:47.664026,2026-05-17 19:18:02.323949,0 days 00:00:14.659923,0.8966099613535606,0.9959638173877833,48,1.0710377247643357,0.16226194184561843,0.0013284875118206678,6,0.3176922960309674,1000,COMPLETE
46,0.009340549819171429,2026-05-17 19:18:02.332333,2026-05-17 19:18:02.592821,0 days 00:00:00.260488,0.940693277516266,0.9974375517392123,64,1.6537179969135383,0.21205329824608274,0.00022169363808459885,5,0.3604247342079502,1000,PRUNED
47,0.0023785948287695646,2026-05-17 19:18:02.600595,2026-05-17 19:18:17.192756,0 days 00:00:14.592161,0.8711417435141744,0.994782936760758,48,2.971762305860959,0.974687142167388,0.0023239694780249633,6,0.571284902154468,1000,COMPLETE
48,0.016309458762407303,2026-05-17 19:18:17.203356,2026-05-17 19:18:17.465272,0 days 00:00:00.261916,0.9516075113175224,0.9982210635071235,64,1.2403568056697478,0.0422575232867579,0.0005340538852414007,5,0.6137065153774401,1000,PRUNED
49,0.03885486349463463,2026-05-17 19:18:17.474660,2026-05-17 19:18:17.704692,0 days 00:00:00.230032,0.9645306431469385,0.9969630565573084,80,1.3740840221545834,0.008128313491269525,0.0003426926055399703,6,0.5223378929276362,1000,PRUNED
50,0.002381853060796857,2026-05-17 19:18:17.712285,2026-05-17 19:18:28.913003,0 days 00:00:11.200718,0.96086070522382,0.9931312889363622,128,4.464632055604505,0.3044771338803658,0.0010994683258447556,4,0.4814827472900801,3000,COMPLETE
51,0.0030715670436620712,2026-05-17 19:18:28.922011,2026-05-17 19:18:29.465173,0 days 00:00:00.543162,0.8594337060624468,0.9992945192640833,32,47.673428247645695,0.5997023611667962,0.004927049161764602,6,0.3029358824070182,2000,PRUNED
52,0.0028054933063685894,2026-05-17 19:18:29.474166,2026-05-17 19:18:30.303301,0 days 00:00:00.829135,0.8690704332403297,0.9983349404899344,48,2.286586937846931,1.8152408006473846,0.0035347910165897125,6,0.39012856216272396,1000,PRUNED
53,0.03640079125761986,2026-05-17 19:18:30.311327,2026-05-17 19:18:30.519248,0 days 00:00:00.207921,0.8668759841921988,0.996476952441389,32,19.079113067265588,0.1299452560202381,0.0025822369687139406,5,0.419902633998112,2000,PRUNED
54,0.025537418201565742,2026-05-17 19:18:30.526643,2026-05-17 19:18:30.762569,0 days 00:00:00.235926,0.88695822316472,0.9972389631486372,64,1.5491273548024713,1.137675786305817,0.009805134027019446,6,0.32828879443070946,1000,PRUNED
55,0.00287763518281281,2026-05-17 19:18:30.769175,2026-05-17 19:18:31.156131,0 days 00:00:00.386956,0.9747331515075818,0.9985594366251099,48,29.362543901202343,0.7543419448816404,0.006096214444091017,5,0.3492690013386469,4000,PRUNED
56,0.0031039149034768343,2026-05-17 19:18:31.162257,2026-05-17 19:18:31.600997,0 days 00:00:00.438740,0.9319165341973498,0.9956764559829022,112,1.1993774449729413,0.42251483081671115,0.0016740136396348677,6,0.440271148862282,2000,PRUNED
57,0.20447641611099243,2026-05-17 19:18:31.607549,2026-05-17 19:18:31.818233,0 days 00:00:00.210684,0.9449951792733653,0.9996386891311907,16,45.01721998001269,0.24255855667044238,0.0004451212083198355,5,0.36215116458839336,3000,PRUNED
58,0.0027192169800400734,2026-05-17 19:18:31.824465,2026-05-17 19:18:32.255908,0 days 00:00:00.431443,0.9229079296280762,0.9990645256946613,64,5.74938863751595,3.64612012940393,0.002407936275990051,6,0.7213973440278949,1000,PRUNED
59,0.00802438985556364,2026-05-17 19:18:32.262492,2026-05-17 19:18:32.410965,0 days 00:00:00.148473,0.9848116734927321,0.997935576404449,80,3.6910038571119435,0.08205560665323211,0.0008321460872263596,2,0.6691203972484486,2000,PRUNED
60,0.04172153398394585,2026-05-17 19:18:32.416902,2026-05-17 19:18:32.585968,0 days 00:00:00.169066,0.8778635652137814,0.996548463220664,48,86.57969412011057,0.35493756771762636,0.002043973037516382,3,0.6010716353106227,1000,PRUNED
61,0.0023739722091704607,2026-05-17 19:18:32.591872,2026-05-17 19:18:47.156482,0 days 00:00:14.564610,0.8605308024949956,0.9995125590752792,32,27.52648818186042,5.174723014929201,0.004396494339249614,6,0.3464387415930349,2000,COMPLETE
62,0.0023779375478625298,2026-05-17 19:18:47.164872,2026-05-17 19:19:02.236835,0 days 00:00:15.071963,0.85854370238763,0.9998846659926188,32,32.56224810418095,9.897192516078462,0.003777237517578807,6,0.3003181287786112,3000,COMPLETE
63,0.0061501627787947655,2026-05-17 19:19:02.244720,2026-05-17 19:19:02.527132,0 days 00:00:00.282412,0.8651483346336055,0.9993707141043263,16,22.7337507440234,0.05023524975824979,0.007255008270024828,6,0.3958548467514719,2000,PRUNED
64,0.0023546020966023207,2026-05-17 19:19:02.535746,2026-05-17 19:19:17.153058,0 days 00:00:14.617312,0.8745649750837576,0.9987692815297747,32,38.063680173776376,2.7959152484409824,0.003232336379766471,6,0.3388350137085758,4000,COMPLETE
65,0.0023585869930684566,2026-05-17 19:19:17.162459,2026-05-17 19:19:32.329187,0 days 00:00:15.166728,0.8790391623422729,0.9988250471785622,48,38.44316790187188,1.6676976456855162,0.0032191405258314154,6,0.32334881762315987,4000,COMPLETE
66,0.002356321085244417,2026-05-17 19:19:32.337234,2026-05-17 19:19:47.432078,0 days 00:00:15.094844,0.891995161362342,0.9988918590805583,48,59.331047878636504,2.649145635473677,0.0029452157709374547,6,0.3709727717014774,4000,COMPLETE
67,0.0023689044173806906,2026-05-17 19:19:47.441356,2026-05-17 19:20:02.490377,0 days 00:00:15.049021,0.8919179834370812,0.9952058302785186,48,63.08927616697304,2.9786216825260214,0.0028637207897951335,6,0.7741717187713839,4000,COMPLETE
68,0.024411816149950027,2026-05-17 19:20:02.501713,2026-05-17 19:20:02.750085,0 days 00:00:00.248372,0.8739710003210485,0.9990516204042192,48,71.8349229096986,6.943477891165632,0.00013686088173473396,5,0.3702546905163973,4000,PRUNED
69,0.004247965756803751,2026-05-17 19:20:02.759215,2026-05-17 19:20:02.993426,0 days 00:00:00.234211,0.9085896399388871,0.9984748813655226,64,48.52641943726532,2.4995830364233846,0.0013970153404646072,6,0.5686803815150839,5000,PRUNED
70,0.05814288556575775,2026-05-17 19:20:03.000583,2026-05-17 19:20:03.193866,0 days 00:00:00.193283,0.9544924138137731,0.9919232055896883,32,7.940005647316756,1.2872364476607654,0.00019721761599066876,4,0.380995738780769,4000,PRUNED
71,0.002355497796088457,2026-05-17 19:20:03.201777,2026-05-17 19:20:17.707584,0 days 00:00:14.505807,0.8791381792599896,0.9987512450640045,48,41.873491413861515,1.6057176755894493,0.0033061827166608426,6,0.3164716647449042,4000,COMPLETE
72,0.0023581981658935547,2026-05-17 19:20:17.715869,2026-05-17 19:20:32.405711,0 days 00:00:14.689842,0.8866907544727423,0.9977540520670491,48,51.82459788873796,1.9498322146331342,0.0021330807391080828,6,0.316057099610777,4000,COMPLETE
73,0.12679807841777802,2026-05-17 19:20:32.414544,2026-05-17 19:20:32.660756,0 days 00:00:00.246212,0.8837292573780176,0.9976272265770261,48,53.20277825622164,0.0011273568002424996,0.0016704467263141027,6,0.31427359282881584,4000,PRUNED
74,0.0026932747568935156,2026-05-17 19:20:32.668627,2026-05-17 19:20:33.112462,0 days 00:00:00.443835,0.8928868816375122,0.9971916192208924,48,69.70636404283259,3.9781352205571485,0.0022664652689380264,6,0.3379349140198585,4000,PRUNED
75,0.0023663288448005915,2026-05-17 19:20:33.119865,2026-05-17 19:20:46.838229,0 days 00:00:13.718364,0.9014853471264117,0.9981408493303681,64,40.99752932850582,1.9467033799534055,0.004986373289749198,6,0.41006880656041206,4000,COMPLETE
76,0.0025494727306067944,2026-05-17 19:20:46.847181,2026-05-17 19:20:47.391248,0 days 00:00:00.544067,0.8843425954615196,0.9988071827103351,48,83.69376395104972,2.9466590595772537,0.0028197498240814475,6,0.3588150309416733,5000,PRUNED
77,0.017330151051282883,2026-05-17 19:20:47.397956,2026-05-17 19:20:47.690249,0 days 00:00:00.292293,0.8745507428466581,0.9979704941501426,32,35.038562787769706,1.4655030430958842,0.0019394453070619494,6,0.3323733167861592,4000,PRUNED
78,0.0023579320404678583,2026-05-17 19:20:47.697276,2026-05-17 19:21:02.074855,0 days 00:00:14.377579,0.8921997106819963,0.9990540827741814,48,52.55662006112776,2.4067678109375774,0.0026562740590332797,6,0.31525395537103773,4000,COMPLETE
79,0.0023612624499946833,2026-05-17 19:21:02.083136,2026-05-17 19:21:16.519062,0 days 00:00:14.435926,0.8920014112009725,0.9991390976407755,64,60.859369235690956,1.1137516526706333,0.004104879466927537,6,0.45580396319447597,5000,COMPLETE
80,0.002358502708375454,2026-05-17 19:21:16.529056,2026-05-17 19:21:29.042721,0 days 00:00:12.513665,0.8981215319195405,0.9996779607415776,96,42.54855323061231,4.60252948688515,0.003466458730406088,5,0.3834958086279159,4000,COMPLETE
81,0.0024585803039371967,2026-05-17 19:21:29.050704,2026-05-17 19:21:29.486819,0 days 00:00:00.436115,0.8805743718069439,0.9984183470978155,48,54.91109808184352,2.495968219551488,0.002366593414809549,6,0.32034868257546323,4000,PRUNED
82,0.0035519336815923452,2026-05-17 19:21:29.495390,2026-05-17 19:21:29.779550,0 days 00:00:00.284160,0.9064366516100146,0.9990071628106642,48,51.99385401777685,0.5167575086562254,0.005679134278035857,6,0.31181851982947256,4000,PRUNED
83,0.002440162468701601,2026-05-17 19:21:29.788791,2026-05-17 19:21:30.416600,0 days 00:00:00.627809,0.8889697811136575,0.9978062740131539,64,65.18077899847324,1.9696749943631338,0.0030446318001648826,6,0.3459442050787547,4000,PRUNED
84,0.03360292688012123,2026-05-17 19:21:30.424699,2026-05-17 19:21:30.711933,0 days 00:00:00.287234,0.8719818620174723,0.9986511732235956,48,79.56362436614283,0.8953963182413489,0.0012314457681890999,6,0.30083605097059996,4000,PRUNED
85,0.006460823118686676,2026-05-17 19:21:30.719191,2026-05-17 19:21:30.961818,0 days 00:00:00.242627,0.9151790300681658,0.9974102256250101,32,33.250715575716974,6.836011385104295,0.0021111864969645174,6,0.36586672662716513,4000,PRUNED
86,0.003041110234335065,2026-05-17 19:21:30.967927,2026-05-17 19:21:31.202926,0 days 00:00:00.234999,0.8880134459968116,0.9993129494979285,48,39.05925624305674,3.6515110099323445,0.0026251425169020633,6,0.48708218907005846,4000,PRUNED
87,0.1910972148180008,2026-05-17 19:21:31.209147,2026-05-17 19:21:31.446819,0 days 00:00:00.237672,0.8965484950606721,0.996739783581606,32,94.32759056246618,0.17849953119706907,0.0008848870629667347,6,0.4191063917931337,5000,PRUNED
88,0.0023649197537451982,2026-05-17 19:21:31.453070,2026-05-17 19:21:44.196365,0 days 00:00:12.743295,0.8758432844987202,0.9961479102589886,128,25.560200863469333,1.5839736784737732,0.0037428848079762446,5,0.3312335628064654,3000,COMPLETE
89,0.005342982709407806,2026-05-17 19:21:44.205397,2026-05-17 19:21:44.496065,0 days 00:00:00.290668,0.8818579620151098,0.9982207316533727,64,20.78806221271758,0.25088425423388183,0.0017925977620118,6,0.3546923783928364,3000,PRUNED
90,0.019082486629486084,2026-05-17 19:21:44.503095,2026-05-17 19:21:44.722170,0 days 00:00:00.219075,0.9673383151920026,0.9987528597675049,48,47.647510580101844,0.7414552387650568,0.0025975815605680016,5,0.8585731328543293,4000,PRUNED
