number,value,datetime_start,datetime_complete,duration,params_adam_beta1,params_adam_beta2,params_hidden,params_lambda_ic,params_lambda_phys,params_lr,params_n_layers,params_scheduler_gamma,params_scheduler_step,state
0,,2026-05-17 18:50:27.927014,2026-05-17 18:50:33.673671,0 days 00:00:05.746657,0.9712646604084909,0.9959510386162578,48,15.75132049977973,0.8471801418819978,0.0002051338263087451,6,0.3935967122017216,1000,FAIL
1,0.007937130518257618,2026-05-17 19:05:30.073045,2026-05-17 19:05:46.648921,0 days 00:00:16.575876,0.9712646604084909,0.9959510386162578,48,15.75132049977973,0.8471801418819978,0.0002051338263087451,6,0.3935967122017216,1000,COMPLETE
2,0.007180074695497751,2026-05-17 19:05:46.661212,2026-05-17 19:05:53.540446,0 days 00:00:06.879234,0.8925939140143353,0.9951950886731592,96,46.22589001020831,7.579479953348009,0.00026587543983272726,2,0.4090949803242604,1000,COMPLETE
3,0.004706687293946743,2026-05-17 19:05:53.551429,2026-05-17 19:06:02.007827,0 days 00:00:08.456398,0.9599246345950219,0.9919767704433677,64,1.9010245319870354,0.2801635158716261,0.0003839629299804173,3,0.5198171059762151,3000,COMPLETE
4,0.012567965313792229,2026-05-17 19:06:02.017879,2026-05-17 19:06:11.648796,0 days 00:00:09.630917,0.9851884846304383,0.998003133746353,80,16.40928673064792,0.0015339162591163618,0.00021930485556643703,4,0.3390309557911677,5000,COMPLETE
5,0.009326125495135784,2026-05-17 19:06:11.656182,2026-05-17 19:06:18.491223,0 days 00:00:06.835041,0.9773048562910295,0.9925619218178402,48,7.591104805282694,0.5456725485601477,0.00017541893487450815,2,0.5971061460667622,1000,COMPLETE
6,0.23198530077934265,2026-05-17 19:06:18.500829,2026-05-17 19:06:18.658012,0 days 00:00:00.157183,0.9815298518189864,0.9988587907692338,96,12.399967836846093,0.12030178871154672,0.00023426581058204064,3,0.8817507766587351,4000,PRUNED
7,0.20089827477931976,2026-05-17 19:06:18.665470,2026-05-17 19:06:18.897355,0 days 00:00:00.231885,0.8879888644483455,0.9982045013406041,80,2.4658447214487373,0.002259279742015696,0.00012315571723666037,6,0.49519819845795865,2000,PRUNED
8,0.0024471068754792213,2026-05-17 19:06:18.903343,2026-05-17 19:06:28.703772,0 days 00:00:09.800429,0.9581142677015321,0.9919672852471884,48,1.9135880487692298,0.14817820606039092,0.0040215545266902904,3,0.3447303862078625,5000,COMPLETE
9,0.006213727407157421,2026-05-17 19:06:28.715009,2026-05-17 19:06:43.082705,0 days 00:00:14.367696,0.8662216683335181,0.9985447239161683,16,28.70875348195468,0.6720930050156113,0.0034877126245459306,6,0.3444267910404542,2000,COMPLETE
10,0.1306813657283783,2026-05-17 19:06:43.092915,2026-05-17 19:06:43.250050,0 days 00:00:00.157135,0.9742097839606857,0.9946749277591033,80,4.187594718900626,0.0017956984225677636,0.0004470608546778491,3,0.7377637070028384,4000,PRUNED
11,0.0027706818655133247,2026-05-17 19:06:43.257588,2026-05-17 19:06:54.135769,0 days 00:00:10.878181,0.9373716938041312,0.9903940161001624,128,1.0862348973937128,0.0184157984854315,0.009165193790139851,4,0.7141482441414871,5000,COMPLETE
12,0.00256489310413599,2026-05-17 19:06:54.143814,2026-05-17 19:07:05.700172,0 days 00:00:11.556358,0.9362696435248066,0.9900462683499575,128,1.1184835394742487,0.014394919736313376,0.009582173571380463,4,0.7216195396547992,5000,COMPLETE
13,0.0024474128149449825,2026-05-17 19:07:05.708019,2026-05-17 19:07:18.025904,0 days 00:00:12.317885,0.9317064872172732,0.9900307612751963,128,1.0337366575206814,0.019982138990310136,0.00334413449395608,5,0.7306475890619939,5000,COMPLETE
14,0.34061819314956665,2026-05-17 19:07:18.036644,2026-05-17 19:07:18.255864,0 days 00:00:00.219220,0.9195919551055193,0.9922173398864563,32,99.7068227503645,0.02468559550742139,0.0024501223002972596,5,0.8324793616026946,4000,PRUNED
15,0.002683735452592373,2026-05-17 19:07:18.265047,2026-05-17 19:07:31.465149,0 days 00:00:13.200102,0.9464818152178807,0.9933813975398283,112,4.227026201782585,0.05784119651345543,0.0018288104180760958,5,0.6186744182108763,5000,COMPLETE
16,0.002608030568808317,2026-05-17 19:07:31.472905,2026-05-17 19:07:44.963018,0 days 00:00:13.490113,0.9180128159920778,0.9910338884239599,48,2.035093334318354,0.0070558521234916315,0.0045277804208573805,5,0.6310065091923333,4000,COMPLETE
17,0.07707998156547546,2026-05-17 19:07:44.970920,2026-05-17 19:07:45.157775,0 days 00:00:00.186855,0.904427687270094,0.9936646461354355,16,4.316235758734449,3.711944089797267,0.000918994136244505,3,0.8007185498039272,3000,PRUNED
18,0.07562709599733353,2026-05-17 19:07:45.163896,2026-05-17 19:07:45.348247,0 days 00:00:00.184351,0.9543189648244508,0.9913012946828583,64,1.6393776312058987,0.09242990604441949,0.0011320323616578018,4,0.5051832185612111,3000,PRUNED
19,0.0026643723249435425,2026-05-17 19:07:45.354602,2026-05-17 19:07:56.224007,0 days 00:00:10.869405,0.9281558571452262,0.991354798673234,112,7.336538861985153,0.0054103009460875606,0.005533207515192675,5,0.662822044362527,5000,COMPLETE
20,0.24031254649162292,2026-05-17 19:07:56.231881,2026-05-17 19:07:56.403054,0 days 00:00:00.171173,0.9608894452325206,0.9934024667729898,32,3.1459053272411084,0.04016658883118531,0.0015632368259953138,2,0.5677932050700218,4000,PRUNED
21,0.0024621596094220877,2026-05-17 19:07:56.409309,2026-05-17 19:08:07.523831,0 days 00:00:11.114522,0.8516269346278574,0.997095518856369,96,1.0095900396178161,0.21623732578902424,0.0026663923121311556,4,0.4440470957242424,5000,COMPLETE
22,0.007309111766517162,2026-05-17 19:08:07.531868,2026-05-17 19:08:09.843243,0 days 00:00:02.311375,0.8524301764908077,0.9968219339242721,112,1.1512761962017253,0.2444436163607056,0.0029943593374049202,4,0.4394562791344005,5000,PRUNED
23,0.03733452782034874,2026-05-17 19:08:09.850401,2026-05-17 19:08:10.285978,0 days 00:00:00.435577,0.8723556649154659,0.9996067600685279,96,1.527133816290098,1.8391128854697163,0.006447466959547119,5,0.31388520577421875,5000,PRUNED
24,0.031563349068164825,2026-05-17 19:08:10.293614,2026-05-17 19:08:10.609268,0 days 00:00:00.315654,0.9024808796250131,0.9969947563618237,128,1.0879887286531924,0.1566696189834112,0.002276886474326648,3,0.4291634903720915,4000,PRUNED
25,0.0027210628613829613,2026-05-17 19:08:10.617290,2026-05-17 19:08:18.303190,0 days 00:00:07.685900,0.9470759669478774,0.9969976459942287,112,2.7133700978020188,0.056254450558678164,0.0036729625786975717,3,0.35489751976862444,5000,COMPLETE
26,0.14156989753246307,2026-05-17 19:08:18.311031,2026-05-17 19:08:18.504208,0 days 00:00:00.193177,0.9087383139081008,0.99455140187396,64,1.5447902190799716,0.009546009015022533,0.0007594303691532663,4,0.47261119341927127,4000,PRUNED
27,0.016788754612207413,2026-05-17 19:08:18.511316,2026-05-17 19:08:19.632002,0 days 00:00:01.120686,0.9306163476673058,0.9906863434746749,96,6.611289862622812,0.3166051826059705,0.0013404818559542655,5,0.5499758464166415,5000,PRUNED
28,0.032994385808706284,2026-05-17 19:08:19.640717,2026-05-17 19:08:19.998176,0 days 00:00:00.357459,0.8525976485790959,0.9959316284015571,32,3.420053611497116,1.5153482527769302,0.006320589599641906,4,0.3785563825438046,4000,PRUNED
29,0.02018721029162407,2026-05-17 19:08:20.006105,2026-05-17 19:08:20.591772,0 days 00:00:00.585667,0.8822704571469893,0.9929292173538139,128,2.1963089460524814,0.027021296555458343,0.0022987191393587523,3,0.45883031988280754,5000,PRUNED
30,0.041947994381189346,2026-05-17 19:08:20.598711,2026-05-17 19:08:21.104559,0 days 00:00:00.505848,0.9675773838654259,0.9959423875310387,48,1.5002702060545536,0.0917179151194327,0.004384343553208293,6,0.30147782718929517,2000,PRUNED
31,0.047896988689899445,2026-05-17 19:08:21.111351,2026-05-17 19:08:21.546879,0 days 00:00:00.435528,0.9128241528282907,0.9915943364084321,80,1.0482884461566104,1.1480153101089305,0.000576263234644408,5,0.3880836381942947,3000,PRUNED
32,0.002548253396525979,2026-05-17 19:08:21.553076,2026-05-17 19:08:32.902939,0 days 00:00:11.349863,0.9393049410259616,0.9902759791914844,128,1.3531604899125762,0.04213189352257196,0.009436270269413134,4,0.7225514465600401,5000,COMPLETE
33,0.0058758980594575405,2026-05-17 19:08:32.910827,2026-05-17 19:08:43.222554,0 days 00:00:10.311727,0.9460814511521953,0.9900214550219893,112,1.3888717523808647,0.0036050983023255185,0.006959570638054231,4,0.7902076160730599,5000,PRUNED
34,0.03397500142455101,2026-05-17 19:08:43.232639,2026-05-17 19:08:43.486549,0 days 00:00:00.253910,0.9302442655700628,0.9906483263825029,128,2.237091961520714,0.17118690547015772,0.005183717025857651,2,0.6627697972352005,5000,PRUNED
35,0.027236949652433395,2026-05-17 19:08:43.492959,2026-05-17 19:08:43.831130,0 days 00:00:00.338171,0.9546991276727002,0.9919192722643082,112,1.9368951662104432,0.04035213287910049,0.0031729850539798372,4,0.7630045763369131,5000,PRUNED
36,0.029456166550517082,2026-05-17 19:08:43.837119,2026-05-17 19:08:44.135771,0 days 00:00:00.298652,0.8963379779909042,0.9908783715078818,96,21.11649942398558,0.4032506003541718,0.008235764532635095,3,0.6845525887664353,4000,PRUNED
37,0.10462237894535065,2026-05-17 19:08:44.142262,2026-05-17 19:08:44.287722,0 days 00:00:00.145460,0.9660310377990381,0.9940841778114452,128,1.396345294070045,0.011816272615088618,0.0018970538177132774,2,0.8343761757996326,5000,PRUNED
38,0.1218831017613411,2026-05-17 19:08:44.294057,2026-05-17 19:08:44.503787,0 days 00:00:00.209730,0.9874595688404935,0.9952217471913168,48,5.619948169716983,0.07428779131507297,0.00283647491479262,5,0.5516115854268305,1000,PRUNED
39,0.027273906394839287,2026-05-17 19:08:44.510204,2026-05-17 19:08:44.935360,0 days 00:00:00.425156,0.9380025851041544,0.9924937925994163,64,10.461039749314919,0.17892455257672038,0.004330881337373194,6,0.4080911764956916,4000,PRUNED
40,0.0025261526461690664,2026-05-17 19:08:44.942845,2026-05-17 19:08:55.028181,0 days 00:00:10.085336,0.9248280969841748,0.991758634269374,80,2.899701600889031,0.03597352300958015,0.0076276506189229725,4,0.8678615070550012,5000,COMPLETE
41,0.06570078432559967,2026-05-17 19:08:55.036646,2026-05-17 19:08:55.215034,0 days 00:00:00.178388,0.9235289837655288,0.9974205211138835,80,3.3768250091736367,9.767514128387644,0.005570544881982487,3,0.8331691047307166,4000,PRUNED
42,0.002429984975606203,2026-05-17 19:08:55.222689,2026-05-17 19:09:04.762410,0 days 00:00:09.539721,0.9426657498509873,0.9918149210983125,80,2.6874213514798755,0.026323562918538674,0.007318530457119655,4,0.8533762526266918,5000,COMPLETE
43,0.0025031273253262043,2026-05-17 19:09:04.773031,2026-05-17 19:09:15.066274,0 days 00:00:10.293243,0.9535302296674527,0.992804991928435,80,2.706088192530385,0.023282160892472068,0.006804143666898922,4,0.8847997838427841,5000,COMPLETE
44,0.0458378829061985,2026-05-17 19:09:15.075702,2026-05-17 19:09:15.261927,0 days 00:00:00.186225,0.9550252713593043,0.9923697986757858,80,1.8542095985109468,0.0010892628980969177,0.0036953978168906302,4,0.8736180971924865,5000,PRUNED
45,0.11008133739233017,2026-05-17 19:09:15.269208,2026-05-17 19:09:15.434993,0 days 00:00:00.165785,0.9732155205520551,0.9929901653708958,64,5.231265143036174,0.017408191894457015,0.004661181332813091,3,0.7993841796278367,5000,PRUNED
46,0.04515238478779793,2026-05-17 19:09:15.441264,2026-05-17 19:09:15.631915,0 days 00:00:00.190651,0.9448178594608603,0.9928858656490055,96,63.094780072211556,0.4476575906199111,0.007019300239023622,4,0.8556353663573266,5000,PRUNED
47,0.0281047485768795,2026-05-17 19:09:15.638010,2026-05-17 19:09:16.016637,0 days 00:00:00.378627,0.9792545851960774,0.9941965997336517,80,2.343773600009996,0.023989283409172533,0.003731281353297303,5,0.8920055192405815,5000,PRUNED
48,0.09103257209062576,2026-05-17 19:09:16.023432,2026-05-17 19:09:16.213077,0 days 00:00:00.189645,0.9602835982585668,0.9911578183084482,48,1.8738163210264578,0.12582600144071215,0.00016418479631553413,4,0.7673124677092715,4000,PRUNED
49,0.10249891877174377,2026-05-17 19:09:16.219257,2026-05-17 19:09:16.385217,0 days 00:00:00.165960,0.9529178682384645,0.9954252845837203,64,1.2394510606350428,0.0033551293526964,0.002709818303323244,3,0.7635068908528093,5000,PRUNED
50,0.15439094603061676,2026-05-17 19:09:16.391299,2026-05-17 19:09:16.606130,0 days 00:00:00.214831,0.9418162722798554,0.9920883220658203,80,14.746501183981591,0.010683195413989238,0.0018838366897783343,5,0.898539027505666,5000,PRUNED
51,0.17458245158195496,2026-05-17 19:09:16.612305,2026-05-17 19:09:16.805272,0 days 00:00:00.192967,0.9323681804862488,0.9916301086908987,96,2.688746603496746,0.006620732674289612,0.00036537288730985193,4,0.8502386389886599,4000,PRUNED
52,0.04282919690012932,2026-05-17 19:09:16.811341,2026-05-17 19:09:17.006946,0 days 00:00:00.195605,0.924419875086592,0.9916567438197761,80,2.85428841475418,0.024329593739982194,0.008692057719389133,4,0.8698728718983632,5000,PRUNED
53,0.011513059027493,2026-05-17 19:09:17.013204,2026-05-17 19:09:17.992692,0 days 00:00:00.979488,0.9499502157574471,0.9919459524311817,64,3.706908662901345,0.03496469362030748,0.007485400071824664,4,0.799554876432957,5000,PRUNED
54,0.0023634047247469425,2026-05-17 19:09:17.999259,2026-05-17 19:09:27.507413,0 days 00:00:09.508154,0.9149531346847112,0.9937295111519442,80,1.0198382514809425,0.06840117497821188,0.005842254767743386,4,0.8337275835469032,5000,COMPLETE
55,0.043919969350099564,2026-05-17 19:09:27.518942,2026-05-17 19:09:27.756991,0 days 00:00:00.238049,0.8840881680076162,0.9937122691376544,96,1.0438808284083025,0.05375163922542308,0.005821925294835964,6,0.8202659790289573,5000,PRUNED
56,0.06803243607282639,2026-05-17 19:09:27.765480,2026-05-17 19:09:27.919725,0 days 00:00:00.154245,0.8655391801429139,0.9932922463612722,80,1.7196708097999147,0.22585294822479202,0.0048913977210568935,2,0.3538962538281475,1000,PRUNED
57,0.025931626558303833,2026-05-17 19:09:27.927681,2026-05-17 19:09:28.309198,0 days 00:00:00.381517,0.9678254167105756,0.999096221174226,64,1.2648406444099534,0.08535528373382295,0.004030586774427251,5,0.5978814002039059,5000,PRUNED
58,0.071925088763237,2026-05-17 19:09:28.317285,2026-05-17 19:09:28.486002,0 days 00:00:00.168717,0.9613636687558275,0.9938773644354564,16,1.6833764241146645,0.6959598969182603,0.009831755718364893,3,0.3285086975892497,4000,PRUNED
59,0.0155837032943964,2026-05-17 19:09:28.492656,2026-05-17 19:09:29.128009,0 days 00:00:00.635353,0.9136131733084025,0.9946609990431294,96,1.0122913407212801,0.017504887951122376,0.0032961425410680035,4,0.5238530162489916,2000,PRUNED
60,0.03560442849993706,2026-05-17 19:09:29.134413,2026-05-17 19:09:29.521029,0 days 00:00:00.386616,0.8587640191914119,0.9926202703994054,64,1.2093108616871568,0.11446532591830244,0.006021473580516363,5,0.7461208542755511,3000,PRUNED
61,0.13559654355049133,2026-05-17 19:09:29.527019,2026-05-17 19:09:29.716272,0 days 00:00:00.189253,0.9339740295188199,0.9978546642613194,32,4.0541103277381705,0.07377889252855722,0.0015110290353522698,4,0.8128899762371807,5000,PRUNED
62,0.008522918447852135,2026-05-17 19:09:29.722510,2026-05-17 19:09:30.808297,0 days 00:00:01.085787,0.9251217448728841,0.992683621111742,80,2.4622334090588405,0.03153380346755086,0.0076483944724000915,4,0.8627934442441761,5000,PRUNED
63,0.0023262451868504286,2026-05-17 19:09:30.815858,2026-05-17 19:09:42.489912,0 days 00:00:11.674054,0.9418282449304838,0.9931961358163743,80,2.809650838374207,0.05798271088636744,0.004919564495448745,4,0.8831190705656629,5000,COMPLETE
64,0.030434077605605125,2026-05-17 19:09:42.502240,2026-05-17 19:09:42.870058,0 days 00:00:00.367818,0.9424207082105149,0.9932257671025599,80,4.988077786741707,0.0495331125299541,0.002430902796212995,4,0.8438185584987947,5000,PRUNED
65,0.04030584171414375,2026-05-17 19:09:42.878978,2026-05-17 19:09:43.071252,0 days 00:00:00.192274,0.9505698967054745,0.9921871745814483,96,1.9867923557440827,0.1228484934339697,0.004931235354440734,4,0.8869844471225093,5000,PRUNED
66,0.038103137165308,2026-05-17 19:09:43.078634,2026-05-17 19:09:43.265710,0 days 00:00:00.187076,0.9362649793104675,0.9943995804989785,80,1.4457768185155861,0.063065648543326,0.006534119428127927,4,0.779777839479394,5000,PRUNED
67,0.014525224454700947,2026-05-17 19:09:43.272655,2026-05-17 19:09:43.827579,0 days 00:00:00.554924,0.9192795320069727,0.9935550818982387,112,1.2053332816957008,0.01350455160154072,0.0040393433593422035,3,0.37178144471355534,5000,PRUNED
68,0.0290667861700058,2026-05-17 19:09:43.833644,2026-05-17 19:09:44.178061,0 days 00:00:00.344417,0.9575613592096576,0.9931053048291284,96,8.771083356718792,0.2876516066785045,0.005240098123619107,4,0.6999812864542654,5000,PRUNED
69,0.21683195233345032,2026-05-17 19:09:44.184490,2026-05-17 19:09:44.394655,0 days 00:00:00.210165,0.8727953592592896,0.9904969175643766,48,34.15014675963634,0.0087204232940085,0.0027616120095983097,5,0.6216295956736096,4000,PRUNED
70,0.04067988693714142,2026-05-17 19:09:44.400631,2026-05-17 19:09:44.567133,0 days 00:00:00.166502,0.8960610262881429,0.9948626787694317,64,1.6579808047166433,0.019292397938167977,0.003481757647033867,3,0.8244105980495288,5000,PRUNED
71,0.07015545666217804,2026-05-17 19:09:44.573090,2026-05-17 19:09:44.759688,0 days 00:00:00.186598,0.9494865206481541,0.9912537412339237,80,2.166844444370109,0.2108429616481156,0.0009973481472644618,4,0.47238791979317,5000,PRUNED
72,0.014829475432634354,2026-05-17 19:09:44.765465,2026-05-17 19:09:45.403040,0 days 00:00:00.637575,0.9151471012875608,0.9965485833283366,80,3.1870183937848626,0.03286206491463148,0.008369788338992133,4,0.8766764074762394,5000,PRUNED
73,0.0023678906727582216,2026-05-17 19:09:45.409323,2026-05-17 19:09:55.750792,0 days 00:00:10.341469,0.9054797080662623,0.9917704422829193,96,2.8634845309318315,0.06427107767060525,0.006159075382283373,4,0.8503137991773306,5000,COMPLETE
74,0.0023513189516961575,2026-05-17 19:09:55.759000,2026-05-17 19:10:07.523899,0 days 00:00:11.764899,0.9049292335360348,0.9908544057925678,96,4.569862036701732,0.1432120731383236,0.00616139896505596,4,0.8500746452989281,5000,COMPLETE
75,0.036391425877809525,2026-05-17 19:10:07.532193,2026-05-17 19:10:07.765976,0 days 00:00:00.233783,0.9054624177261454,0.9903671718019785,112,4.553692914082914,0.14812484959474398,0.005737736483772567,4,0.8100452719575811,5000,PRUNED
76,0.02296416647732258,2026-05-17 19:10:07.773522,2026-05-17 19:10:08.154941,0 days 00:00:00.381419,0.9020500278674716,0.9907495322183523,96,1.4656125414739185,0.09304157993771994,0.004292997246270293,5,0.8406922373252249,5000,PRUNED
77,0.04198794439435005,2026-05-17 19:10:08.161393,2026-05-17 19:10:08.350779,0 days 00:00:00.189386,0.9086893768241042,0.9909422961813148,96,6.461989102408536,0.35808589657085244,0.0021882052249144503,4,0.4325675985836709,5000,PRUNED
78,0.024095220491290092,2026-05-17 19:10:08.357087,2026-05-17 19:10:08.654077,0 days 00:00:00.296990,0.8907138037983272,0.9901616521529778,112,3.7575712781137214,0.05050787408791294,0.0031950293381795727,3,0.6510131875373232,5000,PRUNED
79,0.022776858881115913,2026-05-17 19:10:08.660082,2026-05-17 19:10:09.002637,0 days 00:00:00.342555,0.8966607186014884,0.9914116719390829,96,2.381724242959972,0.07091549610032036,0.004998049520209809,4,0.7431056718032555,4000,PRUNED
80,0.0395406037569046,2026-05-17 19:10:09.009489,2026-05-17 19:10:09.199202,0 days 00:00:00.189713,0.8775210636021039,0.9922768036916519,112,2.0574355503080946,0.5142629252151244,0.0064358114149489385,4,0.8547812828343195,5000,PRUNED
81,0.0022901897318661213,2026-05-17 19:10:09.206662,2026-05-17 19:10:21.283400,0 days 00:00:12.076738,0.9099229089587317,0.9913649106933661,112,3.10988297335392,0.1909928711400585,0.004054817464259742,5,0.7780290074059925,4000,COMPLETE
82,0.025177469477057457,2026-05-17 19:10:21.294938,2026-05-17 19:10:21.776199,0 days 00:00:00.481261,0.9098262316603807,0.9910538715897128,112,3.4906660043732844,0.18133703423821607,0.004450440746575216,5,0.7881979091592659,4000,PRUNED
83,0.03640799969434738,2026-05-17 19:10:21.785183,2026-05-17 19:10:21.998833,0 days 00:00:00.213650,0.9156941069528238,0.990568041493617,128,3.1108104505232848,0.15249959772995042,0.0036793718639463076,5,0.7754400676550306,5000,PRUNED
84,0.002394323004409671,2026-05-17 19:10:22.006118,2026-05-17 19:10:33.538023,0 days 00:00:11.531905,0.9205064920377316,0.9914699739377281,112,2.5932069887191718,0.10121571091919285,0.005189402402745732,5,0.8268529785003431,5000,COMPLETE
85,0.0025065522640943527,2026-05-17 19:10:33.546129,2026-05-17 19:10:44.904022,0 days 00:00:11.357893,0.9280574994799167,0.9914360626678974,128,2.6473746908317852,0.04324400926127831,0.005540253924297034,5,0.8214275262906391,5000,COMPLETE
86,0.0024771629832684994,2026-05-17 19:10:44.913356,2026-05-17 19:10:56.217065,0 days 00:00:11.303709,0.9212810964012202,0.9918729499930968,112,4.480478865507599,0.10505922581335207,0.007840544771644496,5,0.8451958288572932,3000,COMPLETE
87,0.027363285422325134,2026-05-17 19:10:56.224977,2026-05-17 19:10:56.713674,0 days 00:00:00.488697,0.9042943188681056,0.9909053337587083,112,3.0865300076122892,0.26643686374995673,0.003990063126512199,5,0.899151191796825,5000,PRUNED
88,0.00247528706677258,2026-05-17 19:10:56.720878,2026-05-17 19:11:07.974933,0 days 00:00:11.254055,0.8996844769670104,0.9914683886495861,128,4.055398523171464,0.0807922857003041,0.007160960276869001,5,0.8046461904490746,4000,COMPLETE
89,0.01168765313923359,2026-05-17 19:11:07.983316,2026-05-17 19:11:10.426344,0 days 00:00:02.443028,0.9099798303001294,0.9912096404184666,96,2.4762312384652363,0.06558153195120468,0.008927111859291386,6,0.8582902566981001,5000,PRUNED
90,0.0355754978954792,2026-05-17 19:11:10.434075,2026-05-17 19:11:10.671735,0 days 00:00:00.237660,0.9180385415930484,0.9924971967634685,128,6.0370991251153985,0.12786211603713535,0.006216536472334703,6,0.8281439932113747,5000,PRUNED
