number,value,datetime_start,datetime_complete,duration,params_adam_beta1,params_adam_beta2,params_hidden,params_lambda_ic,params_lambda_phys,params_lr,params_n_layers,params_scheduler_gamma,params_scheduler_step,state
183,0.03787840157747269,2026-05-17 19:14:24.843406,2026-05-17 19:14:25.086367,0 days 00:00:00.242961,0.9269832144604689,0.990818413591872,128,1.1916999011339389,0.220617424646957,0.00481729620734187,5,0.7548885302422583,5000,PRUNED
184,0.0434926338493824,2026-05-17 19:14:25.093336,2026-05-17 19:14:25.314116,0 days 00:00:00.220780,0.9050672220035475,0.9903870074228218,80,1.0790172637151219,0.01610114170377824,0.005316251476366265,5,0.7322774575516503,5000,PRUNED
185,0.020137973129749298,2026-05-17 19:14:25.320696,2026-05-17 19:14:25.705419,0 days 00:00:00.384723,0.9329508424944197,0.9915313701592239,96,1.2307503635808026,0.1129101428839844,0.0032453680363246857,5,0.3211639831859154,5000,PRUNED
186,0.021727250888943672,2026-05-17 19:14:25.712656,2026-05-17 19:14:26.054810,0 days 00:00:00.342154,0.9216697770274505,0.9933797170315541,128,2.632312672484383,0.05441514096923158,0.003624039779779269,4,0.8969741562445436,5000,PRUNED
187,0.047472257167100906,2026-05-17 19:14:26.061936,2026-05-17 19:14:26.273616,0 days 00:00:00.211680,0.9397194015181138,0.9941205803349464,80,2.386593397568514,0.09054565030204506,0.00436438990121348,5,0.6083753111136403,5000,PRUNED
188,0.027931638062000275,2026-05-17 19:14:26.281550,2026-05-17 19:14:26.624089,0 days 00:00:00.342539,0.9359833353440075,0.9906915763567578,48,2.8983961248000436,0.013259699774157658,0.006832725426808453,4,0.875927777082079,2000,PRUNED
189,0.015210499055683613,2026-05-17 19:14:26.631992,2026-05-17 19:14:27.122745,0 days 00:00:00.490753,0.9177070885286531,0.9928888041692367,64,2.160690641574829,0.1721678716204331,0.005988848999334592,4,0.37389280100187156,5000,PRUNED
190,0.013636410236358643,2026-05-17 19:14:27.129770,2026-05-17 19:14:27.820981,0 days 00:00:00.691211,0.9091330317346922,0.9917716881904552,96,3.665191751289045,0.02633070764977696,0.00792287015966235,5,0.8322244954877752,5000,PRUNED
191,0.081821009516716,2026-05-17 19:14:27.828973,2026-05-17 19:14:27.981050,0 days 00:00:00.152077,0.925194373600628,0.9910006016355496,112,1.3744086390973607,0.24603467603244156,0.004746649259424189,2,0.3405695442662935,5000,PRUNED
192,0.034313052892684937,2026-05-17 19:14:27.987214,2026-05-17 19:14:28.199235,0 days 00:00:00.212021,0.9106235185049031,0.9913275904727065,80,3.58524485293905,0.14094567936314345,0.00966765377769687,5,0.31152082762313943,5000,PRUNED
193,0.033314455300569534,2026-05-17 19:14:28.205198,2026-05-17 19:14:28.415893,0 days 00:00:00.210695,0.9057523087289916,0.9914049174901708,80,4.1089585878779955,0.13779884107361226,0.00902242257164188,5,0.30094074266588255,5000,PRUNED
194,0.026867207139730453,2026-05-17 19:14:28.421830,2026-05-17 19:14:28.803688,0 days 00:00:00.381858,0.912896057398083,0.9911851946258967,80,3.2844923406752597,0.2002913786793679,0.008712760050466308,5,0.3150578356689242,5000,PRUNED
195,0.04046737030148506,2026-05-17 19:14:28.809725,2026-05-17 19:14:29.021911,0 days 00:00:00.212186,0.9024007798802425,0.991652710155805,80,3.0279038979764312,0.0191782389561125,0.007757804728255839,5,0.3309857807451003,5000,PRUNED
196,0.0023276095744222403,2026-05-17 19:14:29.028075,2026-05-17 19:14:41.932478,0 days 00:00:12.904403,0.909023682885812,0.9938141006089428,80,1.0033494567693069,0.06758292953194078,0.005522258700885892,5,0.3217122375406205,5000,COMPLETE
197,0.0023662233725190163,2026-05-17 19:14:41.942088,2026-05-17 19:14:55.123315,0 days 00:00:13.181227,0.8990216999633833,0.9938100436594133,80,1.0207931054190744,0.07618633878155091,0.005368492789482906,5,0.3436534098356975,5000,COMPLETE
198,0.0023671139497309923,2026-05-17 19:14:55.132202,2026-05-17 19:15:07.687850,0 days 00:00:12.555648,0.8989043215172172,0.993609611678143,80,1.1516422828604103,0.06960315236751001,0.00541121919885771,5,0.34685254681888567,5000,COMPLETE
199,0.03593037649989128,2026-05-17 19:15:07.696368,2026-05-17 19:15:07.920495,0 days 00:00:00.224127,0.9026883834643791,0.993606361800974,80,1.0632458083577323,0.06174557785798234,0.0055351047226148455,5,0.35007441012502444,5000,PRUNED
200,0.02019607089459896,2026-05-17 19:15:07.927108,2026-05-17 19:15:08.323706,0 days 00:00:00.396598,0.8982899984246112,0.9938867713527451,80,1.1578004285875712,0.04133504948082626,0.005171030118366027,5,0.33802644399637305,5000,PRUNED
