number,value,datetime_start,datetime_complete,duration,params_hidden,params_lambda_bc,params_lambda_ic,params_lambda_phys,params_lr,params_n_layers,params_scheduler_gamma,params_scheduler_step,state
201,0.052660416811704636,2026-05-21 12:10:23.181542,2026-05-21 12:10:23.655785,0 days 00:00:00.474243,64,12.839834117099103,291.43391723935963,0.18981343966493558,0.008101933994785007,6,0.7715476138128309,1000,PRUNED
202,0.07283227145671844,2026-05-21 12:10:23.662863,2026-05-21 12:10:24.140179,0 days 00:00:00.477316,48,14.974783218103166,11.192613337965502,1.5838038993126906,0.006739105982339808,7,0.7460987750754979,1000,PRUNED
203,0.06077863648533821,2026-05-21 12:10:24.148104,2026-05-21 12:10:24.852956,0 days 00:00:00.704852,96,11.90967647454193,510.6576307188153,0.3533559695777259,0.005082527142081322,9,0.8043865711922089,1000,PRUNED
204,0.04941330477595329,2026-05-21 12:10:24.859521,2026-05-21 12:10:25.384095,0 days 00:00:00.524574,64,146.23103696020414,212.2686761774118,0.23437625698320055,0.0025964129428779482,7,0.6195918146381563,1000,PRUNED
205,0.038383763283491135,2026-05-21 12:10:25.390835,2026-05-21 12:10:25.961764,0 days 00:00:00.570929,112,10.687639014435485,45.58240403549675,14.312226867044611,0.007122706212658504,6,0.5838771499156248,3000,PRUNED
206,0.04417990893125534,2026-05-21 12:10:25.968279,2026-05-21 12:10:26.698299,0 days 00:00:00.730020,128,13.756587145387604,33.14038684810336,0.26530475818116694,0.0029559039268737763,8,0.783448265455808,3000,PRUNED
207,0.052344515919685364,2026-05-21 12:10:26.706335,2026-05-21 12:10:27.198157,0 days 00:00:00.491822,32,17.52637797762159,437.95712064850164,23.500438964399144,0.008637459572160971,9,0.7618362848965213,1000,PRUNED
208,0.04778754338622093,2026-05-21 12:10:27.205813,2026-05-21 12:10:27.615504,0 days 00:00:00.409691,16,12.30850824678509,684.961173649824,0.14806754974609732,0.009551162931613042,7,0.8499975821077451,3000,PRUNED
209,0.04081185907125473,2026-05-21 12:10:27.621976,2026-05-21 12:10:28.207347,0 days 00:00:00.585371,48,10.040747548983239,13.258071701532197,3.4809329042619215,0.002787968542031796,10,0.7313760068173256,1000,PRUNED
210,0.039060138165950775,2026-05-21 12:10:28.214217,2026-05-21 12:10:28.970342,0 days 00:00:00.756125,112,14.945277556893382,311.62485942770064,56.61405499752918,0.005866976897120805,9,0.6973253802883509,3000,PRUNED
211,0.0369272455573082,2026-05-21 12:10:28.977747,2026-05-21 12:10:29.809721,0 days 00:00:00.831974,112,25.076209864159125,159.8068172983124,16.543806790307844,0.00011155118905960048,10,0.4692290101473031,5000,PRUNED
212,0.04522229731082916,2026-05-21 12:10:29.816959,2026-05-21 12:10:30.259559,0 days 00:00:00.442600,16,21.534896811364316,21.576556692574833,13.134682702373693,0.0024960131273143392,8,0.7453552235413158,5000,PRUNED
213,0.04241872951388359,2026-05-21 12:10:30.265981,2026-05-21 12:10:30.773262,0 days 00:00:00.507281,48,20.464474880601305,16.27891024349825,10.366213968133934,0.00021419783783203932,8,0.41003050841008987,5000,PRUNED
214,0.047825004905462265,2026-05-21 12:10:30.779536,2026-05-21 12:10:31.364791,0 days 00:00:00.585255,48,19.049231466401586,26.442920906685888,29.122081149161744,0.0030178106259869286,10,0.3939160317949296,3000,PRUNED
215,0.1388551890850067,2026-05-21 12:10:31.374153,2026-05-21 12:10:31.905626,0 days 00:00:00.531473,32,11.517331678134763,600.11744001351,11.780951780101518,0.0006175572901918109,10,0.8264510180947623,3000,PRUNED
216,0.035118281841278076,2026-05-21 12:10:31.915082,2026-05-21 12:10:32.387099,0 days 00:00:00.472017,48,13.168827559115716,88.0522983478876,15.858636568375617,0.003183710216847659,7,0.7207600351800086,3000,PRUNED
217,0.054636843502521515,2026-05-21 12:10:32.396086,2026-05-21 12:10:32.945421,0 days 00:00:00.549335,48,27.909168214712615,756.6831593178013,4.375169459217189,0.0012161582353615032,9,0.5365022527233564,1000,PRUNED
218,0.05699585750699043,2026-05-21 12:10:32.954459,2026-05-21 12:10:33.694488,0 days 00:00:00.740029,128,16.89319992184713,198.77029393177847,18.190931640216277,0.0007234512766837311,8,0.6461506930790557,5000,PRUNED
219,0.09046612679958344,2026-05-21 12:10:33.702900,2026-05-21 12:10:34.406260,0 days 00:00:00.703360,96,14.220915474432287,140.9451853514141,33.95022889173102,0.0023217633835039384,9,0.6694707380809893,3000,PRUNED
220,0.03673826530575752,2026-05-21 12:10:34.412940,2026-05-21 12:10:35.146685,0 days 00:00:00.733745,128,10.892083026728326,103.19643925416491,0.43258942499657543,0.008958589656413815,8,0.7076487300815982,3000,PRUNED
221,0.05760444328188896,2026-05-21 12:10:35.154494,2026-05-21 12:10:35.681227,0 days 00:00:00.526733,32,22.703407608213016,409.74242104373354,65.86271796053903,0.00349437592065633,10,0.6872820611756367,3000,PRUNED
222,0.06728102266788483,2026-05-21 12:10:35.688727,2026-05-21 12:10:36.193892,0 days 00:00:00.505165,16,82.99422705858066,328.6085981203751,92.5921669846118,0.00012624657458924475,10,0.44311821418570546,3000,PRUNED
223,0.03521748259663582,2026-05-21 12:10:36.202085,2026-05-21 12:10:36.922351,0 days 00:00:00.720266,80,19.350500965762567,353.12861462648215,2.7821086628855403,0.00021628496385441763,10,0.7342366761300514,3000,PRUNED
224,0.03530632704496384,2026-05-21 12:10:36.931282,2026-05-21 12:10:37.461300,0 days 00:00:00.530018,32,30.798191068840232,389.46136844206393,9.24993731510871,0.0001503953045471329,10,0.8627391183052702,3000,PRUNED
225,0.041049376130104065,2026-05-21 12:10:37.470629,2026-05-21 12:10:38.234358,0 days 00:00:00.763729,112,12.513993576217462,12.397434148737043,21.994799551391093,0.0001785753889960316,9,0.8997438797951437,3000,PRUNED
226,0.037162408232688904,2026-05-21 12:10:38.243117,2026-05-21 12:10:38.580568,0 days 00:00:00.337451,64,25.46069601948969,452.7794350579826,41.57440475684222,0.0026892758436098726,3,0.7038391336774139,1000,PRUNED
227,0.03651128336787224,2026-05-21 12:10:38.590166,2026-05-21 12:10:39.113297,0 days 00:00:00.523131,64,39.03919447098459,256.21828865130664,14.295117242629997,0.00016152577044309898,7,0.30082201833253663,3000,PRUNED
228,0.04171271622180939,2026-05-21 12:10:39.122278,2026-05-21 12:10:39.569269,0 days 00:00:00.446991,112,47.42523316583908,574.6717290388777,7.2797517526464945,0.0025348615534192976,4,0.6292632885788778,4000,PRUNED
229,0.04229569807648659,2026-05-21 12:10:39.578681,2026-05-21 12:10:39.922208,0 days 00:00:00.343527,16,15.834913556759732,14.453253064872834,6.2491297091165885,0.0029071965079388927,6,0.7194538273211092,1000,PRUNED
230,0.046710167080163956,2026-05-21 12:10:39.931115,2026-05-21 12:10:40.727845,0 days 00:00:00.796730,128,59.16321856264684,11.06926094607047,0.9520352686493263,0.002201817372943392,9,0.7561414296186906,2000,PRUNED
231,0.04665428772568703,2026-05-21 12:10:40.736067,2026-05-21 12:10:41.167196,0 days 00:00:00.431129,48,127.49017192886103,34.700050888609006,2.100752076396655,0.0001675415336945586,6,0.4829410235648079,2000,PRUNED
232,0.037178944796323776,2026-05-21 12:10:41.174088,2026-05-21 12:10:41.605667,0 days 00:00:00.431579,48,11.631417357344464,40.509074090805115,1.3104554748403763,0.00020495044391063356,6,0.5204295728869586,2000,PRUNED
233,0.04513513669371605,2026-05-21 12:10:41.612573,2026-05-21 12:10:42.184921,0 days 00:00:00.572348,112,189.28145843594334,37.84839187923573,12.510973777440054,0.0032096111194723984,6,0.6782838609430959,4000,PRUNED
234,0.039756037294864655,2026-05-21 12:10:42.191475,2026-05-21 12:10:42.831693,0 days 00:00:00.640218,112,10.045593791193893,42.762492278952564,18.80726419499888,0.00024117853974759724,7,0.8864903662401593,1000,PRUNED
235,0.03294205293059349,2026-05-21 12:10:42.838085,2026-05-21 12:10:43.572344,0 days 00:00:00.734259,128,13.182717733336224,31.368211727802063,25.446091363372222,0.00044971822748089636,8,0.3426913355402324,2000,PRUNED
236,0.05370577424764633,2026-05-21 12:10:43.578687,2026-05-21 12:10:44.081684,0 days 00:00:00.502997,96,11.00224425365389,47.502893636079094,0.5741176663685996,0.00013352830399318485,6,0.7425968874567782,4000,PRUNED
237,0.04772297292947769,2026-05-21 12:10:44.088432,2026-05-21 12:10:44.845175,0 days 00:00:00.756743,112,237.70986435399837,125.7950532119503,1.8201086256036063,0.0001911394282458963,9,0.36973698840791075,1000,PRUNED
238,0.04999762028455734,2026-05-21 12:10:44.851704,2026-05-21 12:10:45.522050,0 days 00:00:00.670346,128,290.0310339569855,30.361871875500906,0.11448718864442853,0.0027503601984265676,7,0.4384745380545911,4000,PRUNED
239,0.042531635612249374,2026-05-21 12:10:45.528539,2026-05-21 12:10:46.352786,0 days 00:00:00.824247,112,14.40620198798454,18.554133321591873,11.11321678040823,0.0014161972345205127,10,0.7788976744905508,3000,PRUNED
240,0.0500459261238575,2026-05-21 12:10:46.360600,2026-05-21 12:10:46.976521,0 days 00:00:00.615921,80,12.11578084063743,55.51680850120326,15.715496635216397,0.001885355959134179,8,0.6411646908057345,1000,PRUNED
241,0.04224662110209465,2026-05-21 12:10:46.983158,2026-05-21 12:10:47.606482,0 days 00:00:00.623324,64,121.43486832127905,98.31168716404152,0.2897670457734212,0.00010815780977869308,9,0.656780704522615,1000,PRUNED
242,0.04903530701994896,2026-05-21 12:10:47.612889,2026-05-21 12:10:48.178618,0 days 00:00:00.565729,48,176.1261557562644,10.133672906931942,0.34886632164744175,0.0001297429350997219,9,0.6849752629475336,1000,PRUNED
243,0.04758988320827484,2026-05-21 12:10:48.186416,2026-05-21 12:10:48.894931,0 days 00:00:00.708515,96,162.82814056295612,24.26839873921167,0.80548144971089,0.0008816330044903642,9,0.6685368194653064,1000,PRUNED
244,0.04380933940410614,2026-05-21 12:10:48.901898,2026-05-21 12:10:49.455585,0 days 00:00:00.553687,48,168.41536360788896,76.87316714094236,0.6486381423582175,0.00016415388599681587,9,0.7016021847931548,1000,PRUNED
245,0.04317784309387207,2026-05-21 12:10:49.462074,2026-05-21 12:10:50.071822,0 days 00:00:00.609748,64,134.01398500093484,36.5086999484421,36.97692651276286,0.0025561080697721794,9,0.7284585798300359,1000,PRUNED
246,0.04887143522500992,2026-05-21 12:10:50.081133,2026-05-21 12:10:50.834298,0 days 00:00:00.753165,128,228.7952833867413,12.152549717538905,0.3878526718934314,0.003504662225593165,8,0.6152648867023939,3000,PRUNED
247,0.06596285849809647,2026-05-21 12:10:50.843746,2026-05-21 12:10:51.587295,0 days 00:00:00.743549,112,110.08098038663181,13.65873034216927,0.5133640975844476,0.004124694818554198,9,0.8723341735386358,4000,PRUNED
248,0.04724818468093872,2026-05-21 12:10:51.595348,2026-05-21 12:10:52.172392,0 days 00:00:00.577044,112,13.171496893534533,50.29223677246131,8.294506449562272,0.002347037843237636,6,0.7140189857896294,3000,PRUNED
249,0.03412012755870819,2026-05-21 12:10:52.181310,2026-05-21 12:10:52.861276,0 days 00:00:00.679966,128,10.753684655244697,108.45807111693388,13.34989829511526,0.0030418515892008838,7,0.6879929021417934,1000,PRUNED
250,0.03663254901766777,2026-05-21 12:10:52.869593,2026-05-21 12:10:53.641108,0 days 00:00:00.771515,112,17.93961951582844,115.22249708901163,83.67720602839796,0.00012131694389478507,9,0.6540924709128981,3000,PRUNED
251,0.047794096171855927,2026-05-21 12:10:53.651921,2026-05-21 12:10:54.380297,0 days 00:00:00.728376,128,148.04693235988063,20.625487088956,10.34755454679245,0.002798939528281446,8,0.7687083717565819,5000,PRUNED
252,0.047778982669115067,2026-05-21 12:10:54.389458,2026-05-21 12:10:54.903770,0 days 00:00:00.514312,112,991.9467862654626,41.528690179801906,30.203644817705587,0.00013758335979982664,5,0.6341237645876051,1000,PRUNED
253,0.04227157309651375,2026-05-21 12:10:54.912944,2026-05-21 12:10:55.507170,0 days 00:00:00.594226,48,15.79254212006768,11.728236408586824,5.417144277375301,0.00010164431726957417,10,0.8532854060859361,3000,PRUNED
254,0.03517140448093414,2026-05-21 12:10:55.514165,2026-05-21 12:10:56.079622,0 days 00:00:00.565457,80,12.034652644227219,96.84178055482279,50.69700480662084,0.00031202719858326137,7,0.8128846095480621,4000,PRUNED
255,0.03892332315444946,2026-05-21 12:10:56.086505,2026-05-21 12:10:56.701493,0 days 00:00:00.614988,64,14.065576499785747,17.54540289948635,0.2296077901498587,0.00014806141588895552,9,0.42607857465176313,3000,PRUNED
256,0.035669635981321335,2026-05-21 12:10:56.708394,2026-05-21 12:10:57.442224,0 days 00:00:00.733830,128,11.480495409346558,15.365031451937678,1.067308548129561,0.0021159343374288746,8,0.7500883040031446,1000,PRUNED
257,0.07268805056810379,2026-05-21 12:10:57.449314,2026-05-21 12:10:58.212091,0 days 00:00:00.762777,112,12.6333839929344,510.761479905106,19.864352836332536,0.003351526011178228,9,0.7955451233649515,2000,PRUNED
258,0.05979093909263611,2026-05-21 12:10:58.219398,2026-05-21 12:10:58.583679,0 days 00:00:00.364281,32,35.142580735398845,385.4106515040238,0.2871057115543792,0.0024667060673131632,5,0.8814946490641832,3000,PRUNED
259,0.038077328354120255,2026-05-21 12:10:58.590115,2026-05-21 12:10:58.904440,0 days 00:00:00.314325,96,195.27892250741058,63.214637841596954,8.901208488369008,0.002943826256646083,2,0.7202767037635044,4000,PRUNED
260,0.03684592247009277,2026-05-21 12:10:58.912015,2026-05-21 12:10:59.312927,0 days 00:00:00.400912,128,19.986182071233628,180.57190014130455,2.6115906527203903,0.00018042449671504395,3,0.671608277352492,3000,PRUNED
261,0.04297017306089401,2026-05-21 12:10:59.320732,2026-05-21 12:10:59.952684,0 days 00:00:00.631952,112,23.857817163874067,30.003629860907186,7.3339824781078224,0.0036756893104681024,7,0.37776027012333835,1000,PRUNED
262,0.058734118938446045,2026-05-21 12:10:59.959782,2026-05-21 12:11:00.718919,0 days 00:00:00.759137,112,15.298911368616713,138.35559363074145,3.2707267740494395,0.0010227110421782096,9,0.6985222338180263,5000,PRUNED
263,0.047229014337062836,2026-05-21 12:11:00.726165,2026-05-21 12:11:01.455685,0 days 00:00:00.729520,128,10.058763248896527,33.82297511290098,12.128931482247244,0.0026517638783605645,8,0.8324704518376,3000,PRUNED
264,4.477369657251984e-06,2026-05-21 12:11:01.462482,2026-05-21 12:11:39.976298,0 days 00:00:38.513816,112,10.967951440590255,45.26822612849371,68.16900913391781,0.0032047432369594875,9,0.3084998199700687,1000,COMPLETE
265,0.04793432727456093,2026-05-21 12:11:39.991207,2026-05-21 12:11:40.807547,0 days 00:00:00.816340,112,53.055597906906726,45.136048826646544,59.94669432516009,0.003223435619390326,10,0.6061033538496159,2000,PRUNED
266,0.03885338082909584,2026-05-21 12:11:40.815176,2026-05-21 12:11:41.436164,0 days 00:00:00.620988,112,11.10773381631902,39.25749680941355,4.5503089011649775,0.0028850897121566114,7,0.7357627448854396,1000,PRUNED
267,2.9311242997209774e-06,2026-05-21 12:11:41.444992,2026-05-21 12:12:18.684190,0 days 00:00:37.239198,112,13.079078377812,53.614230659689035,66.23718478860293,0.004051671531956411,9,0.3057629706800573,3000,COMPLETE
268,1.8575082094685058e-06,2026-05-21 12:12:18.698141,2026-05-21 12:12:58.335262,0 days 00:00:39.637121,112,13.604869807065874,56.62196622169912,52.43975745029413,0.004009996271406973,9,0.308369844190366,3000,COMPLETE
269,0.045054659247398376,2026-05-21 12:12:58.350793,2026-05-21 12:12:59.110302,0 days 00:00:00.759509,112,13.499876774961882,55.26665084278423,70.03426730164195,0.004834934998621262,9,0.32033874368355886,3000,PRUNED
270,1.3079992413622676e-06,2026-05-21 12:12:59.117562,2026-05-21 12:13:45.888632,0 days 00:00:46.771070,112,12.57663005592867,51.3819540620736,40.4403706652445,0.0036958895171623307,9,0.3118246327563615,3000,COMPLETE
271,0.03738495707511902,2026-05-21 12:13:45.907484,2026-05-21 12:13:46.671429,0 days 00:00:00.763945,112,12.25032261198197,52.93354398419114,46.08801244347673,0.004459198035521999,9,0.3010565966935893,3000,PRUNED
272,0.04790271446108818,2026-05-21 12:13:46.680947,2026-05-21 12:13:47.441372,0 days 00:00:00.760425,112,13.699444960963499,61.378592073237,59.523896187782164,0.00399270721003373,9,0.31843893020877934,3000,PRUNED
273,4.959320449415827e-06,2026-05-21 12:13:47.449778,2026-05-21 12:14:26.138455,0 days 00:00:38.688677,112,12.19323689558748,48.009559460335176,41.39083382508051,0.0040053375418544505,9,0.3142517618033881,3000,COMPLETE
274,3.3397163861081935e-06,2026-05-21 12:14:26.152282,2026-05-21 12:15:10.898519,0 days 00:00:44.746237,112,11.629358717948836,50.47427546003688,42.789292360426224,0.0043456266137806634,9,0.3109230972940541,3000,COMPLETE
275,0.034287549555301666,2026-05-21 12:15:10.914603,2026-05-21 12:15:11.673646,0 days 00:00:00.759043,112,11.853270147450056,46.76420101362567,41.98523973443691,0.003955542449474215,9,0.3112553995383212,3000,PRUNED
276,0.03293047845363617,2026-05-21 12:15:11.682870,2026-05-21 12:15:12.424872,0 days 00:00:00.742002,112,12.75422370062766,51.80937166729164,41.57663991827725,0.0037179520611672775,9,0.3099658547334229,3000,PRUNED
277,0.03996993973851204,2026-05-21 12:15:12.432559,2026-05-21 12:15:13.186752,0 days 00:00:00.754193,112,10.878814685176257,52.42990668269913,52.5776620037082,0.003913598390868414,9,0.33205936115723533,3000,PRUNED
278,0.04394752159714699,2026-05-21 12:15:13.194305,2026-05-21 12:15:14.586548,0 days 00:00:01.392243,112,14.386646301398708,59.48250331151128,48.630426785464344,0.00464488270900832,9,0.3270889986164569,3000,PRUNED
279,0.03952304273843765,2026-05-21 12:15:14.592925,2026-05-21 12:15:15.356028,0 days 00:00:00.763103,112,11.525871922153227,57.11394087122962,78.90198645509756,0.0042551727816987645,9,0.34244719198556556,3000,PRUNED
280,0.0417572446167469,2026-05-21 12:15:15.362779,2026-05-21 12:15:16.088487,0 days 00:00:00.725708,112,12.955713905349695,49.36037561814972,38.391469348879866,0.004498428774136095,9,0.3086970198867022,3000,PRUNED
281,0.03229958191514015,2026-05-21 12:15:16.095008,2026-05-21 12:15:16.819194,0 days 00:00:00.724186,112,10.798096150916939,45.458875408078875,33.62232513925198,0.003490525507152031,9,0.3200270896216228,3000,PRUNED
282,0.03208271786570549,2026-05-21 12:15:16.827448,2026-05-21 12:15:17.563748,0 days 00:00:00.736300,112,12.346773124992842,48.015722319100206,47.01418064456763,0.004072823966567712,9,0.3005814862894344,3000,PRUNED
283,0.031600598245859146,2026-05-21 12:15:17.572032,2026-05-21 12:15:18.304737,0 days 00:00:00.732705,112,14.926000485408677,63.53259729004527,66.58702280627912,0.0036762859538360363,9,0.3289513117005163,3000,PRUNED
284,0.04729432612657547,2026-05-21 12:15:18.311621,2026-05-21 12:15:19.032014,0 days 00:00:00.720393,112,13.584541932288301,42.811180021857005,35.03523629427239,0.003602009784459954,9,0.3153421092711511,3000,PRUNED
285,0.03766586259007454,2026-05-21 12:15:19.039047,2026-05-21 12:15:19.765889,0 days 00:00:00.726842,112,11.606252323056236,52.5953392973358,42.86053260515218,0.0032325598750131976,9,0.33458199032605895,3000,PRUNED
286,7.6071069088357035e-06,2026-05-21 12:15:19.772890,2026-05-21 12:15:59.370246,0 days 00:00:39.597356,112,10.130702009788779,49.20715220507847,63.313430483810855,0.0043104700140980945,9,0.30915898600754543,3000,COMPLETE
287,0.15721789002418518,2026-05-21 12:15:59.384781,2026-05-21 12:16:00.149838,0 days 00:00:00.765057,112,10.001959548978652,48.52368635022201,65.62392895804442,0.005720974681184112,9,0.31308992224816934,3000,PRUNED
288,6.448155090765795e-06,2026-05-21 12:16:00.156992,2026-05-21 12:16:43.620168,0 days 00:00:43.463176,112,16.395343902352284,56.52882025969304,57.38823457656712,0.005233031868291003,9,0.352408857642089,3000,COMPLETE
289,0.03517894446849823,2026-05-21 12:16:43.632945,2026-05-21 12:16:44.395106,0 days 00:00:00.762161,112,16.036602695607215,57.32896906943125,60.3014651523932,0.004760230614900107,9,0.34375744558570875,3000,PRUNED
290,1.4110465826888685e-06,2026-05-21 12:16:44.404412,2026-05-21 12:17:29.295714,0 days 00:00:44.891302,112,12.972672158860018,56.64584093402124,52.186552581275336,0.0039437096026847165,9,0.30066534264270917,3000,COMPLETE
291,0.045675527304410934,2026-05-21 12:17:29.312845,2026-05-21 12:17:30.103746,0 days 00:00:00.790901,112,14.396827840510518,72.8630030242575,53.85693262491781,0.005126111219394354,9,0.35403370363438263,3000,PRUNED
292,2.6594766495691147e-06,2026-05-21 12:17:30.110089,2026-05-21 12:18:12.243080,0 days 00:00:42.132991,112,12.931392393882842,59.96074042101642,78.28079955965268,0.004271909075248717,9,0.30161853339320316,3000,COMPLETE
293,0.0349113866686821,2026-05-21 12:18:12.264944,2026-05-21 12:18:13.010922,0 days 00:00:00.745978,112,13.234143770416724,68.98074418181288,78.7536915492242,0.004265560346488022,9,0.3004576907977649,3000,PRUNED
294,0.034634921699762344,2026-05-21 12:18:13.017947,2026-05-21 12:18:13.767277,0 days 00:00:00.749330,112,12.580877264934932,65.65994898939641,54.032154211337996,0.004561548693460404,9,0.3232552027972138,3000,PRUNED
295,0.04761166125535965,2026-05-21 12:18:13.774269,2026-05-21 12:18:14.515977,0 days 00:00:00.741708,112,12.056279386644949,59.871418256894444,72.59738542833213,0.005065659568790832,9,0.31359763848498057,3000,PRUNED
296,0.030169852077960968,2026-05-21 12:18:14.523002,2026-05-21 12:18:15.263840,0 days 00:00:00.740838,112,13.976844183706529,55.00355134103573,65.27763629039676,0.004192333357844007,9,0.30563293607779907,3000,PRUNED
297,1.8809100765793119e-06,2026-05-21 12:18:15.270706,2026-05-21 12:18:54.865448,0 days 00:00:39.594742,112,11.067928173123699,52.30984841076467,92.85578300958348,0.003882946041757524,9,0.3298032230624631,3000,COMPLETE
298,0.038360510021448135,2026-05-21 12:18:54.885039,2026-05-21 12:18:55.648044,0 days 00:00:00.763005,112,10.877073057497762,50.8769869744265,82.39330513211556,0.003916979330812022,9,0.3164854411257702,3000,PRUNED
299,0.03525589406490326,2026-05-21 12:18:55.657810,2026-05-21 12:18:56.424156,0 days 00:00:00.766346,112,11.57271576546394,55.233049855205245,96.9345194251861,0.0043331379618058085,9,0.3298148830742335,3000,PRUNED
300,0.03290693461894989,2026-05-21 12:18:56.434045,2026-05-21 12:18:57.195872,0 days 00:00:00.761827,112,10.758932420405719,44.41742401029135,73.88264437649228,0.0038041191417981374,9,0.32729374777618836,3000,PRUNED
301,0.044712189584970474,2026-05-21 12:18:57.203986,2026-05-21 12:18:57.960373,0 days 00:00:00.756387,112,12.58867391538628,48.14504078546745,87.64736939114414,0.005309010323906931,9,0.30087677186968576,3000,PRUNED
