number,value,datetime_start,datetime_complete,duration,params_hidden,params_lambda_bc,params_lambda_ic,params_lambda_phys,params_lr,params_n_layers,params_scheduler_gamma,params_scheduler_step,state
302,0.05396820977330208,2026-05-21 12:18:57.967192,2026-05-21 12:18:58.728259,0 days 00:00:00.761067,112,11.65839883405892,63.88376963662127,55.98657578856368,0.004778695315526678,9,0.35459550364669495,3000,PRUNED
303,8.324836926476564e-06,2026-05-21 12:18:58.734973,2026-05-21 12:19:38.078584,0 days 00:00:39.343611,112,10.003212365204705,58.16273151490012,50.43814766088993,0.0035645251543478065,9,0.3153146314077151,3000,COMPLETE
304,0.04065485671162605,2026-05-21 12:19:38.093280,2026-05-21 12:19:38.858458,0 days 00:00:00.765178,112,42.701940784745254,45.87254731858411,45.22363691827692,0.004172708505277369,9,0.33715328879828343,3000,PRUNED
305,5.6969747674884275e-06,2026-05-21 12:19:38.865345,2026-05-21 12:20:20.720892,0 days 00:00:41.855547,112,13.339817210687695,49.98953076968006,59.530690654429435,0.0034229629605088616,9,0.32331583578341344,3000,COMPLETE
306,0.03121192753314972,2026-05-21 12:20:20.737604,2026-05-21 12:20:21.500982,0 days 00:00:00.763378,112,14.772837690170242,57.07024715329954,37.99470680235279,0.003313109143665548,9,0.3345493455652341,3000,PRUNED
307,0.03248131647706032,2026-05-21 12:20:21.508319,2026-05-21 12:20:22.273406,0 days 00:00:00.765087,112,13.680062307020235,52.60563425767661,46.10760792839799,0.003321805226438974,9,0.3207346675062602,3000,PRUNED
308,0.036807987838983536,2026-05-21 12:20:22.281169,2026-05-21 12:20:23.047926,0 days 00:00:00.766757,112,12.923149188258783,51.34266773374938,56.67356477977056,0.003087774747871832,9,0.3240041563192068,3000,PRUNED
309,0.032999202609062195,2026-05-21 12:20:23.055982,2026-05-21 12:20:23.774566,0 days 00:00:00.718584,96,15.19114118096463,42.06844499674664,97.80186381495207,0.0038184387671725177,9,0.3078652544499723,3000,PRUNED
310,0.030628027394413948,2026-05-21 12:20:23.781658,2026-05-21 12:20:24.546418,0 days 00:00:00.764760,112,13.33776704746027,65.68120196338982,74.83020971933112,0.0034593556191251395,9,0.3251627830463989,3000,PRUNED
311,0.02972993813455105,2026-05-21 12:20:24.553450,2026-05-21 12:20:25.316997,0 days 00:00:00.763547,112,16.441844664101783,59.81809615773247,40.258581465037686,0.0030612474724171206,9,0.3561939951483562,3000,PRUNED
312,0.041217584162950516,2026-05-21 12:20:25.324349,2026-05-21 12:20:26.036818,0 days 00:00:00.712469,96,11.863783216574694,42.65912043091493,26.796921563111496,0.0038206978271472744,9,0.30060506527378056,3000,PRUNED
313,0.038402263075113297,2026-05-21 12:20:26.045491,2026-05-21 12:20:26.803901,0 days 00:00:00.758410,112,14.263380912576013,53.00495629180623,31.033539856236064,0.002828842070971216,9,0.3124816639231624,3000,PRUNED
314,0.038711562752723694,2026-05-21 12:20:26.810950,2026-05-21 12:20:27.570392,0 days 00:00:00.759442,112,12.647963427164306,47.068195112612486,35.144305052543864,0.0033936746774669646,9,0.3422649647879495,3000,PRUNED
315,0.02961089462041855,2026-05-21 12:20:27.577667,2026-05-21 12:20:28.919574,0 days 00:00:01.341907,112,11.645883704974612,56.13446922689688,69.55166711578161,0.003064129181052152,8,0.3202912241724914,3000,PRUNED
316,0.03513139858841896,2026-05-21 12:20:28.925980,2026-05-21 12:20:29.617829,0 days 00:00:00.691849,112,15.410925574004434,39.580437101969096,56.83410906208405,0.0026399314483323824,8,0.33321548981316723,3000,PRUNED
317,0.03712489828467369,2026-05-21 12:20:29.625798,2026-05-21 12:20:30.384280,0 days 00:00:00.758482,112,13.56929958381026,49.37698810351986,50.25872339442091,0.003987817532376959,9,0.3038386438770595,3000,PRUNED
318,0.02863737754523754,2026-05-21 12:20:30.391902,2026-05-21 12:20:31.860543,0 days 00:00:01.468641,112,11.116106887558644,44.056779643267504,42.28777167602398,0.0023782916784684375,9,0.30032936389425763,3000,PRUNED
319,0.03843069076538086,2026-05-21 12:20:31.867584,2026-05-21 12:20:32.580854,0 days 00:00:00.713270,96,12.362822377453593,60.27837999267733,30.218754971630847,0.004658731292601485,9,0.3177383086043127,3000,PRUNED
320,0.031997162848711014,2026-05-21 12:20:32.588496,2026-05-21 12:20:33.359114,0 days 00:00:00.770618,112,14.461783497997798,68.58884529164504,86.41709428676668,0.0034194086570560425,9,0.3133608205168149,3000,PRUNED
321,0.038587093353271484,2026-05-21 12:20:33.366096,2026-05-21 12:20:34.065408,0 days 00:00:00.699312,112,16.987067776175184,52.295363442888075,35.736780147024085,0.003709184552904711,8,0.329205022318784,3000,PRUNED
322,0.04167551174759865,2026-05-21 12:20:34.072919,2026-05-21 12:20:34.836581,0 days 00:00:00.763662,112,12.806982579301156,47.18429478376491,63.03679942500987,0.0027978982829183125,9,0.3662250205684147,3000,PRUNED
323,1.2257570460860734e-06,2026-05-21 12:20:34.844524,2026-05-21 12:21:32.339077,0 days 00:00:57.494553,112,11.034505425443983,54.34638122867989,44.0902555071218,0.0031269331651170057,9,0.6257704652960424,3000,COMPLETE
324,0.037465307861566544,2026-05-21 12:21:32.356824,2026-05-21 12:21:33.026325,0 days 00:00:00.669501,112,10.911994110073026,55.93649220818128,49.14456164282324,0.005434984778608768,8,0.6184468700824304,3000,PRUNED
325,1.8003777313424507e-06,2026-05-21 12:21:33.033780,2026-05-21 12:22:19.306060,0 days 00:00:46.272280,112,11.281878393063616,78.58553045241355,41.147113691087185,0.00323536873189424,9,0.6335773065165846,3000,COMPLETE
326,0.03144143521785736,2026-05-21 12:22:19.317756,2026-05-21 12:22:20.787170,0 days 00:00:01.469414,112,10.829788371886407,72.29139379075224,39.389590612463344,0.0032247715767433857,9,0.6364690640903485,3000,PRUNED
327,0.03836747631430626,2026-05-21 12:22:20.794140,2026-05-21 12:22:21.514564,0 days 00:00:00.720424,96,11.644539778593696,77.85789874675368,45.4111869833275,0.0035799707080008568,9,0.6199598427250497,3000,PRUNED
328,2.0360698727017734e-06,2026-05-21 12:22:21.523412,2026-05-21 12:23:09.608999,0 days 00:00:48.085587,112,10.01044851954062,64.45484534617151,32.66533894226336,0.003040523833419359,9,0.6325327672483404,3000,COMPLETE
329,0.04612908512353897,2026-05-21 12:23:09.624986,2026-05-21 12:23:10.329596,0 days 00:00:00.704610,112,10.680453175547244,87.4087233955194,32.91266734511785,0.0031491014575365465,8,0.6284857244532823,3000,PRUNED
330,0.023552967235445976,2026-05-21 12:23:10.336544,2026-05-21 12:23:11.803285,0 days 00:00:01.466741,112,10.020325729572473,67.05120371150845,35.91624755341831,0.003946784328570329,9,0.6473115762890603,3000,PRUNED
331,0.04854954406619072,2026-05-21 12:23:11.810005,2026-05-21 12:23:12.573826,0 days 00:00:00.763821,112,11.523199036261683,63.07468384367766,28.377177311721333,0.0035601510169050456,9,0.5982262812430992,3000,PRUNED
332,0.03898091986775398,2026-05-21 12:23:12.581784,2026-05-21 12:23:13.282777,0 days 00:00:00.700993,112,74.44418453857821,60.71498897424952,39.70424293285687,0.003070060021506005,8,0.6317572429031166,3000,PRUNED
333,0.05770845338702202,2026-05-21 12:23:13.290019,2026-05-21 12:23:14.045843,0 days 00:00:00.755824,112,10.959270270411276,82.32898431036082,44.54725866688197,0.00256957309208702,9,0.6517980698104416,3000,PRUNED
334,0.05695582926273346,2026-05-21 12:23:14.053894,2026-05-21 12:23:14.746789,0 days 00:00:00.692895,96,12.073455877744273,50.962371582322476,24.417107387921085,0.004303769530215435,9,0.6249146548899699,3000,PRUNED
335,0.049412935972213745,2026-05-21 12:23:14.755642,2026-05-21 12:23:15.518462,0 days 00:00:00.762820,112,10.672976359790269,71.23844072158272,31.031385702671663,0.0033306569958103573,9,0.6069436558158294,3000,PRUNED
336,0.031844038516283035,2026-05-21 12:23:15.527196,2026-05-21 12:23:16.256707,0 days 00:00:00.729511,112,11.935180995850942,54.51789342328234,36.45383712881245,0.0029447924588498786,9,0.6375444934890703,3000,PRUNED
337,0.03277265280485153,2026-05-21 12:23:16.265960,2026-05-21 12:23:16.959238,0 days 00:00:00.693278,112,10.135599429740308,62.99300231016841,50.976179254529114,0.002243418811782032,8,0.6428577146073253,3000,PRUNED
338,2.484481456122012e-06,2026-05-21 12:23:16.969386,2026-05-21 12:24:00.506672,0 days 00:00:43.537286,112,12.812371135987217,46.917377875940424,44.96098690309924,0.003711556747505729,9,0.6177206751238046,3000,COMPLETE
339,0.03362234681844711,2026-05-21 12:24:00.520958,2026-05-21 12:24:01.240417,0 days 00:00:00.719459,112,11.436298012289425,44.10273817843956,42.00056300854004,0.0038372173908421277,8,0.6057039593296304,3000,PRUNED
340,0.05133385583758354,2026-05-21 12:24:01.248783,2026-05-21 12:24:02.009284,0 days 00:00:00.760501,112,12.278389271491648,76.20042834790324,27.01385887065909,0.0042032661928111635,9,0.5905525892666944,3000,PRUNED
341,0.03007844090461731,2026-05-21 12:24:02.017625,2026-05-21 12:24:02.733909,0 days 00:00:00.716284,96,10.040093032086016,13.057976601372411,33.681755141976694,0.0027353597776991053,9,0.6204906479265239,3000,PRUNED
342,0.02329379878938198,2026-05-21 12:24:02.743102,2026-05-21 12:24:04.213145,0 days 00:00:01.470043,112,11.166179648843048,46.939722797485736,44.70052614399778,0.002486729737490129,9,0.6619394441271096,3000,PRUNED
343,0.05176673084497452,2026-05-21 12:24:04.222527,2026-05-21 12:24:04.994850,0 days 00:00:00.772323,112,13.017375868992707,57.8415630830818,39.861878441839536,0.0037403456658639733,9,0.6159925514629185,3000,PRUNED
344,0.032864395529031754,2026-05-21 12:24:05.003228,2026-05-21 12:24:05.767869,0 days 00:00:00.764641,112,12.405266215230652,14.316645960715926,49.176817751827805,0.0020486002561466952,9,0.5008235362954784,3000,PRUNED
345,0.04692281782627106,2026-05-21 12:24:05.775254,2026-05-21 12:24:06.470176,0 days 00:00:00.694922,112,11.030690036396132,51.77775801896652,22.393216926433738,0.004546957546802871,8,0.6265499512970658,3000,PRUNED
346,0.03163167089223862,2026-05-21 12:24:06.477587,2026-05-21 12:24:07.247392,0 days 00:00:00.769805,112,13.917868766464718,64.62529471932287,32.48407470827957,0.003026739495914583,9,0.642094800581185,3000,PRUNED
347,0.04506738856434822,2026-05-21 12:24:07.254519,2026-05-21 12:24:07.959221,0 days 00:00:00.704702,112,12.035876615502342,40.23471528200559,38.05857694394589,0.0040588587785766825,8,0.655465392967261,3000,PRUNED
348,0.03815142810344696,2026-05-21 12:24:07.966596,2026-05-21 12:24:08.726125,0 days 00:00:00.759529,112,10.018337605221106,45.02071433308026,70.00357937791246,0.003284473923586103,9,0.6305455637194797,3000,PRUNED
349,0.029247187077999115,2026-05-21 12:24:08.734323,2026-05-21 12:24:09.491671,0 days 00:00:00.757348,112,12.778164504236052,60.32046523115613,80.43612667761857,0.002808356083172964,9,0.6129436241953782,3000,PRUNED
350,0.038897011429071426,2026-05-21 12:24:09.499815,2026-05-21 12:24:10.219063,0 days 00:00:00.719248,96,14.499981351848994,54.35337246583023,28.41418683199905,0.00362821646655358,9,0.31001600597872675,3000,PRUNED
351,0.030392760410904884,2026-05-21 12:24:10.227101,2026-05-21 12:24:10.981179,0 days 00:00:00.754078,112,11.272764097018543,49.05811147851981,51.967003743760976,0.002390375608805705,9,0.6449801962192963,3000,PRUNED
352,0.048885878175497055,2026-05-21 12:24:10.988426,2026-05-21 12:24:11.755763,0 days 00:00:00.767337,112,13.246390461039601,124.5640407410195,43.03087748182044,0.0031119030255648762,9,0.30264827986378295,3000,PRUNED
353,2.7904645776288817e-06,2026-05-21 12:24:11.763211,2026-05-21 12:24:47.311935,0 days 00:00:35.548724,96,11.71478031872683,12.959746965469273,35.99131420509845,0.004068405137164411,9,0.599172957915333,3000,COMPLETE
354,0.04128783196210861,2026-05-21 12:24:47.327801,2026-05-21 12:24:48.104434,0 days 00:00:00.776633,112,10.928491849303969,13.057483656404411,35.07387814600497,0.004472809095079235,9,0.6200494273391431,3000,PRUNED
355,0.035303667187690735,2026-05-21 12:24:48.112345,2026-05-21 12:24:48.874889,0 days 00:00:00.762544,112,11.613184377712452,14.96168120443549,24.60414084313131,0.004085070012455647,9,0.5841091788728644,3000,PRUNED
356,0.03422151878476143,2026-05-21 12:24:48.882433,2026-05-21 12:24:49.641744,0 days 00:00:00.759311,112,10.792596818270423,12.036559327451274,15.276953984640835,0.004635666017564914,9,0.6032177909737357,3000,PRUNED
357,5.131959369464312e-06,2026-05-21 12:24:49.651229,2026-05-21 12:25:28.898757,0 days 00:00:39.247528,96,12.165785942415281,12.911843679790094,31.045278039327336,0.0037314416639462568,9,0.561261754970408,3000,COMPLETE
358,0.030008766800165176,2026-05-21 12:25:28.913335,2026-05-21 12:25:29.623181,0 days 00:00:00.709846,96,12.277168187408737,13.135827173612173,29.434901752893346,0.00375141353621922,9,0.5591527707255736,3000,PRUNED
359,0.0354267954826355,2026-05-21 12:25:29.629661,2026-05-21 12:25:30.311305,0 days 00:00:00.681644,96,10.826811094505496,14.79657839348226,32.067624680932,0.003996232580360641,9,0.5817625684569271,3000,PRUNED
360,0.025415999814867973,2026-05-21 12:25:30.318094,2026-05-21 12:25:31.627484,0 days 00:00:01.309390,96,10.02865642858356,13.757202718043182,26.19886120978538,0.0035499013951777333,9,0.5888788838501673,3000,PRUNED
361,0.0033796955831348896,2026-05-21 12:25:31.634803,2026-05-21 12:25:34.818273,0 days 00:00:03.183470,96,11.929417618925138,11.723391870450317,37.671207495218006,0.004365112364132612,9,0.5989700604441228,3000,PRUNED
362,0.03489750251173973,2026-05-21 12:25:34.824944,2026-05-21 12:25:35.536424,0 days 00:00:00.711480,96,13.108586728298718,15.492500021065746,21.18754855411755,0.003398434042209393,9,0.6096526354971462,3000,PRUNED
363,0.040520910173654556,2026-05-21 12:25:35.543140,2026-05-21 12:25:36.229048,0 days 00:00:00.685908,96,10.018952476838116,16.69007358919507,49.26849202955,0.0038410483172009622,9,0.5691338318753457,3000,PRUNED
364,0.03620919585227966,2026-05-21 12:25:36.235980,2026-05-21 12:25:36.980989,0 days 00:00:00.745009,112,11.753834583992862,13.013642909470066,42.24943618845761,0.004920703907079943,9,0.46424160317042995,3000,PRUNED
365,0.013469531200826168,2026-05-21 12:25:36.988762,2026-05-21 12:25:38.956891,0 days 00:00:01.968129,96,13.776661045027012,11.652407102515632,32.85244470969937,0.0032377904722493277,9,0.577203071542318,3000,PRUNED
366,0.03685809671878815,2026-05-21 12:25:38.965728,2026-05-21 12:25:39.725549,0 days 00:00:00.759821,112,11.11568241570385,66.58603271577994,91.16423168955063,0.004145484029594539,9,0.5949655935039895,3000,PRUNED
367,0.029731260612607002,2026-05-21 12:25:39.734585,2026-05-21 12:25:40.505653,0 days 00:00:00.771068,112,12.650451653671654,59.3322582669063,56.4889362866898,0.002880481565743582,9,0.632415187321464,3000,PRUNED
368,0.03332870081067085,2026-05-21 12:25:40.515399,2026-05-21 12:25:41.287564,0 days 00:00:00.772165,112,11.87174215903734,10.682208005487269,38.454427787772154,0.0035212783912763283,9,0.6097634102429014,3000,PRUNED
369,0.045999668538570404,2026-05-21 12:25:41.296668,2026-05-21 12:25:42.063236,0 days 00:00:00.766568,112,15.084149500807909,14.434391880237404,45.34100889533831,0.0026766156203750662,9,0.3003670032237685,3000,PRUNED
370,0.05045812949538231,2026-05-21 12:25:42.072442,2026-05-21 12:25:42.742800,0 days 00:00:00.670358,80,790.578217485133,12.476360310656249,69.82567776333998,0.0037230848529698508,9,0.6227079270526166,3000,PRUNED
371,0.05986090004444122,2026-05-21 12:25:42.750857,2026-05-21 12:25:43.529571,0 days 00:00:00.778714,112,13.484570761289824,54.17778751808037,29.575101372140438,0.0048509514210998035,9,0.3110594009927825,3000,PRUNED
372,1.155527002083545e-06,2026-05-21 12:25:43.539362,2026-05-21 12:26:33.455918,0 days 00:00:49.916556,112,10.969503158731328,49.63564535328863,63.0515038231751,0.003147302148553494,9,0.6350966272728124,3000,COMPLETE
373,0.045057933777570724,2026-05-21 12:26:33.474116,2026-05-21 12:26:34.243201,0 days 00:00:00.769085,112,10.860896556609159,50.649556085833176,67.15261536728984,0.0029597541474923497,9,0.6380767571453042,3000,PRUNED
374,0.05590378865599632,2026-05-21 12:26:34.251787,2026-05-21 12:26:35.023606,0 days 00:00:00.771819,112,10.782165872543294,55.333302962927434,81.18764141312539,0.002541206160977271,8,0.6537891373565863,3000,PRUNED
375,0.031422294676303864,2026-05-21 12:26:35.031761,2026-05-21 12:26:35.793945,0 days 00:00:00.762184,112,10.01338815745642,46.4359817023409,61.616209508183545,0.00320152620729168,9,0.63019195363391,3000,PRUNED
376,0.044711872935295105,2026-05-21 12:26:35.801299,2026-05-21 12:26:36.572722,0 days 00:00:00.771423,112,11.596325451291674,42.313594156417864,53.341545849948666,0.00283425301960975,9,0.32140279411972583,3000,PRUNED
377,0.04511404037475586,2026-05-21 12:26:36.580572,2026-05-21 12:26:37.342087,0 days 00:00:00.761515,112,12.799448928112028,49.19965045426489,74.48174558483913,0.003219188824532643,9,0.6146157868923612,3000,PRUNED
378,0.03895638510584831,2026-05-21 12:26:37.348656,2026-05-21 12:26:38.148100,0 days 00:00:00.799444,112,11.317887828724789,60.28171325670491,46.268268887156154,0.0026501042875524657,10,0.645931877057413,3000,PRUNED
379,0.04689709097146988,2026-05-21 12:26:38.155737,2026-05-21 12:26:38.869634,0 days 00:00:00.713897,112,10.00435809786917,72.10419016298383,17.44411301517321,0.0022054591408651393,8,0.3378542670438735,3000,PRUNED
380,0.03354131430387497,2026-05-21 12:26:38.877513,2026-05-21 12:26:39.644780,0 days 00:00:00.767267,112,14.092912599740044,51.87183565114841,61.32684958050998,0.004188408629016767,9,0.31241736646363943,3000,PRUNED
381,0.035064175724983215,2026-05-21 12:26:39.652725,2026-05-21 12:26:40.413603,0 days 00:00:00.760878,112,33.03933247209652,58.20720442514516,52.10045266874419,0.0029978812249123,9,0.6270621871279272,3000,PRUNED
382,7.60072362027131e-06,2026-05-21 12:26:40.420140,2026-05-21 12:27:21.994802,0 days 00:00:41.574662,112,12.584682782398264,45.864952729287786,39.458291634442006,0.003398988991707728,9,0.3245853579224784,3000,COMPLETE
383,0.03134192153811455,2026-05-21 12:27:22.010687,2026-05-21 12:27:22.778928,0 days 00:00:00.768241,112,11.028367287951108,63.84193274904006,85.69943402276952,0.0030235790805929114,9,0.6597654725034143,3000,PRUNED
384,0.04239767789840698,2026-05-21 12:27:22.788449,2026-05-21 12:27:23.555591,0 days 00:00:00.767142,112,14.985946147145604,54.44962601176225,45.6665818111644,0.0024655252205965433,9,0.6342595334907205,3000,PRUNED
385,0.038847532123327255,2026-05-21 12:27:23.563223,2026-05-21 12:27:24.273657,0 days 00:00:00.710434,112,11.882987159778855,49.701972113737305,55.088073683937424,0.0044710027692035186,8,0.6162703549146713,3000,PRUNED
386,0.035254593938589096,2026-05-21 12:27:24.281455,2026-05-21 12:27:25.041102,0 days 00:00:00.759647,112,13.554043056996717,37.602047347687375,35.896387643338535,0.003869892359268579,9,0.6000246909274503,3000,PRUNED
387,0.028902333229780197,2026-05-21 12:27:25.048092,2026-05-21 12:27:25.809866,0 days 00:00:00.761774,112,10.822025059032166,42.628278343364265,98.30285708020438,0.0033187299822258804,9,0.31121547483627227,3000,PRUNED
388,0.0553668849170208,2026-05-21 12:27:25.816296,2026-05-21 12:27:26.623877,0 days 00:00:00.807581,112,12.49713960744899,68.16261687355839,65.45689338833682,0.002791480773585902,10,0.3329107514997125,3000,PRUNED
389,0.048734452575445175,2026-05-21 12:27:26.631336,2026-05-21 12:27:27.395749,0 days 00:00:00.764413,112,11.606116045251571,57.61634452985599,42.52419645526404,0.0040435222926327,9,0.31808146180681646,3000,PRUNED
390,0.0290369875729084,2026-05-21 12:27:27.402982,2026-05-21 12:27:28.165012,0 days 00:00:00.762030,112,13.942371222886983,83.30614088543388,50.32826207967661,0.003584350147925298,9,0.6460768525057403,1000,PRUNED
391,0.0300260279327631,2026-05-21 12:27:28.171770,2026-05-21 12:27:28.871889,0 days 00:00:00.700119,112,10.027471549053008,46.03354020497673,74.6436396355509,0.002284549362328975,8,0.3016390203191588,2000,PRUNED
392,0.04516836255788803,2026-05-21 12:27:28.878329,2026-05-21 12:27:29.637891,0 days 00:00:00.759562,112,12.494574413081507,52.44066576556308,19.29886938169231,0.003136043735771206,9,0.6651466636850587,2000,PRUNED
393,0.03499000146985054,2026-05-21 12:27:29.645755,2026-05-21 12:27:30.409682,0 days 00:00:00.763927,112,15.335476509710698,16.414189535292916,35.666077568301475,0.002669977078097284,9,0.30030216342038235,3000,PRUNED
394,0.03405604511499405,2026-05-21 12:27:30.416022,2026-05-21 12:27:31.097220,0 days 00:00:00.681198,112,11.092427901175348,63.62468608226943,24.63001883102624,0.0019699413392766296,8,0.6254120766328188,3000,PRUNED
395,0.047027502208948135,2026-05-21 12:27:31.105185,2026-05-21 12:27:31.871880,0 days 00:00:00.766695,112,13.453845504955774,39.9172176347307,59.75452897556088,0.0034844939697846614,9,0.6393949716664016,3000,PRUNED
396,0.06204983964562416,2026-05-21 12:27:31.879532,2026-05-21 12:27:32.638853,0 days 00:00:00.759321,112,10.786636034241393,49.43238046563544,13.572531423106335,0.004324701089738688,9,0.613026032717735,3000,PRUNED
397,0.036437831819057465,2026-05-21 12:27:32.646789,2026-05-21 12:27:33.310534,0 days 00:00:00.663745,112,12.021377732898422,55.510281424513195,43.02037705859796,0.0029196477868711924,7,0.32435249254347437,3000,PRUNED
398,0.046133074909448624,2026-05-21 12:27:33.318810,2026-05-21 12:27:34.079045,0 days 00:00:00.760235,112,12.846009624527897,75.26245050842834,48.87110535811467,0.0049293838568349214,9,0.5343292940469002,1000,PRUNED
399,0.02208651229739189,2026-05-21 12:27:34.086661,2026-05-21 12:27:35.509246,0 days 00:00:01.422585,112,14.48005808870611,45.002269523894775,36.526177692361856,0.003936688425374762,9,0.34257440948665535,3000,PRUNED
400,0.03359377756714821,2026-05-21 12:27:35.517748,2026-05-21 12:27:36.343435,0 days 00:00:00.825687,112,11.598992321057153,59.54377920478716,27.266618299656738,0.002489680967699145,10,0.6760586089980929,3000,PRUNED
401,0.05005577206611633,2026-05-21 12:27:36.352735,2026-05-21 12:27:36.990678,0 days 00:00:00.637943,112,10.033544220173855,14.287726815921385,81.15997705940741,0.0032772885806849126,7,0.3111827676993911,3000,PRUNED
402,0.03680817037820816,2026-05-21 12:27:36.999485,2026-05-21 12:27:37.709936,0 days 00:00:00.710451,112,13.278007896466365,11.202222163652106,66.51375759009703,0.0036774996610107586,8,0.6015672525798421,3000,PRUNED
