number,value,datetime_start,datetime_complete,duration,params_hidden,params_lambda_ic,params_lambda_phys,params_lr,params_n_layers,params_scheduler_gamma,params_scheduler_step,state
329,0.0004433303256519139,2026-05-19 00:42:28.117804,2026-05-19 00:42:28.339352,0 days 00:00:00.221548,64,9.474078083818176,0.611089558290447,0.004260155226743239,5,0.7111924650525913,5000,PRUNED
330,0.0027560603339225054,2026-05-19 00:42:28.345979,2026-05-19 00:42:28.564883,0 days 00:00:00.218904,32,4.788291494609807,0.3376008957209334,0.007904640180631129,5,0.3726164891319713,3000,PRUNED
331,0.0018520819721743464,2026-05-19 00:42:28.571473,2026-05-19 00:42:28.798855,0 days 00:00:00.227382,32,2.695231222987906,0.8022340957768224,0.007008584607984186,5,0.60763995395838,1000,PRUNED
332,0.004457017872482538,2026-05-19 00:42:28.805718,2026-05-19 00:42:29.001453,0 days 00:00:00.195735,48,1.2549513204019538,1.1150847497482215,0.005154981071951622,4,0.8894817077090417,4000,PRUNED
333,0.0001159304374596104,2026-05-19 00:42:29.007975,2026-05-19 00:42:29.409231,0 days 00:00:00.401256,112,4.262575695699211,0.4959350697771197,0.009170703723894247,5,0.34749546067116993,3000,PRUNED
334,0.0004821168549824506,2026-05-19 00:42:29.415660,2026-05-19 00:42:29.591987,0 days 00:00:00.176327,32,8.447753833485185,0.7302179326725721,0.005645823991914515,3,0.4971314814178412,5000,PRUNED
335,0.0015871627256274223,2026-05-19 00:42:29.598642,2026-05-19 00:42:29.819280,0 days 00:00:00.220638,32,2.102584910089826,1.5490903046426983,0.0015358066623170745,5,0.47349644714880984,1000,PRUNED
336,0.0005479557439684868,2026-05-19 00:42:29.826021,2026-05-19 00:42:30.040394,0 days 00:00:00.214373,32,2.987456236461026,0.5946042208882207,0.008018253162784905,5,0.4572224663864452,3000,PRUNED
337,0.0004067550180479884,2026-05-19 00:42:30.046826,2026-05-19 00:42:30.238253,0 days 00:00:00.191427,32,6.263903281171925,0.38982645075504835,0.008712856669462286,4,0.5221248782232416,2000,PRUNED
338,0.00036550784716382623,2026-05-19 00:42:30.244571,2026-05-19 00:42:30.478389,0 days 00:00:00.233818,16,5.631540466291579,0.923447231704488,0.007273189127258722,5,0.4810526553428113,2000,PRUNED
339,0.004929892253130674,2026-05-19 00:42:30.485256,2026-05-19 00:42:30.703816,0 days 00:00:00.218560,128,6.991092553603142,0.664033007255618,0.006505494940009594,5,0.35891868412379435,4000,PRUNED
340,0.0011708224192261696,2026-05-19 00:42:30.710666,2026-05-19 00:42:30.905501,0 days 00:00:00.194835,32,5.075455735773075,0.2655224971912202,0.009304986964812072,3,0.5085833184071823,3000,PRUNED
341,0.0005613714456558228,2026-05-19 00:42:30.912278,2026-05-19 00:42:31.130479,0 days 00:00:00.218201,32,4.574261807509884,0.4816134074499997,0.009987115917449515,5,0.43976050070425704,4000,PRUNED
342,0.0008505579899065197,2026-05-19 00:42:31.137469,2026-05-19 00:42:31.362478,0 days 00:00:00.225009,32,3.888904857833271,0.13255983799070337,0.0030766927413497453,5,0.40312754192513867,3000,PRUNED
343,5.800417511636624e-06,2026-05-19 00:42:31.371642,2026-05-19 00:42:35.481411,0 days 00:00:04.109769,32,7.98701242503214,0.8044496748137664,0.0078001449949454725,5,0.4920499375839766,1000,COMPLETE
344,0.0011330939596518874,2026-05-19 00:42:35.495959,2026-05-19 00:42:35.785587,0 days 00:00:00.289628,32,3.3448731307541886,1.0803169114280582,0.007844582517849263,6,0.48831924108510866,1000,PRUNED
345,0.0036472578067332506,2026-05-19 00:42:35.792774,2026-05-19 00:42:36.014853,0 days 00:00:00.222079,32,5.328171893876595,0.004133380103355401,0.008457795226169103,5,0.4688468011363097,1000,PRUNED
346,0.0011939338874071836,2026-05-19 00:42:36.021158,2026-05-19 00:42:36.246677,0 days 00:00:00.225519,96,4.600658401971984,0.7740278883222694,0.0076088982667910365,5,0.49642931916985905,1000,PRUNED
347,0.0006091665127314627,2026-05-19 00:42:36.253240,2026-05-19 00:42:36.456888,0 days 00:00:00.203648,32,1.4788449870506302,0.9759284504099144,0.009084251947919066,4,0.5437064041251455,1000,PRUNED
348,0.002343773143365979,2026-05-19 00:42:36.463386,2026-05-19 00:42:36.643531,0 days 00:00:00.180145,112,11.1368209175429,1.2596571213279226,0.008379662561090297,3,0.5076440446459998,1000,PRUNED
349,6.248856516322121e-05,2026-05-19 00:42:36.650565,2026-05-19 00:42:37.053241,0 days 00:00:00.402676,32,4.111876520680533,0.8548761752139672,0.007094735953371786,5,0.4205370799242039,1000,PRUNED
350,0.0007003102800808847,2026-05-19 00:42:37.059529,2026-05-19 00:42:37.276788,0 days 00:00:00.217259,16,5.991265475743042,0.68069351526682,0.009956778152175362,5,0.3006618110536201,1000,PRUNED
351,0.0018239901401102543,2026-05-19 00:42:37.283186,2026-05-19 00:42:37.507692,0 days 00:00:00.224506,32,4.943433701163842,2.1953800393050797,0.0080427736270349,5,0.5586140217131879,4000,PRUNED
352,0.0011665716301649809,2026-05-19 00:42:37.513936,2026-05-19 00:42:37.696231,0 days 00:00:00.182295,32,6.523172896625155,0.8793808871919395,0.0011301146935925863,3,0.3221809063338377,1000,PRUNED
353,0.0004992128815501928,2026-05-19 00:42:37.702826,2026-05-19 00:42:37.901810,0 days 00:00:00.198984,32,7.815672122432026,0.5648910794094977,0.00894825154430636,4,0.4800367866694225,5000,PRUNED
354,0.001913725514896214,2026-05-19 00:42:37.908655,2026-05-19 00:42:38.133847,0 days 00:00:00.225192,32,1.0257059753739148,0.38070503554007534,0.007450440423492899,5,0.5305180487992615,3000,PRUNED
355,0.00036617921432480216,2026-05-19 00:42:38.141954,2026-05-19 00:42:38.396304,0 days 00:00:00.254350,48,3.6393397194062818,0.721286251249041,0.008500450533349984,5,0.49656381342212663,4000,PRUNED
356,0.00028487274539656937,2026-05-19 00:42:38.403347,2026-05-19 00:42:38.671092,0 days 00:00:00.267745,32,2.792707745338687,0.450383937393369,0.006972285854030856,5,0.3878162489462726,1000,PRUNED
357,0.007790004834532738,2026-05-19 00:42:38.678427,2026-05-19 00:42:38.945164,0 days 00:00:00.266737,32,8.844135690060817,0.30381049361922974,0.009080681718659686,5,0.46288656130603223,3000,PRUNED
358,0.0005864455015398562,2026-05-19 00:42:38.952442,2026-05-19 00:42:39.219906,0 days 00:00:00.267464,32,5.565939366376044,1.04009490838954,0.007928706581107442,5,0.37392596073261375,3000,PRUNED
359,0.003881661919876933,2026-05-19 00:42:39.226828,2026-05-19 00:42:39.428902,0 days 00:00:00.202074,128,2.4257615126431906,0.5502318863072182,0.00998656272732295,3,0.4443129857372726,5000,PRUNED
360,1.0252571883029304e-05,2026-05-19 00:42:39.436646,2026-05-19 00:42:43.848518,0 days 00:00:04.411872,32,4.3401325224011025,0.8744839457095595,0.0067028915443993016,5,0.4319118917308498,4000,COMPLETE
361,0.001500608865171671,2026-05-19 00:42:43.861283,2026-05-19 00:42:44.098704,0 days 00:00:00.237421,32,3.1073277569925413,1.5713494896036955,0.00681280283003063,5,0.4272486309640235,4000,PRUNED
362,0.0015368872554972768,2026-05-19 00:42:44.107210,2026-05-19 00:42:44.324655,0 days 00:00:00.217445,112,4.056736822116112,1.2044636260834611,0.005952474566930029,5,0.42523045215300276,4000,PRUNED
363,0.0004903014632873237,2026-05-19 00:42:44.332112,2026-05-19 00:42:44.503946,0 days 00:00:00.171834,32,4.47364143067085,0.8614811668971752,0.006320429337723693,3,0.4039857026646579,4000,PRUNED
364,0.0005464688292704523,2026-05-19 00:42:44.511963,2026-05-19 00:42:44.703773,0 days 00:00:00.191810,32,3.758759975037512,0.7645282257051779,0.007393071333944085,4,0.4360531092877221,4000,PRUNED
365,4.2760762880789116e-05,2026-05-19 00:42:44.710970,2026-05-19 00:42:45.098709,0 days 00:00:00.387739,32,7.128180954944084,1.0212397372289699,0.0068417321183828084,5,0.4526900062718169,4000,PRUNED
366,0.0037519456818699837,2026-05-19 00:42:45.106102,2026-05-19 00:42:45.337909,0 days 00:00:00.231807,32,4.767961830469375,0.20771090678693574,0.00762721139044872,5,0.4350370228734552,4000,PRUNED
367,0.0007490104762837291,2026-05-19 00:42:45.344722,2026-05-19 00:42:45.584064,0 days 00:00:00.239342,32,2.5881155499259214,0.6874975983670178,0.0055629963319788495,6,0.740502696564915,4000,PRUNED
368,0.001605440047569573,2026-05-19 00:42:45.590309,2026-05-19 00:42:45.806712,0 days 00:00:00.216403,32,9.605196649123721,0.4255512727228706,0.006460126055865371,5,0.41030123402182483,4000,PRUNED
369,0.0008312536519952118,2026-05-19 00:42:45.813083,2026-05-19 00:42:46.008209,0 days 00:00:00.195126,48,5.164236326754664,1.3152171293975963,0.008291377902569286,4,0.3414712552683742,4000,PRUNED
370,0.004272581078112125,2026-05-19 00:42:46.014446,2026-05-19 00:42:46.182801,0 days 00:00:00.168355,32,4.243873641018134,0.015470568411022304,0.007428543672261007,3,0.7944908814547086,5000,PRUNED
371,0.00038649560883641243,2026-05-19 00:42:46.189236,2026-05-19 00:42:46.586091,0 days 00:00:00.396855,32,5.957870796020647,0.6226583643069359,0.008830738093941201,5,0.4155541136780134,3000,PRUNED
372,0.0014614209067076445,2026-05-19 00:42:46.592499,2026-05-19 00:42:46.813088,0 days 00:00:00.220589,32,3.3651803814347985,0.8905854384264509,0.006704944530524923,5,0.3921844485058192,4000,PRUNED
373,0.0009606524836272001,2026-05-19 00:42:46.819682,2026-05-19 00:42:47.033258,0 days 00:00:00.213576,112,8.248296563601327,0.5472328690461741,0.004881151429799607,5,0.448354426555394,3000,PRUNED
374,0.0008539374102838337,2026-05-19 00:42:47.039579,2026-05-19 00:42:47.256414,0 days 00:00:00.216835,32,2.259678899312879,0.35182359744199293,0.008120705450450934,5,0.5731007713318768,4000,PRUNED
375,0.0007892773719504476,2026-05-19 00:42:47.263177,2026-05-19 00:42:47.482183,0 days 00:00:00.219006,32,6.639696160863122,0.8117580321736111,0.005913407074382806,5,0.36598724037166175,1000,PRUNED
376,0.006034555844962597,2026-05-19 00:42:47.488675,2026-05-19 00:42:47.637086,0 days 00:00:00.148411,32,4.405951334884175,0.028130984188922844,0.009138721280239232,2,0.47179301322067285,4000,PRUNED
377,0.0003650191647466272,2026-05-19 00:42:47.644440,2026-05-19 00:42:47.868774,0 days 00:00:00.224334,32,19.37019682690033,1.1816805816490061,0.00752399681817956,5,0.45945988777027585,5000,PRUNED
378,0.004544287919998169,2026-05-19 00:42:47.875136,2026-05-19 00:42:48.082307,0 days 00:00:00.207171,16,82.01125881643438,0.486869716084428,0.009239051468896777,5,0.8105518776421722,3000,PRUNED
379,0.0008783761877566576,2026-05-19 00:42:48.088723,2026-05-19 00:42:48.285753,0 days 00:00:00.197030,32,5.198768208213337,0.638463673327237,0.008314927515961041,4,0.3546398749073434,1000,PRUNED
380,0.0008024683920666575,2026-05-19 00:42:48.292446,2026-05-19 00:42:48.462006,0 days 00:00:00.169560,32,30.778085439553234,0.981345434384791,0.006999549440548366,3,0.4856715165653714,3000,PRUNED
381,0.00026887841522693634,2026-05-19 00:42:48.468367,2026-05-19 00:42:48.684075,0 days 00:00:00.215708,32,7.5618631242815475,0.7650632543393189,0.006362561942399521,5,0.5944490731346391,5000,PRUNED
382,0.058808498084545135,2026-05-19 00:42:48.690465,2026-05-19 00:42:48.911469,0 days 00:00:00.221004,32,5.691751436570438,0.440971705224272,0.0001013647398273697,5,0.4324092786977335,4000,PRUNED
383,0.00014526522136293352,2026-05-19 00:42:48.917767,2026-05-19 00:42:49.309689,0 days 00:00:00.391922,32,2.9185298381548055,0.6373619943851767,0.009942281315674857,5,0.5098886610162099,3000,PRUNED
384,0.000427822582423687,2026-05-19 00:42:49.316243,2026-05-19 00:42:49.764495,0 days 00:00:00.448252,32,4.767794000045005,0.5183875573166342,0.008002324599904711,6,0.3254557545478936,1000,PRUNED
385,0.005413270555436611,2026-05-19 00:42:49.770926,2026-05-19 00:42:49.986560,0 days 00:00:00.215634,112,3.6729171025273164,0.8906906769657957,0.008635516187521761,5,0.49714106623762583,3000,PRUNED
386,0.0004599953826982528,2026-05-19 00:42:49.992754,2026-05-19 00:42:50.186633,0 days 00:00:00.193879,32,3.1657085325945067,0.3510016539991724,0.0073410330283490656,4,0.38285580752643533,4000,PRUNED
387,0.0020419019274413586,2026-05-19 00:42:50.192846,2026-05-19 00:42:50.411061,0 days 00:00:00.218215,32,1.9922592997730981,1.124935465180441,0.009202104481024606,5,0.8360563888860936,3000,PRUNED
388,0.04364842176437378,2026-05-19 00:42:50.418056,2026-05-19 00:42:50.565977,0 days 00:00:00.147921,32,4.201197750088845,0.6982619910739088,0.00035710745430838796,2,0.47341668454321967,4000,PRUNED
389,0.0007514422759413719,2026-05-19 00:42:50.573609,2026-05-19 00:42:50.799840,0 days 00:00:00.226231,48,6.25645626919181,0.26563476329206737,0.0058723253844234925,5,0.5247059792642877,1000,PRUNED
390,0.005686696618795395,2026-05-19 00:42:50.807130,2026-05-19 00:42:50.977253,0 days 00:00:00.170123,16,5.012629983733174,0.09688890575930265,0.007881124340015568,3,0.39783365678565147,4000,PRUNED
391,0.0025038868188858032,2026-05-19 00:42:50.984735,2026-05-19 00:42:51.330854,0 days 00:00:00.346119,64,5.483531472251644,0.04596964486855873,0.009988094546337934,4,0.4428980551428817,5000,PRUNED
392,0.0012858860427513719,2026-05-19 00:42:51.338055,2026-05-19 00:42:51.572701,0 days 00:00:00.234646,32,1.165890710036716,0.5932669411464362,0.006798128815634379,5,0.4865549862884876,1000,PRUNED
393,0.00027538620634004474,2026-05-19 00:42:51.580411,2026-05-19 00:42:51.832886,0 days 00:00:00.252475,32,10.339015104713445,1.6113240914649802,0.008601063127586147,5,0.42205343007536156,4000,PRUNED
394,0.012242564000189304,2026-05-19 00:42:51.842267,2026-05-19 00:42:52.055057,0 days 00:00:00.212790,112,1.7043331495369678,0.7887514602809189,0.005321720167097261,3,0.3765031767828112,3000,PRUNED
395,0.00031915976433083415,2026-05-19 00:42:52.064156,2026-05-19 00:42:52.318939,0 days 00:00:00.254783,32,2.655774625776131,0.4602983563300402,0.00913209424816083,5,0.34290980841767355,3000,PRUNED
396,1.0966859917971306e-05,2026-05-19 00:42:52.325764,2026-05-19 00:42:56.342403,0 days 00:00:04.016639,32,6.9897341609379975,0.30375444008013264,0.007537147055836758,5,0.45216746176333794,3000,COMPLETE
397,0.002797527937218547,2026-05-19 00:42:56.353293,2026-05-19 00:42:56.578366,0 days 00:00:00.225073,32,7.059805986434317,0.1971791336972851,0.006352137608895132,5,0.4556310034848686,5000,PRUNED
398,0.0005706697120331228,2026-05-19 00:42:56.585343,2026-05-19 00:42:56.810038,0 days 00:00:00.224695,32,4.581084403851753,0.2993057082308572,0.007242577950067955,5,0.46564996747352205,3000,PRUNED
399,0.00024053883680608124,2026-05-19 00:42:56.816751,2026-05-19 00:42:57.003108,0 days 00:00:00.186357,112,6.312478334139651,0.06306853141319653,0.006863321698453845,4,0.4404698198615227,1000,PRUNED
400,0.0012993566924706101,2026-05-19 00:42:57.009198,2026-05-19 00:42:57.231930,0 days 00:00:00.222732,32,5.545046411738081,1.347925171492735,0.007677976427959895,5,0.4564197709069973,4000,PRUNED
401,0.0011418383801355958,2026-05-19 00:42:57.238485,2026-05-19 00:42:57.460464,0 days 00:00:00.221979,48,3.890583755277045,0.982689785210936,0.00596533934484378,5,0.447473521288952,4000,PRUNED
402,0.0008657051948830485,2026-05-19 00:42:57.466852,2026-05-19 00:42:57.649977,0 days 00:00:00.183125,32,5.061872990696005,0.69261510590059,0.007844202211629724,3,0.41723058949353575,4000,PRUNED
403,0.0011758762411773205,2026-05-19 00:42:57.656464,2026-05-19 00:42:57.875257,0 days 00:00:00.218793,80,6.2037856318821065,0.25409641191439636,0.004529233773701034,5,0.4347626143295227,1000,PRUNED
404,0.0010941372020170093,2026-05-19 00:42:57.881549,2026-05-19 00:42:58.095322,0 days 00:00:00.213773,32,4.641522844528043,0.16022745423506668,0.0026671768326980727,5,0.46548064592369426,3000,PRUNED
405,0.0006656559417024255,2026-05-19 00:42:58.101776,2026-05-19 00:42:58.319043,0 days 00:00:00.217267,32,3.5305531962791337,0.546479334929851,0.00834696767271284,5,0.47839123775927717,3000,PRUNED
406,0.0005429723532870412,2026-05-19 00:42:58.325607,2026-05-19 00:42:58.496065,0 days 00:00:00.170458,32,5.803116602295541,0.9064967304094321,0.006396926819108015,3,0.3137863420892628,5000,PRUNED
407,9.61922705755569e-06,2026-05-19 00:42:58.502359,2026-05-19 00:43:02.571202,0 days 00:00:04.068843,32,6.862203706443909,0.7751795438736752,0.0038535565957841713,5,0.7780532881346932,4000,COMPLETE
408,0.000378311553504318,2026-05-19 00:43:02.582148,2026-05-19 00:43:02.863823,0 days 00:00:00.281675,32,6.961234993515749,1.161007380200501,0.003986530260364444,6,0.8209098553301998,4000,PRUNED
409,0.00029780351906083524,2026-05-19 00:43:02.871727,2026-05-19 00:43:03.088771,0 days 00:00:00.217044,32,7.656809271264158,0.7900056662286442,0.0023777252319189305,5,0.4259236282046152,1000,PRUNED
410,0.0010466788662597537,2026-05-19 00:43:03.097037,2026-05-19 00:43:03.320859,0 days 00:00:00.223822,32,6.755326464752472,1.8407228901157227,0.0056881413410215164,5,0.40550848254551297,3000,PRUNED
411,0.0009106194484047592,2026-05-19 00:43:03.328866,2026-05-19 00:43:03.528711,0 days 00:00:00.199845,32,8.284952406371978,0.6092093083787015,0.0050640210049942656,4,0.7708967827629533,1000,PRUNED
412,0.0008120902348309755,2026-05-19 00:43:03.536770,2026-05-19 00:43:03.707235,0 days 00:00:00.170465,32,2.2199109154738514,0.4087825111374867,0.003844337903781685,3,0.803973530207756,5000,PRUNED
413,0.0004621746193151921,2026-05-19 00:43:03.714318,2026-05-19 00:43:03.930289,0 days 00:00:00.215971,32,9.044109002512425,1.0105275280234647,0.006719918004254022,5,0.7893068402461711,3000,PRUNED
414,0.000820112822111696,2026-05-19 00:43:03.936697,2026-05-19 00:43:04.152527,0 days 00:00:00.215830,48,7.388367355414961,0.5305111209640909,0.0017491072957853263,5,0.763822023085485,3000,PRUNED
415,0.0008490690961480141,2026-05-19 00:43:04.158942,2026-05-19 00:43:04.382152,0 days 00:00:00.223210,32,2.9842603156603023,0.32742653932881927,0.0013507247852472001,5,0.36585364501953754,4000,PRUNED
416,1.1203480426047463e-05,2026-05-19 00:43:04.388992,2026-05-19 00:43:08.473027,0 days 00:00:04.084035,32,4.250704371305617,0.8501462897162668,0.007075837255332431,5,0.7530183617560476,4000,COMPLETE
417,0.00043216857011429965,2026-05-19 00:43:08.483741,2026-05-19 00:43:08.684389,0 days 00:00:00.200648,32,4.030769950560362,0.8572089923094433,0.006211889029263359,3,0.7801504934185212,4000,PRUNED
418,0.0016352710081264377,2026-05-19 00:43:08.692649,2026-05-19 00:43:08.919210,0 days 00:00:00.226561,32,3.304919683817511,1.4831836560644627,0.007110160308505216,5,0.7764385257261812,4000,PRUNED
419,0.006893051788210869,2026-05-19 00:43:08.925658,2026-05-19 00:43:09.120310,0 days 00:00:00.194652,16,2.6928769914273154,1.1581247394789151,0.0054971418411607865,4,0.7251441461493593,4000,PRUNED
420,0.0002716261660680175,2026-05-19 00:43:09.127005,2026-05-19 00:43:09.519482,0 days 00:00:00.392477,32,44.65056814637512,0.9421983417210706,0.007198124448983211,5,0.7563773431701988,4000,PRUNED
421,0.00024207598471548408,2026-05-19 00:43:09.526091,2026-05-19 00:43:09.746890,0 days 00:00:00.220799,32,4.256266978928017,0.678553286000795,0.00652084202707174,5,0.8187959496516801,4000,PRUNED
422,5.564859020523727e-05,2026-05-19 00:43:09.753534,2026-05-19 00:43:10.147128,0 days 00:00:00.393594,48,2.4532517731577124,0.4175790213175789,0.0075094598741069435,5,0.8053393137195697,4000,PRUNED
423,0.0011716594453901052,2026-05-19 00:43:10.153857,2026-05-19 00:43:10.398161,0 days 00:00:00.244304,112,3.7012753112164516,0.21573670853156135,0.0019637286798843082,6,0.7407157401009072,4000,PRUNED
424,0.0003626049146987498,2026-05-19 00:43:10.404484,2026-05-19 00:43:10.621828,0 days 00:00:00.217344,32,6.711921718093246,0.7916922571012802,0.006068790728754525,5,0.6733616510945633,4000,PRUNED
425,0.003948557190597057,2026-05-19 00:43:10.628582,2026-05-19 00:43:10.824722,0 days 00:00:00.196140,32,8.17039877840721,0.5344715951563533,0.0009312408185987595,4,0.7667209964716563,4000,PRUNED
426,0.0007479459163732827,2026-05-19 00:43:10.831872,2026-05-19 00:43:11.045184,0 days 00:00:00.213312,16,6.194968279197895,1.0949696589648836,0.0033957983174850354,5,0.6235782554184993,1000,PRUNED
427,0.0012545570498332381,2026-05-19 00:43:11.051772,2026-05-19 00:43:11.278684,0 days 00:00:00.226912,32,1.8980915009594166,0.6104676090182681,0.004670968892217549,5,0.7922529303930395,3000,PRUNED
428,0.010983960703015327,2026-05-19 00:43:11.285412,2026-05-19 00:43:11.468019,0 days 00:00:00.182607,32,5.0811327288012285,0.01134309085218083,0.006808800057792656,3,0.7797545389832129,4000,PRUNED
429,0.0014811744913458824,2026-05-19 00:43:11.475035,2026-05-19 00:43:11.693738,0 days 00:00:00.218703,32,1.3000267281584779,0.8470433942791274,0.007743921477494564,5,0.45004909055447845,3000,PRUNED
430,0.0018394618527963758,2026-05-19 00:43:11.700790,2026-05-19 00:43:12.083571,0 days 00:00:00.382781,64,2.9678955176690125,0.48586603312050136,0.005653331987055825,5,0.47050815465500023,1000,PRUNED
431,0.0012491060188040137,2026-05-19 00:43:12.090386,2026-05-19 00:43:12.291354,0 days 00:00:00.200968,112,4.026161697048053,0.11722892655690532,0.0005036338309346438,4,0.7488763292426434,4000,PRUNED
432,0.0008627636707387865,2026-05-19 00:43:12.299436,2026-05-19 00:43:12.478075,0 days 00:00:00.178639,32,7.6256149118584124,1.3273965003918853,0.0073502598840856515,3,0.4330402174712079,4000,PRUNED
433,0.0007783331093378365,2026-05-19 00:43:12.485794,2026-05-19 00:43:12.703422,0 days 00:00:00.217628,32,5.860120028700247,0.30184170396525595,0.008281933813712651,5,0.3363110727183994,3000,PRUNED
434,0.0022515018936246634,2026-05-19 00:43:12.712059,2026-05-19 00:43:12.914432,0 days 00:00:00.202373,32,3.2001946167757116,0.7031048117459302,0.003110133994891822,4,0.7960941785281783,4000,PRUNED
435,9.508778020972386e-06,2026-05-19 00:43:12.922112,2026-05-19 00:43:16.900952,0 days 00:00:03.978840,32,4.476422155195,0.9199437029444425,0.006578979852425909,5,0.4564212945919746,3000,COMPLETE
436,0.00023725390201434493,2026-05-19 00:43:16.909948,2026-05-19 00:43:17.136282,0 days 00:00:00.226334,32,4.234653679252597,0.6144137137348327,0.006866174417601391,5,0.4608154679940736,1000,PRUNED
437,0.001323270727880299,2026-05-19 00:43:17.143253,2026-05-19 00:43:17.371159,0 days 00:00:00.227906,32,3.5071299975004715,0.9256159839613741,0.007811372597446263,5,0.4762080409914697,4000,PRUNED
438,0.00024522177409380674,2026-05-19 00:43:17.378660,2026-05-19 00:43:17.617223,0 days 00:00:00.238563,32,4.784120807624337,0.7684162235005567,0.006496619617546009,5,0.45227376101797223,3000,PRUNED
