number,value,datetime_start,datetime_complete,duration,params_hidden,params_lambda_ic,params_lambda_phys,params_lr,params_n_layers,params_scheduler_gamma,params_scheduler_step,state
439,0.0004884937079623342,2026-05-19 00:43:17.623523,2026-05-19 00:43:17.839327,0 days 00:00:00.215804,32,3.8958293628929352,0.373556754442586,0.008792619587088754,5,0.49323815262845455,3000,PRUNED
440,0.002101477235555649,2026-05-19 00:43:17.845710,2026-05-19 00:43:18.059239,0 days 00:00:00.213529,112,1.5352171518002,0.4658542058396229,0.007160100403045675,5,0.48528397592349665,1000,PRUNED
441,0.000668797641992569,2026-05-19 00:43:18.065442,2026-05-19 00:43:18.286262,0 days 00:00:00.220820,32,4.4177968594605055,0.5952390995898956,0.008227185851417842,5,0.46489919116474687,3000,PRUNED
442,0.00046269624726846814,2026-05-19 00:43:18.292806,2026-05-19 00:43:18.513279,0 days 00:00:00.220473,32,2.693673048316214,0.08327206459190731,0.009176613760480831,5,0.8381280298837439,4000,PRUNED
443,0.00041110359597951174,2026-05-19 00:43:18.519802,2026-05-19 00:43:18.746577,0 days 00:00:00.226775,48,4.470708654544135,0.7132174600689852,0.007611267548066327,5,0.45139784230360314,3000,PRUNED
444,0.0012403710279613733,2026-05-19 00:43:18.752972,2026-05-19 00:43:18.967402,0 days 00:00:00.214430,32,8.684064776603389,0.9769458034796077,0.006091137193415989,5,0.47689383884395686,1000,PRUNED
445,0.00011650317173916847,2026-05-19 00:43:18.973760,2026-05-19 00:43:19.393738,0 days 00:00:00.419978,32,3.7490122723810857,0.24364333365075025,0.00834852169333171,5,0.501158229955691,4000,PRUNED
446,0.000531310448423028,2026-05-19 00:43:19.400317,2026-05-19 00:43:19.627078,0 days 00:00:00.226761,32,2.358652647227028,0.5319704571251029,0.0068028255780075006,5,0.4656761505512803,4000,PRUNED
447,0.0005358278867788613,2026-05-19 00:43:19.633803,2026-05-19 00:43:19.854692,0 days 00:00:00.220889,32,4.867504495868252,0.847588416620025,0.009190293491463187,5,0.7039760122571117,3000,PRUNED
448,0.0008782917866483331,2026-05-19 00:43:19.861191,2026-05-19 00:43:20.072188,0 days 00:00:00.210997,16,5.4967298713920005,0.3984164642705153,0.007446649432352238,5,0.8116121763596357,1000,PRUNED
449,0.0003181528300046921,2026-05-19 00:43:20.078367,2026-05-19 00:43:20.303576,0 days 00:00:00.225209,32,6.645766001849122,0.5969793574562496,0.008066428870806502,5,0.44628969272911245,3000,PRUNED
450,0.0005436495994217694,2026-05-19 00:43:20.309864,2026-05-19 00:43:20.517024,0 days 00:00:00.207160,32,7.228488811474514,0.7268227537240063,0.005329531242499399,4,0.828002041934117,4000,PRUNED
451,0.0014547751052305102,2026-05-19 00:43:20.523584,2026-05-19 00:43:20.775204,0 days 00:00:00.251620,32,3.3997242940531125,1.0849657975301745,0.0063088062646248005,6,0.4858811117671,4000,PRUNED
452,7.491749420296401e-05,2026-05-19 00:43:20.781535,2026-05-19 00:43:21.224265,0 days 00:00:00.442730,32,2.071674804439653,0.45864100017744286,0.008757861670852216,5,0.31976113596079664,1000,PRUNED
453,0.0007695531821809709,2026-05-19 00:43:21.231191,2026-05-19 00:43:21.464059,0 days 00:00:00.232868,112,4.3197957858821825,0.3477705475492002,0.007277908085484644,5,0.4612670929720559,4000,PRUNED
454,3.951079270336777e-05,2026-05-19 00:43:21.471164,2026-05-19 00:43:22.785931,0 days 00:00:01.314767,32,5.153238981069608,0.8148690707333918,0.009201805202292385,5,0.44322859467424847,3000,PRUNED
455,0.0015504820039495826,2026-05-19 00:43:22.793161,2026-05-19 00:43:23.014637,0 days 00:00:00.221476,32,9.66832621381149,0.5339871269080176,0.00795585892158653,5,0.5604650858909709,3000,PRUNED
456,0.00024039940035436302,2026-05-19 00:43:23.021544,2026-05-19 00:43:23.248389,0 days 00:00:00.226845,32,3.9569329234556263,0.7162427553243946,0.00657493729780652,5,0.49354105214064153,4000,PRUNED
457,0.0009452554513700306,2026-05-19 00:43:23.255124,2026-05-19 00:43:23.483880,0 days 00:00:00.228756,32,3.0304305752332814,0.9918022964716919,0.009919368137466482,5,0.35596264672983996,1000,PRUNED
458,0.0005108655313961208,2026-05-19 00:43:23.490542,2026-05-19 00:43:23.694400,0 days 00:00:00.203858,32,8.02738959459225,0.6204688548345525,0.008497726995199668,4,0.4735737390472392,4000,PRUNED
459,0.053661707788705826,2026-05-19 00:43:23.700909,2026-05-19 00:43:23.929041,0 days 00:00:00.228132,32,4.777207706792089,0.30306227289850707,0.00011557861409141853,5,0.7733590570018863,4000,PRUNED
460,0.0006702205282635987,2026-05-19 00:43:23.935383,2026-05-19 00:43:24.128548,0 days 00:00:00.193165,64,2.8375604311061347,0.44982846665303994,0.002762606461644989,4,0.5863058233948261,3000,PRUNED
461,0.00844032596796751,2026-05-19 00:43:24.135100,2026-05-19 00:43:24.534570,0 days 00:00:00.399470,48,5.950707057303389,0.8608939037122113,0.005954193565233556,5,0.334494033481844,1000,PRUNED
462,0.0008568232879042625,2026-05-19 00:43:24.540877,2026-05-19 00:43:24.758352,0 days 00:00:00.217475,32,2.5026467249428124,0.02024689883712677,0.0072680998268790644,5,0.5149828862767701,3000,PRUNED
463,0.0005019734380766749,2026-05-19 00:43:24.764658,2026-05-19 00:43:24.983359,0 days 00:00:00.218701,112,7.083791211631208,1.2906094437632756,0.007945798485870289,5,0.4157950673657853,4000,PRUNED
464,0.00045220652827993035,2026-05-19 00:43:24.989960,2026-05-19 00:43:25.205761,0 days 00:00:00.215801,16,5.2891609990816235,0.667214099425279,0.0043099312950609,5,0.432507660411287,3000,PRUNED
465,7.217396341729909e-05,2026-05-19 00:43:25.212194,2026-05-19 00:43:25.651059,0 days 00:00:00.438865,32,4.481864440897984,0.51165662905386,0.00997515623641008,6,0.4840584425074572,1000,PRUNED
466,0.002522336086258292,2026-05-19 00:43:25.657199,2026-05-19 00:43:25.876613,0 days 00:00:00.219414,32,6.3892484541106604,0.0028954439906037394,0.006974019144136454,5,0.7879242058272572,4000,PRUNED
467,4.763801916851662e-05,2026-05-19 00:43:25.883040,2026-05-19 00:43:26.313754,0 days 00:00:00.430714,32,3.859759310720133,0.18364448966466645,0.009039251744938904,5,0.346734076783906,3000,PRUNED
468,0.0022109670098870993,2026-05-19 00:43:26.320437,2026-05-19 00:43:26.592798,0 days 00:00:00.272361,32,1.003835585960679,0.3902249485059958,0.006515507652398457,5,0.3076705388038939,4000,PRUNED
469,2.8335511160548776e-05,2026-05-19 00:43:26.600078,2026-05-19 00:43:27.707383,0 days 00:00:01.107305,32,4.717171940669366,0.8109490710717147,0.008242745519948327,5,0.5447556420171706,4000,PRUNED
470,0.0005555082461796701,2026-05-19 00:43:27.713797,2026-05-19 00:43:27.916775,0 days 00:00:00.202978,32,4.206066826771758,1.0436299925009374,0.005164821427332112,4,0.6969454127597692,1000,PRUNED
471,0.0004928884445689619,2026-05-19 00:43:27.923145,2026-05-19 00:43:28.139829,0 days 00:00:00.216684,80,3.279871469793332,0.6444142021166882,0.007424015575164593,5,0.4577299446520447,3000,PRUNED
472,0.0016928365221247077,2026-05-19 00:43:28.146358,2026-05-19 00:43:28.370082,0 days 00:00:00.223724,32,1.4106998313432653,0.5491063479290196,0.0056654124198935955,5,0.6027152208388548,3000,PRUNED
473,0.000382184429327026,2026-05-19 00:43:28.376518,2026-05-19 00:43:28.597308,0 days 00:00:00.220790,32,5.440975493520898,0.9035875713108921,0.0035229092948331976,5,0.50573276618948,1000,PRUNED
474,0.00035956568899564445,2026-05-19 00:43:28.603674,2026-05-19 00:43:28.823909,0 days 00:00:00.220235,32,7.376857104236752,0.725206931710924,0.008853344354291698,5,0.8464691298895695,3000,PRUNED
475,0.0006463770987465978,2026-05-19 00:43:28.830590,2026-05-19 00:43:28.978261,0 days 00:00:00.147671,32,8.868077382210094,0.4415020424868205,0.007682947976571684,2,0.44523372252904914,4000,PRUNED
476,0.00032508818549104035,2026-05-19 00:43:28.984548,2026-05-19 00:43:29.201133,0 days 00:00:00.216585,32,3.5711079089423596,0.2668976896617184,0.00677569243229142,5,0.47364509326546705,4000,PRUNED
477,0.0698670819401741,2026-05-19 00:43:29.207584,2026-05-19 00:43:29.426690,0 days 00:00:00.219106,112,1.8055002579078303,1.1720413000841299,0.009371508780588086,5,0.4367563054170529,4000,PRUNED
478,0.0005439096130430698,2026-05-19 00:43:29.433779,2026-05-19 00:43:29.636180,0 days 00:00:00.202401,32,5.868975301569201,0.6122907830562679,0.008297907902766593,4,0.4220850727038031,1000,PRUNED
479,0.0009347515879198909,2026-05-19 00:43:29.643922,2026-05-19 00:43:29.886444,0 days 00:00:00.242522,32,5.005839966345602,0.3455277709928387,0.0007283918250105025,5,0.39959792693498775,3000,PRUNED
480,0.000687487656250596,2026-05-19 00:43:29.893095,2026-05-19 00:43:30.123173,0 days 00:00:00.230078,32,2.1749732405632316,0.5182075094887931,0.006084946483480435,5,0.49408706041178707,4000,PRUNED
481,0.0011923288693651557,2026-05-19 00:43:30.130671,2026-05-19 00:43:30.335966,0 days 00:00:00.205295,32,2.8100540110615815,1.414450257634169,0.009972632715505553,4,0.4617887831809179,3000,PRUNED
482,0.00023623071319889277,2026-05-19 00:43:30.344829,2026-05-19 00:43:30.591342,0 days 00:00:00.246513,32,6.559806716082002,0.8123338360009175,0.007153218008833512,6,0.48144390077473176,1000,PRUNED
483,0.0007424298673868179,2026-05-19 00:43:30.599466,2026-05-19 00:43:30.829323,0 days 00:00:00.229857,48,4.170704140131855,0.9914172271627528,0.008600864130519428,5,0.7999141423180718,4000,PRUNED
484,0.0031354601960629225,2026-05-19 00:43:30.836434,2026-05-19 00:43:31.059439,0 days 00:00:00.223005,16,8.052741394018273,0.14094046403064708,0.007950413375481203,5,0.5196842584382312,3000,PRUNED
485,0.0006253900937736034,2026-05-19 00:43:31.066815,2026-05-19 00:43:31.292635,0 days 00:00:00.225820,32,5.1796882801111925,0.6640623832881632,0.006698783786386227,5,0.3296550903263354,2000,PRUNED
486,0.0027982378378510475,2026-05-19 00:43:31.300759,2026-05-19 00:43:31.516525,0 days 00:00:00.215766,32,4.481368439246038,0.03920207268413585,0.009072974091067866,5,0.7516319813022279,4000,PRUNED
487,0.0004738717689178884,2026-05-19 00:43:31.524396,2026-05-19 00:43:31.717439,0 days 00:00:00.193043,32,6.08538486976046,0.42555303101309533,0.007647077930973732,4,0.39016713019728594,1000,PRUNED
488,0.00036778507637791336,2026-05-19 00:43:31.726049,2026-05-19 00:43:31.946288,0 days 00:00:00.220239,96,2.597420737862625,0.7334089914302288,0.008615107506443115,5,0.36607661625656535,3000,PRUNED
489,0.000400985503802076,2026-05-19 00:43:31.953622,2026-05-19 00:43:32.189247,0 days 00:00:00.235625,48,3.0974042482819453,0.5572188725362603,0.006174464491671907,5,0.5052301434646644,4000,PRUNED
490,0.002641684375703335,2026-05-19 00:43:32.196438,2026-05-19 00:43:32.418655,0 days 00:00:00.222217,32,10.204970957697741,0.05377674843070642,0.007215870178752312,5,0.4511423990379382,3000,PRUNED
491,0.00036513953818939626,2026-05-19 00:43:32.425875,2026-05-19 00:43:32.657351,0 days 00:00:00.231476,112,4.85283380658737,0.03283711025972804,0.009248414600379234,5,0.43186302562224355,4000,PRUNED
492,0.0022807782515883446,2026-05-19 00:43:32.663848,2026-05-19 00:43:32.888215,0 days 00:00:00.224367,32,1.1594712912291354,0.9016509462216001,0.002158554895576116,5,0.5726273122921758,1000,PRUNED
493,0.0010080940555781126,2026-05-19 00:43:32.894610,2026-05-19 00:43:33.113853,0 days 00:00:00.219243,32,3.7070762059840154,1.085985795537497,0.004955824407194464,5,0.6399363770483681,2000,PRUNED
494,0.0008015572093427181,2026-05-19 00:43:33.120540,2026-05-19 00:43:33.319771,0 days 00:00:00.199231,32,7.128575651383105,0.2302924073919185,0.008144839413719924,4,0.5322211570826033,3000,PRUNED
495,0.0005280901095829904,2026-05-19 00:43:33.326314,2026-05-19 00:43:33.549423,0 days 00:00:00.223109,32,12.827909601625407,0.5124605964872448,0.006789987543977337,5,0.4129410907188159,4000,PRUNED
496,0.005695350002497435,2026-05-19 00:43:33.556185,2026-05-19 00:43:33.797078,0 days 00:00:00.240893,32,5.513279336272682,0.38606163555795686,0.007609826196303856,5,0.46929799814942685,1000,PRUNED
497,5.135588799021207e-05,2026-05-19 00:43:33.803591,2026-05-19 00:43:34.205013,0 days 00:00:00.401422,32,4.0896458779411455,0.7819150285717804,0.00912593471509484,5,0.49147630436375045,4000,PRUNED
498,0.0005759831401519477,2026-05-19 00:43:34.211596,2026-05-19 00:43:34.429081,0 days 00:00:00.217485,16,4.767583840951263,0.6402657495908216,0.005924058275525093,5,0.8196303238761552,3000,PRUNED
499,0.0002622257452458143,2026-05-19 00:43:34.435591,2026-05-19 00:43:34.693849,0 days 00:00:00.258258,32,16.031972580695605,0.912099036304804,0.008433543884940742,5,0.7820009124263696,5000,PRUNED
500,0.051749877631664276,2026-05-19 00:43:34.700597,2026-05-19 00:43:35.006624,0 days 00:00:00.306027,32,8.891879611535199,0.31852277995828043,0.00017979972712537019,6,0.4781219930120158,3000,PRUNED
501,0.0015781031688675284,2026-05-19 00:43:35.013623,2026-05-19 00:43:35.238890,0 days 00:00:00.225267,32,7.710568260156746,0.008363034824732114,0.009985920277485641,5,0.35154946574228335,4000,PRUNED
502,0.004545754287391901,2026-05-19 00:43:35.245697,2026-05-19 00:43:35.467385,0 days 00:00:00.221688,112,2.389291953067468,1.1883562872577136,0.0055005124382018575,5,0.4554872144135826,4000,PRUNED
503,0.0007993968320079148,2026-05-19 00:43:35.474582,2026-05-19 00:43:35.670391,0 days 00:00:00.195809,32,6.742849902701851,0.4629558759571491,0.0065969209457016915,4,0.43774669220300005,1000,PRUNED
504,0.0004963439423590899,2026-05-19 00:43:35.678649,2026-05-19 00:43:35.903228,0 days 00:00:00.224579,32,5.929240507264214,0.634032310308906,0.007528903352385931,5,0.7331144290956522,3000,PRUNED
505,0.0003156696620862931,2026-05-19 00:43:35.910760,2026-05-19 00:43:36.131042,0 days 00:00:00.220282,32,55.81025562508018,0.7618499146787526,0.008512236866920474,5,0.49985012995687716,5000,PRUNED
506,0.0004894326557405293,2026-05-19 00:43:36.138880,2026-05-19 00:43:36.291876,0 days 00:00:00.152996,32,3.3273413247269685,0.5202748793483793,0.007163805201652472,2,0.4246603910816248,4000,PRUNED
507,0.00046179702621884644,2026-05-19 00:43:36.299963,2026-05-19 00:43:36.533978,0 days 00:00:00.234015,32,5.288826344291815,1.4852441997536923,0.009272477802122786,5,0.763572053855432,3000,PRUNED
508,3.6312645534053445e-05,2026-05-19 00:43:36.542765,2026-05-19 00:43:36.950788,0 days 00:00:00.408023,32,4.443868154646721,0.967659542795917,0.007925145745087372,5,0.4645549886493985,1000,PRUNED
509,0.0007158514927141368,2026-05-19 00:43:36.961244,2026-05-19 00:43:37.186391,0 days 00:00:00.225147,48,2.8543743854667407,0.6196731496602578,0.006223420718049735,5,0.3784880407883981,4000,PRUNED
510,0.0006795632652938366,2026-05-19 00:43:37.194807,2026-05-19 00:43:37.375317,0 days 00:00:00.180510,32,1.6578778600517727,0.3755635080116603,0.007008854110374838,3,0.483999082921318,3000,PRUNED
511,0.00293116201646626,2026-05-19 00:43:37.384730,2026-05-19 00:43:37.616504,0 days 00:00:00.231774,112,3.9203888308124077,0.27864985127133596,0.008318917151920992,5,0.314766276796077,2000,PRUNED
512,0.00024626441881991923,2026-05-19 00:43:37.624453,2026-05-19 00:43:37.851562,0 days 00:00:00.227109,32,6.229241847006322,0.7862537807635999,0.00997514878044326,5,0.5097280519440192,3000,PRUNED
513,0.008946291171014309,2026-05-19 00:43:37.858080,2026-05-19 00:43:38.061299,0 days 00:00:00.203219,32,5.030896671287869,0.0017535520662101166,0.009218738112624789,4,0.6201878691273232,1000,PRUNED
514,0.0002547770272940397,2026-05-19 00:43:38.069024,2026-05-19 00:43:38.288555,0 days 00:00:00.219531,32,5.615014091990191,0.46403783249623587,0.007636843345947865,5,0.4056579258190775,4000,PRUNED
515,0.0012090809177607298,2026-05-19 00:43:38.295327,2026-05-19 00:43:38.545209,0 days 00:00:00.249882,16,8.208648991159134,0.6892066089191448,0.006528517982990076,6,0.44277769041406717,4000,PRUNED
516,0.0018864470766857266,2026-05-19 00:43:38.552652,2026-05-19 00:43:38.787688,0 days 00:00:00.235036,32,4.450549336499459,1.814170946544857,0.0055557527182975895,5,0.8122627755166332,3000,PRUNED
517,0.0009518153965473175,2026-05-19 00:43:38.794165,2026-05-19 00:43:38.992696,0 days 00:00:00.198531,32,3.4792142922922213,0.9250475828195756,0.008831511684641956,3,0.4713064434898922,1000,PRUNED
518,0.0017497750231996179,2026-05-19 00:43:39.000067,2026-05-19 00:43:39.231088,0 days 00:00:00.231021,32,2.561653179328265,1.1669818108482188,0.008094151482819684,5,0.5546662114180575,4000,PRUNED
519,0.0014735315926373005,2026-05-19 00:43:39.238206,2026-05-19 00:43:39.466139,0 days 00:00:00.227933,112,6.858403375224522,0.5880527631422611,0.0024962346079998618,5,0.4536716507287783,3000,PRUNED
520,0.00022892601555213332,2026-05-19 00:43:39.472757,2026-05-19 00:43:39.699218,0 days 00:00:00.226461,64,4.839128538600124,0.7761349016317027,0.009993448819794337,5,0.36949117398181097,5000,PRUNED
521,0.0006450450164265931,2026-05-19 00:43:39.705716,2026-05-19 00:43:39.906406,0 days 00:00:00.200690,32,2.2700301821076176,0.5362047451251155,0.007009310970817364,4,0.488917857968561,2000,PRUNED
522,0.0004543875402305275,2026-05-19 00:43:39.912765,2026-05-19 00:43:40.128735,0 days 00:00:00.215970,32,3.9418561881248424,0.40628760888237875,0.006089806741238751,5,0.3016009782440091,4000,PRUNED
523,0.0019158190116286278,2026-05-19 00:43:40.135001,2026-05-19 00:43:40.356715,0 days 00:00:00.221714,32,3.060839355576766,1.0018328530362113,0.007714449667178966,5,0.3378725090651828,1000,PRUNED
524,0.001230922294780612,2026-05-19 00:43:40.363572,2026-05-19 00:43:40.543247,0 days 00:00:00.179675,48,5.553961597186514,0.6485025285552508,0.008671463608406177,3,0.3260057509500997,4000,PRUNED
525,0.001092475955374539,2026-05-19 00:43:40.553588,2026-05-19 00:43:40.750258,0 days 00:00:00.196670,32,9.504747523563745,0.3368204652545987,0.0046106040328421265,4,0.5245194263547696,3000,PRUNED
526,0.0004943892126902938,2026-05-19 00:43:40.758793,2026-05-19 00:43:40.983077,0 days 00:00:00.224284,32,7.43200986629099,0.8367007155357365,0.0019085204004371452,5,0.3905139110400212,3000,PRUNED
527,0.0009950782405212522,2026-05-19 00:43:40.991112,2026-05-19 00:43:41.213495,0 days 00:00:00.222383,32,4.352887422376246,1.313257536879892,0.004008085185638848,5,0.35231085551960595,4000,PRUNED
528,0.000617378915194422,2026-05-19 00:43:41.220947,2026-05-19 00:43:41.442983,0 days 00:00:00.222036,112,6.4544019236805505,0.4733255877606033,0.0065570689528045645,5,0.8290022969109915,4000,PRUNED
529,0.0017631454393267632,2026-05-19 00:43:41.450110,2026-05-19 00:43:41.680734,0 days 00:00:00.230624,80,1.9486741299970725,0.6980980737931439,0.007329290928479723,5,0.4208310967304327,1000,PRUNED
530,0.0009072926477529109,2026-05-19 00:43:41.687305,2026-05-19 00:43:41.913335,0 days 00:00:00.226030,32,5.2100916235832,0.5771440588289842,0.008778898494749493,5,0.7979010318087002,4000,PRUNED
531,0.0010528494603931904,2026-05-19 00:43:41.921457,2026-05-19 00:43:42.147629,0 days 00:00:00.226172,96,4.739406612124527,0.20124017031007654,0.001616656322243564,5,0.4754838138637954,5000,PRUNED
532,1.3484259397955611e-05,2026-05-19 00:43:42.156042,2026-05-19 00:43:45.765212,0 days 00:00:03.609170,32,11.342908031650229,1.0139276468284504,0.009240083132537482,4,0.4435459563346612,2000,COMPLETE
533,0.0006463233730755746,2026-05-19 00:43:45.776791,2026-05-19 00:43:46.000516,0 days 00:00:00.223725,32,2.788731417355367,0.8242658955728233,0.007871560248226203,3,0.4598018997355115,3000,PRUNED
534,0.001526383450254798,2026-05-19 00:43:46.007715,2026-05-19 00:43:46.232793,0 days 00:00:00.225078,32,3.687569342218716,0.49331619535338006,0.005861570711859649,5,0.581702730028201,1000,PRUNED
535,0.0013446375960484147,2026-05-19 00:43:46.239342,2026-05-19 00:43:46.476351,0 days 00:00:00.237009,16,5.942666192542324,0.3904083177195341,0.006971802787346089,6,0.7731836605093694,3000,PRUNED
536,0.00034714056528173387,2026-05-19 00:43:46.482878,2026-05-19 00:43:46.703372,0 days 00:00:00.220494,32,4.136188388469706,0.7005006216431321,0.008326758213972338,5,0.5043776042544487,4000,PRUNED
537,0.002017455641180277,2026-05-19 00:43:46.709881,2026-05-19 00:43:46.883558,0 days 00:00:00.173677,32,8.236136891986183,0.2892951426186156,0.005163411889429932,3,0.49102566791486635,3000,PRUNED
538,0.00046670137089677155,2026-05-19 00:43:46.889860,2026-05-19 00:43:47.112026,0 days 00:00:00.222166,32,3.1994868267001215,0.5536138973039869,0.009997477145091242,5,0.4285305339344043,1000,PRUNED
539,0.001340955263003707,2026-05-19 00:43:47.118433,2026-05-19 00:43:47.361762,0 days 00:00:00.243329,32,5.123979589812703,1.2537963402340377,0.007471265327381554,5,0.5386613182868643,5000,PRUNED
540,0.0009151892154477537,2026-05-19 00:43:47.368641,2026-05-19 00:43:47.596517,0 days 00:00:00.227876,32,1.306122307530623,0.8928072112015263,0.006378400343058378,5,0.47010514770274814,4000,PRUNED
541,0.0036249100230634212,2026-05-19 00:43:47.603240,2026-05-19 00:43:47.828459,0 days 00:00:00.225219,48,7.257271931644467,0.6436435380420584,0.0002648155822262221,5,0.4097896043950543,3000,PRUNED
542,0.0003782300918828696,2026-05-19 00:43:47.835067,2026-05-19 00:43:48.028342,0 days 00:00:00.193275,32,4.533862679383543,0.10625373736802741,0.009190929587043643,4,0.5162924659747995,3000,PRUNED
543,0.000933802337385714,2026-05-19 00:43:48.035069,2026-05-19 00:43:48.252915,0 days 00:00:00.217846,32,6.484724019019361,0.01600209870881569,0.008125109926008046,5,0.8446187642693667,4000,PRUNED
544,1.234950923389988e-05,2026-05-19 00:43:48.262133,2026-05-19 00:43:52.606907,0 days 00:00:04.344774,32,5.490351152980904,0.4301198525005042,0.007003408439224998,5,0.4444381342481869,1000,COMPLETE
545,0.000505875563248992,2026-05-19 00:43:52.615924,2026-05-19 00:43:52.770567,0 days 00:00:00.154643,32,3.5470729662077796,0.16698189539175268,0.008586057656557837,2,0.36022551442755946,4000,PRUNED
546,0.014295825734734535,2026-05-19 00:43:52.777388,2026-05-19 00:43:53.008912,0 days 00:00:00.231524,112,2.4913188289836983,1.0497884930194363,0.0077410137564816895,5,0.38020263289576095,3000,PRUNED
547,0.0002984792517963797,2026-05-19 00:43:53.015426,2026-05-19 00:43:53.241059,0 days 00:00:00.225633,32,4.061475277492464,0.7691832960034787,0.005637490978290593,5,0.7850327681488142,1000,PRUNED
548,0.002566971117630601,2026-05-19 00:43:53.247440,2026-05-19 00:43:53.464325,0 days 00:00:00.216885,32,4.888404470373401,0.5835015426826139,0.009161649327048514,5,0.4808634571672889,4000,PRUNED
