number,value,datetime_start,datetime_complete,duration,params_hidden,params_lambda_ic,params_lambda_phys,params_lr,params_n_layers,params_scheduler_gamma,params_scheduler_step,state
219,0.0004328716022428125,2026-05-19 00:41:40.563539,2026-05-19 00:41:40.733910,0 days 00:00:00.170371,32,2.5630904114023476,0.5574177364302506,0.008476341886341672,3,0.422489370749901,3000,PRUNED
220,9.32717648538528e-06,2026-05-19 00:41:40.740337,2026-05-19 00:41:44.866906,0 days 00:00:04.126569,32,4.745929302805891,0.7534922021836947,0.009943525339792342,5,0.4330729550901498,1000,COMPLETE
221,7.878181349951774e-05,2026-05-19 00:41:44.875971,2026-05-19 00:41:46.183322,0 days 00:00:01.307351,32,4.710070692052184,0.7665846834624394,0.009926165534909449,5,0.4346471603329294,1000,PRUNED
222,0.00019344972679391503,2026-05-19 00:41:46.189716,2026-05-19 00:41:46.595402,0 days 00:00:00.405686,32,5.674162333177823,1.0467874354113833,0.008927094731035473,5,0.3976372603885413,1000,PRUNED
223,0.00029901444213464856,2026-05-19 00:41:46.601791,2026-05-19 00:41:46.835012,0 days 00:00:00.233221,32,4.98471884520631,0.7114291087126906,0.007879823962980825,5,0.45387495037488573,1000,PRUNED
224,1.4451970855589025e-05,2026-05-19 00:41:46.842489,2026-05-19 00:41:51.153453,0 days 00:00:04.310964,32,4.020623163384386,0.522517560451865,0.009908672335049665,5,0.44111667719144715,1000,COMPLETE
225,0.0003500462626107037,2026-05-19 00:41:51.164414,2026-05-19 00:41:51.389293,0 days 00:00:00.224879,32,6.112337793899967,0.41692680701393664,0.00873075643926667,5,0.4917723364705475,1000,PRUNED
226,0.0015780481044203043,2026-05-19 00:41:51.396429,2026-05-19 00:41:51.630932,0 days 00:00:00.234503,32,5.001878035428716,0.9204320505181217,0.0011865545897405446,5,0.5062613251370323,3000,PRUNED
227,0.0009783910354599357,2026-05-19 00:41:51.637720,2026-05-19 00:41:51.861942,0 days 00:00:00.224222,32,8.888654723817977,0.6170583094339026,0.007229233072498593,5,0.4709989764037283,4000,PRUNED
228,0.010300561785697937,2026-05-19 00:41:51.868852,2026-05-19 00:41:52.050759,0 days 00:00:00.181907,112,3.647451159244275,1.253612304332869,0.00798622444565808,3,0.4112572077604672,2000,PRUNED
229,0.0008017456857487559,2026-05-19 00:41:52.061134,2026-05-19 00:41:52.278232,0 days 00:00:00.217098,32,2.7344613234085293,0.7458389832750157,0.009179084501154379,5,0.43064120779606796,3000,PRUNED
230,0.0036596423014998436,2026-05-19 00:41:52.284772,2026-05-19 00:41:52.498980,0 days 00:00:00.214208,32,4.328709295774356,0.48843390761661204,0.006368506812273474,5,0.7202712867723133,1000,PRUNED
231,3.9584188925800845e-05,2026-05-19 00:41:52.505693,2026-05-19 00:41:52.909795,0 days 00:00:00.404102,32,5.38830520048785,0.8983848913642983,0.008909450054103011,5,0.8751214104986593,4000,PRUNED
232,1.8103430193150416e-05,2026-05-19 00:41:52.916166,2026-05-19 00:41:57.343804,0 days 00:00:04.427638,32,5.477711683542209,0.9914466104505102,0.008688608338522499,5,0.4810209388821938,4000,COMPLETE
233,0.00030516221886500716,2026-05-19 00:41:57.352985,2026-05-19 00:41:57.763489,0 days 00:00:00.410504,32,6.541452972569087,0.6431805317519966,0.009240178147409834,5,0.5195744917160288,4000,PRUNED
234,8.729808178031817e-05,2026-05-19 00:41:57.770100,2026-05-19 00:41:58.958053,0 days 00:00:01.187953,32,4.899748186092253,0.809991469543512,0.009963541185936304,5,0.8922914519245082,4000,PRUNED
235,0.0019139600917696953,2026-05-19 00:41:58.964902,2026-05-19 00:41:59.187129,0 days 00:00:00.222227,32,5.400490780151277,0.01354884639043666,0.007724366762519784,5,0.8416119315894628,4000,PRUNED
236,0.00040895843994803727,2026-05-19 00:41:59.194085,2026-05-19 00:41:59.421433,0 days 00:00:00.227348,32,4.547695061386406,0.5945401735727739,0.007040754058529402,5,0.8572943357516671,4000,PRUNED
237,0.0008854118059389293,2026-05-19 00:41:59.429123,2026-05-19 00:41:59.611488,0 days 00:00:00.182365,32,7.694530228844467,1.1227137921650507,0.00821765266294147,3,0.4531454161157156,3000,PRUNED
238,0.0003844133170787245,2026-05-19 00:41:59.618681,2026-05-19 00:41:59.855781,0 days 00:00:00.237100,32,6.1436748271165404,0.36333666598871633,0.009202705353096332,5,0.850288212829114,4000,PRUNED
239,0.0013444594806060195,2026-05-19 00:41:59.862609,2026-05-19 00:42:00.084090,0 days 00:00:00.221481,32,2.4530115458619166,0.7811481227988504,0.005746129499992753,5,0.5109005282408463,3000,PRUNED
240,0.005679335445165634,2026-05-19 00:42:00.091323,2026-05-19 00:42:00.328858,0 days 00:00:00.237535,32,5.634948042757576,0.4569495062716727,0.007607205616997485,6,0.8756628168541318,1000,PRUNED
241,0.0006867256015539169,2026-05-19 00:42:00.335907,2026-05-19 00:42:00.560204,0 days 00:00:00.224297,32,6.404126615784099,0.9324945244920512,0.007084732144374508,5,0.8664595594645614,4000,PRUNED
242,0.0002208473888458684,2026-05-19 00:42:00.566860,2026-05-19 00:42:00.974248,0 days 00:00:00.407388,32,7.084928062733403,1.3247063734911892,0.008370762577577085,5,0.8776151003138123,4000,PRUNED
243,0.00029553682543337345,2026-05-19 00:42:00.980785,2026-05-19 00:42:01.202829,0 days 00:00:00.222044,32,6.045531287923498,0.9285034132108754,0.006823182624345654,5,0.8586853248147557,4000,PRUNED
244,0.0002977091644424945,2026-05-19 00:42:01.209739,2026-05-19 00:42:01.424756,0 days 00:00:00.215017,32,4.772630430325518,0.6551693925620939,0.007686828321366478,5,0.8883797180858294,4000,PRUNED
245,0.0004942388623021543,2026-05-19 00:42:01.432529,2026-05-19 00:42:01.649913,0 days 00:00:00.217384,32,5.709413981995072,0.5449561968196542,0.008755957044928502,5,0.4991549908120822,4000,PRUNED
246,0.0012618731707334518,2026-05-19 00:42:01.657691,2026-05-19 00:42:02.059573,0 days 00:00:00.401882,32,5.305065058597365,1.0507789587951042,0.009955912951794012,5,0.47747215144285066,4000,PRUNED
247,0.0010401131585240364,2026-05-19 00:42:02.067380,2026-05-19 00:42:02.268290,0 days 00:00:00.200910,32,2.857726344747704,0.7902241231774807,0.006181840118610698,4,0.4451330876393226,3000,PRUNED
248,0.0003368928446434438,2026-05-19 00:42:02.276727,2026-05-19 00:42:02.499430,0 days 00:00:00.222703,32,5.072246281676364,0.6689694372624578,0.00726732015928083,5,0.4225856097689701,4000,PRUNED
249,0.005111871752887964,2026-05-19 00:42:02.508741,2026-05-19 00:42:02.701680,0 days 00:00:00.192939,128,8.079106494197926,0.5395736965559349,0.008235815941428196,3,0.49154629319032733,2000,PRUNED
250,0.0007750640506856143,2026-05-19 00:42:02.709983,2026-05-19 00:42:02.976219,0 days 00:00:00.266236,32,7.132721584191174,0.29200953733234486,0.009311813946084092,5,0.8339609752656943,3000,PRUNED
251,0.000591435469686985,2026-05-19 00:42:02.985192,2026-05-19 00:42:03.223058,0 days 00:00:00.237866,32,6.173866450210491,0.8872664203046391,0.006589857135595911,5,0.6313713389546572,4000,PRUNED
252,0.05237191170454025,2026-05-19 00:42:03.231019,2026-05-19 00:42:03.453136,0 days 00:00:00.222117,32,3.3161381137888846,0.025841231159258685,0.0001299194439524281,5,0.4628882291176281,1000,PRUNED
253,0.002380611142143607,2026-05-19 00:42:03.460794,2026-05-19 00:42:03.651002,0 days 00:00:00.190208,112,4.209942189587693,0.07462951365198965,0.007817624286783363,4,0.32367559668606616,4000,PRUNED
254,0.0003285967104602605,2026-05-19 00:42:03.658882,2026-05-19 00:42:03.873504,0 days 00:00:00.214622,32,2.1915665159654516,0.4281963895500784,0.005314465351997944,5,0.8553757980170189,5000,PRUNED
255,0.000543655885849148,2026-05-19 00:42:03.880390,2026-05-19 00:42:04.094040,0 days 00:00:00.213650,32,4.630105026305817,0.7111562242454013,0.008565228988347277,5,0.8640884798101961,3000,PRUNED
256,0.0009130194084718823,2026-05-19 00:42:04.100281,2026-05-19 00:42:04.271173,0 days 00:00:00.170892,32,6.7419217485606096,1.1425982426324832,0.009991500462600599,3,0.8866586939304185,2000,PRUNED
257,0.0027822053525596857,2026-05-19 00:42:04.277320,2026-05-19 00:42:04.469708,0 days 00:00:00.192388,96,3.8348280891636986,0.5923781778017422,0.007157848812467109,4,0.6115533536826806,3000,PRUNED
258,0.0020308031234890223,2026-05-19 00:42:04.477363,2026-05-19 00:42:04.693815,0 days 00:00:00.216452,32,5.2362932990277065,1.4882609140486665,0.002237673224707616,5,0.5062939395139746,1000,PRUNED
259,0.0014188536442816257,2026-05-19 00:42:04.700695,2026-05-19 00:42:04.981065,0 days 00:00:00.280370,32,5.7734731538655115,0.48246829345215453,0.00914281300509767,5,0.5257260358452545,4000,PRUNED
260,0.0005286405794322491,2026-05-19 00:42:04.987929,2026-05-19 00:42:05.137099,0 days 00:00:00.149170,112,3.018560658598414,0.37537665550467103,0.006033464251690691,2,0.49022956368285964,3000,PRUNED
261,0.00048161213635466993,2026-05-19 00:42:05.143587,2026-05-19 00:42:05.364740,0 days 00:00:00.221153,16,9.457365799537685,0.8174123083135759,0.008218379158694116,5,0.899520008439183,4000,PRUNED
262,0.0004998149815946817,2026-05-19 00:42:05.371395,2026-05-19 00:42:05.595134,0 days 00:00:00.223739,32,4.881656039066835,0.9968264912608451,0.007293573070769314,5,0.46803506140057,3000,PRUNED
263,0.00045238120947033167,2026-05-19 00:42:05.601625,2026-05-19 00:42:05.797974,0 days 00:00:00.196349,32,8.568936328716592,0.6721991969299763,0.006512847096383733,4,0.43408445421427394,5000,PRUNED
264,0.023170262575149536,2026-05-19 00:42:05.804376,2026-05-19 00:42:05.978392,0 days 00:00:00.174016,32,7.663094602947328,0.001081053629765386,0.00902614523922974,3,0.8208816955762116,1000,PRUNED
265,0.002205251483246684,2026-05-19 00:42:05.984917,2026-05-19 00:42:06.208317,0 days 00:00:00.223400,32,43.658722461712,0.057459924758211565,0.007849790298848618,5,0.4011271225667197,2000,PRUNED
266,0.0006821212009526789,2026-05-19 00:42:06.216389,2026-05-19 00:42:06.438190,0 days 00:00:00.221801,32,6.141516286062493,0.5141509186213757,0.0017931363119734354,5,0.5374101208640627,4000,PRUNED
267,0.00220690481364727,2026-05-19 00:42:06.445523,2026-05-19 00:42:06.666505,0 days 00:00:00.220982,112,4.283356267590877,0.6127715924998212,0.008478997951633689,5,0.6644451967023223,3000,PRUNED
268,0.0042478106915950775,2026-05-19 00:42:06.674194,2026-05-19 00:42:06.918650,0 days 00:00:00.244456,32,5.269149275731809,0.006540226373899672,0.00693141866921661,6,0.8708530403867814,4000,PRUNED
269,0.051546838134527206,2026-05-19 00:42:06.926725,2026-05-19 00:42:07.144808,0 days 00:00:00.218083,128,2.621915247908598,0.8269596132297904,0.009228597678342125,5,0.30682454109171164,1000,PRUNED
270,0.0017465626588091254,2026-05-19 00:42:07.151954,2026-05-19 00:42:07.324908,0 days 00:00:00.172954,32,5.7233807566506245,0.2700623457476702,0.005800514620339839,3,0.3791090347031332,3000,PRUNED
271,0.0008241023169830441,2026-05-19 00:42:07.331339,2026-05-19 00:42:07.545676,0 days 00:00:00.214337,32,6.614888026938583,0.42371922928853833,0.007630952856462171,5,0.44970026152182035,3000,PRUNED
272,0.0010443248320370913,2026-05-19 00:42:07.552100,2026-05-19 00:42:07.751173,0 days 00:00:00.199073,32,2.372146626063728,1.0709588262303429,0.00841183242377555,4,0.48027910429544757,2000,PRUNED
273,1.1402594282117207e-05,2026-05-19 00:42:07.757515,2026-05-19 00:42:11.725356,0 days 00:00:03.967841,32,4.703652405264269,0.7320027824441339,0.009931916060791048,5,0.366160799600371,4000,COMPLETE
274,1.214257372339489e-05,2026-05-19 00:42:11.735018,2026-05-19 00:42:15.783479,0 days 00:00:04.048461,32,4.564604283000439,0.7123739833207953,0.009880570324568936,5,0.38136773581503636,5000,COMPLETE
275,0.001508052577264607,2026-05-19 00:42:15.793821,2026-05-19 00:42:16.021002,0 days 00:00:00.227181,80,3.941425541067359,0.5598049427181653,0.00985360676912314,5,0.35189895571970486,5000,PRUNED
276,0.00045228941598907113,2026-05-19 00:42:16.028465,2026-05-19 00:42:16.221013,0 days 00:00:00.192548,32,4.730308370705689,0.6795964471416466,0.009866438829852222,3,0.3662593181381835,5000,PRUNED
277,0.0009302164544351399,2026-05-19 00:42:16.228149,2026-05-19 00:42:16.443021,0 days 00:00:00.214872,48,3.4401806382727798,0.3432428579649072,0.009965419827074527,5,0.3700507691736445,5000,PRUNED
278,0.0041017308831214905,2026-05-19 00:42:16.449686,2026-05-19 00:42:16.668362,0 days 00:00:00.218676,16,4.255291574094672,0.49802604181467897,0.0008265101538164636,5,0.3689540752926872,5000,PRUNED
279,0.02831156924366951,2026-05-19 00:42:16.674796,2026-05-19 00:42:16.893394,0 days 00:00:00.218598,32,4.527216293121473,0.6808411388746917,0.0002173134887195952,5,0.3788210266596642,5000,PRUNED
280,0.000988641520962119,2026-05-19 00:42:16.899663,2026-05-19 00:42:17.090087,0 days 00:00:00.190424,32,3.9099378496602397,0.4452042411948123,0.009235218124001594,4,0.3895004043301963,5000,PRUNED
281,0.001391272759065032,2026-05-19 00:42:17.096547,2026-05-19 00:42:17.267470,0 days 00:00:00.170923,48,3.625379558755661,0.5827479126578925,0.008215611868696454,3,0.33974773834225747,2000,PRUNED
282,0.006196377333253622,2026-05-19 00:42:17.274259,2026-05-19 00:42:17.497022,0 days 00:00:00.222763,96,4.830695477758547,0.36424004243281743,0.008904091989725603,5,0.39480137583159336,3000,PRUNED
283,0.0011999501148238778,2026-05-19 00:42:17.503396,2026-05-19 00:42:17.701784,0 days 00:00:00.198388,32,2.921012774768152,0.7658761835613916,0.008588952317407516,4,0.3545643562447591,5000,PRUNED
284,0.00017731380648911,2026-05-19 00:42:17.708349,2026-05-19 00:42:18.104543,0 days 00:00:00.396194,32,3.1940304584343986,0.5119001241967324,0.009277747330819432,5,0.4027835893737175,3000,PRUNED
285,0.0010827884543687105,2026-05-19 00:42:18.111284,2026-05-19 00:42:18.361093,0 days 00:00:00.249809,32,4.219680115735735,0.734683788624285,0.006356300194079449,6,0.3841372939181581,1000,PRUNED
286,0.0007180527900345623,2026-05-19 00:42:18.367890,2026-05-19 00:42:18.598270,0 days 00:00:00.230380,32,23.337800369077318,0.6187264261631739,0.005334897476246311,5,0.41396294203789036,3000,PRUNED
287,0.00032194145023822784,2026-05-19 00:42:18.604933,2026-05-19 00:42:18.830472,0 days 00:00:00.225539,32,5.025063369057683,0.43274011080773844,0.007788907189851428,5,0.514878058300234,1000,PRUNED
288,0.00219585164450109,2026-05-19 00:42:18.836967,2026-05-19 00:42:19.008368,0 days 00:00:00.171401,112,4.4412400820856694,0.24559384195298212,0.009900539729804175,3,0.5023788696669,3000,PRUNED
289,0.0005221422179602087,2026-05-19 00:42:19.015009,2026-05-19 00:42:19.230196,0 days 00:00:00.215187,32,8.132468781271742,1.2861086375552564,0.008500304505078368,5,0.47455500971670794,3000,PRUNED
290,0.0003201710351277143,2026-05-19 00:42:19.237230,2026-05-19 00:42:19.436102,0 days 00:00:00.198872,32,5.353190292972905,0.7886612107969745,0.004819679038874383,4,0.6856159237400508,5000,PRUNED
291,0.0005208231159485877,2026-05-19 00:42:19.444660,2026-05-19 00:42:19.669422,0 days 00:00:00.224762,32,9.090830244268162,0.5701552194524822,0.006891892043931972,5,0.4925168542366474,1000,PRUNED
292,9.855825192062184e-05,2026-05-19 00:42:19.677416,2026-05-19 00:42:20.073135,0 days 00:00:00.395719,32,10.283125120445565,0.29848197057905784,0.007788258029565276,5,0.7823843598434579,3000,PRUNED
293,0.0008802178199402988,2026-05-19 00:42:20.081578,2026-05-19 00:42:20.304937,0 days 00:00:00.223359,32,1.0931737358764289,0.39843023121119786,0.009209999266807253,5,0.3618756052123639,1000,PRUNED
294,0.0006449800566770136,2026-05-19 00:42:20.313090,2026-05-19 00:42:20.525985,0 days 00:00:00.212895,16,7.15094989196952,0.9140149081183897,0.0058644467915381256,5,0.3454747319197674,3000,PRUNED
295,0.0028578387573361397,2026-05-19 00:42:20.533956,2026-05-19 00:42:20.710396,0 days 00:00:00.176440,128,2.6701768262239045,0.037063028364385825,0.0006194658433591328,3,0.567312533562366,2000,PRUNED
296,0.0015590832335874438,2026-05-19 00:42:20.718114,2026-05-19 00:42:20.933491,0 days 00:00:00.215377,32,1.976247816592786,0.5032579795844463,0.007479959169474339,5,0.5866734226687618,5000,PRUNED
297,0.0018969548400491476,2026-05-19 00:42:20.939938,2026-05-19 00:42:21.155563,0 days 00:00:00.215625,32,4.751067171548279,1.7658171950099135,0.008553947353128559,5,0.45984627986440446,4000,PRUNED
298,0.0005467389710247517,2026-05-19 00:42:21.162219,2026-05-19 00:42:21.336945,0 days 00:00:00.174726,32,3.712989403676035,0.6720885160168757,0.006487541051295069,3,0.4259434560298628,2000,PRUNED
299,0.006915220990777016,2026-05-19 00:42:21.343516,2026-05-19 00:42:21.571613,0 days 00:00:00.228097,32,2.223281798825113,0.7779652400022152,0.00046189125626913685,5,0.3327735358869071,3000,PRUNED
300,0.0003009894280694425,2026-05-19 00:42:21.578104,2026-05-19 00:42:21.809145,0 days 00:00:00.231041,32,5.195074486489657,0.583096376867102,0.009201865936771398,5,0.4397700764063121,1000,PRUNED
301,0.004803667310625315,2026-05-19 00:42:21.816789,2026-05-19 00:42:22.112897,0 days 00:00:00.296108,32,7.552113316007553,0.0023999735448496373,0.009935429149038296,6,0.5285469783143916,3000,PRUNED
302,0.005212110001593828,2026-05-19 00:42:22.119617,2026-05-19 00:42:22.346911,0 days 00:00:00.227294,112,5.872228416018162,0.47062479137224084,0.008103834957154247,5,0.4846242783552342,4000,PRUNED
303,0.0005757134640589356,2026-05-19 00:42:22.353515,2026-05-19 00:42:22.556096,0 days 00:00:00.202581,32,4.361738421274397,1.000781761318328,0.00706776946360894,4,0.5522837995676431,3000,PRUNED
304,0.00028812672826461494,2026-05-19 00:42:22.562818,2026-05-19 00:42:22.786717,0 days 00:00:00.223899,32,3.3350239297712783,0.3609049476234907,0.008495227350836977,5,0.7635755825502999,4000,PRUNED
305,0.001306962687522173,2026-05-19 00:42:22.793163,2026-05-19 00:42:22.972346,0 days 00:00:00.179183,48,4.917899710653172,1.243672059543042,0.007532793590266677,3,0.5036963347051968,5000,PRUNED
306,0.0010218812385573983,2026-05-19 00:42:22.978912,2026-05-19 00:42:23.202718,0 days 00:00:00.223806,32,2.484151340963646,0.6657002218540198,0.009090625855485578,5,0.3805797974429148,1000,PRUNED
307,0.025711676105856895,2026-05-19 00:42:23.209482,2026-05-19 00:42:23.434125,0 days 00:00:00.224643,96,1.360149057597673,0.8680540830593341,0.0062955416329266356,5,0.4149547242064179,3000,PRUNED
308,0.0003192260046489537,2026-05-19 00:42:23.441288,2026-05-19 00:42:23.664118,0 days 00:00:00.222830,32,6.558659167476003,0.5516517489386815,0.009967229121781064,5,0.4681052628480738,4000,PRUNED
309,0.012126877903938293,2026-05-19 00:42:23.672172,2026-05-19 00:42:23.893734,0 days 00:00:00.221562,32,5.385352912656898,0.45354527166361436,0.00027003819098633195,5,0.4477456637677636,2000,PRUNED
310,0.00926719419658184,2026-05-19 00:42:23.901284,2026-05-19 00:42:24.050268,0 days 00:00:00.148984,128,4.080795727996038,0.7763319078706077,0.006864084667845623,2,0.8016021829568835,1000,PRUNED
311,0.0015831486089155078,2026-05-19 00:42:24.058388,2026-05-19 00:42:24.256691,0 days 00:00:00.198303,32,2.8174813085947115,0.020053125383784027,0.008159208510522443,4,0.5178750195282623,3000,PRUNED
312,0.0020136593375355005,2026-05-19 00:42:24.264598,2026-05-19 00:42:24.488454,0 days 00:00:00.223856,112,4.4741005080961855,0.31248083475762745,0.009038033514880245,5,0.39374908892287824,4000,PRUNED
313,0.0006482678581960499,2026-05-19 00:42:24.495019,2026-05-19 00:42:24.665345,0 days 00:00:00.170326,32,8.540573013945444,0.6245912408819791,0.0036544301126413253,3,0.47838069267958927,2000,PRUNED
314,0.0022562360391020775,2026-05-19 00:42:24.672013,2026-05-19 00:42:24.897068,0 days 00:00:00.225055,32,3.080546349689519,0.007999668669256983,0.0054648664045600535,5,0.4935945170345363,3000,PRUNED
315,3.892659515258856e-05,2026-05-19 00:42:24.903745,2026-05-19 00:42:25.313226,0 days 00:00:00.409481,32,5.994381888756274,1.0807947752603806,0.007696568745761191,5,0.3604658770726882,4000,PRUNED
316,0.0004724632890429348,2026-05-19 00:42:25.321642,2026-05-19 00:42:25.515694,0 days 00:00:00.194052,32,6.979334158937896,0.3929170082894625,0.00854479489319283,4,0.43379601808340756,5000,PRUNED
317,0.0005210124654695392,2026-05-19 00:42:25.524016,2026-05-19 00:42:25.741290,0 days 00:00:00.217274,48,5.0020521405185985,0.7227109698735243,0.00715934461396179,5,0.3140618344443504,1000,PRUNED
318,0.0003876515256706625,2026-05-19 00:42:25.748905,2026-05-19 00:42:25.964454,0 days 00:00:00.215549,32,3.9308597532537424,0.5158801592627779,0.005956081871815418,5,0.40837650181441015,3000,PRUNED
319,0.0005682153860107064,2026-05-19 00:42:25.971118,2026-05-19 00:42:26.190100,0 days 00:00:00.218982,32,4.606280519359916,0.8682764960471308,0.009054175322126736,5,0.46179036200903434,4000,PRUNED
320,0.0027568538207560778,2026-05-19 00:42:26.196265,2026-05-19 00:42:26.416907,0 days 00:00:00.220642,32,5.633500692466144,0.22514188478458563,0.007913716286609598,5,0.5043943403765718,3000,PRUNED
321,0.0009066002094186842,2026-05-19 00:42:26.423262,2026-05-19 00:42:26.594073,0 days 00:00:00.170811,16,7.581892003413166,0.594016957282802,0.006643481107900739,3,0.42404345798520515,5000,PRUNED
322,0.0016594986664131284,2026-05-19 00:42:26.600351,2026-05-19 00:42:26.818387,0 days 00:00:00.218036,32,6.438039757372399,0.43083468880235465,0.009938061678708305,5,0.6509382830584992,4000,PRUNED
323,0.0004884221125394106,2026-05-19 00:42:26.825009,2026-05-19 00:42:27.040401,0 days 00:00:00.215392,32,3.52994123219376,0.702603221785498,0.0099941752171432,5,0.3294652253648442,1000,PRUNED
324,0.09834790974855423,2026-05-19 00:42:27.046671,2026-05-19 00:42:27.261215,0 days 00:00:00.214544,112,5.19165652336128,5.251370592128995,0.008358868773258556,5,0.5364649213852427,3000,PRUNED
325,0.0009230987634509802,2026-05-19 00:42:27.267421,2026-05-19 00:42:27.463288,0 days 00:00:00.195867,32,5.64140298466767,0.17364507524026146,0.007373396393504786,4,0.4867547130586796,2000,PRUNED
326,0.031226953491568565,2026-05-19 00:42:27.469486,2026-05-19 00:42:27.691013,0 days 00:00:00.221527,80,1.610011481017353,1.3497625027991298,0.008637463477733611,5,0.386629393788516,4000,PRUNED
327,0.0022393048275262117,2026-05-19 00:42:27.697407,2026-05-19 00:42:27.935439,0 days 00:00:00.238032,32,2.4181388865927382,0.9756444334729218,0.009179017838293096,6,0.5148892616364393,3000,PRUNED
328,0.0005262215854600072,2026-05-19 00:42:27.941683,2026-05-19 00:42:28.110987,0 days 00:00:00.169304,32,1.8143005541752157,0.4987711407042535,0.006328536727238745,3,0.45017838332238813,4000,PRUNED
