number,value,datetime_start,datetime_complete,duration,params_hidden,params_lambda_ic,params_lambda_phys,params_lr,params_n_layers,params_scheduler_gamma,params_scheduler_step,state
549,0.0018573736306279898,2026-05-19 00:43:53.470808,2026-05-19 00:43:53.652793,0 days 00:00:00.181985,32,5.836096991337055,0.24565077210878672,0.0014225716622414334,3,0.49858543647104475,4000,PRUNED
550,0.0005216789431869984,2026-05-19 00:43:53.659373,2026-05-19 00:43:53.864717,0 days 00:00:00.205344,32,2.120190485529829,0.3450169581289938,0.0065961570227639375,4,0.4541748364705363,2000,PRUNED
551,0.00023116281954571605,2026-05-19 00:43:53.871139,2026-05-19 00:43:54.092973,0 days 00:00:00.221834,32,8.789869915538626,0.47784054424519695,0.0028556116201284396,5,0.43200120662914193,3000,PRUNED
552,0.0005017313524149358,2026-05-19 00:43:54.099609,2026-05-19 00:43:54.348160,0 days 00:00:00.248551,32,7.73011876732788,0.8730797279339433,0.00728290206473792,6,0.462183741234872,4000,PRUNED
553,0.001049873186275363,2026-05-19 00:43:54.355084,2026-05-19 00:43:54.582103,0 days 00:00:00.227019,48,1.0893895396816071,0.6780560829655522,0.008404439126035659,5,0.48364681157788475,5000,PRUNED
554,0.0009397167013958097,2026-05-19 00:43:54.588522,2026-05-19 00:43:54.813092,0 days 00:00:00.224570,32,4.474611603982189,1.1132009277752866,0.0061423483208884605,5,0.49597304101660433,1000,PRUNED
555,0.000579620071221143,2026-05-19 00:43:54.819674,2026-05-19 00:43:55.044765,0 days 00:00:00.225091,32,2.920479509699429,0.582828336845527,0.009977749086867528,5,0.394265314308479,3000,PRUNED
556,0.00022684995201416314,2026-05-19 00:43:55.052184,2026-05-19 00:43:55.277424,0 days 00:00:00.225240,32,6.529613485945845,0.7689479477140941,0.007807505105672353,5,0.34704979578674966,3000,PRUNED
557,0.00029057596111670136,2026-05-19 00:43:55.284997,2026-05-19 00:43:55.484840,0 days 00:00:00.199843,32,5.193525508694467,0.4275501926589682,0.00881462899140489,4,0.4385086312344096,4000,PRUNED
558,0.0018634352600201964,2026-05-19 00:43:55.492357,2026-05-19 00:43:55.715717,0 days 00:00:00.223360,112,6.9609795399744945,0.07043925266233744,0.007074175905781038,5,0.4138530182372731,1000,PRUNED
559,0.007750809192657471,2026-05-19 00:43:55.723803,2026-05-19 00:43:55.948685,0 days 00:00:00.224882,16,2.6549071623047764,2.4730996961725284,0.00925868701027314,5,0.470456107835475,4000,PRUNED
560,0.003522010985761881,2026-05-19 00:43:55.956049,2026-05-19 00:43:56.184811,0 days 00:00:00.228762,32,1.5508660315768765,1.5502969584896829,0.00652684029432272,5,0.7578501190129628,3000,PRUNED
561,0.0008985743625089526,2026-05-19 00:43:56.191577,2026-05-19 00:43:56.419271,0 days 00:00:00.227694,32,3.7860952814377176,0.9306131848279873,0.008117991284534398,5,0.8076803070678553,4000,PRUNED
562,0.00023832528677303344,2026-05-19 00:43:56.426166,2026-05-19 00:43:56.651877,0 days 00:00:00.225711,32,5.973964527200916,0.5181646512658885,0.007439220390236003,5,0.31809222829328715,5000,PRUNED
563,0.0005358192138373852,2026-05-19 00:43:56.659084,2026-05-19 00:43:56.846875,0 days 00:00:00.187791,32,4.716574343614288,0.7292974818838861,0.005727322734294257,3,0.4521047754368087,4000,PRUNED
564,0.001512612565420568,2026-05-19 00:43:56.854317,2026-05-19 00:43:57.060784,0 days 00:00:00.206467,32,4.257543539332267,1.1496562544608675,0.009396032250636328,4,0.5150542513063436,3000,PRUNED
565,3.2344773899239954e-06,2026-05-19 00:43:57.067719,2026-05-19 00:44:01.066085,0 days 00:00:03.998366,32,2.341046423028018,0.3228331106808352,0.003323009725144113,5,0.6552047866853444,1000,COMPLETE
566,0.00015448371414095163,2026-05-19 00:44:01.080429,2026-05-19 00:44:01.497328,0 days 00:00:00.416899,112,2.3758421998523556,0.2558566546032688,0.0035881789887897524,5,0.7257771151847403,1000,PRUNED
567,0.00023799650080036372,2026-05-19 00:44:01.504284,2026-05-19 00:44:01.745606,0 days 00:00:00.241322,32,2.2227541085819382,0.30270177444227486,0.0031363861106092133,5,0.6837949234931588,1000,PRUNED
568,0.00021841864509042352,2026-05-19 00:44:01.752824,2026-05-19 00:44:02.164152,0 days 00:00:00.411328,48,2.5961440581978046,0.33525192752328387,0.0038737627982047373,5,0.5533078805572701,1000,PRUNED
569,0.0004347314534243196,2026-05-19 00:44:02.171219,2026-05-19 00:44:02.351520,0 days 00:00:00.180301,32,2.383739619268156,0.22251040122556245,0.004496777563811288,3,0.6070624301391118,1000,PRUNED
570,0.0020054210908710957,2026-05-19 00:44:02.358254,2026-05-19 00:44:02.586693,0 days 00:00:00.228439,32,3.0892260009814754,0.29078654204168103,0.003218108949084036,5,0.4215086910418815,1000,PRUNED
571,0.1252358853816986,2026-05-19 00:44:02.593177,2026-05-19 00:44:02.772458,0 days 00:00:00.179281,16,1.9811535140625274,7.090856233615862,0.003448592907450347,3,0.6987380865939933,1000,PRUNED
572,0.00023164939193520695,2026-05-19 00:44:02.779057,2026-05-19 00:44:03.003880,0 days 00:00:00.224823,32,2.788015615506285,0.34722279847375553,0.00428501706140119,5,0.5967358794049815,1000,PRUNED
573,0.00029072206234559417,2026-05-19 00:44:03.010473,2026-05-19 00:44:03.226626,0 days 00:00:00.216153,32,2.6349331803887286,0.39959142811998094,0.0037177941586787125,5,0.6498507775505781,1000,PRUNED
574,0.009296483360230923,2026-05-19 00:44:03.233206,2026-05-19 00:44:03.429323,0 days 00:00:00.196117,32,1.79606985811563,0.0046807272347479814,0.003884954678361461,4,0.6276618900254445,1000,PRUNED
575,0.0003991072589997202,2026-05-19 00:44:03.435716,2026-05-19 00:44:03.656725,0 days 00:00:00.221009,32,2.2208630790465116,0.4205693843636392,0.0048126042300912115,5,0.776333427900275,1000,PRUNED
576,0.00048488142783753574,2026-05-19 00:44:03.663587,2026-05-19 00:44:03.891921,0 days 00:00:00.228334,112,2.46492682587864,0.2572145975215517,0.006316341291725981,5,0.7940458475544303,1000,PRUNED
577,0.0003090085810981691,2026-05-19 00:44:03.898662,2026-05-19 00:44:04.340128,0 days 00:00:00.441466,80,2.0220420211348404,0.33752661336731465,0.005027302649666217,6,0.7392334638549118,1000,PRUNED
578,0.0006666233530268073,2026-05-19 00:44:04.346657,2026-05-19 00:44:04.576387,0 days 00:00:00.229730,32,3.294911391431837,0.47856311148876335,0.004133924789785332,5,0.436808806447459,3000,PRUNED
579,0.0007023748476058245,2026-05-19 00:44:04.583374,2026-05-19 00:44:04.807264,0 days 00:00:00.223890,32,2.86447288985721,0.381379628041269,0.006958480126756526,5,0.5672255545601214,3000,PRUNED
580,0.0005168563802726567,2026-05-19 00:44:04.815046,2026-05-19 00:44:05.009386,0 days 00:00:00.194340,32,7.506820398276378,0.5547763451810441,0.00302270811337396,4,0.5278152332881803,1000,PRUNED
581,0.0012912119273096323,2026-05-19 00:44:05.018533,2026-05-19 00:44:05.233116,0 days 00:00:00.214583,32,9.434102147038933,0.43918532648453446,0.007699951318989673,5,0.8299024983957103,3000,PRUNED
582,0.0007244449225254357,2026-05-19 00:44:05.241108,2026-05-19 00:44:05.461878,0 days 00:00:00.220770,64,8.351749340131258,0.18403686399614178,0.005402186027684937,5,0.4638185285923778,3000,PRUNED
583,0.0013180894311517477,2026-05-19 00:44:05.469865,2026-05-19 00:44:05.642773,0 days 00:00:00.172908,32,6.354308058662437,0.2993867081951246,0.0067310925215130464,3,0.4777739900790587,5000,PRUNED
584,0.0011580516584217548,2026-05-19 00:44:05.649868,2026-05-19 00:44:05.872566,0 days 00:00:00.222698,32,2.2837203254974954,0.6256570559435872,0.006051921817126419,5,0.48999734158361824,1000,PRUNED
585,0.00040194581379182637,2026-05-19 00:44:05.878908,2026-05-19 00:44:06.100015,0 days 00:00:00.221107,32,7.069313875366285,0.48698269193413646,0.007408039261589687,5,0.6691720636733995,1000,PRUNED
586,0.001544159953482449,2026-05-19 00:44:06.107007,2026-05-19 00:44:06.322178,0 days 00:00:00.215171,32,3.1578877467943274,1.3178718535162173,0.0035109597810215197,4,0.4470035628905506,3000,PRUNED
587,0.000557518273126334,2026-05-19 00:44:06.329039,2026-05-19 00:44:06.549679,0 days 00:00:00.220640,32,5.515656478527382,0.8362489089838919,0.008376095809330202,5,0.4289895332127205,3000,PRUNED
588,0.0010279309935867786,2026-05-19 00:44:06.556097,2026-05-19 00:44:06.753685,0 days 00:00:00.197588,48,2.855000443486993,0.5730640515450239,0.006992330942078864,4,0.8582484658155688,2000,PRUNED
589,0.0017040437087416649,2026-05-19 00:44:06.760242,2026-05-19 00:44:06.983318,0 days 00:00:00.223076,32,7.887065964338805,0.22820462740302852,0.008118626329016571,5,0.5008729689417785,5000,PRUNED
590,0.001251046429388225,2026-05-19 00:44:06.989830,2026-05-19 00:44:07.210176,0 days 00:00:00.220346,32,3.4711999476130715,0.9797010766244638,0.006431891683348608,5,0.7638343198970103,1000,PRUNED
591,0.017613952979445457,2026-05-19 00:44:07.216547,2026-05-19 00:44:07.458886,0 days 00:00:00.242339,16,36.17258916011223,0.3569833292353919,0.0008392902189862827,6,0.5452344110621563,3000,PRUNED
592,0.001402533263899386,2026-05-19 00:44:07.465441,2026-05-19 00:44:07.683621,0 days 00:00:00.218180,32,2.5208387870834166,0.678074669925664,0.007695228489768604,5,0.714811550448264,1000,PRUNED
593,0.002963789738714695,2026-05-19 00:44:07.690722,2026-05-19 00:44:07.890723,0 days 00:00:00.200001,112,6.109932947957042,0.5034437658319476,0.005642659791882511,3,0.45659536395982914,3000,PRUNED
594,0.0007176556973718107,2026-05-19 00:44:07.897818,2026-05-19 00:44:08.165799,0 days 00:00:00.267981,32,9.996223295315136,0.8403531269279496,0.008439062458852288,5,0.8158288302831951,1000,PRUNED
595,0.2696853280067444,2026-05-19 00:44:08.172680,2026-05-19 00:44:08.418147,0 days 00:00:00.245467,32,62.5701179048107,0.03033048999676925,0.0003584441618062465,5,0.748472541274857,3000,PRUNED
596,0.0009577202727086842,2026-05-19 00:44:08.424581,2026-05-19 00:44:08.649202,0 days 00:00:00.224621,32,6.917084818547942,1.0803196493067508,0.001116270234095786,5,0.4715973283616318,5000,PRUNED
597,9.633341687731445e-05,2026-05-19 00:44:08.655846,2026-05-19 00:44:09.048998,0 days 00:00:00.393152,48,5.59820062316326,0.6656391147906299,0.0070562260285955405,5,0.4885337882420272,3000,PRUNED
598,0.00043450447265058756,2026-05-19 00:44:09.055865,2026-05-19 00:44:09.250486,0 days 00:00:00.194621,32,5.237916954904519,0.4456129735743022,0.006268122458079864,4,0.43934733138216786,2000,PRUNED
599,0.0014394677709788084,2026-05-19 00:44:09.257026,2026-05-19 00:44:09.476324,0 days 00:00:00.219298,32,2.107154424443834,0.5821404963199326,0.00775621639233773,5,0.41887427779568764,1000,PRUNED
600,0.021034622564911842,2026-05-19 00:44:09.483255,2026-05-19 00:44:09.676681,0 days 00:00:00.193426,32,1.4585120770473832,0.7488483202608005,0.0013085919544397952,3,0.5104534860395443,3000,PRUNED
601,0.00035318071604706347,2026-05-19 00:44:09.683760,2026-05-19 00:44:09.951362,0 days 00:00:00.267602,32,4.062016231274642,0.28489383677237273,0.008799557836275852,5,0.46436269599598745,2000,PRUNED
602,0.001272412482649088,2026-05-19 00:44:09.959587,2026-05-19 00:44:10.223237,0 days 00:00:00.263650,32,8.700653900705325,0.3824784046306066,0.006861466138472008,5,0.6600404798920306,5000,PRUNED
603,0.0010669500334188342,2026-05-19 00:44:10.231848,2026-05-19 00:44:10.456407,0 days 00:00:00.224559,32,4.886152602325922,0.14936896831676605,0.00236468801673203,5,0.4520177524320366,1000,PRUNED
604,0.0018119002925232053,2026-05-19 00:44:10.464140,2026-05-19 00:44:10.681566,0 days 00:00:00.217426,32,2.716427009366514,1.6545651539946549,0.008567083624642409,5,0.4734521674137669,4000,PRUNED
605,0.0014398933853954077,2026-05-19 00:44:10.689149,2026-05-19 00:44:10.909852,0 days 00:00:00.220703,96,3.080715475791223,0.8715851277266617,0.0073787865839139415,5,0.40293365189543584,3000,PRUNED
606,0.0022840877063572407,2026-05-19 00:44:10.916922,2026-05-19 00:44:11.113858,0 days 00:00:00.196936,16,3.7677579782994393,1.2598389588689074,0.005960892654468642,4,0.7863032862533328,1000,PRUNED
607,0.0014394675381481647,2026-05-19 00:44:11.120804,2026-05-19 00:44:11.385262,0 days 00:00:00.264458,32,6.242521711455415,0.5198612552371963,0.009226219037439283,5,0.4978189008182069,4000,PRUNED
608,0.0014312205603346229,2026-05-19 00:44:11.392190,2026-05-19 00:44:11.544110,0 days 00:00:00.151920,112,7.31228062646563,0.02304440126273618,0.007999880130060135,2,0.3088578439155883,3000,PRUNED
609,0.0011113808723166585,2026-05-19 00:44:11.550896,2026-05-19 00:44:11.746435,0 days 00:00:00.195539,32,1.7018893206410406,0.6715692259033195,0.006668690502818457,3,0.4848867879008089,4000,PRUNED
610,0.003938786219805479,2026-05-19 00:44:11.753889,2026-05-19 00:44:12.006175,0 days 00:00:00.252286,32,4.3142467059665925,4.014304769427815,0.007338211526342365,6,0.5801291579724013,3000,PRUNED
611,0.003771934425458312,2026-05-19 00:44:12.012380,2026-05-19 00:44:12.233344,0 days 00:00:00.220964,32,1.1931102069648447,1.0127842966644223,0.008545423896640928,5,0.4278549456103558,4000,PRUNED
612,0.00029827604885213077,2026-05-19 00:44:12.239963,2026-05-19 00:44:12.460852,0 days 00:00:00.220889,32,2.377293945095025,0.40244326233616645,0.005386636429798798,5,0.8055075835425555,1000,PRUNED
613,0.0013118160422891378,2026-05-19 00:44:12.467167,2026-05-19 00:44:12.688726,0 days 00:00:00.221559,32,5.626833005336701,0.5572120464581028,0.003267266836066782,5,0.44253432695981887,3000,PRUNED
614,0.001198573037981987,2026-05-19 00:44:12.695331,2026-05-19 00:44:12.915438,0 days 00:00:00.220107,112,7.950134888506964,0.8571286038968386,0.009309200949039203,5,0.5060962233385355,4000,PRUNED
615,0.0009568406967446208,2026-05-19 00:44:12.921905,2026-05-19 00:44:13.139883,0 days 00:00:00.217978,32,3.465740255054267,0.006495243592663338,0.008045996973884516,5,0.5307317323341246,1000,PRUNED
616,0.00044845030060969293,2026-05-19 00:44:13.146358,2026-05-19 00:44:13.371577,0 days 00:00:00.225219,32,6.6327833325546335,0.6868331758711238,0.004623864290880862,5,0.460734268991293,3000,PRUNED
617,0.0008235232089646161,2026-05-19 00:44:13.377938,2026-05-19 00:44:13.577974,0 days 00:00:00.200036,32,4.976572870357841,0.3188612333849596,0.00624921962575432,4,0.8488479939515708,5000,PRUNED
618,0.0003361403360031545,2026-05-19 00:44:13.584856,2026-05-19 00:44:13.985023,0 days 00:00:00.400167,32,4.602773880319858,0.4836859004779326,0.0071013626600950844,5,0.48165488913993726,3000,PRUNED
619,0.01469847559928894,2026-05-19 00:44:13.991610,2026-05-19 00:44:14.171752,0 days 00:00:00.180142,32,1.8365361413178412,1.073899973261941,0.009222487349902275,3,0.41111753242051186,1000,PRUNED
620,5.011813118471764e-05,2026-05-19 00:44:14.178204,2026-05-19 00:44:14.590752,0 days 00:00:00.412548,32,2.6157062283460313,0.5932219993817949,0.00772223205622198,5,0.8748246614570564,4000,PRUNED
621,0.0008536360110156238,2026-05-19 00:44:14.598422,2026-05-19 00:44:14.863540,0 days 00:00:00.265118,48,2.901405270762829,0.784832702551008,0.006607151944839572,5,0.7715554355671335,3000,PRUNED
622,0.00047664373414590955,2026-05-19 00:44:14.870521,2026-05-19 00:44:15.091585,0 days 00:00:00.221064,32,5.83421598259486,0.24354785807761353,0.00814078505316052,5,0.5176374833026378,2000,PRUNED
623,0.00025944894878193736,2026-05-19 00:44:15.098093,2026-05-19 00:44:15.493761,0 days 00:00:00.395668,32,10.73729668407261,0.43603747406704224,0.00998395885025978,5,0.32355696235547854,4000,PRUNED
624,0.0006779275718145072,2026-05-19 00:44:15.500212,2026-05-19 00:44:15.696012,0 days 00:00:00.195800,32,5.204407182485541,1.3201822809451391,0.005874995725316662,4,0.45135765449682275,1000,PRUNED
625,0.001573809189721942,2026-05-19 00:44:15.702333,2026-05-19 00:44:15.919887,0 days 00:00:00.217554,112,3.882122432045821,0.9722406295081067,0.008481373003808789,5,0.4297346085850356,4000,PRUNED
626,6.020439832354896e-05,2026-05-19 00:44:15.926351,2026-05-19 00:44:16.318601,0 days 00:00:00.392250,64,4.442800742964049,0.7248927958273025,0.007347712481059191,5,0.7955659208199,3000,PRUNED
627,0.0008302645292133093,2026-05-19 00:44:16.325418,2026-05-19 00:44:16.528749,0 days 00:00:00.203331,32,8.985859336616379,0.3731031862714933,0.005183029525883058,4,0.4899807724768829,3000,PRUNED
628,0.02040841057896614,2026-05-19 00:44:16.535432,2026-05-19 00:44:16.761780,0 days 00:00:00.226348,16,6.803711675349875,0.20337818128785473,0.0005652863242132732,5,0.46724289800385654,1000,PRUNED
629,0.0006250615115277469,2026-05-19 00:44:16.769336,2026-05-19 00:44:17.018833,0 days 00:00:00.249497,32,7.6766072419980285,0.5888282419122659,0.004165057907246699,6,0.30003632158693044,4000,PRUNED
630,0.0017060032114386559,2026-05-19 00:44:17.027905,2026-05-19 00:44:17.303313,0 days 00:00:00.275408,48,2.1679882445263203,0.8810319451537189,0.002715343489019614,5,0.5618702686837277,4000,PRUNED
631,0.0004222505958750844,2026-05-19 00:44:17.312507,2026-05-19 00:44:17.545246,0 days 00:00:00.232739,96,3.242963927464145,0.499496599066255,0.0006709298957791756,5,0.4792381380938529,5000,PRUNED
632,0.0005074478103779256,2026-05-19 00:44:17.553400,2026-05-19 00:44:17.733138,0 days 00:00:00.179738,32,6.01315165722525,0.657437056861231,0.009156660637924164,3,0.8243402447389299,3000,PRUNED
633,0.0018495859112590551,2026-05-19 00:44:17.740865,2026-05-19 00:44:17.966688,0 days 00:00:00.225823,32,5.082004916415701,0.010374744214205096,0.006736534010575945,5,0.4450676027260726,1000,PRUNED
634,0.0009458373533561826,2026-05-19 00:44:17.973474,2026-05-19 00:44:18.147522,0 days 00:00:00.174048,32,3.6095224637195114,0.2856132464136201,0.007674817986650552,3,0.49818694908040984,3000,PRUNED
635,0.00022737470862921327,2026-05-19 00:44:18.154039,2026-05-19 00:44:18.555305,0 days 00:00:00.401266,32,4.212400857311539,0.7811480472021601,0.00855867589926467,5,0.459440260377983,4000,PRUNED
636,0.0009826046880334616,2026-05-19 00:44:18.561962,2026-05-19 00:44:18.792607,0 days 00:00:00.230645,128,2.495092715482254,0.12377275462910235,0.0001552542115868086,5,0.4010563241876101,1000,PRUNED
637,0.0005530859343707561,2026-05-19 00:44:18.799522,2026-05-19 00:44:19.022272,0 days 00:00:00.222750,32,4.59070001652623,0.08222173916793181,0.0061362675858961995,5,0.3345953124116373,2000,PRUNED
638,0.0014945520088076591,2026-05-19 00:44:19.028661,2026-05-19 00:44:19.254379,0 days 00:00:00.225718,32,5.557868726214457,1.4497450420778049,0.007179017555610784,5,0.5101169048360624,4000,PRUNED
639,0.0013316842960193753,2026-05-19 00:44:19.260854,2026-05-19 00:44:19.492642,0 days 00:00:00.231788,32,2.9628789233469703,1.0935270201903171,0.009969559623781186,5,0.422659712891397,5000,PRUNED
640,0.0007605386199429631,2026-05-19 00:44:19.499016,2026-05-19 00:44:19.697449,0 days 00:00:00.198433,112,8.477002510843016,0.36154603765202514,0.007918614143574221,4,0.8995693223076215,1000,PRUNED
641,0.0003307117149233818,2026-05-19 00:44:19.703834,2026-05-19 00:44:19.923119,0 days 00:00:00.219285,32,6.66761623202043,0.4581857480735959,0.0036828938839123227,5,0.44378737156909787,3000,PRUNED
642,0.0014343243092298508,2026-05-19 00:44:19.929396,2026-05-19 00:44:20.149374,0 days 00:00:00.219978,32,7.305537851151313,0.6002969883327351,0.00921142916765502,5,0.5374126983481687,4000,PRUNED
643,0.0013078958727419376,2026-05-19 00:44:20.155645,2026-05-19 00:44:20.305117,0 days 00:00:00.149472,32,25.09284033790001,0.918094806402078,0.006640497149328831,2,0.835221992625698,3000,PRUNED
644,0.0003190842689946294,2026-05-19 00:44:20.311577,2026-05-19 00:44:20.529148,0 days 00:00:00.217571,16,4.10490918067354,0.7350092404936956,0.008597352430170879,5,0.6376083557730016,3000,PRUNED
645,0.0006395195960067213,2026-05-19 00:44:20.535534,2026-05-19 00:44:20.733393,0 days 00:00:00.197859,32,5.099292202452929,0.5398175274900603,0.007344510669515227,4,0.4754190690087086,1000,PRUNED
646,1.6728261471143924e-05,2026-05-19 00:44:20.739936,2026-05-19 00:44:25.229387,0 days 00:00:04.489451,32,6.111299631829666,0.41785016536193836,0.005687220054982815,5,0.6748431755115479,4000,COMPLETE
647,0.0028238939121365547,2026-05-19 00:44:25.239320,2026-05-19 00:44:25.504521,0 days 00:00:00.265201,32,2.6044410406690166,1.9136629629126092,0.008098024087001401,5,0.5926158908352406,4000,PRUNED
648,0.0009477200219407678,2026-05-19 00:44:25.511906,2026-05-19 00:44:25.778010,0 days 00:00:00.266104,32,98.23260274297193,0.8209734067097008,0.006617349800860635,5,0.7327845984816403,1000,PRUNED
649,0.0008538858382962644,2026-05-19 00:44:25.787238,2026-05-19 00:44:26.077817,0 days 00:00:00.290579,32,4.794197759479881,0.33091547002513166,0.009240061323975415,4,0.4355765243650468,3000,PRUNED
650,0.004212767817080021,2026-05-19 00:44:26.086168,2026-05-19 00:44:26.349578,0 days 00:00:00.263410,80,2.2928013298648278,1.1448719793736784,0.007620909534233784,5,0.5199825267194359,5000,PRUNED
651,0.011751503683626652,2026-05-19 00:44:26.357876,2026-05-19 00:44:26.549057,0 days 00:00:00.191181,48,1.3813246345332457,0.6294394246818757,0.008514861784626673,3,0.4982281470654346,3000,PRUNED
652,0.0007618169183842838,2026-05-19 00:44:26.557768,2026-05-19 00:44:26.808157,0 days 00:00:00.250389,32,3.3898214179474824,0.5431768074469908,0.00488218449980359,6,0.45645150087904673,3000,PRUNED
653,0.00040196135523729026,2026-05-19 00:44:26.815957,2026-05-19 00:44:27.032571,0 days 00:00:00.216614,32,7.847833676348925,0.9526545285790254,0.006203990241359408,5,0.7840259431274271,2000,PRUNED
654,0.001662297174334526,2026-05-19 00:44:27.039785,2026-05-19 00:44:27.262070,0 days 00:00:00.222285,32,5.416414127980132,0.013383712924831714,0.009994234044589243,5,0.412157556280863,4000,PRUNED
655,0.00044782666373066604,2026-05-19 00:44:27.268666,2026-05-19 00:44:27.443282,0 days 00:00:00.174616,32,3.9522097690582783,0.47022923811906014,0.006999400138777919,3,0.7552538553406908,1000,PRUNED
656,0.0014127664035186172,2026-05-19 00:44:27.449949,2026-05-19 00:44:27.671020,0 days 00:00:00.221071,32,1.9535674501043965,0.7283717846525631,0.008733265898462229,5,0.4686294811591658,4000,PRUNED
657,0.001426223199814558,2026-05-19 00:44:27.678045,2026-05-19 00:44:27.867019,0 days 00:00:00.188974,112,9.351279869553535,0.2654748043713644,0.007631515714117956,3,0.4815083300635117,3000,PRUNED
658,0.00057221605675295,2026-05-19 00:44:27.874132,2026-05-19 00:44:28.102255,0 days 00:00:00.228123,32,2.7747721692491827,0.6481760715409348,0.005987196991988533,5,0.8042918480790306,1000,PRUNED
