number,value,datetime_start,datetime_complete,duration,params_hidden,params_lambda_ic,params_lambda_phys,params_lr,params_n_layers,params_scheduler_gamma,params_scheduler_step,state
0,2.015528480114881e-05,2026-05-19 00:37:53.273073,2026-05-19 00:37:58.926874,0 days 00:00:05.653801,48,15.75132049977973,0.8471801418819978,0.0002051338263087451,6,0.3935967122017216,1000,COMPLETE
1,6.806608780607348e-06,2026-05-19 00:37:58.938237,2026-05-19 00:38:03.284160,0 days 00:00:04.345923,112,1.0994335574766196,0.679657809075816,0.008706020878304856,5,0.7994655844802532,2000,COMPLETE
2,6.614869926124811e-05,2026-05-19 00:38:03.297650,2026-05-19 00:38:13.202976,0 days 00:00:09.905326,32,11.207606211860567,0.016480446427978974,0.0007309539835912913,2,0.47473748411882516,4000,COMPLETE
3,6.863522230560193e-06,2026-05-19 00:38:13.214252,2026-05-19 00:38:18.045664,0 days 00:00:04.831412,32,8.168455894760163,0.029204338471814112,0.0037183641805732083,3,0.41980426929501585,3000,COMPLETE
4,0.00012157449236838147,2026-05-19 00:38:18.055029,2026-05-19 00:38:20.705943,0 days 00:00:02.650914,80,2.1930485556643684,0.26926469100861794,0.00013492834268013249,2,0.8693313223520001,5000,COMPLETE
5,0.028529083356261253,2026-05-19 00:38:20.714630,2026-05-19 00:38:20.886459,0 days 00:00:00.171829,112,23.359635026261596,0.002458603276328005,0.0007591104805282694,3,0.3732229409068673,3000,PRUNED
6,0.10897613316774368,2026-05-19 00:38:20.893675,2026-05-19 00:38:21.139850,0 days 00:00:00.246175,16,21.137059440645725,0.010842262717330166,0.0004201672054372534,6,0.6120408127066865,3000,PRUNED
7,5.754719313699752e-05,2026-05-19 00:38:21.147064,2026-05-19 00:38:24.081597,0 days 00:00:02.934533,32,75.68292060167619,1.2604664585649468,0.006161049539380964,6,0.6587399872866511,5000,PRUNED
8,0.08684894442558289,2026-05-19 00:38:24.088509,2026-05-19 00:38:24.246161,0 days 00:00:00.157652,16,4.473636174621264,0.0015167330688076208,0.0005989003672254305,2,0.4628094190643376,5000,PRUNED
9,1.4329803889268078e-05,2026-05-19 00:38:24.253522,2026-05-19 00:38:27.431130,0 days 00:00:03.177608,48,1.9135880487692298,0.14817820606039092,0.0040215545266902904,3,0.3447303862078625,5000,COMPLETE
10,0.07114741951227188,2026-05-19 00:38:27.441513,2026-05-19 00:38:27.663274,0 days 00:00:00.221761,128,1.0862348973937128,7.553503645583189,0.0020124870829750945,5,0.8445988771695108,1000,PRUNED
11,0.00011906277359230444,2026-05-19 00:38:27.669818,2026-05-19 00:38:30.006692,0 days 00:00:02.336874,96,5.614406187645643,0.03299263281612611,0.007791470666172783,4,0.7165828206726954,2000,PRUNED
12,0.0019881650805473328,2026-05-19 00:38:30.014077,2026-05-19 00:38:30.372993,0 days 00:00:00.358916,80,50.45980465205415,0.06323499520723179,0.0025997524114633797,4,0.7584476214151429,2000,PRUNED
13,1.2874442290922161e-05,2026-05-19 00:38:30.380871,2026-05-19 00:38:34.424167,0 days 00:00:04.043296,128,4.957547237088645,0.6719370370554077,0.009481614884546465,5,0.5014692429438355,2000,COMPLETE
14,0.08708644658327103,2026-05-19 00:38:34.435608,2026-05-19 00:38:34.629430,0 days 00:00:00.193822,64,1.0497049531791511,7.967004230244099,0.0017311542042698074,3,0.5689023635135214,4000,PRUNED
15,0.00017759496404323727,2026-05-19 00:38:34.636316,2026-05-19 00:38:36.080573,0 days 00:00:01.444257,96,2.398016259789459,0.0058427702892325075,0.0039443310923374785,4,0.7684014107661562,3000,PRUNED
16,4.247328979545273e-05,2026-05-19 00:38:36.088276,2026-05-19 00:38:38.995057,0 days 00:00:02.906781,64,32.84333378375951,1.9137667848854465,0.004894057592170794,5,0.30318989941462504,2000,PRUNED
17,3.5927128919865936e-05,2026-05-19 00:38:39.002032,2026-05-19 00:38:41.397446,0 days 00:00:02.395414,112,9.1743040013787,0.24868362348057765,0.0014622504526962926,4,0.5658843807284422,4000,PRUNED
18,8.62219458213076e-05,2026-05-19 00:38:41.404111,2026-05-19 00:38:43.995600,0 days 00:00:02.591489,48,3.590730683942248,0.08152728131129283,0.002941856699291304,3,0.8028443402811506,1000,PRUNED
19,2.065005355689209e-05,2026-05-19 00:38:44.004896,2026-05-19 00:38:48.982639,0 days 00:00:04.977743,96,7.21912832410066,2.691351544793156,0.0011982448134112169,5,0.6857084583543333,2000,COMPLETE
20,1.5340925529017113e-05,2026-05-19 00:38:48.994271,2026-05-19 00:38:53.172992,0 days 00:00:04.178721,64,1.4551434647715578,0.3819990699050781,0.006535836560620915,4,0.5140223818248426,3000,COMPLETE
21,0.04581228271126747,2026-05-19 00:38:53.183483,2026-05-19 00:38:53.442447,0 days 00:00:00.258964,128,2.862413825283484,0.5044743292836573,0.009682092116003072,5,0.45226010583943466,2000,PRUNED
22,0.0822182148694992,2026-05-19 00:38:53.448980,2026-05-19 00:38:53.699664,0 days 00:00:00.250684,112,5.822462252146259,3.4379379740051537,0.009924546987960532,5,0.4197975682924892,2000,PRUNED
23,0.0006940856692381203,2026-05-19 00:38:53.706855,2026-05-19 00:38:54.200230,0 days 00:00:00.493375,128,12.581945256896484,0.033485624158980654,0.005122950469508641,5,0.5400455071735671,3000,PRUNED
24,1.6534628230147064e-05,2026-05-19 00:38:54.207335,2026-05-19 00:38:59.857395,0 days 00:00:05.650060,112,4.039010153449999,0.7040697178115143,0.002968835783743788,6,0.6239113708782622,1000,COMPLETE
25,0.00020571037020999938,2026-05-19 00:38:59.866124,2026-05-19 00:39:00.199292,0 days 00:00:00.333168,128,7.826137228572346,0.12886130394222522,0.007435641936722313,3,0.8995296906256215,3000,PRUNED
26,0.0002959863340947777,2026-05-19 00:39:00.206380,2026-05-19 00:39:00.695303,0 days 00:00:00.488923,96,1.6907547666443021,0.034249207666032205,0.003976618424663234,5,0.513584368473617,2000,PRUNED
27,4.820772574021248e-06,2026-05-19 00:39:00.702935,2026-05-19 00:39:05.127030,0 days 00:00:04.424095,32,3.0049108705012264,0.20658845360482753,0.009844740666241506,4,0.4400959692133456,4000,COMPLETE
28,0.001531265676021576,2026-05-19 00:39:05.140265,2026-05-19 00:39:05.568383,0 days 00:00:00.428118,32,1.4210945699545467,0.21030217578695268,0.005479067416962432,4,0.31473960321418987,4000,PRUNED
29,0.02676774002611637,2026-05-19 00:39:05.574932,2026-05-19 00:39:05.757959,0 days 00:00:00.183027,16,3.3841200446772457,0.07405285131293232,0.0024481958627542827,3,0.4011510095556791,4000,PRUNED
30,0.1627734750509262,2026-05-19 00:39:05.764553,2026-05-19 00:39:05.967145,0 days 00:00:00.202592,32,14.269518120202557,0.004996815458620041,0.00036843835523768704,4,0.4278877085809434,4000,PRUNED
31,1.0395410754426848e-05,2026-05-19 00:39:05.973292,2026-05-19 00:39:10.738412,0 days 00:00:04.765120,48,4.525253727455095,0.9299352290403025,0.00897415672460068,6,0.5004176597664287,1000,COMPLETE
32,0.00023208845232147723,2026-05-19 00:39:10.747860,2026-05-19 00:39:11.204473,0 days 00:00:00.456613,48,2.7979280616310676,1.306565929370561,0.007351677769373115,6,0.36902146168717814,1000,PRUNED
33,0.004233377519994974,2026-05-19 00:39:11.211722,2026-05-19 00:39:11.463996,0 days 00:00:00.252274,32,6.743143235518523,0.01737526938752251,0.004589406399406064,6,0.4499039998576778,1000,PRUNED
34,8.122553117573261e-05,2026-05-19 00:39:11.470866,2026-05-19 00:39:11.758594,0 days 00:00:00.287728,48,9.735606201950779,0.39557509187673356,0.008113875689556146,2,0.4998978292296817,3000,PRUNED
35,0.08770312368869781,2026-05-19 00:39:11.765572,2026-05-19 00:39:12.003852,0 days 00:00:00.238280,16,2.1736222321579737,1.2408417934874263,0.00016123356366734302,6,0.39121922716351737,1000,PRUNED
36,0.00017640393343754113,2026-05-19 00:39:12.010275,2026-05-19 00:39:12.261506,0 days 00:00:00.251231,32,19.560334434287714,4.433718150745411,0.006336103391471955,2,0.5627438366695938,4000,PRUNED
37,0.00016075778694357723,2026-05-19 00:39:12.268086,2026-05-19 00:39:12.706743,0 days 00:00:00.438657,48,2.9986976362010718,0.29741025111774305,0.003273009733365835,6,0.47896104837588543,3000,PRUNED
38,8.143422019202262e-05,2026-05-19 00:39:12.713069,2026-05-19 00:39:13.021294,0 days 00:00:00.308225,80,4.723236278300535,0.16287933697802037,0.005936259298083645,3,0.6391765604716769,1000,PRUNED
39,0.004842572845518589,2026-05-19 00:39:13.028191,2026-05-19 00:39:13.228283,0 days 00:00:00.200092,32,1.3124804937175762,0.048856141353005776,0.0009328131472969015,4,0.3523655093022309,5000,PRUNED
40,0.08278366923332214,2026-05-19 00:39:13.235208,2026-05-19 00:39:13.460163,0 days 00:00:00.224955,16,11.00246465101185,0.01932664668364179,0.0003069227699097745,5,0.5931420611602221,2000,PRUNED
41,0.004265798255801201,2026-05-19 00:39:13.466695,2026-05-19 00:39:13.690937,0 days 00:00:00.224242,112,4.530031870999897,0.6548854161310279,0.009636358102984244,5,0.4893104240013889,2000,PRUNED
42,5.638882066705264e-05,2026-05-19 00:39:13.697658,2026-05-19 00:39:15.144216,0 days 00:00:01.446558,64,6.010154185076379,1.008073501573151,0.008190157462094411,6,0.5371060032786577,2000,PRUNED
43,0.003396562533453107,2026-05-19 00:39:15.150877,2026-05-19 00:39:15.371491,0 days 00:00:00.220614,32,2.174738834039442,1.7537707785756609,0.009554887391014451,5,0.4379399178350144,3000,PRUNED
44,2.0582219804055057e-05,2026-05-19 00:39:15.379659,2026-05-19 00:39:19.840601,0 days 00:00:04.460942,128,5.1741505292779335,0.7050595029215977,0.006828711713095137,6,0.40223654849889995,3000,COMPLETE
45,0.03475533053278923,2026-05-19 00:39:19.850552,2026-05-19 00:39:20.060809,0 days 00:00:00.210257,48,8.864116945155494,0.12385263164734742,0.00010189161943391766,4,0.4667425418562925,1000,PRUNED
46,0.02933923900127411,2026-05-19 00:39:20.070273,2026-05-19 00:39:20.239042,0 days 00:00:00.168769,16,3.813421650035918,0.00964951524546767,0.004300436256254248,3,0.5970629692934489,5000,PRUNED
47,0.0005296628805808723,2026-05-19 00:39:20.247194,2026-05-19 00:39:20.649383,0 days 00:00:00.402189,80,16.942348407267403,0.4512962942072673,0.0005649712586725708,5,0.8398467272174812,2000,PRUNED
48,0.0003473916440270841,2026-05-19 00:39:20.658010,2026-05-19 00:39:20.920604,0 days 00:00:00.262594,112,30.777427470757498,2.0033010970145178,0.005597660674367608,2,0.6836137577552831,4000,PRUNED
49,0.07261019200086594,2026-05-19 00:39:20.928957,2026-05-19 00:39:21.122532,0 days 00:00:00.193575,48,1.0066998956294553,5.373386598938263,0.0020443653430309563,4,0.5327921682934983,2000,PRUNED
50,5.662355033564381e-05,2026-05-19 00:39:21.130585,2026-05-19 00:39:21.878150,0 days 00:00:00.747565,64,1.8091938857958225,0.2092750561026444,0.003755651208220431,5,0.3710601558422602,1000,PRUNED
51,0.00013750266225542873,2026-05-19 00:39:21.884236,2026-05-19 00:39:22.191857,0 days 00:00:00.307621,48,1.1895953979898508,0.10833359676781988,0.008289765410700981,3,0.3333753753787062,5000,PRUNED
52,7.070475021464517e-06,2026-05-19 00:39:22.200166,2026-05-19 00:39:25.346632,0 days 00:00:03.146466,32,1.8304246357687528,0.5434294276144988,0.006267048333923201,3,0.3407313068939389,5000,COMPLETE
53,7.288649157999316e-06,2026-05-19 00:39:25.358906,2026-05-19 00:39:28.460807,0 days 00:00:03.101901,32,2.5021852995498834,0.5305780435311711,0.006652087917358626,3,0.38482917078445356,5000,COMPLETE
54,0.00022407381038647145,2026-05-19 00:39:28.472984,2026-05-19 00:39:28.789013,0 days 00:00:00.316029,32,2.4105567333674642,0.9209875451789987,0.004889558673942479,3,0.3332916941941444,5000,PRUNED
55,0.0002215633139712736,2026-05-19 00:39:28.795888,2026-05-19 00:39:29.059119,0 days 00:00:00.263231,16,1.7337590367048707,0.32024933307488523,0.006028174707615324,2,0.4181315635435865,5000,PRUNED
56,0.0008819095091894269,2026-05-19 00:39:29.066925,2026-05-19 00:39:29.244612,0 days 00:00:00.177687,32,1.5338713362641736,0.5319513689805232,0.007592082205341611,3,0.38086614382008455,5000,PRUNED
57,0.0002414493210380897,2026-05-19 00:39:29.252330,2026-05-19 00:39:29.572699,0 days 00:00:00.320369,32,2.6459263154744366,0.25424136746779596,0.003573380304963209,3,0.3523142129549689,4000,PRUNED
58,0.0040532974526286125,2026-05-19 00:39:29.580452,2026-05-19 00:39:29.755807,0 days 00:00:00.175355,16,1.9509734936509189,0.05004046856597069,0.0066311601336383865,3,0.44405306931262994,5000,PRUNED
59,0.0009828906040638685,2026-05-19 00:39:29.763638,2026-05-19 00:39:29.959651,0 days 00:00:00.196013,32,3.888755618059652,0.17189246289858606,0.008125125924624195,4,0.734446135390153,4000,PRUNED
60,0.000909619964659214,2026-05-19 00:39:29.967868,2026-05-19 00:39:30.110357,0 days 00:00:00.142489,48,79.6930450353803,2.446363422760305,0.005110603192729681,2,0.41681534229482714,5000,PRUNED
61,0.01774849370121956,2026-05-19 00:39:30.118285,2026-05-19 00:39:30.285642,0 days 00:00:00.167357,128,3.3764042768478206,1.310371191220407,0.009950288039300656,3,0.4694950088344302,3000,PRUNED
62,5.582417088589864e-06,2026-05-19 00:39:30.293787,2026-05-19 00:39:33.831636,0 days 00:00:03.537849,32,3.1524523409950573,0.5795435396108322,0.008543929974390319,4,0.3164728566481389,4000,COMPLETE
63,7.503339293180034e-05,2026-05-19 00:39:33.842928,2026-05-19 00:39:34.267876,0 days 00:00:00.424948,32,2.9882050826115942,0.5141557234960827,0.00831401740948543,4,0.31124996965150564,4000,PRUNED
64,0.001006099279038608,2026-05-19 00:39:34.274471,2026-05-19 00:39:34.476252,0 days 00:00:00.201781,32,1.191629041134954,0.9452725302057121,0.006744414261720115,4,0.36245144851944994,4000,PRUNED
65,8.457033982267603e-05,2026-05-19 00:39:34.482614,2026-05-19 00:39:34.841516,0 days 00:00:00.358902,48,1.9875875961951446,0.34149655784579475,0.00560884075867985,4,0.32961005950787187,5000,PRUNED
66,0.026936177164316177,2026-05-19 00:39:34.847812,2026-05-19 00:39:35.020991,0 days 00:00:00.173179,16,2.6268619057524614,0.715810322339094,0.004710370924776941,3,0.3943112272931888,4000,PRUNED
67,0.004747720435261726,2026-05-19 00:39:35.027210,2026-05-19 00:39:35.215495,0 days 00:00:00.188285,32,1.5708852680962784,0.001543803292670395,0.008465761839895124,4,0.30118622896847264,3000,PRUNED
68,0.00010289665078744292,2026-05-19 00:39:35.222065,2026-05-19 00:39:35.517680,0 days 00:00:00.295615,96,3.3063861286538314,0.2159107816251227,0.007002876759893316,3,0.3834996797694037,5000,PRUNED
69,1.6932728613028303e-05,2026-05-19 00:39:35.523955,2026-05-19 00:39:39.453613,0 days 00:00:03.929658,48,6.616420710972737,1.7253543211042226,0.004167784873697936,4,0.7763832537462778,4000,COMPLETE
70,0.07604479789733887,2026-05-19 00:39:39.465510,2026-05-19 00:39:39.660117,0 days 00:00:00.194607,16,4.32699394182673,0.5509122929312911,0.0013929447849940887,3,0.41036962019013656,3000,PRUNED
71,1.285453254240565e-05,2026-05-19 00:39:39.666470,2026-05-19 00:39:43.823048,0 days 00:00:04.156578,32,7.769068938651751,0.3818970946647355,0.009050432045382702,5,0.5123888577673947,3000,COMPLETE
72,0.0001036450412357226,2026-05-19 00:39:43.833029,2026-05-19 00:39:44.244456,0 days 00:00:00.411427,32,8.332867278516169,0.3928499214895647,0.008782622511084104,5,0.5132176775003346,3000,PRUNED
73,0.0024752281606197357,2026-05-19 00:39:44.251816,2026-05-19 00:39:44.497309,0 days 00:00:00.245493,32,99.03907648466542,0.0900380294884834,0.007208457495008902,6,0.45748098487519584,3000,PRUNED
74,1.1442708455433603e-05,2026-05-19 00:39:44.505081,2026-05-19 00:39:48.223359,0 days 00:00:03.718278,32,5.360100786476893,1.128678821190687,0.006082882864111241,3,0.4332010769926459,3000,COMPLETE
75,0.006993988063186407,2026-05-19 00:39:48.234365,2026-05-19 00:39:48.437951,0 days 00:00:00.203586,16,5.2745029684626195,1.0513612476846246,0.005605435702496541,3,0.4312937176138216,3000,PRUNED
76,0.004881219007074833,2026-05-19 00:39:48.444392,2026-05-19 00:39:48.661302,0 days 00:00:00.216910,32,2.3700508457367997,0.024003234346472124,0.0027496745783063097,3,0.3463622405257285,4000,PRUNED
77,0.0008544587180949748,2026-05-19 00:39:48.668184,2026-05-19 00:39:48.869871,0 days 00:00:00.201687,48,4.223719119271548,1.2792568597774645,0.006284577569818477,3,0.48269204473106436,5000,PRUNED
78,0.011826817877590656,2026-05-19 00:39:48.876817,2026-05-19 00:39:49.053179,0 days 00:00:00.176362,64,5.843208573967385,3.421592825487376,0.003266743034290841,3,0.322943479375856,2000,PRUNED
79,0.0010016270680353045,2026-05-19 00:39:49.059504,2026-05-19 00:39:49.206762,0 days 00:00:00.147258,16,3.261061451145559,0.756290735305071,0.007284766864179215,2,0.37053688114575317,5000,PRUNED
80,0.00012360313849058002,2026-05-19 00:39:49.212891,2026-05-19 00:39:49.572079,0 days 00:00:00.359188,80,11.011062708144452,0.5608161879554823,0.0050329621610831045,4,0.39784616740897016,1000,PRUNED
81,1.8466758774593472e-05,2026-05-19 00:39:49.578600,2026-05-19 00:39:53.822605,0 days 00:00:04.244005,32,7.561148703986047,0.2825361477902313,0.00986944896623608,5,0.572439197113401,3000,COMPLETE
82,7.678855581616517e-06,2026-05-19 00:39:53.831094,2026-05-19 00:39:57.951979,0 days 00:00:04.120885,32,4.717860527140207,0.45410973877778055,0.008457486602921737,4,0.4914824696997887,3000,COMPLETE
83,0.012562453746795654,2026-05-19 00:39:57.960710,2026-05-19 00:39:58.146815,0 days 00:00:00.186105,32,6.401499328376349,0.009482440834109943,0.007587505355709718,4,0.4347772823539062,2000,PRUNED
84,0.0006695726187899709,2026-05-19 00:39:58.154119,2026-05-19 00:39:58.342576,0 days 00:00:00.188457,48,4.853395993480733,0.44456964296375273,0.006233841781364383,4,0.4944941192106057,4000,PRUNED
85,0.00063450908055529,2026-05-19 00:39:58.349966,2026-05-19 00:39:58.517779,0 days 00:00:00.167813,32,3.7217277469813643,0.8541698043333648,0.008494440001761534,3,0.45195557556634824,2000,PRUNED
86,0.004664433188736439,2026-05-19 00:39:58.525727,2026-05-19 00:39:58.697855,0 days 00:00:00.172128,32,2.4548343700892,1.4388392968449093,0.0044829908123682205,3,0.8980143964008138,3000,PRUNED
87,0.00018364116840530187,2026-05-19 00:39:58.705625,2026-05-19 00:39:59.063979,0 days 00:00:00.358354,48,1.3482350789727842,0.17737479498167433,0.0021946053632731295,4,0.35786136140244507,4000,PRUNED
88,0.0006226683035492897,2026-05-19 00:39:59.070260,2026-05-19 00:39:59.313652,0 days 00:00:00.243392,16,2.073855186267683,0.6279195455400828,0.005590528316873038,6,0.5518466516898118,5000,PRUNED
89,0.002197562949731946,2026-05-19 00:39:59.320725,2026-05-19 00:39:59.472011,0 days 00:00:00.151286,32,3.006281493029118,1.1119686547860292,0.009180234707683789,2,0.4091014340712123,1000,PRUNED
90,0.008724094368517399,2026-05-19 00:39:59.479789,2026-05-19 00:39:59.655849,0 days 00:00:00.176060,48,5.2585273754210515,2.304163733986684,0.007528766888435467,3,0.38423101147472527,2000,PRUNED
91,0.00012515678827185184,2026-05-19 00:39:59.663555,2026-05-19 00:40:00.067989,0 days 00:00:00.404434,32,13.260382029604994,0.3393662507395212,0.009036678711483068,5,0.519524106240293,3000,PRUNED
92,0.00010040379856945947,2026-05-19 00:40:00.075716,2026-05-19 00:40:00.480442,0 days 00:00:00.404726,32,6.873559867752033,0.4156529142830162,0.006845327179333571,5,0.4767931286439901,3000,PRUNED
93,0.0007950591389089823,2026-05-19 00:40:00.488699,2026-05-19 00:40:00.676862,0 days 00:00:00.188163,32,7.927652738745436,0.22396185874724955,0.006270578173489264,4,0.46429637684211655,3000,PRUNED
94,1.6175801647477783e-05,2026-05-19 00:40:00.684666,2026-05-19 00:40:06.179868,0 days 00:00:05.495202,32,9.52469909427349,1.4871940398826027,0.008940940141186791,5,0.5004138578574965,3000,COMPLETE
95,0.002583686960861087,2026-05-19 00:40:06.191335,2026-05-19 00:40:06.435817,0 days 00:00:00.244482,16,4.6309938577277645,0.1457011935033685,0.007844443460991408,6,0.4261225633287911,3000,PRUNED
96,4.828059172723442e-05,2026-05-19 00:40:06.443474,2026-05-19 00:40:06.816175,0 days 00:00:00.372701,32,5.930257589350708,0.8344386085615363,0.009101986932081477,4,0.8345307005179634,4000,PRUNED
97,0.0007796129211783409,2026-05-19 00:40:06.822957,2026-05-19 00:40:06.994741,0 days 00:00:00.171784,32,3.6452160186760607,0.27952870435944616,0.0053754067057484945,3,0.34175840278252734,3000,PRUNED
98,0.00214810180477798,2026-05-19 00:40:07.000949,2026-05-19 00:40:07.170913,0 days 00:00:00.169964,32,1.136077094438879,0.4703928393327457,0.008000216515124666,3,0.5767932726850958,4000,PRUNED
99,0.007705961354076862,2026-05-19 00:40:07.177745,2026-05-19 00:40:07.587520,0 days 00:00:00.409775,48,4.133471622736242,0.6350535027560238,0.005945048757956584,5,0.6665091535895218,5000,PRUNED
100,0.1851523220539093,2026-05-19 00:40:07.594221,2026-05-19 00:40:07.831938,0 days 00:00:00.237717,16,3.0927738943679537,0.003444035601905766,0.0010070752527500289,6,0.5285836647697325,3000,PRUNED
101,0.03088836930692196,2026-05-19 00:40:07.838494,2026-05-19 00:40:08.046296,0 days 00:00:00.207802,128,4.989796498120096,0.34607454191313514,0.009978824405104064,5,0.505488671793512,2000,PRUNED
102,8.07850210549077e-06,2026-05-19 00:40:08.052631,2026-05-19 00:40:12.136886,0 days 00:00:04.084255,112,2.7727823846165975,0.6084388032828759,0.006850976135964567,5,0.5484541485984633,1000,COMPLETE
103,6.719576049363241e-06,2026-05-19 00:40:12.147839,2026-05-19 00:40:16.617156,0 days 00:00:04.469317,112,2.720106175371937,0.5935198261900334,0.006810668321803473,5,0.5430692072250368,1000,COMPLETE
104,0.0011224752524867654,2026-05-19 00:40:16.630356,2026-05-19 00:40:16.895744,0 days 00:00:00.265388,112,2.6584790461227232,0.8059669222266929,0.00644705748837408,5,0.6147517808140904,1000,PRUNED
105,0.013874075375497341,2026-05-19 00:40:16.902990,2026-05-19 00:40:17.165029,0 days 00:00:00.262039,112,2.276167275954025,1.0506084004365024,0.007298342044088899,5,0.5567320402454758,1000,PRUNED
106,0.0022055471781641245,2026-05-19 00:40:17.171844,2026-05-19 00:40:17.413854,0 days 00:00:00.242010,112,2.7468541821511416,0.5499614280938012,0.006818936447057226,4,0.5798869354048547,1000,PRUNED
107,0.011459244415163994,2026-05-19 00:40:17.420891,2026-05-19 00:40:17.611852,0 days 00:00:00.190961,96,1.7347270154899757,0.6577685283655574,0.0002124768869749892,3,0.4870697666691079,1000,PRUNED
108,0.0009928495856001973,2026-05-19 00:40:17.618881,2026-05-19 00:40:17.903379,0 days 00:00:00.284498,112,2.5428765196478946,1.5258320252254103,0.004533992732017873,6,0.5385614647237764,1000,PRUNED
