number,value,datetime_start,datetime_complete,duration,params_hidden,params_lambda_ic,params_lambda_phys,params_lr,params_n_layers,params_scheduler_gamma,params_scheduler_step,state
989,0.0004707719199359417,2026-05-19 00:46:12.297283,2026-05-19 00:46:12.527155,0 days 00:00:00.229872,48,4.8323267297147385,1.0362958211051057,0.0099599185034255,5,0.49377052480134165,5000,PRUNED
990,0.0004612354969140142,2026-05-19 00:46:12.533691,2026-05-19 00:46:12.760891,0 days 00:00:00.227200,16,2.714806890974775,0.5954796363648499,0.005750175956818184,5,0.5141080877131223,4000,PRUNED
991,0.0015495331026613712,2026-05-19 00:46:12.767575,2026-05-19 00:46:12.992740,0 days 00:00:00.225165,32,5.70496233120566,0.4517647608425421,0.00882817197692962,5,0.34989079511457954,1000,PRUNED
992,0.0004137201758567244,2026-05-19 00:46:12.999285,2026-05-19 00:46:13.179302,0 days 00:00:00.180017,32,4.351974263875035,0.6977197051389917,0.008641079395458771,3,0.4642937667197663,1000,PRUNED
993,0.0005573745584115386,2026-05-19 00:46:13.186029,2026-05-19 00:46:13.413472,0 days 00:00:00.227443,32,3.7589156279386478,0.963576429306219,0.0038891512361839916,5,0.3655250968471284,2000,PRUNED
994,0.001899671507999301,2026-05-19 00:46:13.420333,2026-05-19 00:46:13.657796,0 days 00:00:00.237463,32,1.9800406435297844,1.3332898564229256,0.009252740526729834,5,0.5032046094418533,4000,PRUNED
995,0.0019589075818657875,2026-05-19 00:46:13.665062,2026-05-19 00:46:13.895767,0 days 00:00:00.230705,32,5.136477843831917,0.5432466228236909,0.0066298446183718504,5,0.712302656771572,4000,PRUNED
996,0.0011097498936578631,2026-05-19 00:46:13.902399,2026-05-19 00:46:14.128388,0 days 00:00:00.225989,32,2.4589302309554597,0.8086958385316807,0.008198119353602273,5,0.48385343473242654,1000,PRUNED
997,0.00026582367718219757,2026-05-19 00:46:14.136007,2026-05-19 00:46:14.373513,0 days 00:00:00.237506,32,1.474018991560292,0.7267183776652637,0.0010266533501103042,5,0.820836954379059,1000,PRUNED
998,0.001508229528553784,2026-05-19 00:46:14.380204,2026-05-19 00:46:14.561339,0 days 00:00:00.181135,112,2.9527077440725016,0.025310510047809612,0.005688019422221992,3,0.42169458491594697,4000,PRUNED
999,0.0005201291060075164,2026-05-19 00:46:14.567865,2026-05-19 00:46:14.830527,0 days 00:00:00.262662,32,3.4240547128237218,0.4604687374181665,0.0029312301088091734,4,0.4556775287712111,4000,PRUNED
