number,value,datetime_start,datetime_complete,duration,params_hidden,params_lambda_ic,params_lambda_phys,params_lr,params_n_layers,params_scheduler_gamma,params_scheduler_step,state
659,0.0005246748914942145,2026-05-19 00:44:28.108829,2026-05-19 00:44:28.331606,0 days 00:00:00.222777,32,6.356441760866139,0.39993367214335024,0.007957765166178998,5,0.6156469127131212,4000,PRUNED
660,0.0006391897913999856,2026-05-19 00:44:28.338909,2026-05-19 00:44:28.567954,0 days 00:00:00.229045,32,4.685753574843183,1.2085144635858516,0.009192995584422534,5,0.4894566887856696,4000,PRUNED
661,0.0005861760582774878,2026-05-19 00:44:28.575883,2026-05-19 00:44:28.819446,0 days 00:00:00.243563,16,7.0686704266772376,0.8532209594563805,0.0068545096945130096,4,0.3193636027444808,3000,PRUNED
662,0.00027023046277463436,2026-05-19 00:44:28.827088,2026-05-19 00:44:29.057203,0 days 00:00:00.230115,32,3.1079180834468425,0.5031241076141981,0.00535927096373431,5,0.4334260450154609,5000,PRUNED
663,0.00021773138723801821,2026-05-19 00:44:29.064319,2026-05-19 00:44:29.288570,0 days 00:00:00.224251,32,5.744992946082358,0.727229245049755,0.008470351628641985,5,0.45677922480793826,1000,PRUNED
664,6.494023546110839e-05,2026-05-19 00:44:29.295962,2026-05-19 00:44:29.696339,0 days 00:00:00.400377,112,4.343106555668395,0.04789035507371194,0.007190682667148857,5,0.4685909087193306,1000,PRUNED
665,6.57232158118859e-05,2026-05-19 00:44:29.703429,2026-05-19 00:44:30.143435,0 days 00:00:00.440006,32,3.7598576394066767,0.9699627618315383,0.009285884724412847,6,0.5034437981770629,3000,PRUNED
666,0.0013591632014140487,2026-05-19 00:44:30.149893,2026-05-19 00:44:30.347346,0 days 00:00:00.197453,64,5.191693992045113,0.3268991363432126,0.006320015566254284,4,0.6911554499804354,4000,PRUNED
667,0.001658960827626288,2026-05-19 00:44:30.354113,2026-05-19 00:44:30.574423,0 days 00:00:00.220310,32,4.641867887829835,0.5778439052600925,0.007505869664982394,5,0.4231466706221642,4000,PRUNED
668,0.00021655071759596467,2026-05-19 00:44:30.581268,2026-05-19 00:44:30.814469,0 days 00:00:00.233201,32,8.37033775424036,1.5160014858602475,0.007975528367746947,5,0.5440938994830373,2000,PRUNED
669,0.00036066790926270187,2026-05-19 00:44:30.821573,2026-05-19 00:44:31.089021,0 days 00:00:00.267448,32,6.067839104019236,0.6683474182563143,0.006737536123827129,5,0.6492055706984184,3000,PRUNED
670,0.0020155718084424734,2026-05-19 00:44:31.096035,2026-05-19 00:44:31.366750,0 days 00:00:00.270715,32,2.3295905044448357,0.0010826366524859514,0.008752036218043303,5,0.44826150758819766,4000,PRUNED
671,0.0005213054828345776,2026-05-19 00:44:31.374249,2026-05-19 00:44:31.581080,0 days 00:00:00.206831,48,2.721847254607955,0.44742905451256143,0.004363186564485182,4,0.39051588592676617,1000,PRUNED
672,0.0008039487875066698,2026-05-19 00:44:31.587691,2026-05-19 00:44:31.812025,0 days 00:00:00.224334,32,6.561065950233528,0.8576462367453866,0.005617857097740051,5,0.7721739309537563,4000,PRUNED
673,0.00028985645622015,2026-05-19 00:44:31.819195,2026-05-19 00:44:32.040873,0 days 00:00:00.221678,32,4.232917878567063,0.18920890708051483,0.008111802897092915,5,0.48803443766382637,5000,PRUNED
674,0.0015386092709377408,2026-05-19 00:44:32.049878,2026-05-19 00:44:32.320556,0 days 00:00:00.270678,32,3.3953938666676655,1.0237078525052699,0.0072476210603203035,5,0.41288563407761564,2000,PRUNED
675,0.0163628738373518,2026-05-19 00:44:32.328886,2026-05-19 00:44:32.523698,0 days 00:00:00.194812,112,1.0783929599151623,0.5384271833354003,0.009223454902555361,3,0.8189521861601874,3000,PRUNED
676,6.45242616883479e-05,2026-05-19 00:44:32.531720,2026-05-19 00:44:33.015460,0 days 00:00:00.483740,32,5.460714054548455,0.38188216582346557,0.0030053532074863563,5,0.8670231555423451,1000,PRUNED
677,0.0002970579080283642,2026-05-19 00:44:33.025320,2026-05-19 00:44:33.266485,0 days 00:00:00.241165,32,7.595901910699728,0.740421511337821,0.0099607323476396,6,0.4782736550766068,4000,PRUNED
678,0.0022256444208323956,2026-05-19 00:44:33.274288,2026-05-19 00:44:33.497538,0 days 00:00:00.223250,32,5.033608760547211,0.23506991344884356,0.006408361917739615,5,0.5152027740879519,3000,PRUNED
679,0.0017104061553254724,2026-05-19 00:44:33.504657,2026-05-19 00:44:33.740225,0 days 00:00:00.235568,32,2.0844763390991345,1.1724571520375293,0.0034128743919224027,5,0.4466279630258311,3000,PRUNED
680,0.0010149668669328094,2026-05-19 00:44:33.746671,2026-05-19 00:44:33.971083,0 days 00:00:00.224412,32,2.4993810447850504,0.6204427078683762,0.00830302082301557,5,0.7952946267197392,5000,PRUNED
681,0.0003296651702839881,2026-05-19 00:44:33.977453,2026-05-19 00:44:34.196686,0 days 00:00:00.219233,32,3.067526937353762,0.2991745217404003,0.0021583747773036197,5,0.7073136027573653,1000,PRUNED
682,0.0005357334157451987,2026-05-19 00:44:34.203538,2026-05-19 00:44:34.400063,0 days 00:00:00.196525,32,3.668490408981136,0.8085466845505198,0.007341585206955317,4,0.33724995601701635,4000,PRUNED
683,0.0006177470786496997,2026-05-19 00:44:34.408018,2026-05-19 00:44:34.585483,0 days 00:00:00.177465,48,6.997748460555937,0.4956544987030518,0.00582964484484885,3,0.8414743841721452,4000,PRUNED
684,0.000504633120726794,2026-05-19 00:44:34.592202,2026-05-19 00:44:34.813553,0 days 00:00:00.221351,32,4.544247996476715,0.6468038641585486,0.0039260609258395885,5,0.5284690209038249,1000,PRUNED
685,0.0002683842903934419,2026-05-19 00:44:34.820057,2026-05-19 00:44:35.040009,0 days 00:00:00.219952,32,5.768106648824214,0.9343802873452784,0.009979295030159352,5,0.43564003084625735,3000,PRUNED
686,0.00043843401363119483,2026-05-19 00:44:35.046746,2026-05-19 00:44:35.251418,0 days 00:00:00.204672,16,4.133706716712524,0.435160352916178,0.008616320753215684,4,0.4645996451023655,3000,PRUNED
687,0.034649450331926346,2026-05-19 00:44:35.258227,2026-05-19 00:44:35.489258,0 days 00:00:00.231031,112,1.6616915731021515,1.41221068796583,0.00662144499123346,5,0.4951194675408728,4000,PRUNED
688,0.003717742394655943,2026-05-19 00:44:35.496026,2026-05-19 00:44:35.726045,0 days 00:00:00.230019,32,4.886908984974898,0.3589101604823066,0.0077471397751207914,5,0.5655363507790967,1000,PRUNED
689,0.0007196154328994453,2026-05-19 00:44:35.732920,2026-05-19 00:44:35.962731,0 days 00:00:00.229811,32,2.7921241834168433,0.552945232554652,0.009101628307837138,5,0.45362069585149545,3000,PRUNED
690,0.000527306692674756,2026-05-19 00:44:35.970236,2026-05-19 00:44:36.195782,0 days 00:00:00.225546,32,9.757490695037335,0.7790098685768134,0.006978602594689277,5,0.5080115240998327,1000,PRUNED
691,0.0012090858072042465,2026-05-19 00:44:36.202401,2026-05-19 00:44:36.391604,0 days 00:00:00.189203,32,8.424692877040114,0.6738833190382936,0.008053196856086124,3,0.39732998874983677,3000,PRUNED
692,0.00024374693748541176,2026-05-19 00:44:36.398959,2026-05-19 00:44:36.665044,0 days 00:00:00.266085,32,6.314612454697043,1.0450085250616443,0.006199746399208872,5,0.47721120509437065,4000,PRUNED
693,0.0016121136723086238,2026-05-19 00:44:36.672013,2026-05-19 00:44:36.893906,0 days 00:00:00.221893,48,5.560086147049092,0.4746085604801413,0.008751005543522358,3,0.4335807266746646,1000,PRUNED
694,0.0003373765212018043,2026-05-19 00:44:36.901168,2026-05-19 00:44:37.169368,0 days 00:00:00.268200,32,7.482070482834151,0.8717780317565749,0.0009913539431360625,5,0.4171983078610156,4000,PRUNED
695,0.0002755771856755018,2026-05-19 00:44:37.178262,2026-05-19 00:44:37.594228,0 days 00:00:00.415966,32,3.9005240942592123,0.3001165482077424,0.007387238616675459,5,0.3760745739424435,4000,PRUNED
696,0.00034993680310435593,2026-05-19 00:44:37.601582,2026-05-19 00:44:37.822299,0 days 00:00:00.220717,16,4.8516081203913,0.5859253959262261,0.008017865196624192,5,0.4663863198109475,3000,PRUNED
697,0.0026747381780296564,2026-05-19 00:44:37.831265,2026-05-19 00:44:38.028012,0 days 00:00:00.196747,32,2.980258156604249,1.2165479460283795,0.005089605424943956,4,0.490972718284001,3000,PRUNED
698,0.00010055325401481241,2026-05-19 00:44:38.036507,2026-05-19 00:44:38.475411,0 days 00:00:00.438904,96,4.330500547540641,0.3870352741258774,0.00686791277295338,5,0.3112139885928709,3000,PRUNED
699,0.0009877439588308334,2026-05-19 00:44:38.484677,2026-05-19 00:44:38.736053,0 days 00:00:00.251376,112,6.715188617601726,0.7207742784048317,0.009338034031810761,5,0.44552692329237387,5000,PRUNED
700,0.00040494537097401917,2026-05-19 00:44:38.745189,2026-05-19 00:44:39.281850,0 days 00:00:00.536661,32,2.3875671831629344,0.5328479523872476,0.009982550168730694,6,0.5768128967086361,1000,PRUNED
701,0.0018624509684741497,2026-05-19 00:44:39.290785,2026-05-19 00:44:39.447910,0 days 00:00:00.157125,64,5.1868285985651355,0.22134009181952147,0.005760357347910837,2,0.3290464374428909,3000,PRUNED
702,0.0016608184669166803,2026-05-19 00:44:39.456073,2026-05-19 00:44:39.661125,0 days 00:00:00.205052,32,3.4754567863653736,1.0091303696762797,0.008520858896646201,4,0.781651374191804,2000,PRUNED
703,0.07473024725914001,2026-05-19 00:44:39.668480,2026-05-19 00:44:39.892336,0 days 00:00:00.223856,128,1.2000434095736487,0.760477642737901,0.007629324314885055,5,0.4279446688076388,4000,PRUNED
704,1.4025609743839595e-05,2026-05-19 00:44:39.898853,2026-05-19 00:44:44.110864,0 days 00:00:04.212011,32,6.128744108973294,0.6155512206162199,0.0063878342225733836,5,0.4844142625469774,4000,COMPLETE
705,9.407527250004932e-05,2026-05-19 00:44:44.122145,2026-05-19 00:44:44.622430,0 days 00:00:00.500285,32,7.906326540555355,0.4446349788415752,0.007107563930802703,5,0.7603973051341156,5000,PRUNED
706,0.002440942218527198,2026-05-19 00:44:44.631285,2026-05-19 00:44:44.893715,0 days 00:00:00.262430,32,1.8293539485574397,0.8451568731003749,0.009080621807818795,5,0.5029304996028321,1000,PRUNED
707,0.0002732246648520231,2026-05-19 00:44:44.902599,2026-05-19 00:44:45.163429,0 days 00:00:00.260830,32,1.5431451923169517,0.15852091840316684,0.00797647118852994,5,0.4582565920742534,4000,PRUNED
708,0.0003735702484846115,2026-05-19 00:44:45.172392,2026-05-19 00:44:45.390257,0 days 00:00:00.217865,32,4.5291318592508185,0.3471940887630244,0.00862524326386829,4,0.8544440414061845,1000,PRUNED
709,0.00030863643041811883,2026-05-19 00:44:45.398599,2026-05-19 00:44:45.631364,0 days 00:00:00.232765,32,3.2564024139734578,0.5268653618365914,0.0026131978694692417,5,0.47158517806956063,3000,PRUNED
710,0.0005990241770632565,2026-05-19 00:44:45.637851,2026-05-19 00:44:45.864382,0 days 00:00:00.226531,32,2.602978178946846,0.26126809999974554,0.00680372914587249,5,0.8095169410802295,3000,PRUNED
711,0.0008665241184644401,2026-05-19 00:44:45.870725,2026-05-19 00:44:46.043174,0 days 00:00:00.172449,32,9.203122774318114,0.6561091588368445,0.005984653685504361,3,0.5228458236253688,4000,PRUNED
712,5.848285945830867e-05,2026-05-19 00:44:46.049555,2026-05-19 00:44:46.444633,0 days 00:00:00.395078,32,5.6611842433493145,1.0386464060984337,0.007576206116113912,5,0.35384016217264813,1000,PRUNED
713,0.0004236756940372288,2026-05-19 00:44:46.451067,2026-05-19 00:44:46.675343,0 days 00:00:00.224276,32,4.78553705585544,1.3640392159852248,0.00924878318058273,5,0.5560188442628873,2000,PRUNED
714,0.0002989652275573462,2026-05-19 00:44:46.682122,2026-05-19 00:44:46.903353,0 days 00:00:00.221231,112,2.081570450354344,0.44967356200547764,0.004579462605151106,5,0.4414815015629842,5000,PRUNED
715,0.00038457915070466697,2026-05-19 00:44:46.909962,2026-05-19 00:44:47.129905,0 days 00:00:00.219943,48,7.106857238620549,0.8076855814362781,0.0072822886923373095,5,0.4798592315769675,3000,PRUNED
716,0.00039462430868297815,2026-05-19 00:44:47.136338,2026-05-19 00:44:47.353445,0 days 00:00:00.217107,80,4.040321919802141,0.6060470773731774,0.008189949250869551,5,0.4051315768968601,4000,PRUNED
717,0.0009216046892106533,2026-05-19 00:44:47.359848,2026-05-19 00:44:47.562951,0 days 00:00:00.203103,32,6.362161769375553,1.7151080137113985,0.0052550120632823445,4,0.4582035320830689,3000,PRUNED
718,0.0007014789152890444,2026-05-19 00:44:47.569466,2026-05-19 00:44:47.746632,0 days 00:00:00.177166,32,5.178932986214457,0.3905153474074373,0.006392787844848143,3,0.4245276486903848,1000,PRUNED
719,0.0005458613159134984,2026-05-19 00:44:47.752846,2026-05-19 00:44:47.975982,0 days 00:00:00.223136,32,3.6464051330390572,0.9561169654087401,0.009951107296637679,5,0.7471651833568304,4000,PRUNED
720,0.005508913658559322,2026-05-19 00:44:47.982868,2026-05-19 00:44:48.207531,0 days 00:00:00.224663,112,5.41038151502601,0.6615868192250786,0.008546142851254566,5,0.6037484657499435,1000,PRUNED
721,0.0005073841894045472,2026-05-19 00:44:48.213983,2026-05-19 00:44:48.432180,0 days 00:00:00.218197,32,4.352650040282691,0.30736261239626267,0.006785162724066922,5,0.8809440313743817,4000,PRUNED
722,0.0012245242251083255,2026-05-19 00:44:48.438618,2026-05-19 00:44:48.667076,0 days 00:00:00.228458,32,10.599671725700974,0.519753175161973,0.007798804070646281,5,0.4945888531497123,3000,PRUNED
723,0.001760035171173513,2026-05-19 00:44:48.674530,2026-05-19 00:44:48.905229,0 days 00:00:00.230699,48,2.9187032562355113,1.2082171105180546,0.0037523108675978395,5,0.7220328742345272,4000,PRUNED
724,0.07248568534851074,2026-05-19 00:44:48.912407,2026-05-19 00:44:49.195082,0 days 00:00:00.282675,16,2.3016366183260693,0.8259866928417857,0.0003002843838496588,6,0.47083558262029623,1000,PRUNED
725,0.00039370570448227227,2026-05-19 00:44:49.203232,2026-05-19 00:44:49.376390,0 days 00:00:00.173158,32,8.173661974983204,0.6892858779263582,0.009140794251311377,3,0.5062214574642049,3000,PRUNED
726,0.0007401596521958709,2026-05-19 00:44:49.383350,2026-05-19 00:44:49.580060,0 days 00:00:00.196710,32,6.027473763506065,0.42262412499765256,0.0059526985654308725,4,0.7881369918517245,5000,PRUNED
727,0.00023749048705212772,2026-05-19 00:44:49.586713,2026-05-19 00:44:49.810944,0 days 00:00:00.224231,32,2.626658595140157,0.06455421513846375,0.0074051162262738284,5,0.3444523929542467,3000,PRUNED
728,0.00010467212268849835,2026-05-19 00:44:49.817617,2026-05-19 00:44:50.210952,0 days 00:00:00.393335,32,7.15051368319952,0.5515787866324815,0.00838714484350151,5,0.5410071887890764,4000,PRUNED
729,0.0013013281859457493,2026-05-19 00:44:50.217622,2026-05-19 00:44:50.444830,0 days 00:00:00.227208,32,3.223033223302517,0.8916058702999581,0.006816651793933591,5,0.830511621712065,1000,PRUNED
730,0.0007515047327615321,2026-05-19 00:44:50.452031,2026-05-19 00:44:50.651094,0 days 00:00:00.199063,32,5.069755100788063,1.0913420040677027,0.009237590720889642,4,0.44686374955344893,3000,PRUNED
731,0.0003706251736730337,2026-05-19 00:44:50.658834,2026-05-19 00:44:50.879984,0 days 00:00:00.221150,32,3.954597949638206,0.7347003335757114,0.0032345102072221343,5,0.4158443268876121,4000,PRUNED
732,0.0008970295893959701,2026-05-19 00:44:50.887642,2026-05-19 00:44:51.104804,0 days 00:00:00.217162,32,8.76355027601156,0.4948742405607828,0.009970268812061625,5,0.43742670173667825,5000,PRUNED
733,0.0006426189211197197,2026-05-19 00:44:51.112438,2026-05-19 00:44:51.353163,0 days 00:00:00.240725,16,4.689830151364945,0.3462866087389696,0.00545804029557352,6,0.3907112544031952,3000,PRUNED
734,0.0006088422960601747,2026-05-19 00:44:51.360625,2026-05-19 00:44:51.582411,0 days 00:00:00.221786,32,6.784759868142658,0.6065914468264041,0.007847029430498175,5,0.4868659047981764,4000,PRUNED
735,0.0004910256247967482,2026-05-19 00:44:51.588966,2026-05-19 00:44:51.814392,0 days 00:00:00.225426,32,5.62475227261465,0.891699955897246,0.008588477239281918,5,0.36695233276584127,1000,PRUNED
736,0.0002672269765753299,2026-05-19 00:44:51.821065,2026-05-19 00:44:52.046790,0 days 00:00:00.225725,112,12.092600002338372,0.2767303479832805,0.007322089484135193,5,0.767735481538074,2000,PRUNED
737,0.0006630913121625781,2026-05-19 00:44:52.053098,2026-05-19 00:44:52.237026,0 days 00:00:00.183928,32,4.354407178633074,0.6998458649134137,0.006780908865697788,3,0.46122891383483444,4000,PRUNED
738,0.0015087758656591177,2026-05-19 00:44:52.243432,2026-05-19 00:44:52.448165,0 days 00:00:00.204733,32,3.6864346107110815,0.09123291548616663,0.004273365070852525,4,0.8004374451063769,3000,PRUNED
739,0.0009483108296990395,2026-05-19 00:44:52.454760,2026-05-19 00:44:52.683890,0 days 00:00:00.229130,32,2.701835266964142,0.43055805957448096,0.008155281916258044,5,0.49779187471110514,1000,PRUNED
740,0.000570564647205174,2026-05-19 00:44:52.690569,2026-05-19 00:44:52.861390,0 days 00:00:00.170821,32,7.884141005136079,1.256712002702636,0.00598028456580376,2,0.4767429596640439,4000,PRUNED
741,0.0006920711020939052,2026-05-19 00:44:52.868732,2026-05-19 00:44:53.286098,0 days 00:00:00.417366,48,4.832243410697376,0.554090644243034,0.004848015254512823,5,0.3191154614910615,1000,PRUNED
742,0.0023655665572732687,2026-05-19 00:44:53.293002,2026-05-19 00:44:53.523209,0 days 00:00:00.230207,32,6.034876442822362,0.03703013252618418,0.009123382653603448,5,0.5125540193910874,3000,PRUNED
743,0.0002573954116087407,2026-05-19 00:44:53.529602,2026-05-19 00:44:53.751146,0 days 00:00:00.221544,96,2.2077455722676707,0.1897252141382039,0.006331890049184359,5,0.4527820949185264,4000,PRUNED
744,0.00038803782081231475,2026-05-19 00:44:53.757848,2026-05-19 00:44:53.941719,0 days 00:00:00.183871,32,2.48634763722015,0.7241411016731523,0.007431479938670096,3,0.586174705775723,5000,PRUNED
745,0.001289430190809071,2026-05-19 00:44:53.948778,2026-05-19 00:44:54.176981,0 days 00:00:00.228203,32,2.9810840599936665,0.9937705200140148,0.008492231350505277,5,0.4250898426091253,4000,PRUNED
746,0.011113337241113186,2026-05-19 00:44:54.183703,2026-05-19 00:44:54.413238,0 days 00:00:00.229535,112,5.387867214571368,0.01735311735855567,0.0005063304652411863,5,0.8157564606498809,3000,PRUNED
747,0.00042390183079987764,2026-05-19 00:44:54.420072,2026-05-19 00:44:54.630945,0 days 00:00:00.210873,32,6.502531540781587,0.3985336527797048,0.007839593587083879,4,0.4066742624147249,3000,PRUNED
748,0.00024182879133149981,2026-05-19 00:44:54.638346,2026-05-19 00:44:55.050961,0 days 00:00:00.412615,32,4.086421275262049,0.8186315419404174,0.007011036801295465,5,0.3010259193104104,1000,PRUNED
749,0.00048603684990666807,2026-05-19 00:44:55.058045,2026-05-19 00:44:55.291135,0 days 00:00:00.233090,32,7.476285888530031,0.4890703697742371,0.009988161488709398,5,0.527000543380947,2000,PRUNED
750,0.00032406652462668717,2026-05-19 00:44:55.298550,2026-05-19 00:44:55.555240,0 days 00:00:00.256690,32,1.9713505369898086,0.32102614770414084,0.0063698934715272345,5,0.4652870121923926,4000,PRUNED
751,0.00031304723233915865,2026-05-19 00:44:55.562439,2026-05-19 00:44:55.799042,0 days 00:00:00.236603,16,1.005513856132589,0.22386837644406923,0.009051047062348386,5,0.4405255781020218,1000,PRUNED
752,0.0037507684901356697,2026-05-19 00:44:55.806228,2026-05-19 00:44:56.258668,0 days 00:00:00.452440,64,3.3366998030370754,0.6293271300597966,0.005729496960440973,5,0.48620748241925243,3000,PRUNED
753,0.0024559181183576584,2026-05-19 00:44:56.265924,2026-05-19 00:44:56.502925,0 days 00:00:00.237001,32,1.351388888431678,1.014400059513322,0.008042022155803477,5,0.33342970831580043,5000,PRUNED
754,7.083318632794544e-05,2026-05-19 00:44:56.510073,2026-05-19 00:44:56.897484,0 days 00:00:00.387411,32,4.646161402426622,0.7738359117752238,0.007234701596753022,4,0.3829201882235243,4000,PRUNED
755,0.0013037259923294187,2026-05-19 00:44:56.904980,2026-05-19 00:44:57.135080,0 days 00:00:00.230100,128,5.247775364288398,0.5592193673631872,0.008768526029073959,5,0.628702114577745,1000,PRUNED
756,0.0005649842787533998,2026-05-19 00:44:57.141813,2026-05-19 00:44:57.375863,0 days 00:00:00.234050,32,4.379463315942387,0.465277649680168,0.0016083925390333955,5,0.7756138110692005,4000,PRUNED
757,0.0005155741237103939,2026-05-19 00:44:57.383121,2026-05-19 00:44:57.604863,0 days 00:00:00.221742,32,5.693583951558873,1.168144341560202,0.006370023078435558,3,0.4789880883634592,3000,PRUNED
758,0.0012470156652852893,2026-05-19 00:44:57.612136,2026-05-19 00:44:57.804791,0 days 00:00:00.192655,32,9.07475196594035,0.3687385453219771,0.002905248999748947,3,0.4962549908682463,3000,PRUNED
759,3.626000398071483e-05,2026-05-19 00:44:57.812881,2026-05-19 00:44:58.250363,0 days 00:00:00.437482,32,2.832968377444066,0.6281878375823459,0.007846685920057946,5,0.8680494649359966,4000,PRUNED
760,0.000508136407006532,2026-05-19 00:44:58.257507,2026-05-19 00:44:58.515794,0 days 00:00:00.258287,32,3.8464507938909174,0.8947297009844627,0.0019083347414224092,6,0.43124996980625663,1000,PRUNED
761,0.0052461945451796055,2026-05-19 00:44:58.523935,2026-05-19 00:44:58.752394,0 days 00:00:00.228459,112,14.320081615164716,1.4652473923403528,0.009153576719426187,5,0.4489853223634944,2000,PRUNED
762,0.0008524939185008407,2026-05-19 00:44:58.760890,2026-05-19 00:44:58.992795,0 days 00:00:00.231905,32,6.956846119859385,0.7421121094345662,0.006956959434236394,5,0.5123157932485353,3000,PRUNED
763,0.00023526193399447948,2026-05-19 00:44:59.001250,2026-05-19 00:44:59.204388,0 days 00:00:00.203138,32,4.9758739218440935,0.488519283512059,0.009978007483820236,4,0.8390146341802607,4000,PRUNED
764,0.0023993297945708036,2026-05-19 00:44:59.213230,2026-05-19 00:44:59.440881,0 days 00:00:00.227651,32,6.235569403160963,0.2690841338826878,0.008183653785126968,5,0.460983062332015,1000,PRUNED
765,0.0007113130413927138,2026-05-19 00:44:59.449070,2026-05-19 00:44:59.629481,0 days 00:00:00.180411,80,3.1346916632561337,0.6298433214289921,0.005280484208481903,3,0.5535587097787218,3000,PRUNED
766,0.002164976904168725,2026-05-19 00:44:59.635989,2026-05-19 00:44:59.866951,0 days 00:00:00.230962,32,8.255637443879127,0.928911802411675,0.007410438452419271,5,0.47040475790696323,3000,PRUNED
767,0.001965824281796813,2026-05-19 00:44:59.873665,2026-05-19 00:45:00.101572,0 days 00:00:00.227907,32,2.3779820734243993,0.7554130824883113,0.006615323777212995,5,0.4013585876720281,4000,PRUNED
768,3.965750875067897e-05,2026-05-19 00:45:00.108011,2026-05-19 00:45:01.445814,0 days 00:00:01.337803,48,4.1400803321137225,0.35905747992158404,0.008810564479673115,5,0.42149543677445145,4000,PRUNED
