number,value,datetime_start,datetime_complete,duration,params_hidden,params_lambda_ic,params_lambda_phys,params_lr,params_n_layers,params_scheduler_gamma,params_scheduler_step,state
659,0.0013709223130717874,2026-05-19 00:36:37.436661,2026-05-19 00:36:37.615471,0 days 00:00:00.178810,48,10.212050185317617,0.9893415937117722,0.009220877008973024,3,0.6519643519915137,5000,PRUNED
660,0.019148537889122963,2026-05-19 00:36:37.621962,2026-05-19 00:36:37.777288,0 days 00:00:00.155326,128,1.3255094719987712,1.9543349962498124,0.007253660003914762,2,0.508707608461876,4000,PRUNED
661,0.004663801286369562,2026-05-19 00:36:37.783834,2026-05-19 00:36:37.943769,0 days 00:00:00.159935,128,2.045162640543851,1.1605334018909688,0.008578023248211745,2,0.8147993019413932,5000,PRUNED
662,0.008551341481506824,2026-05-19 00:36:37.950490,2026-05-19 00:36:38.108438,0 days 00:00:00.157948,128,1.558154463007296,3.429977696299716,0.009238233659033394,2,0.8507996051749561,4000,PRUNED
663,0.006067839916795492,2026-05-19 00:36:38.115297,2026-05-19 00:36:38.273043,0 days 00:00:00.157746,128,1.8500932733756446,0.434716130473325,0.007965754115976866,2,0.6286550927972027,5000,PRUNED
664,0.0014482242986559868,2026-05-19 00:36:38.279685,2026-05-19 00:36:38.434916,0 days 00:00:00.155231,128,5.075398502366187,2.44437180656996,0.009297306571068465,2,0.4876524871800586,4000,PRUNED
665,0.004826697520911694,2026-05-19 00:36:38.441639,2026-05-19 00:36:38.595110,0 days 00:00:00.153471,128,2.2537542962636055,1.3951309031383503,0.00850016630348845,2,0.5217520067218815,4000,PRUNED
666,0.015859197825193405,2026-05-19 00:36:38.601527,2026-05-19 00:36:38.757364,0 days 00:00:00.155837,48,1.6594884212385865,1.7666146385729558,0.009956409055183605,2,0.6531187382556641,5000,PRUNED
667,0.0021764629054814577,2026-05-19 00:36:38.764204,2026-05-19 00:36:38.916837,0 days 00:00:00.152633,128,1.43491466334637,2.2140846511368095,0.009992533395018505,2,0.7375297036478151,5000,PRUNED
668,0.012017331086099148,2026-05-19 00:36:38.923489,2026-05-19 00:36:39.070699,0 days 00:00:00.147210,128,1.9521998393684297,1.5901145255702274,0.0076775667348562065,2,0.5428513830686891,3000,PRUNED
669,0.04388761892914772,2026-05-19 00:36:39.076958,2026-05-19 00:36:39.300065,0 days 00:00:00.223107,128,1.7740177179064684,2.7151279012384646,0.00861839043811554,5,0.6125899033838719,2000,PRUNED
670,0.0067715453915297985,2026-05-19 00:36:39.306783,2026-05-19 00:36:39.469577,0 days 00:00:00.162794,112,1.5925196831713997,0.0010826366524859514,0.00682923397705515,2,0.5843124911011669,4000,PRUNED
671,0.00568316550925374,2026-05-19 00:36:39.476976,2026-05-19 00:36:39.630390,0 days 00:00:00.153414,128,2.1380628063352534,0.6424573955438667,0.005743658778761765,2,0.7255914744503571,5000,PRUNED
672,0.006615581456571817,2026-05-19 00:36:39.638320,2026-05-19 00:36:39.791780,0 days 00:00:00.153460,128,1.2583679860861308,0.32724407615558904,0.007927617910385812,2,0.7534492606481961,4000,PRUNED
673,0.0017609873320907354,2026-05-19 00:36:39.799870,2026-05-19 00:36:39.948652,0 days 00:00:00.148782,128,1.8275115448732653,1.2769919287154405,0.009126454011255872,2,0.44731199375878067,5000,PRUNED
674,0.007331399712711573,2026-05-19 00:36:39.956815,2026-05-19 00:36:40.106667,0 days 00:00:00.149852,128,1.4958865008019875,2.0289873772901523,0.008569899802741658,2,0.5020719379040599,4000,PRUNED
675,2.3980033802217804e-05,2026-05-19 00:36:40.113912,2026-05-19 00:36:41.626857,0 days 00:00:01.512945,128,1.9813677578183888,1.7253035255420104,0.009237879725068622,2,0.6319341493225838,5000,PRUNED
676,0.0034586077090352774,2026-05-19 00:36:41.634841,2026-05-19 00:36:41.809315,0 days 00:00:00.174474,112,2.5949590864865884,0.006595818667046734,0.007411989973252524,3,0.5682446864315652,4000,PRUNED
677,0.0014574294909834862,2026-05-19 00:36:41.816545,2026-05-19 00:36:41.964882,0 days 00:00:00.148337,128,1.67805232149826,1.4308247646284766,0.009996331526113242,2,0.6723528298161595,5000,PRUNED
678,0.005113930441439152,2026-05-19 00:36:41.972260,2026-05-19 00:36:42.123672,0 days 00:00:00.151412,128,1.391492741361186,0.08860130250146939,0.008192950178736842,2,0.6450911686730587,4000,PRUNED
679,0.03331732377409935,2026-05-19 00:36:42.130016,2026-05-19 00:36:42.334158,0 days 00:00:00.204142,128,1.0919552717797985,1.9760854817981206,0.0066064730683749176,4,0.47513060156552994,5000,PRUNED
680,0.02593781240284443,2026-05-19 00:36:42.340629,2026-05-19 00:36:42.494215,0 days 00:00:00.153586,32,2.210681337677739,1.06296809559573,0.000809095479892508,2,0.8284150685074477,5000,PRUNED
681,0.002750794170424342,2026-05-19 00:36:42.500938,2026-05-19 00:36:42.653043,0 days 00:00:00.152105,48,1.8284557561230974,0.17321796057182964,0.0090583124136141,2,0.6638900051099923,4000,PRUNED
682,0.04166354984045029,2026-05-19 00:36:42.659692,2026-05-19 00:36:42.820933,0 days 00:00:00.161241,128,1.6096053852259875,7.261889654777989,0.008104467546780278,2,0.7128091830009782,5000,PRUNED
683,0.010009354911744595,2026-05-19 00:36:42.827955,2026-05-19 00:36:42.985477,0 days 00:00:00.157522,80,2.0153922790981724,2.365298429464451,0.009211036874479817,2,0.8704922539855315,4000,PRUNED
684,0.02061048522591591,2026-05-19 00:36:42.992264,2026-05-19 00:36:43.234995,0 days 00:00:00.242731,64,1.5216553296820547,1.5476344246657094,0.007168784247211262,6,0.4969824759409503,3000,PRUNED
685,0.0035908129066228867,2026-05-19 00:36:43.241381,2026-05-19 00:36:43.395841,0 days 00:00:00.154460,128,1.8151407161756776,3.200318663695495,0.009995817004125643,2,0.6230362045527041,5000,PRUNED
686,0.004139534197747707,2026-05-19 00:36:43.402347,2026-05-19 00:36:43.562434,0 days 00:00:00.160087,128,1.6943559352892996,1.2504463582470173,0.008616320753215684,2,0.5329365186080094,4000,PRUNED
687,0.010997538454830647,2026-05-19 00:36:43.569376,2026-05-19 00:36:43.732914,0 days 00:00:00.163538,128,2.3256476789273686,1.8480575331867923,0.007797720765694754,2,0.7906456011547716,5000,PRUNED
688,0.02053990587592125,2026-05-19 00:36:43.739590,2026-05-19 00:36:43.903609,0 days 00:00:00.164019,128,1.9817647334448838,2.620848565195237,0.00024304986615923026,2,0.6968591338027945,4000,PRUNED
689,0.0016158177750185132,2026-05-19 00:36:43.910446,2026-05-19 00:36:44.057290,0 days 00:00:00.146844,128,1.369488684971264,0.06195972312300083,0.008804514473767084,2,0.7676412606729728,1000,PRUNED
690,0.0016531553119421005,2026-05-19 00:36:44.064910,2026-05-19 00:36:44.214974,0 days 00:00:00.150064,128,1.7241237816798625,0.01344460603913351,0.0093074206627792,2,0.4110128273631511,5000,PRUNED
691,0.011778399348258972,2026-05-19 00:36:44.222935,2026-05-19 00:36:44.371262,0 days 00:00:00.148327,128,1.541982798323082,0.8909820159319943,0.0074724834752459435,2,0.7218103667077707,4000,PRUNED
692,0.04408225044608116,2026-05-19 00:36:44.379006,2026-05-19 00:36:44.599266,0 days 00:00:00.220260,128,1.900468065007504,2.174311301213987,0.00837026875107898,5,0.6042422413312972,5000,PRUNED
693,0.009008873254060745,2026-05-19 00:36:44.607199,2026-05-19 00:36:44.759490,0 days 00:00:00.152291,16,2.121475380426717,1.5136877528882149,0.009064789992338186,2,0.48963199585711276,4000,PRUNED
694,0.002338987309485674,2026-05-19 00:36:44.765893,2026-05-19 00:36:44.916909,0 days 00:00:00.151016,128,1.236226083924736,1.776274591798829,0.00930225649499067,2,0.5129961202205795,5000,PRUNED
695,0.007242873311042786,2026-05-19 00:36:44.923436,2026-05-19 00:36:45.075612,0 days 00:00:00.152176,128,1.6302149571315716,1.2209279414220866,0.0005791353151054891,2,0.46568931348928677,4000,PRUNED
696,9.312519250670448e-05,2026-05-19 00:36:45.081855,2026-05-19 00:36:45.386721,0 days 00:00:00.304866,32,1.8065707101657922,0.10378218234359407,0.00997369529192726,3,0.742735440354074,5000,PRUNED
697,0.0020177506376057863,2026-05-19 00:36:45.393434,2026-05-19 00:36:45.544570,0 days 00:00:00.151136,48,23.04213792968065,0.39212379327521424,0.008035298085468767,2,0.6403378676013655,4000,PRUNED
698,0.02061787247657776,2026-05-19 00:36:45.551001,2026-05-19 00:36:45.701731,0 days 00:00:00.150730,128,1.3883485701305711,2.1913459631014263,0.006478946015963558,2,0.6772521740088865,5000,PRUNED
699,0.0027606359217315912,2026-05-19 00:36:45.708234,2026-05-19 00:36:45.865466,0 days 00:00:00.157232,64,2.4049435422622882,0.03871537754212271,0.008524303474610705,2,0.6574682413249759,4000,PRUNED
700,0.0011418034555390477,2026-05-19 00:36:45.871817,2026-05-19 00:36:46.071908,0 days 00:00:00.200091,128,1.9716007777334938,0.2283255649367227,0.009996527071780923,4,0.5913380857610444,5000,PRUNED
701,0.008455794304609299,2026-05-19 00:36:46.078095,2026-05-19 00:36:46.231856,0 days 00:00:00.153761,112,1.493652183905081,0.004671252021769906,0.0072821772345573015,2,0.7096887212737164,4000,PRUNED
702,0.00013864334323443472,2026-05-19 00:36:46.238402,2026-05-19 00:36:46.505319,0 days 00:00:00.266917,128,1.6994886303406822,0.13019890881309484,0.00865894065519362,2,0.4366170147871187,3000,PRUNED
703,0.00012925830378662795,2026-05-19 00:36:46.512138,2026-05-19 00:36:46.808093,0 days 00:00:00.295955,128,2.137656643148008,0.5345559338376668,0.009305619155640646,2,0.5517514214603347,4000,PRUNED
704,0.01717245578765869,2026-05-19 00:36:46.815263,2026-05-19 00:36:46.973539,0 days 00:00:00.158276,128,1.8132860587417268,2.749593854089928,0.007838151360109704,2,0.6912580733936674,5000,PRUNED
705,0.010528851300477982,2026-05-19 00:36:46.980231,2026-05-19 00:36:47.137203,0 days 00:00:00.156972,128,1.6070210013073145,4.352489116931287,0.009999765958944827,2,0.4814889077418188,5000,PRUNED
706,0.004705348983407021,2026-05-19 00:36:47.144844,2026-05-19 00:36:47.308412,0 days 00:00:00.163568,128,1.9048029139143017,1.712057811083863,0.008555438713119048,2,0.5769829990682624,4000,PRUNED
707,0.002380204852670431,2026-05-19 00:36:47.315006,2026-05-19 00:36:47.466440,0 days 00:00:00.151434,128,1.4461543086788213,0.7442894555426124,0.009992455711253685,2,0.5196580457883488,5000,PRUNED
708,0.011353429406881332,2026-05-19 00:36:47.473037,2026-05-19 00:36:47.623343,0 days 00:00:00.150306,128,1.7616040130008035,1.4650765349920363,0.007779485933417085,2,0.7308572330227101,4000,PRUNED
709,0.011731728911399841,2026-05-19 00:36:47.630105,2026-05-19 00:36:47.784645,0 days 00:00:00.154540,112,2.0429012097117307,1.8229801625166537,0.009134092472923268,2,0.6250708037242048,5000,PRUNED
710,0.014072458259761333,2026-05-19 00:36:47.791218,2026-05-19 00:36:47.941592,0 days 00:00:00.150374,128,1.1285589615524905,1.0335346606496965,0.0070723986623903385,2,0.8966469627974394,4000,PRUNED
711,0.021693000569939613,2026-05-19 00:36:47.947896,2026-05-19 00:36:48.099567,0 days 00:00:00.151671,128,1.5776830923920533,2.138762649485562,0.0018374135301852386,2,0.685290477835705,5000,PRUNED
712,0.005440054927021265,2026-05-19 00:36:48.106178,2026-05-19 00:36:48.260777,0 days 00:00:00.154599,128,1.7214975312046767,1.3069305395143567,0.008467176981305299,2,0.6128532223809688,5000,PRUNED
713,0.030309217050671577,2026-05-19 00:36:48.267436,2026-05-19 00:36:48.419486,0 days 00:00:00.152050,48,1.3186885120994571,3.156588438465155,0.009259092871932271,2,0.6438359573050787,4000,PRUNED
714,0.010536652989685535,2026-05-19 00:36:48.425914,2026-05-19 00:36:48.579050,0 days 00:00:00.153136,32,2.2581100622531767,1.546140227215995,0.008088161329349981,2,0.7565709633970794,5000,PRUNED
715,0.003104033414274454,2026-05-19 00:36:48.586294,2026-05-19 00:36:48.746350,0 days 00:00:00.160056,128,1.5119256624111437,2.2522822017050057,0.009217852267724915,2,0.7038455780439469,4000,PRUNED
716,0.008266571909189224,2026-05-19 00:36:48.754760,2026-05-19 00:36:48.922669,0 days 00:00:00.167909,128,1.8714760145992164,2.6123397939838107,0.008516173599298318,2,0.6637961493225292,5000,PRUNED
717,0.014129411429166794,2026-05-19 00:36:48.931389,2026-05-19 00:36:49.094649,0 days 00:00:00.163260,128,2.025729933138713,1.9682652220810029,0.007455760465427729,2,0.7206876057282093,4000,PRUNED
718,0.005169752053916454,2026-05-19 00:36:49.103292,2026-05-19 00:36:49.298619,0 days 00:00:00.195327,128,1.6391059844298377,1.3626084537574013,0.006283892690837582,3,0.5022016065557666,5000,PRUNED
719,0.0018355564679950476,2026-05-19 00:36:49.305978,2026-05-19 00:36:49.453903,0 days 00:00:00.147925,128,1.847766059492007,0.28398745556354954,0.009165972582496195,2,0.5355499521886434,2000,PRUNED
720,0.007881207391619682,2026-05-19 00:36:49.460509,2026-05-19 00:36:49.614513,0 days 00:00:00.154004,128,1.6837180326927013,1.771927998238801,0.008226258199351263,2,0.630469351893248,5000,PRUNED
721,0.001732697943225503,2026-05-19 00:36:49.620954,2026-05-19 00:36:49.792788,0 days 00:00:00.171834,128,1.483682260401604,1.0734266236659056,0.009134823162785634,2,0.558753485640519,4000,PRUNED
722,0.009900692850351334,2026-05-19 00:36:49.799337,2026-05-19 00:36:49.959119,0 days 00:00:00.159782,112,2.1449778495320846,0.08343618698901215,0.007774212686089586,2,0.6756550989830197,4000,PRUNED
723,0.0013177860528230667,2026-05-19 00:36:49.965800,2026-05-19 00:36:50.128103,0 days 00:00:00.162303,128,2.5068904944170103,0.04929046867857138,0.00999384048830837,2,0.7381804717648889,5000,PRUNED
724,5.9424502978799865e-05,2026-05-19 00:36:50.135036,2026-05-19 00:36:50.414473,0 days 00:00:00.279437,128,1.3343230135514008,1.5859426710322557,0.009995821740907835,2,0.45781351969513034,4000,PRUNED
725,0.0032805539667606354,2026-05-19 00:36:50.422298,2026-05-19 00:36:50.571216,0 days 00:00:00.148918,64,20.038505893904105,2.4905814165720876,0.004098333510663608,2,0.5247389508501331,5000,PRUNED
726,0.015413307584822178,2026-05-19 00:36:50.577671,2026-05-19 00:36:50.732832,0 days 00:00:00.155161,128,1.9376328650958767,2.0391639394910657,0.006907063140306239,2,0.6917925869433128,4000,PRUNED
727,0.004348409827798605,2026-05-19 00:36:50.739153,2026-05-19 00:36:50.892177,0 days 00:00:00.153024,128,1.6978372593410354,1.2423704823946498,0.008598081760928963,2,0.6462810058499743,5000,PRUNED
728,0.004383424762636423,2026-05-19 00:36:50.898555,2026-05-19 00:36:51.055298,0 days 00:00:00.156743,96,1.6060576684502452,0.01960339168475203,0.00871089058730729,2,0.6564207165596858,4000,PRUNED
729,0.02051464468240738,2026-05-19 00:36:51.062094,2026-05-19 00:36:51.222427,0 days 00:00:00.160333,48,1.2149637787847116,1.661610109554763,0.007573484887491724,2,0.7793361343250713,4000,PRUNED
730,0.004973969887942076,2026-05-19 00:36:51.229546,2026-05-19 00:36:51.382373,0 days 00:00:00.152827,128,46.32616782850981,2.7944070044382188,0.009217199117888056,2,0.7096912217468585,5000,PRUNED
731,0.026470936834812164,2026-05-19 00:36:51.388670,2026-05-19 00:36:51.550085,0 days 00:00:00.161415,80,1.8804680213631517,3.7862946849948598,0.008326616774516283,2,0.4823803823098321,5000,PRUNED
732,0.002384837018325925,2026-05-19 00:36:51.556519,2026-05-19 00:36:51.717078,0 days 00:00:00.160559,128,2.206646400281096,0.920501171585366,0.009991828457601977,2,0.5986171300802001,4000,PRUNED
733,0.001510104164481163,2026-05-19 00:36:51.723839,2026-05-19 00:36:51.882653,0 days 00:00:00.158814,128,1.4535951284432367,0.6446442226608694,0.009196688743569945,2,0.5440220246632388,3000,PRUNED
734,0.016993628814816475,2026-05-19 00:36:51.888907,2026-05-19 00:36:52.047627,0 days 00:00:00.158720,32,1.7801086081378241,2.1453827282263123,0.00788595854149742,2,0.5116832396653843,5000,PRUNED
735,0.004796911496669054,2026-05-19 00:36:52.054253,2026-05-19 00:36:52.218503,0 days 00:00:00.164250,128,3.96050339366655,1.3261230445387735,0.00567926780823767,2,0.6179347149147822,4000,PRUNED
736,0.0011359278578311205,2026-05-19 00:36:52.225710,2026-05-19 00:36:52.448110,0 days 00:00:00.222400,48,2.773207218396495,0.13957719938606597,0.006899204112811426,5,0.6678876924982419,5000,PRUNED
737,0.0038524167612195015,2026-05-19 00:36:52.454784,2026-05-19 00:36:52.615948,0 days 00:00:00.161164,128,2.042965196892897,1.8662829449281175,0.00866722047190386,2,0.4969194440993457,4000,PRUNED
738,0.011679785326123238,2026-05-19 00:36:52.622465,2026-05-19 00:36:52.787017,0 days 00:00:00.164552,112,1.5515798365894888,1.5262688243436522,0.009272153542963868,2,0.8086898501982901,2000,PRUNED
739,0.003909428603947163,2026-05-19 00:36:52.794650,2026-05-19 00:36:52.968320,0 days 00:00:00.173670,128,1.7598098794685892,0.10721795399801726,0.007948423324700424,3,0.699194333457664,5000,PRUNED
740,0.00023136928211897612,2026-05-19 00:36:52.975929,2026-05-19 00:36:53.251865,0 days 00:00:00.275936,128,27.945051468695894,2.4419208075877266,0.0073105183802233764,2,0.84175273370819,4000,PRUNED
741,0.0029775314033031464,2026-05-19 00:36:53.260466,2026-05-19 00:36:53.412438,0 days 00:00:00.151972,128,1.966325852712941,0.4896295121346716,0.0006774444118456432,2,0.7247535060653204,5000,PRUNED
742,0.0015061135636642575,2026-05-19 00:36:53.420535,2026-05-19 00:36:53.568024,0 days 00:00:00.147489,128,1.3868332208567065,1.1475350960404906,0.009984003542232823,2,0.679957377128589,4000,PRUNED
743,0.005246853921562433,2026-05-19 00:36:53.575870,2026-05-19 00:36:53.737486,0 days 00:00:00.161616,128,2.3436114351863493,1.7778938174656818,0.00848168783840815,2,0.6361327699600339,5000,PRUNED
744,0.03535113483667374,2026-05-19 00:36:53.745157,2026-05-19 00:36:53.949040,0 days 00:00:00.203883,128,1.6045749780278469,3.1805859578642632,0.002765926039551815,4,0.7471120979452152,5000,PRUNED
745,0.0017408415442332625,2026-05-19 00:36:53.955422,2026-05-19 00:36:54.111083,0 days 00:00:00.155661,128,1.7861849429253398,2.001219080827772,0.009104322073004625,2,0.715534736568604,4000,PRUNED
746,0.004282219801098108,2026-05-19 00:36:54.118028,2026-05-19 00:36:54.279791,0 days 00:00:00.161763,128,35.16306138683807,1.447982229600148,0.0080037783390666,2,0.6075954911067981,5000,PRUNED
747,0.016726352274417877,2026-05-19 00:36:54.286153,2026-05-19 00:36:54.447454,0 days 00:00:00.161301,16,1.9799877633380072,2.3652757888777476,0.009991174497185642,2,0.6533722444053244,4000,PRUNED
748,0.005696218926459551,2026-05-19 00:36:54.455220,2026-05-19 00:36:54.605836,0 days 00:00:00.150616,128,1.642244676747126,0.07666990923725038,0.006466221908887648,2,0.570716195755826,5000,PRUNED
749,0.005169752519577742,2026-05-19 00:36:54.612843,2026-05-19 00:36:54.771648,0 days 00:00:00.158805,128,1.4817005426680177,1.709705874730032,0.008657176202568083,2,0.8624567033717608,4000,PRUNED
750,0.002293784637004137,2026-05-19 00:36:54.778324,2026-05-19 00:36:54.930329,0 days 00:00:00.152005,128,1.275646915042755,1.2057273540016475,0.00894779443973463,2,0.7335805955962997,5000,PRUNED
751,0.015680916607379913,2026-05-19 00:36:54.936683,2026-05-19 00:36:55.095580,0 days 00:00:00.158897,128,1.8111361411134952,2.0151383506289937,0.007232090248633949,2,0.6900997657167581,4000,PRUNED
752,0.00633635139092803,2026-05-19 00:36:55.101734,2026-05-19 00:36:55.260130,0 days 00:00:00.158396,128,2.205491518700966,1.4604304804968247,0.000410027916869998,2,0.5258607030924916,5000,PRUNED
753,0.001923383679240942,2026-05-19 00:36:55.266616,2026-05-19 00:36:55.420351,0 days 00:00:00.153735,128,2.0214224398146365,2.503772548848309,0.00918577534042933,2,0.4746580052542073,3000,PRUNED
754,0.004465967416763306,2026-05-19 00:36:55.426636,2026-05-19 00:36:55.584689,0 days 00:00:00.158053,128,1.689891881287537,0.8557991432797792,0.0011160716605445058,2,0.36573600170932136,4000,PRUNED
755,0.00013980860239826143,2026-05-19 00:36:55.591589,2026-05-19 00:36:55.871766,0 days 00:00:00.280177,128,1.5598097607422496,0.20074790799231373,0.00805288732624487,2,0.628702114577745,5000,PRUNED
756,0.0018302510725334287,2026-05-19 00:36:55.878028,2026-05-19 00:36:56.035882,0 days 00:00:00.157854,64,1.8617597650853948,0.16220775140867155,0.009971251525324576,2,0.8209024781788922,5000,PRUNED
757,0.0064602564089000225,2026-05-19 00:36:56.042013,2026-05-19 00:36:56.195014,0 days 00:00:00.153001,128,1.3952772087268976,1.7511960368021453,0.008579779469174044,2,0.581138269002465,4000,PRUNED
758,0.01821521483361721,2026-05-19 00:36:56.201554,2026-05-19 00:36:56.353486,0 days 00:00:00.151932,48,12.625169653182336,1.0300281511733114,0.00031587529216284304,2,0.4216739917694351,4000,PRUNED
759,0.011655174195766449,2026-05-19 00:36:56.359777,2026-05-19 00:36:56.513950,0 days 00:00:00.154173,128,1.0988472900966921,2.867610159510534,0.0092653644911194,2,0.7039910514100653,5000,PRUNED
760,0.004700413439422846,2026-05-19 00:36:56.520175,2026-05-19 00:36:56.680970,0 days 00:00:00.160795,48,1.7073698481392037,0.7314737972394904,0.0076190997819084475,2,0.4891714095670405,4000,PRUNED
761,0.04766945168375969,2026-05-19 00:36:56.687422,2026-05-19 00:36:56.918462,0 days 00:00:00.231040,128,2.1395348454816987,2.231053521878975,0.009985233354146564,5,0.6732629892095595,4000,PRUNED
762,0.006167509593069553,2026-05-19 00:36:56.926217,2026-05-19 00:36:57.087173,0 days 00:00:00.160956,128,1.870330674022234,1.4398804757738592,0.00832177624931222,2,0.5036385665113144,5000,PRUNED
763,0.0431843064725399,2026-05-19 00:36:57.096253,2026-05-19 00:36:57.301428,0 days 00:00:00.205175,128,1.5220283472715777,1.9193381836684675,0.009192583598577992,4,0.6844867229500343,5000,PRUNED
764,0.00012021522707073018,2026-05-19 00:36:57.309436,2026-05-19 00:36:57.766036,0 days 00:00:00.456600,128,2.411718367380508,1.2520250003412272,0.004510991993762376,6,0.641074648293653,4000,PRUNED
765,0.006579255685210228,2026-05-19 00:36:57.775141,2026-05-19 00:36:57.935014,0 days 00:00:00.159873,112,7.292061993022916,1.6717151238750174,0.007283204656841108,2,0.5161508131894009,5000,PRUNED
766,0.0031119692139327526,2026-05-19 00:36:57.944144,2026-05-19 00:36:58.103249,0 days 00:00:00.159105,128,2.0178166117753005,0.09837557961812654,0.008593918981217925,2,0.4620901411172391,4000,PRUNED
767,0.013837158679962158,2026-05-19 00:36:58.110865,2026-05-19 00:36:58.269717,0 days 00:00:00.158852,128,1.7041366713614883,2.268090572550011,0.007946260846309866,2,0.5919651783667861,1000,PRUNED
768,5.938284084550105e-05,2026-05-19 00:36:58.276747,2026-05-19 00:36:58.555630,0 days 00:00:00.278883,128,1.4081043793279935,1.6613531198546614,0.009994417314049805,2,0.7600913189085172,5000,PRUNED
