number,value,datetime_start,datetime_complete,duration,params_hidden,params_lambda_ic,params_lambda_phys,params_lr,params_n_layers,params_scheduler_gamma,params_scheduler_step,state
989,0.001999308355152607,2026-05-19 00:37:51.109542,2026-05-19 00:37:51.273856,0 days 00:00:00.164314,128,1.4541714158552939,2.2043849108176063,0.009971710223525013,2,0.6897017219434847,5000,PRUNED
990,0.004509797785431147,2026-05-19 00:37:51.280642,2026-05-19 00:37:51.455954,0 days 00:00:00.175312,112,1.840863143488483,0.13960834139884037,0.009996365833370182,3,0.7301714837507652,5000,PRUNED
991,0.002806002739816904,2026-05-19 00:37:51.463459,2026-05-19 00:37:51.621292,0 days 00:00:00.157833,128,92.34892039168818,1.6635454110893084,0.006151536483194407,2,0.5750631450650505,5000,PRUNED
992,0.008824481628835201,2026-05-19 00:37:51.628931,2026-05-19 00:37:51.791962,0 days 00:00:00.163031,32,1.6170679041112561,0.9923453068591481,0.007829699454853262,2,0.5285909073734788,5000,PRUNED
993,0.00018595541769172996,2026-05-19 00:37:51.800275,2026-05-19 00:37:52.122963,0 days 00:00:00.322688,48,2.072598658791536,0.3058631216433818,0.009209826142611333,3,0.5033554652328305,5000,PRUNED
994,0.013818919658660889,2026-05-19 00:37:52.130885,2026-05-19 00:37:52.294829,0 days 00:00:00.163944,128,1.1937273163727633,2.5735955371382215,0.008657593609772292,2,0.45931683008309376,3000,PRUNED
995,0.01645192690193653,2026-05-19 00:37:52.302743,2026-05-19 00:37:52.458956,0 days 00:00:00.156213,128,1.5149228320935548,1.8335124737981099,0.007438501969107934,2,0.6311687475501928,5000,PRUNED
996,0.0041430736891925335,2026-05-19 00:37:52.465944,2026-05-19 00:37:52.619293,0 days 00:00:00.153349,128,1.7675914955390988,0.07083018699650345,0.009990318227301086,2,0.6720562593907605,2000,PRUNED
997,0.011267408728599548,2026-05-19 00:37:52.625895,2026-05-19 00:37:52.790708,0 days 00:00:00.164813,128,1.3605350201720898,1.264902250741984,0.0008401361913071096,2,0.34611464198928044,5000,PRUNED
998,0.027582772076129913,2026-05-19 00:37:52.797388,2026-05-19 00:37:53.003758,0 days 00:00:00.206370,128,1.9456155858021509,1.514022642768142,0.008629795446834624,4,0.6158056860125747,5000,PRUNED
999,0.026460444554686546,2026-05-19 00:37:53.010501,2026-05-19 00:37:53.170432,0 days 00:00:00.159931,128,1.6258346295007782,3.365629056507088,0.0066949207485686646,2,0.6462729489696022,5000,PRUNED
