number,value,datetime_start,datetime_complete,duration,params_hidden,params_lambda_ic,params_lambda_phys,params_lr,params_n_layers,params_scheduler_gamma,params_scheduler_step,state
0,4.5873606723034754e-05,2026-05-19 00:31:52.241123,2026-05-19 00:31:58.198307,0 days 00:00:05.957184,48,15.75132049977973,0.8471801418819978,0.0002051338263087451,6,0.3935967122017216,1000,COMPLETE
1,1.0427471352159046e-05,2026-05-19 00:31:58.210439,2026-05-19 00:32:03.054433,0 days 00:00:04.843994,112,1.0994335574766196,0.679657809075816,0.008706020878304856,5,0.7994655844802532,2000,COMPLETE
2,4.377520235721022e-05,2026-05-19 00:32:03.067447,2026-05-19 00:32:12.348680,0 days 00:00:09.281233,32,11.207606211860567,0.016480446427978974,0.0007309539835912913,2,0.47473748411882516,4000,COMPLETE
3,2.01622060558293e-05,2026-05-19 00:32:12.358113,2026-05-19 00:32:17.381440,0 days 00:00:05.023327,32,8.168455894760163,0.029204338471814112,0.0037183641805732083,3,0.41980426929501585,3000,COMPLETE
4,7.970280421432108e-05,2026-05-19 00:32:17.389423,2026-05-19 00:32:21.904855,0 days 00:00:04.515432,80,2.1930485556643684,0.26926469100861794,0.00013492834268013249,2,0.8693313223520001,5000,COMPLETE
5,0.08186183124780655,2026-05-19 00:32:21.913259,2026-05-19 00:32:22.077943,0 days 00:00:00.164684,112,23.359635026261596,0.002458603276328005,0.0007591104805282694,3,0.3732229409068673,3000,PRUNED
6,0.15550988912582397,2026-05-19 00:32:22.085454,2026-05-19 00:32:22.337318,0 days 00:00:00.251864,16,21.137059440645725,0.010842262717330166,0.0004201672054372534,6,0.6120408127066865,3000,PRUNED
7,0.00010517054761294276,2026-05-19 00:32:22.344590,2026-05-19 00:32:25.769517,0 days 00:00:03.424927,32,75.68292060167619,1.2604664585649468,0.006161049539380964,6,0.6587399872866511,5000,PRUNED
8,0.13186325132846832,2026-05-19 00:32:25.776354,2026-05-19 00:32:25.920866,0 days 00:00:00.144512,16,4.473636174621264,0.0015167330688076208,0.0005989003672254305,2,0.4628094190643376,5000,PRUNED
9,2.248569580842741e-05,2026-05-19 00:32:25.927292,2026-05-19 00:32:29.565945,0 days 00:00:03.638653,48,1.9135880487692298,0.14817820606039092,0.0040215545266902904,3,0.3447303862078625,5000,COMPLETE
10,0.04671500250697136,2026-05-19 00:32:29.576196,2026-05-19 00:32:29.794492,0 days 00:00:00.218296,128,1.0862348973937128,7.553503645583189,0.0020124870829750945,5,0.8445988771695108,1000,PRUNED
11,0.0001840990298660472,2026-05-19 00:32:29.802478,2026-05-19 00:32:31.776087,0 days 00:00:01.973609,96,5.614406187645643,0.03299263281612611,0.007791470666172783,4,0.7165828206726954,2000,PRUNED
12,0.023846644908189774,2026-05-19 00:32:31.783907,2026-05-19 00:32:31.991368,0 days 00:00:00.207461,80,50.45980465205415,0.06323499520723179,0.0025997524114633797,4,0.7584476214151429,2000,PRUNED
13,4.133775655645877e-05,2026-05-19 00:32:31.997844,2026-05-19 00:32:35.978333,0 days 00:00:03.980489,128,4.957547237088645,0.6719370370554077,0.009481614884546465,5,0.5014692429438355,2000,COMPLETE
14,0.04865691438317299,2026-05-19 00:32:35.987148,2026-05-19 00:32:36.156663,0 days 00:00:00.169515,64,1.0497049531791511,7.967004230244099,0.0017311542042698074,3,0.5689023635135214,4000,PRUNED
15,0.0001937922352226451,2026-05-19 00:32:36.163181,2026-05-19 00:32:37.315890,0 days 00:00:01.152709,96,2.398016259789459,0.0058427702892325075,0.0039443310923374785,4,0.7684014107661562,3000,PRUNED
16,6.165888771647587e-05,2026-05-19 00:32:37.325009,2026-05-19 00:32:40.246381,0 days 00:00:02.921372,64,32.84333378375951,1.9137667848854465,0.004894057592170794,5,0.30318989941462504,2000,PRUNED
17,0.0003555551520548761,2026-05-19 00:32:40.253850,2026-05-19 00:32:41.474060,0 days 00:00:01.220210,112,9.1743040013787,0.24868362348057765,0.0014622504526962926,4,0.5658843807284422,4000,PRUNED
18,3.7480549508472905e-05,2026-05-19 00:32:41.480656,2026-05-19 00:32:45.302816,0 days 00:00:03.822160,48,3.590730683942248,0.08152728131129283,0.002941856699291304,3,0.8028443402811506,1000,COMPLETE
19,5.12219121446833e-05,2026-05-19 00:32:45.311503,2026-05-19 00:32:48.081538,0 days 00:00:02.770035,96,7.21912832410066,2.691351544793156,0.0011982448134112169,5,0.6857084583543333,2000,PRUNED
20,3.608047336456366e-05,2026-05-19 00:32:48.088716,2026-05-19 00:32:51.734205,0 days 00:00:03.645489,64,1.4551434647715578,0.3819990699050781,0.006535836560620915,4,0.5140223818248426,3000,COMPLETE
21,0.008342582732439041,2026-05-19 00:32:51.742853,2026-05-19 00:32:51.918723,0 days 00:00:00.175870,32,2.511081129051861,0.15143917440559612,0.0038644387988336624,3,0.30735355067611037,4000,PRUNED
22,4.2102790757780895e-05,2026-05-19 00:32:51.925799,2026-05-19 00:32:55.419963,0 days 00:00:03.494164,48,1.8043456627990686,0.051223328680669505,0.009924546987960532,3,0.38580956102708863,3000,COMPLETE
23,0.007377979811280966,2026-05-19 00:32:55.428222,2026-05-19 00:32:55.594525,0 days 00:00:00.166303,48,1.4831901169305548,0.0219323663938008,0.002892490476412582,3,0.4186352888748215,3000,PRUNED
24,0.019802600145339966,2026-05-19 00:32:55.602211,2026-05-19 00:32:55.772316,0 days 00:00:00.170105,32,3.1417639113887175,0.14777191851123586,0.004818178716505787,2,0.3478364425916031,4000,PRUNED
25,0.02325291745364666,2026-05-19 00:32:55.779200,2026-05-19 00:32:55.990543,0 days 00:00:00.211343,16,1.3343376463783772,0.007490447302888235,0.00554575836055187,4,0.8995296906256215,2000,PRUNED
26,7.279647252289578e-05,2026-05-19 00:32:55.997742,2026-05-19 00:32:58.781119,0 days 00:00:02.783377,80,12.412015871037324,0.6345849655555876,0.0022365294016646314,5,0.3409783494501535,5000,PRUNED
27,0.02024274505674839,2026-05-19 00:32:58.788613,2026-05-19 00:32:58.974326,0 days 00:00:00.185713,112,3.3822468030183894,3.3121114260311004,0.0034501876435724236,3,0.41690927744468353,3000,PRUNED
28,1.1983622243860736e-05,2026-05-19 00:32:58.980690,2026-05-19 00:33:01.429416,0 days 00:00:02.448726,48,1.8045227061384181,0.12907456676817416,0.00703070327536018,2,0.629245839345924,4000,COMPLETE
29,0.006279786583036184,2026-05-19 00:33:01.439725,2026-05-19 00:33:01.578216,0 days 00:00:00.138491,64,6.646081869560622,0.0399900938088983,0.0074276795757318576,2,0.6416624460475785,4000,PRUNED
30,0.0332849957048893,2026-05-19 00:33:01.584814,2026-05-19 00:33:01.731769,0 days 00:00:00.146955,32,1.0316925823458831,0.3522735776738417,0.00036843835523768704,2,0.5593372142756072,1000,PRUNED
31,2.0040228264406323e-05,2026-05-19 00:33:01.738149,2026-05-19 00:33:05.718005,0 days 00:00:03.979856,48,1.7907929613796831,0.12965471521992442,0.004422801680739028,3,0.4339089382220102,5000,COMPLETE
32,1.2293999134271871e-05,2026-05-19 00:33:05.728901,2026-05-19 00:33:08.702137,0 days 00:00:02.973236,48,1.7418713132529744,0.10017513906421632,0.007351677769373115,2,0.4482570249311303,4000,COMPLETE
33,1.0616597137413919e-05,2026-05-19 00:33:08.710417,2026-05-19 00:33:11.289589,0 days 00:00:02.579172,48,1.5535517336264937,0.10456280462252597,0.007938830815443679,2,0.5211504309787146,4000,COMPLETE
34,0.003987292759120464,2026-05-19 00:33:11.298656,2026-05-19 00:33:11.447050,0 days 00:00:00.148394,48,2.671623305354119,1.0229677468655096,0.00812723138509936,2,0.5194632546128337,4000,PRUNED
35,0.00036064189043827355,2026-05-19 00:33:11.453491,2026-05-19 00:33:11.705495,0 days 00:00:00.252004,64,1.3421520618538603,0.09447951508497698,0.00994571565700748,2,0.47083681857958537,4000,PRUNED
36,0.004143821075558662,2026-05-19 00:33:11.711732,2026-05-19 00:33:11.858735,0 days 00:00:00.147003,80,1.9110618077661141,0.015685614828799984,0.0062365961989451725,2,0.5977767256650558,4000,PRUNED
37,0.020207993686199188,2026-05-19 00:33:11.864867,2026-05-19 00:33:12.106375,0 days 00:00:00.241508,48,4.252381896651979,0.22029345485768376,0.00019607547923012453,6,0.7264606008878294,4000,PRUNED
38,0.05657663568854332,2026-05-19 00:33:12.112737,2026-05-19 00:33:12.260478,0 days 00:00:00.147741,32,1.4996282686175946,0.5411830240165267,0.0001113717572032857,2,0.5357466301982978,4000,PRUNED
39,0.016355840489268303,2026-05-19 00:33:12.266770,2026-05-19 00:33:12.412922,0 days 00:00:00.146152,16,2.2861143113084794,0.06082523722313295,0.00578443687985337,2,0.6460548735927814,5000,PRUNED
40,0.00037417354178614914,2026-05-19 00:33:12.419492,2026-05-19 00:33:12.670102,0 days 00:00:00.250610,64,2.963712214806334,0.2128477385711956,0.008167124095597179,2,0.828821519874891,3000,PRUNED
41,0.004462943412363529,2026-05-19 00:33:12.676431,2026-05-19 00:33:12.820246,0 days 00:00:00.143815,48,1.8380513474310385,0.11823905652056405,0.0047900524313294595,2,0.4410251569070323,5000,PRUNED
42,1.6163168766070157e-05,2026-05-19 00:33:12.826695,2026-05-19 00:33:15.944083,0 days 00:00:03.117388,32,1.7603721854396042,0.3595683086881991,0.007187124388431463,3,0.4902141025492326,5000,COMPLETE
43,0.004690622445195913,2026-05-19 00:33:15.955523,2026-05-19 00:33:16.094738,0 days 00:00:00.139215,32,1.2172975271436266,0.3795422019349791,0.0066112754484969815,2,0.6124767367704378,5000,PRUNED
44,0.032770995050668716,2026-05-19 00:33:16.102819,2026-05-19 00:33:16.267505,0 days 00:00:00.164686,16,1.644385570048436,1.1075036889443892,0.00786270693962302,3,0.4854883966256377,5000,PRUNED
45,0.005222393199801445,2026-05-19 00:33:16.274186,2026-05-19 00:33:16.419270,0 days 00:00:00.145084,32,2.2533009658652894,0.4703048852005512,0.005321054763647334,2,0.4532488915339297,3000,PRUNED
46,0.021423446014523506,2026-05-19 00:33:16.425602,2026-05-19 00:33:16.671202,0 days 00:00:00.245600,48,1.2156430709150865,1.441832304258239,0.0007319683286893146,6,0.5452302323415884,5000,PRUNED
47,0.008259826339781284,2026-05-19 00:33:16.678892,2026-05-19 00:33:16.851931,0 days 00:00:00.173039,32,3.871619692502239,0.20478377070664489,0.0031720508220271348,3,0.5903529452082773,4000,PRUNED
48,0.0004144588892813772,2026-05-19 00:33:16.859919,2026-05-19 00:33:17.101305,0 days 00:00:00.241386,80,1.017154036594369,0.029407195367001808,0.0069598849428835815,2,0.49956998286989523,4000,PRUNED
49,0.00026934273773804307,2026-05-19 00:33:17.108815,2026-05-19 00:33:17.497411,0 days 00:00:00.388596,128,16.067666171088224,0.07800210337745926,0.008621278245641085,5,0.6824487135703412,5000,PRUNED
50,0.004718714859336615,2026-05-19 00:33:17.505387,2026-05-19 00:33:17.673835,0 days 00:00:00.168448,64,2.049139472242947,0.7163797948957996,0.0004399805708204624,3,0.4805097916474388,2000,PRUNED
51,0.00020927593868691474,2026-05-19 00:33:17.681209,2026-05-19 00:33:17.975636,0 days 00:00:00.294427,48,2.7178463307359078,0.1386181084042286,0.004228203857545652,3,0.40524441760845875,5000,PRUNED
52,0.0003181457577738911,2026-05-19 00:33:17.982678,2026-05-19 00:33:18.319891,0 days 00:00:00.337213,48,1.5347076130058717,0.08257732044566557,0.00454079209014995,4,0.4531960198831538,5000,PRUNED
53,0.005139157176017761,2026-05-19 00:33:18.328071,2026-05-19 00:33:18.469438,0 days 00:00:00.141367,32,1.70876609624785,0.30498651067466803,0.006083473742345245,2,0.4300041980860095,5000,PRUNED
54,0.0001138666775659658,2026-05-19 00:33:18.478650,2026-05-19 00:33:18.938378,0 days 00:00:00.459728,96,1.193545056240931,0.04735352693608804,0.009841965876914941,3,0.3772855073574551,4000,PRUNED
55,0.0001877898903330788,2026-05-19 00:33:18.944608,2026-05-19 00:33:19.236194,0 days 00:00:00.291586,48,1.8849990782536246,0.1957097096001634,0.007355837747109048,3,0.7884878336646605,4000,PRUNED
56,0.00019436550792306662,2026-05-19 00:33:19.242411,2026-05-19 00:33:19.736197,0 days 00:00:00.493786,64,5.234950285435358,0.09542973764208701,0.0037880358998842885,4,0.5229227209058432,3000,PRUNED
57,0.0006083985790610313,2026-05-19 00:33:19.742582,2026-05-19 00:33:19.993029,0 days 00:00:00.250447,112,2.150427282925036,0.29672059059264,0.005647916279228246,2,0.5017646421611102,5000,PRUNED
58,0.006316313985735178,2026-05-19 00:33:19.999008,2026-05-19 00:33:20.208609,0 days 00:00:00.209601,48,1.2706050541352218,0.019783641488953396,0.0022824386460323794,5,0.3993072369380064,4000,PRUNED
59,0.011415745131671429,2026-05-19 00:33:20.214817,2026-05-19 00:33:20.401600,0 days 00:00:00.186783,16,32.081587962305086,0.46480219676539763,0.008639812178072139,4,0.7501379419496651,1000,PRUNED
60,0.14531104266643524,2026-05-19 00:33:20.407790,2026-05-19 00:33:20.585722,0 days 00:00:00.177932,32,79.6930450353803,0.06343462515173688,0.0009296879330626272,3,0.8667746208747988,5000,PRUNED
61,0.04275178909301758,2026-05-19 00:33:20.592111,2026-05-19 00:33:20.767503,0 days 00:00:00.175392,32,8.664806022699544,0.03026023057618604,0.0051362870369709435,3,0.43579421375815885,2000,PRUNED
62,0.04303884878754616,2026-05-19 00:33:20.775016,2026-05-19 00:33:20.984266,0 days 00:00:00.209250,48,26.613694487007553,0.011913298919249363,0.007018248895502616,3,0.3611121833318959,3000,PRUNED
63,0.05780206248164177,2026-05-19 00:33:20.993289,2026-05-19 00:33:21.192559,0 days 00:00:00.199270,32,12.473245328896434,0.1206612899115299,0.0017466910062293242,4,0.466743220015262,2000,PRUNED
64,0.011536452919244766,2026-05-19 00:33:21.200767,2026-05-19 00:33:21.342043,0 days 00:00:00.141276,16,2.954178604469808,0.1520344180887459,0.0035371097892221413,2,0.5789906237706611,3000,PRUNED
65,0.01054641418159008,2026-05-19 00:33:21.349707,2026-05-19 00:33:21.515558,0 days 00:00:00.165851,48,2.4831315368698097,0.0062490737584765515,0.004280788514883062,3,0.5466561981338447,4000,PRUNED
66,0.0038418264593929052,2026-05-19 00:33:21.522421,2026-05-19 00:33:21.710669,0 days 00:00:00.188248,48,1.5654558108081755,0.04087273736265355,0.002715655582953468,4,0.6280617532504228,4000,PRUNED
67,0.005763388704508543,2026-05-19 00:33:21.717155,2026-05-19 00:33:21.951493,0 days 00:00:00.234338,64,18.981954544220844,0.003765470566667462,0.008800184397667565,6,0.4161117062282915,1000,PRUNED
68,0.07170496135950089,2026-05-19 00:33:21.959987,2026-05-19 00:33:22.102232,0 days 00:00:00.142245,32,48.91397721056889,0.1659862432395182,0.006472290408374208,2,0.4943434277183384,3000,PRUNED
69,0.003980966284871101,2026-05-19 00:33:22.110030,2026-05-19 00:33:22.250047,0 days 00:00:00.140017,80,6.712016679968713,0.8370224643969431,0.004871342565112882,2,0.4571358406137323,4000,PRUNED
70,0.04270004481077194,2026-05-19 00:33:22.257934,2026-05-19 00:33:22.424818,0 days 00:00:00.166884,96,1.4039055639196194,3.944568768649447,0.003276143432804717,3,0.3293374681900416,5000,PRUNED
71,0.00029762228950858116,2026-05-19 00:33:22.430933,2026-05-19 00:33:22.740588,0 days 00:00:00.309655,48,1.7146118826542156,0.2510074101884628,0.0058881047355419085,3,0.3219176523329512,5000,PRUNED
72,0.00013894846779294312,2026-05-19 00:33:22.747070,2026-05-19 00:33:23.181829,0 days 00:00:00.434759,48,1.1115540571894282,0.10492626004491917,0.007261058177550544,3,0.36205054700051986,5000,PRUNED
73,0.07066351920366287,2026-05-19 00:33:23.190056,2026-05-19 00:33:23.351822,0 days 00:00:00.161766,64,99.03907648466542,0.06629015316182688,0.004149437893674885,3,0.38865580684788326,5000,PRUNED
74,1.7730697436491027e-05,2026-05-19 00:33:23.359750,2026-05-19 00:33:25.847924,0 days 00:00:02.488174,128,1.9590790807890366,1.8889037465869791,0.009040410447602171,2,0.690173123370255,5000,COMPLETE
75,1.7444828699808568e-05,2026-05-19 00:33:25.856166,2026-05-19 00:33:28.616333,0 days 00:00:02.760167,128,2.0544108635960674,1.6265832169406027,0.009155027274159568,2,0.6759007697054317,5000,COMPLETE
76,1.794309719116427e-05,2026-05-19 00:33:28.624720,2026-05-19 00:33:31.282047,0 days 00:00:02.657327,128,2.2421681596299994,1.7689517379460575,0.009094119244862059,2,0.7078585157580604,5000,COMPLETE
77,1.7737520465743728e-05,2026-05-19 00:33:31.289946,2026-05-19 00:33:34.156657,0 days 00:00:02.866711,128,2.0230448663136067,1.7879898451988285,0.009090557546143607,2,0.6937744999810559,5000,COMPLETE
78,0.011499789543449879,2026-05-19 00:33:34.164351,2026-05-19 00:33:34.317792,0 days 00:00:00.153441,128,3.6196599852496845,2.681617552116792,0.0077243704584166245,2,0.6859208484229739,5000,PRUNED
79,0.01612851209938526,2026-05-19 00:33:34.324426,2026-05-19 00:33:34.471530,0 days 00:00:00.147104,112,1.3947685582149079,2.379888271312918,0.009721098889619311,2,0.6587956783938766,5000,PRUNED
80,0.020626435056328773,2026-05-19 00:33:34.477768,2026-05-19 00:33:34.619396,0 days 00:00:00.141628,128,2.0793554789475044,4.637859962352568,0.008147425275954303,2,0.666543975796752,4000,PRUNED
81,0.00255031930282712,2026-05-19 00:33:34.625665,2026-05-19 00:33:34.763836,0 days 00:00:00.138171,128,2.4345153140025255,1.2592358840451696,0.009077705213304296,2,0.7097296271643186,5000,PRUNED
82,0.014271289110183716,2026-05-19 00:33:34.770023,2026-05-19 00:33:34.920223,0 days 00:00:00.150200,128,1.9937453589270766,2.027021747359957,0.006783137358541165,2,0.7081012607841983,5000,PRUNED
83,0.014069254510104656,2026-05-19 00:33:34.926992,2026-05-19 00:33:35.091888,0 days 00:00:00.164896,128,2.6641202682455583,6.1582880118466035,0.00883126437525816,2,0.7357661031124328,5000,PRUNED
84,0.024901041761040688,2026-05-19 00:33:35.098741,2026-05-19 00:33:35.244694,0 days 00:00:00.145953,112,1.6108872811986519,1.8536407878248717,0.007858581151479907,2,0.619850349081969,5000,PRUNED
85,0.008866919204592705,2026-05-19 00:33:35.250820,2026-05-19 00:33:35.390809,0 days 00:00:00.139989,128,3.1518147987612894,1.5067101482276593,0.006282656623091877,2,0.6887720112224622,5000,PRUNED
86,0.0032627189066261053,2026-05-19 00:33:35.396845,2026-05-19 00:33:35.540314,0 days 00:00:00.143469,128,1.104837295516506,0.8229379962006813,0.00541881901562307,2,0.6707258136248468,5000,PRUNED
87,0.000454489461844787,2026-05-19 00:33:35.546669,2026-05-19 00:33:35.797252,0 days 00:00:00.250583,112,2.2679614861251354,0.0010011048409199251,0.009729671655012864,2,0.6443246992418503,4000,PRUNED
88,0.03152213990688324,2026-05-19 00:33:35.803683,2026-05-19 00:33:35.947526,0 days 00:00:00.143843,128,1.3080611274091003,3.4044196534826114,0.007279267041031578,2,0.7022918116499172,5000,PRUNED
89,0.009341170080006123,2026-05-19 00:33:35.953697,2026-05-19 00:33:36.098323,0 days 00:00:00.144626,112,1.8149474825721112,1.0826925748169451,0.008832083774921642,2,0.7822851647233466,4000,PRUNED
90,1.3750409380008932e-05,2026-05-19 00:33:36.104619,2026-05-19 00:33:38.505729,0 days 00:00:02.401110,128,1.4920453247009278,0.5606255495887809,0.009951104774270735,2,0.7358391227137557,5000,COMPLETE
91,0.008089148439466953,2026-05-19 00:33:38.514857,2026-05-19 00:33:38.683007,0 days 00:00:00.168150,128,1.440499310061184,0.6573381821191691,0.00803812134954193,2,0.7499055791150608,5000,PRUNED
92,0.011897849850356579,2026-05-19 00:33:38.691721,2026-05-19 00:33:38.843543,0 days 00:00:00.151822,128,1.9791816202354753,0.5112061428506982,0.006901166469508249,2,0.8141843402375786,5000,PRUNED
93,1.4825975085841492e-05,2026-05-19 00:33:38.850911,2026-05-19 00:33:41.432037,0 days 00:00:02.581126,128,1.6067608223536505,1.6188873486377342,0.009696710579011353,2,0.7308252867976862,5000,COMPLETE
94,0.00014013914915267378,2026-05-19 00:33:41.443413,2026-05-19 00:33:41.715391,0 days 00:00:00.271978,112,1.1440055578202375,0.38207784384661575,0.0097422143236564,2,0.7394844578848154,5000,PRUNED
95,0.008770558051764965,2026-05-19 00:33:41.724478,2026-05-19 00:33:41.879158,0 days 00:00:00.154680,128,1.582245534959673,1.0422043783919128,0.006196174850132617,2,0.7745605563621931,5000,PRUNED
96,0.009973706677556038,2026-05-19 00:33:41.886343,2026-05-19 00:33:42.039188,0 days 00:00:00.152845,128,1.001288533755588,1.3780429845277427,0.008230053378967865,2,0.7298208159727065,5000,PRUNED
97,0.03411037474870682,2026-05-19 00:33:42.045810,2026-05-19 00:33:42.204882,0 days 00:00:00.159072,112,1.7075830998296262,2.3546404385753608,0.0005437731849549475,2,0.7605630851285774,4000,PRUNED
98,0.058904726058244705,2026-05-19 00:33:42.211461,2026-05-19 00:33:42.364827,0 days 00:00:00.153366,128,1.2609985468534577,9.379950990620863,0.007573457907086242,2,0.6344929118175466,5000,PRUNED
99,1.7175118045997806e-05,2026-05-19 00:33:42.371148,2026-05-19 00:33:46.494734,0 days 00:00:04.123586,128,2.7281813042390404,0.8672591837859137,0.005430623867000044,5,0.6773295448676594,4000,COMPLETE
100,6.465781916631386e-05,2026-05-19 00:33:46.504215,2026-05-19 00:33:47.341998,0 days 00:00:00.837783,112,2.8280453337250724,0.5892793477693883,0.005599949889294678,5,0.6058223294666985,4000,PRUNED
101,0.04815559461712837,2026-05-19 00:33:47.348233,2026-05-19 00:33:47.558473,0 days 00:00:00.210240,128,1.8817147091907453,0.8552431843285627,0.009956224583905831,5,0.6537760364686579,4000,PRUNED
102,0.007101876195520163,2026-05-19 00:33:47.565694,2026-05-19 00:33:47.775289,0 days 00:00:00.209595,128,1.5282133757774168,0.910548442764746,0.006570782005104419,5,0.7223995262047775,4000,PRUNED
103,0.04593940079212189,2026-05-19 00:33:47.782575,2026-05-19 00:33:48.000009,0 days 00:00:00.217434,128,1.3519784971056021,0.720950380051022,0.008540846736287914,5,0.6855558457505656,4000,PRUNED
104,0.012308347038924694,2026-05-19 00:33:48.007688,2026-05-19 00:33:48.150157,0 days 00:00:00.142469,128,2.528109170295796,1.6659311696626509,0.007415752353115715,2,0.695444861378877,5000,PRUNED
105,2.320938256161753e-05,2026-05-19 00:33:48.157616,2026-05-19 00:33:52.465145,0 days 00:00:04.307529,128,2.07691300509035,0.45181529205950444,0.005144262724703465,5,0.6720194778621591,4000,COMPLETE
106,0.00013815755664836615,2026-05-19 00:33:52.475282,2026-05-19 00:33:52.964829,0 days 00:00:00.489547,112,1.709035756011743,0.3324659848928133,0.009039137733270076,6,0.8019661302694508,5000,PRUNED
107,0.018309665843844414,2026-05-19 00:33:52.971919,2026-05-19 00:33:53.125986,0 days 00:00:00.154067,96,3.20424762430658,0.18237908915388648,0.0002124768869749892,2,0.8352602627873587,5000,PRUNED
108,0.007553139701485634,2026-05-19 00:33:53.133099,2026-05-19 00:33:53.291687,0 days 00:00:00.158588,128,4.203463657248806,1.3370360475396923,0.006030748515043813,2,0.7157105420663569,1000,PRUNED
