number,value,datetime_start,datetime_complete,duration,params_hidden,params_lambda_ic,params_lambda_phys,params_lr,params_n_layers,params_scheduler_gamma,params_scheduler_step,state
439,0.01426288578659296,2026-05-19 00:35:51.357636,2026-05-19 00:35:51.504993,0 days 00:00:00.147357,128,1.9227530361844976,2.3122905420814717,0.007806038055418767,2,0.8809789062882203,4000,PRUNED
440,0.015784917399287224,2026-05-19 00:35:51.511973,2026-05-19 00:35:51.660246,0 days 00:00:00.148273,48,1.4932301972177011,1.5944539570004723,0.009973331358463186,2,0.8554675018828227,5000,PRUNED
441,0.0011796413455158472,2026-05-19 00:35:51.666668,2026-05-19 00:35:51.820156,0 days 00:00:00.153488,128,2.1031252800614144,1.8718218830178874,0.009964412214950646,2,0.7000988189837914,4000,PRUNED
442,0.0036790918093174696,2026-05-19 00:35:51.827019,2026-05-19 00:35:51.972200,0 days 00:00:00.145181,128,4.149179349885139,2.686539880177878,0.008658506183309253,2,0.6649919588622548,5000,PRUNED
443,0.0024191709235310555,2026-05-19 00:35:51.978382,2026-05-19 00:35:52.122648,0 days 00:00:00.144266,96,1.6598549266447646,0.3107442932959279,0.006951132954595626,2,0.7307173252979227,2000,PRUNED
444,0.008464779704809189,2026-05-19 00:35:52.129009,2026-05-19 00:35:52.277707,0 days 00:00:00.148698,128,1.7942847033624003,1.393837434816999,0.008084661300011836,2,0.30839593384665737,4000,PRUNED
445,0.002108438638970256,2026-05-19 00:35:52.284268,2026-05-19 00:35:52.432824,0 days 00:00:00.148556,128,1.4694789769064764,1.8371605667461914,0.009139646472667013,2,0.5964999774584441,5000,PRUNED
446,0.0021482822485268116,2026-05-19 00:35:52.440821,2026-05-19 00:35:52.588927,0 days 00:00:00.148106,112,1.931548031587067,0.12273899306736714,0.009997925940746354,2,0.7518371549008978,5000,PRUNED
447,0.008001263253390789,2026-05-19 00:35:52.596601,2026-05-19 00:35:52.745503,0 days 00:00:00.148902,128,1.387704215517207,2.1286193714651294,0.008659767403052248,2,0.4720276219706989,4000,PRUNED
448,0.012158481404185295,2026-05-19 00:35:52.753411,2026-05-19 00:35:52.898792,0 days 00:00:00.145381,128,1.614181807170538,1.131079304084873,0.007512845486340725,2,0.6284075997531098,5000,PRUNED
449,0.006752359215170145,2026-05-19 00:35:52.906010,2026-05-19 00:35:53.050086,0 days 00:00:00.144076,128,25.533151034327656,1.5553012259641166,0.009184790000584907,2,0.7748104465621826,5000,PRUNED
450,0.003613564884290099,2026-05-19 00:35:53.056804,2026-05-19 00:35:53.205100,0 days 00:00:00.148296,128,2.179449606707831,0.0714191963788668,0.008124811041936,2,0.5630182658423145,4000,PRUNED
451,0.001260046032257378,2026-05-19 00:35:53.211856,2026-05-19 00:35:53.362959,0 days 00:00:00.151103,128,1.8769091940533673,2.4641951652466654,0.009983034271213883,2,0.6887104184932434,5000,PRUNED
452,0.00020290823886170983,2026-05-19 00:35:53.369514,2026-05-19 00:35:53.692043,0 days 00:00:00.322529,128,1.7206232089408962,0.22265674975361172,0.00859245816793745,3,0.6710757780036161,4000,PRUNED
453,0.009506936185061932,2026-05-19 00:35:53.698391,2026-05-19 00:35:53.858516,0 days 00:00:00.160125,32,2.0175049226627073,1.3369751903872913,0.006189473501808667,2,0.705549013762308,5000,PRUNED
454,0.0024688399862498045,2026-05-19 00:35:53.864966,2026-05-19 00:35:54.009436,0 days 00:00:00.144470,128,1.2558930254176999,1.7365313973170382,0.009200455614124217,2,0.642900644543929,5000,PRUNED
455,0.011917085386812687,2026-05-19 00:35:54.016292,2026-05-19 00:35:54.173970,0 days 00:00:00.157678,128,6.979746791848637,4.025569828509192,0.00742762793590604,2,0.49992970188009894,4000,PRUNED
456,0.012686533853411674,2026-05-19 00:35:54.180623,2026-05-19 00:35:54.335033,0 days 00:00:00.154410,128,1.5346585389159253,2.0194407237616203,0.008018441026904547,2,0.5309682842688672,4000,PRUNED
457,0.018502410501241684,2026-05-19 00:35:54.341385,2026-05-19 00:35:54.494189,0 days 00:00:00.152804,48,2.4053001082462377,2.681081382299474,0.009242375982399095,2,0.7170138854182201,5000,PRUNED
458,0.008596091531217098,2026-05-19 00:35:54.500850,2026-05-19 00:35:54.659122,0 days 00:00:00.158272,112,7.84747929121311,1.0176635775275304,0.00841559298438085,2,0.6570437416969727,4000,PRUNED
459,0.012642943300306797,2026-05-19 00:35:54.665533,2026-05-19 00:35:54.815571,0 days 00:00:00.150038,128,1.783078777768188,1.5601126525074063,0.006664858294961596,2,0.8401190391019017,5000,PRUNED
460,0.0012284860713407397,2026-05-19 00:35:54.822076,2026-05-19 00:35:54.966453,0 days 00:00:00.144377,128,2.1315228242524613,2.2639123656511946,0.009208767829233308,2,0.6969333834894536,5000,PRUNED
461,0.011479041539132595,2026-05-19 00:35:54.972572,2026-05-19 00:35:55.119939,0 days 00:00:00.147367,128,1.5952244918967853,1.2838439760489355,0.007737609686457344,2,0.44176439956862973,4000,PRUNED
462,0.0025668868329375982,2026-05-19 00:35:55.126163,2026-05-19 00:35:55.272747,0 days 00:00:00.146584,64,1.9086963138238096,0.0976074166819213,0.008666710218717722,2,0.4639481476854915,5000,PRUNED
463,0.03381809964776039,2026-05-19 00:35:55.279176,2026-05-19 00:35:55.473007,0 days 00:00:00.193831,128,1.380180544143514,1.9370739457627018,0.009989643335533255,4,0.6797846605744283,5000,PRUNED
464,0.00015242602967191488,2026-05-19 00:35:55.479719,2026-05-19 00:35:55.749968,0 days 00:00:00.270249,128,1.674065646667916,0.17383726409789427,0.007175544519768607,2,0.8058134127154516,4000,PRUNED
465,0.002976268995553255,2026-05-19 00:35:55.757059,2026-05-19 00:35:55.932076,0 days 00:00:00.175017,128,2.018614959901534,2.9850731714398466,0.009252648993198258,2,0.6193591971096836,4000,PRUNED
466,0.01934167928993702,2026-05-19 00:35:55.939324,2026-05-19 00:35:56.128381,0 days 00:00:00.189057,32,1.151570133678385,1.6143176682972282,0.00828018616323327,2,0.7390998147338423,5000,PRUNED
467,0.0035866927355527878,2026-05-19 00:35:56.135657,2026-05-19 00:35:56.297113,0 days 00:00:00.161456,128,1.5161586680006134,2.3517366021505683,0.00919908001591885,2,0.6348414588742194,4000,PRUNED
468,0.0033068147022277117,2026-05-19 00:35:56.303845,2026-05-19 00:35:56.451971,0 days 00:00:00.148126,128,1.7659965723630935,0.05271385560041483,0.00783555647494538,2,0.5088017080517251,1000,PRUNED
469,0.005382458679378033,2026-05-19 00:35:56.459792,2026-05-19 00:35:56.643556,0 days 00:00:00.183764,112,1.7663195890452572,1.8297443714049269,0.009975124942754498,2,0.7202825347745438,3000,PRUNED
470,0.0019035579171031713,2026-05-19 00:35:56.652891,2026-05-19 00:35:56.806401,0 days 00:00:00.153510,128,2.1740323889369884,0.46614464407502965,0.008523564213736944,2,0.546486167873919,5000,PRUNED
471,0.012569521553814411,2026-05-19 00:35:56.814019,2026-05-19 00:35:56.960244,0 days 00:00:00.146225,128,1.92337116640366,1.4320910962659057,0.00693317034854184,2,0.48249933364865827,5000,PRUNED
472,0.03377092257142067,2026-05-19 00:35:56.967860,2026-05-19 00:35:57.208259,0 days 00:00:00.240399,128,1.434220794867318,0.3706823371912294,0.009094808127188233,6,0.690176308254973,5000,PRUNED
473,0.02755776047706604,2026-05-19 00:35:57.215521,2026-05-19 00:35:57.363370,0 days 00:00:00.147849,48,1.54962319866777,3.4131311205049517,0.009969646904406458,2,0.5199617778733514,4000,PRUNED
474,0.016227923333644867,2026-05-19 00:35:57.370010,2026-05-19 00:35:57.579173,0 days 00:00:00.209163,16,2.3474288555707568,1.1350663008803927,0.0010539295359165285,2,0.7626350737949448,4000,PRUNED
475,0.02307354100048542,2026-05-19 00:35:57.585907,2026-05-19 00:35:57.765534,0 days 00:00:00.179627,64,1.6523454911866393,2.1475431512879872,0.00843228874114069,2,0.5752392083331237,5000,PRUNED
476,0.0012364769354462624,2026-05-19 00:35:57.772816,2026-05-19 00:35:57.926447,0 days 00:00:00.153631,128,1.281022474376558,0.08144829831423768,0.007613948682688036,2,0.7071996635759791,4000,PRUNED
477,0.0012109362287446856,2026-05-19 00:35:57.932836,2026-05-19 00:35:58.081560,0 days 00:00:00.148724,128,1.8593226657410844,1.637266362763016,0.009146207840136325,2,0.7274029272478215,3000,PRUNED
478,0.007716371677815914,2026-05-19 00:35:58.088105,2026-05-19 00:35:58.236452,0 days 00:00:00.148347,128,1.9423167621016968,0.11568392809348364,0.008400983223268413,2,0.673936143322449,5000,PRUNED
479,0.014903689734637737,2026-05-19 00:35:58.242939,2026-05-19 00:35:58.390620,0 days 00:00:00.147681,128,2.125395274813939,2.6256968783390993,0.0007283918250105025,2,0.49434023217004486,5000,PRUNED
480,2.420720375084784e-05,2026-05-19 00:35:58.397258,2026-05-19 00:35:59.922384,0 days 00:00:01.525126,128,1.6827087896896864,1.3422257601781584,0.009278845509621452,2,0.6656600160569514,4000,PRUNED
481,0.009816479869186878,2026-05-19 00:35:59.929178,2026-05-19 00:36:00.079951,0 days 00:00:00.150773,112,1.3742073326954383,1.9052694584730243,0.009972632715505553,2,0.4267698815159038,2000,PRUNED
482,0.008900560438632965,2026-05-19 00:36:00.086483,2026-05-19 00:36:00.261614,0 days 00:00:00.175131,128,1.7957652038203253,1.0038513053521962,0.007708819675816264,3,0.8692146552280559,5000,PRUNED
483,0.009075049310922623,2026-05-19 00:36:00.268261,2026-05-19 00:36:00.417291,0 days 00:00:00.149030,80,2.568186638192064,2.2204191515090557,0.00864659329590801,2,0.7869105963680785,4000,PRUNED
484,0.0001854106958489865,2026-05-19 00:36:00.423506,2026-05-19 00:36:00.682026,0 days 00:00:00.258520,128,13.556004409435202,1.6052593468528946,0.007993897169946683,2,0.6512441749093657,5000,PRUNED
485,0.013828366994857788,2026-05-19 00:36:00.688468,2026-05-19 00:36:00.841595,0 days 00:00:00.153127,128,1.510073529191164,1.3177780741095702,0.007067493114374185,2,0.705776774197507,5000,PRUNED
486,0.01766904816031456,2026-05-19 00:36:00.847879,2026-05-19 00:36:00.995532,0 days 00:00:00.147653,128,2.0525599227765285,3.0060331650266763,0.0061073359329158125,2,0.6891794870581262,4000,PRUNED
487,0.001198301208205521,2026-05-19 00:36:01.001735,2026-05-19 00:36:01.148605,0 days 00:00:00.146870,128,2.245413660805153,1.8849897432937825,0.009158379287638095,2,0.7467380279843052,4000,PRUNED
488,0.005367557518184185,2026-05-19 00:36:01.154995,2026-05-19 00:36:01.311002,0 days 00:00:00.156007,128,1.6233129422601258,0.14642789988128088,0.008610531990783992,2,0.8245638575223945,5000,PRUNED
489,0.021143022924661636,2026-05-19 00:36:01.317408,2026-05-19 00:36:01.467495,0 days 00:00:00.150087,48,1.823292736011636,2.3975463808266273,0.0092629470629162,2,0.4556059358953912,5000,PRUNED
490,0.008183113299310207,2026-05-19 00:36:01.473899,2026-05-19 00:36:01.626351,0 days 00:00:00.152452,128,1.9288915059446556,0.8771473691438816,0.008030301447347224,2,0.5296603827545198,4000,PRUNED
491,0.050108131021261215,2026-05-19 00:36:01.632744,2026-05-19 00:36:01.830388,0 days 00:00:00.197644,128,1.6870304698422345,1.5734298363340922,0.009138539881970317,4,0.6106351897661281,5000,PRUNED
492,0.012968797236680984,2026-05-19 00:36:01.837607,2026-05-19 00:36:01.989978,0 days 00:00:00.152371,128,1.4594417024121882,1.184502614416709,0.007526592564214795,2,0.7001192684333583,5000,PRUNED
493,0.01880688965320587,2026-05-19 00:36:01.997562,2026-05-19 00:36:02.147078,0 days 00:00:00.149516,32,1.2158593855207804,1.9949563610462149,0.009954963610684856,2,0.7298677329615482,4000,PRUNED
494,0.009670941159129143,2026-05-19 00:36:02.154792,2026-05-19 00:36:02.306729,0 days 00:00:00.151937,128,1.5843553034510045,2.6160596307692283,0.008615705115876157,2,0.6332775290309379,5000,PRUNED
495,0.0014257569564506412,2026-05-19 00:36:02.314779,2026-05-19 00:36:02.464316,0 days 00:00:00.149537,128,2.001801057954567,1.6926464857880223,0.009987228134015464,2,0.6786290067013818,3000,PRUNED
496,0.010453611612319946,2026-05-19 00:36:02.471696,2026-05-19 00:36:02.620672,0 days 00:00:00.148976,128,2.3390206342842217,1.3649911865298876,0.006660941606443418,2,0.7154247414914529,4000,PRUNED
497,0.009794468991458416,2026-05-19 00:36:02.633260,2026-05-19 00:36:02.783656,0 days 00:00:00.150396,128,1.7822420514814,2.1700929686804096,0.008169922947133201,2,0.6567130479316262,2000,PRUNED
498,0.0018615644657984376,2026-05-19 00:36:02.790646,2026-05-19 00:36:02.943054,0 days 00:00:00.152408,128,1.0036478489950942,0.6337176739073012,0.009091204607310594,2,0.5088266804321564,4000,PRUNED
499,0.01120010670274496,2026-05-19 00:36:02.949554,2026-05-19 00:36:03.096918,0 days 00:00:00.147364,96,1.3394676878647285,1.8308157970451655,0.008538736835396212,2,0.6920572964594164,5000,PRUNED
500,0.008393166586756706,2026-05-19 00:36:03.103337,2026-05-19 00:36:03.308447,0 days 00:00:00.205110,128,2.1193778587312857,1.5185175654359395,0.007312797167616849,3,0.48611526118242043,4000,PRUNED
501,0.006592678837478161,2026-05-19 00:36:03.315171,2026-05-19 00:36:03.468270,0 days 00:00:00.153099,128,1.7469999748789575,0.029015646705084646,0.009979264413757696,2,0.619770268337007,5000,PRUNED
502,0.02180778607726097,2026-05-19 00:36:03.474656,2026-05-19 00:36:03.619972,0 days 00:00:00.145316,128,1.6107735515804877,3.2628093844502892,0.007920657030834924,2,0.6448558189005312,5000,PRUNED
503,0.00761862238869071,2026-05-19 00:36:03.626491,2026-05-19 00:36:03.777430,0 days 00:00:00.150939,64,1.874514327211821,1.080609683234129,0.0016967227021387212,2,0.5409441091813105,5000,PRUNED
504,0.020187167450785637,2026-05-19 00:36:03.783901,2026-05-19 00:36:03.931278,0 days 00:00:00.147377,128,1.440992515662659,2.332427092922734,0.002585377701486229,2,0.4704948149993316,5000,PRUNED
505,0.005963865201920271,2026-05-19 00:36:03.937453,2026-05-19 00:36:04.081389,0 days 00:00:00.143936,112,55.81025562508018,1.7376845453375338,0.009282091561378821,2,0.6734353672827168,4000,PRUNED
506,0.01599794253706932,2026-05-19 00:36:04.087848,2026-05-19 00:36:04.239673,0 days 00:00:00.151825,128,1.9819123468926259,2.7584268747592273,0.0030290933989910837,2,0.704400931967022,4000,PRUNED
507,0.007047286257147789,2026-05-19 00:36:04.246510,2026-05-19 00:36:04.395336,0 days 00:00:00.148826,128,1.58800411883723,0.10366132924333255,0.008681980801503222,2,0.5912581991053198,5000,PRUNED
508,0.001783612766303122,2026-05-19 00:36:04.401733,2026-05-19 00:36:04.550933,0 days 00:00:00.149200,128,2.1935853222655677,1.2954370329972429,0.009209935018170173,2,0.7195939192144357,4000,PRUNED
509,0.01715731993317604,2026-05-19 00:36:04.557826,2026-05-19 00:36:04.709241,0 days 00:00:00.151415,48,1.764397753983372,2.045672442140003,0.00999151039013302,2,0.49937804002489605,5000,PRUNED
510,0.003043021773919463,2026-05-19 00:36:04.716915,2026-05-19 00:36:04.885967,0 days 00:00:00.169052,128,1.9734622902038321,0.78558942530052,0.0005084486876979,2,0.8902627102099456,4000,PRUNED
511,0.0033734391909092665,2026-05-19 00:36:04.895105,2026-05-19 00:36:05.047433,0 days 00:00:00.152328,128,2.5279056007296687,0.06613166457826995,0.007424036885101811,2,0.5195358111882159,5000,PRUNED
512,0.012832153588533401,2026-05-19 00:36:05.056728,2026-05-19 00:36:05.226408,0 days 00:00:00.169680,16,1.7009357235203946,1.5543118936042994,0.008144624934290799,2,0.7565670399399208,4000,PRUNED
513,0.011207670904695988,2026-05-19 00:36:05.234667,2026-05-19 00:36:05.396637,0 days 00:00:00.161970,128,1.536120851911235,0.28880022020817725,0.006707459020577297,2,0.7318969525097353,5000,PRUNED
514,0.007554778829216957,2026-05-19 00:36:05.403084,2026-05-19 00:36:05.598797,0 days 00:00:00.195713,80,1.3210390466119064,0.5216685774336632,0.009997109956587223,4,0.4152219201129389,4000,PRUNED
515,0.00428745336830616,2026-05-19 00:36:05.605265,2026-05-19 00:36:05.757098,0 days 00:00:00.151833,128,1.8589115355799026,1.9206359072031394,0.008739213543831559,2,0.685442973478388,5000,PRUNED
516,0.012020524591207504,2026-05-19 00:36:05.763531,2026-05-19 00:36:05.942012,0 days 00:00:00.178481,128,2.2274432811249514,2.36845075281911,0.008044980816532933,3,0.666945167725751,5000,PRUNED
517,0.03123318776488304,2026-05-19 00:36:05.948578,2026-05-19 00:36:06.094681,0 days 00:00:00.146103,112,1.4731310089233594,3.6805579426369084,0.009003519256457182,2,0.7025404684821142,4000,PRUNED
518,0.0001307107595494017,2026-05-19 00:36:06.101310,2026-05-19 00:36:06.374335,0 days 00:00:00.273025,48,1.672460618765867,0.08667345027472248,0.009229262042919555,2,0.6358780511491925,5000,PRUNED
519,0.01074174977838993,2026-05-19 00:36:06.381633,2026-05-19 00:36:06.541713,0 days 00:00:00.160080,128,1.166850816376095,1.3767302301009674,0.005817492459731131,2,0.5597937124692222,4000,PRUNED
520,0.012435762211680412,2026-05-19 00:36:06.548356,2026-05-19 00:36:06.708522,0 days 00:00:00.160166,128,2.0393252161760804,1.019562228703369,0.007207697727137177,2,0.7400124671765975,5000,PRUNED
521,0.006169967353343964,2026-05-19 00:36:06.715254,2026-05-19 00:36:06.875364,0 days 00:00:00.160110,128,1.8168384305388197,1.8621968536466444,0.008396572541449772,2,0.6821405912622506,5000,PRUNED
522,0.019922759383916855,2026-05-19 00:36:06.881740,2026-05-19 00:36:07.036683,0 days 00:00:00.154943,32,1.596620080592201,2.841609609418102,0.00997606203227184,2,0.6575092328155782,4000,PRUNED
523,0.01114468090236187,2026-05-19 00:36:07.043220,2026-05-19 00:36:07.201911,0 days 00:00:00.158691,128,2.3533327304391984,1.550476770571907,0.007714449667178966,2,0.7185077992138508,4000,PRUNED
524,0.004840604029595852,2026-05-19 00:36:07.208680,2026-05-19 00:36:07.366331,0 days 00:00:00.157651,128,2.0063101951106335,2.188982048513299,0.008657117922823946,2,0.6947837028878437,5000,PRUNED
525,3.1099403713596985e-05,2026-05-19 00:36:07.372816,2026-05-19 00:36:08.462852,0 days 00:00:01.090036,128,1.7965210202782518,1.2294460458448018,0.009360613281315818,2,0.48551047695714133,1000,PRUNED
526,0.004705023020505905,2026-05-19 00:36:08.469705,2026-05-19 00:36:08.617845,0 days 00:00:00.148140,128,1.3589099998635483,0.13294385967090125,0.008102501252290013,2,0.7770193269783617,5000,PRUNED
527,0.006955910939723253,2026-05-19 00:36:08.624255,2026-05-19 00:36:08.783638,0 days 00:00:00.159383,128,1.4806810119904477,0.1772818863995871,0.009157782866713675,2,0.5086842779493796,5000,PRUNED
528,0.012640328146517277,2026-05-19 00:36:08.790308,2026-05-19 00:36:08.942682,0 days 00:00:00.152374,128,1.6826311614769824,1.8521522293394503,0.0004167291342185104,2,0.6223470094444741,4000,PRUNED
529,0.01962238736450672,2026-05-19 00:36:08.949330,2026-05-19 00:36:09.100174,0 days 00:00:00.150844,48,1.9030877532971213,2.457048536435075,0.006453337146514411,2,0.44715309611841064,5000,PRUNED
530,0.0014375402824953198,2026-05-19 00:36:09.107714,2026-05-19 00:36:09.256594,0 days 00:00:00.148880,128,2.0962482856418845,1.6090782566472412,0.009979882277627338,2,0.5270204241057832,4000,PRUNED
531,0.012944688089191914,2026-05-19 00:36:09.264523,2026-05-19 00:36:09.412148,0 days 00:00:00.147625,128,1.0931224684419267,0.9047117800504388,0.007430669519124322,2,0.6003938974625365,5000,PRUNED
532,0.0048953029327094555,2026-05-19 00:36:09.420009,2026-05-19 00:36:09.570040,0 days 00:00:00.150031,128,1.7190306777056288,1.1841739865340788,0.008494403070646247,2,0.39903828338083536,4000,PRUNED
533,0.0029678845312446356,2026-05-19 00:36:09.579099,2026-05-19 00:36:09.727457,0 days 00:00:00.148358,128,1.580576119595251,0.4250428489064665,0.009999219376386955,2,0.711093604476776,5000,PRUNED
534,0.0031250433530658484,2026-05-19 00:36:09.734383,2026-05-19 00:36:09.889464,0 days 00:00:00.155081,128,2.2479529925934028,2.126749289741125,0.008834060652444685,2,0.8473641541770889,3000,PRUNED
535,0.04174531251192093,2026-05-19 00:36:09.895773,2026-05-19 00:36:10.141418,0 days 00:00:00.245645,128,1.897937130698975,1.3931766008744069,0.007707378500507497,6,0.6455529681800511,4000,PRUNED
536,0.00358791695907712,2026-05-19 00:36:10.148130,2026-05-19 00:36:10.298962,0 days 00:00:00.150832,128,1.4978475893672725,0.21215376573853292,0.009115261232457714,2,0.6719534064191842,5000,PRUNED
537,0.009038607589900494,2026-05-19 00:36:10.305492,2026-05-19 00:36:10.457684,0 days 00:00:00.152192,128,2.6524672478356512,3.024261083118387,0.008190084089894028,2,0.6896872915232478,5000,PRUNED
538,0.01353912428021431,2026-05-19 00:36:10.464387,2026-05-19 00:36:10.615187,0 days 00:00:00.150800,128,2.081196346934765,1.7429088097608771,0.0072043012918247456,2,0.4737149005397162,4000,PRUNED
539,0.026733431965112686,2026-05-19 00:36:10.621534,2026-05-19 00:36:10.772893,0 days 00:00:00.151359,48,1.251004732051052,2.426919245946662,0.00909128024012412,2,0.5447969266979822,4000,PRUNED
540,0.023976251482963562,2026-05-19 00:36:10.779255,2026-05-19 00:36:10.928335,0 days 00:00:00.149080,112,1.7733097901797314,2.0827171309715684,0.008409716044314614,2,0.49741927908444267,5000,PRUNED
541,0.0027737722266465425,2026-05-19 00:36:10.934936,2026-05-19 00:36:11.112557,0 days 00:00:00.177621,128,6.124934853434667,1.509462512521561,0.00017149644574596237,3,0.659708995739082,4000,PRUNED
542,0.0017929606838151813,2026-05-19 00:36:11.119058,2026-05-19 00:36:11.271495,0 days 00:00:00.152437,128,1.4209198014442181,1.7862584037230207,0.00922184443776695,2,0.7283040338250257,5000,PRUNED
543,0.029174933210015297,2026-05-19 00:36:11.277878,2026-05-19 00:36:11.426903,0 days 00:00:00.149025,112,1.629451228014257,2.722835454569156,0.006872014528218995,2,0.7487133158749475,5000,PRUNED
544,0.031336721032857895,2026-05-19 00:36:11.433362,2026-05-19 00:36:11.590904,0 days 00:00:00.157542,64,1.8871705665750986,4.069800217635998,0.007956189615372998,2,0.6973158791767433,2000,PRUNED
545,0.05668361112475395,2026-05-19 00:36:11.597681,2026-05-19 00:36:11.756436,0 days 00:00:00.158755,32,2.4478576725760544,1.1529920693387803,0.00012351078374103864,2,0.6293684807325665,5000,PRUNED
546,0.015675676986575127,2026-05-19 00:36:11.764145,2026-05-19 00:36:11.923482,0 days 00:00:00.159337,128,2.026192486925008,2.058681458231457,0.00025751298638965284,2,0.7130143414549247,4000,PRUNED
547,2.4259499696199782e-05,2026-05-19 00:36:11.929787,2026-05-19 00:36:13.492096,0 days 00:00:01.562309,128,1.7196931117285865,1.4409811169541553,0.00919024614069866,2,0.6781267615410046,3000,PRUNED
548,0.0450613833963871,2026-05-19 00:36:13.499156,2026-05-19 00:36:13.657716,0 days 00:00:00.158560,128,37.35926482325738,0.04309255047745517,0.009959496440393985,2,0.5343949726357304,5000,PRUNED
