number,value,datetime_start,datetime_complete,duration,params_hidden,params_lambda_ic,params_lambda_phys,params_lr,params_n_layers,params_scheduler_gamma,params_scheduler_step,state
329,0.0012324717827141285,2026-05-19 00:35:25.771037,2026-05-19 00:35:25.918688,0 days 00:00:00.147651,128,2.006896262459279,1.6749207363728889,0.009132439484020432,2,0.5434210767283055,5000,PRUNED
330,0.00020516803488135338,2026-05-19 00:35:25.925053,2026-05-19 00:35:26.323394,0 days 00:00:00.398341,32,2.1866195547140115,0.11626295849100513,0.0059049199948814565,5,0.8515582391635044,4000,PRUNED
331,0.0023185191676020622,2026-05-19 00:35:26.350671,2026-05-19 00:35:26.502829,0 days 00:00:00.152158,128,1.8152157516182033,0.6826682128369616,0.009978308022264088,2,0.6618043185182403,5000,PRUNED
332,0.006211800035089254,2026-05-19 00:35:26.509232,2026-05-19 00:35:26.678824,0 days 00:00:00.169592,128,1.5364690159430716,1.9073341209103238,0.008604356809288425,2,0.5000975789388908,4000,PRUNED
333,0.00016520178178325295,2026-05-19 00:35:26.685099,2026-05-19 00:35:26.940075,0 days 00:00:00.254976,128,1.969965078186433,0.2138192131837228,0.007855295300979413,2,0.72442227472865,5000,PRUNED
334,0.0027347165159881115,2026-05-19 00:35:26.946252,2026-05-19 00:35:27.095308,0 days 00:00:00.149056,128,63.38682272644446,3.004132416440649,0.008884018668479985,2,0.4404214843249836,4000,PRUNED
335,0.012590797618031502,2026-05-19 00:35:27.101879,2026-05-19 00:35:27.276010,0 days 00:00:00.174131,64,2.2869482304663022,1.5174590690537995,0.007303960669304686,3,0.7363004541661328,5000,PRUNED
336,0.0013427063822746277,2026-05-19 00:35:27.282857,2026-05-19 00:35:27.483093,0 days 00:00:00.200236,128,11.640298425755914,2.5167801540566073,0.009099049038722861,4,0.6942186129114788,4000,PRUNED
337,0.00836791843175888,2026-05-19 00:35:27.489770,2026-05-19 00:35:27.647258,0 days 00:00:00.157488,128,1.3949509630059072,0.9809204209503445,0.008067500810475366,2,0.6455134080449505,3000,PRUNED
338,0.0115260761231184,2026-05-19 00:35:27.653889,2026-05-19 00:35:27.800946,0 days 00:00:00.147057,128,1.7151489952630636,1.299009767502091,0.0066672737952476226,2,0.7119077873922433,5000,PRUNED
339,0.0017383998492732644,2026-05-19 00:35:27.807493,2026-05-19 00:35:27.952337,0 days 00:00:00.144844,96,2.5483256451014644,0.04586870104327366,0.009259294404797891,2,0.7590509437764523,4000,PRUNED
340,0.01695513166487217,2026-05-19 00:35:27.958501,2026-05-19 00:35:28.104702,0 days 00:00:00.146201,16,1.6084535746285153,1.8427678191614711,0.008278145192914399,2,0.6201142820944567,5000,PRUNED
341,5.9116016927873716e-05,2026-05-19 00:35:28.111198,2026-05-19 00:35:28.370095,0 days 00:00:00.258897,128,1.9040478512327623,2.196042756498864,0.009981354936526894,2,0.4811495134761777,4000,PRUNED
342,0.0001338857546215877,2026-05-19 00:35:28.376446,2026-05-19 00:35:28.635950,0 days 00:00:00.259504,128,2.1559778599989436,0.588875723106872,0.009225989382048971,2,0.6675790162951809,5000,PRUNED
343,0.002325191395357251,2026-05-19 00:35:28.642575,2026-05-19 00:35:28.863612,0 days 00:00:00.221037,128,1.7949376877012448,0.2985332632259643,0.007451579673639064,5,0.6767118526363302,4000,PRUNED
344,0.016605746001005173,2026-05-19 00:35:28.869976,2026-05-19 00:35:29.019942,0 days 00:00:00.149966,32,1.5019248501531741,1.68507516145338,0.008550537554465795,2,0.6885012836778798,5000,PRUNED
345,0.014876998029649258,2026-05-19 00:35:29.026220,2026-05-19 00:35:29.172320,0 days 00:00:00.146100,128,1.0949734808764566,3.5768975151606397,0.009982462356473522,2,0.7188177273267863,5000,PRUNED
346,0.011231064796447754,2026-05-19 00:35:29.178917,2026-05-19 00:35:29.329776,0 days 00:00:00.150859,128,1.269164515748238,2.2301710011074736,0.008476857419039564,2,0.8398725181397617,4000,PRUNED
347,1.654876359680202e-05,2026-05-19 00:35:29.336482,2026-05-19 00:35:31.867987,0 days 00:00:02.531505,128,1.666237475658406,1.4260061559679602,0.009223472277452356,2,0.5246189706436983,5000,COMPLETE
348,0.019213030114769936,2026-05-19 00:35:31.875710,2026-05-19 00:35:32.031179,0 days 00:00:00.155469,112,1.5956706916856191,1.3597593032314987,0.007555142171831993,2,0.5456492800941138,5000,PRUNED
349,0.0015035489341244102,2026-05-19 00:35:32.038711,2026-05-19 00:35:32.185802,0 days 00:00:00.147091,128,1.4105139819023393,0.9680243529995288,0.00922714452899103,2,0.5073064443265224,5000,PRUNED
350,0.0074025350622832775,2026-05-19 00:35:32.192134,2026-05-19 00:35:32.349465,0 days 00:00:00.157331,128,1.7047947829722572,0.8317540889432741,0.00812315021438473,2,0.5249066556675063,5000,PRUNED
351,0.005253258161246777,2026-05-19 00:35:32.356777,2026-05-19 00:35:32.512946,0 days 00:00:00.156169,128,1.9497885037984746,1.481802416373553,0.003966277137853651,2,0.5292764726708992,5000,PRUNED
352,0.010923611931502819,2026-05-19 00:35:32.521133,2026-05-19 00:35:32.676476,0 days 00:00:00.155343,128,1.7137905063686432,1.0939793599736727,0.006717243733717661,2,0.49849653024254936,5000,PRUNED
353,0.01125696487724781,2026-05-19 00:35:32.684399,2026-05-19 00:35:32.840546,0 days 00:00:00.156147,48,1.573665933979503,1.1260993998754183,0.00919495174979511,2,0.513152785928876,5000,PRUNED
354,0.013170542195439339,2026-05-19 00:35:32.848566,2026-05-19 00:35:32.990168,0 days 00:00:00.141602,64,1.8440300140533488,1.5394716370549009,0.009948343202108067,2,0.45419184527634054,5000,PRUNED
355,0.0036722319200634956,2026-05-19 00:35:32.997439,2026-05-19 00:35:33.144540,0 days 00:00:00.147101,128,1.368613487895718,0.4022922424103981,0.008466787352990925,2,0.7394472461407648,5000,PRUNED
356,0.01240923348814249,2026-05-19 00:35:33.151214,2026-05-19 00:35:33.305813,0 days 00:00:00.154599,128,2.0184407971894873,1.2655958933965,0.007311061308447443,2,0.5364634250471744,5000,PRUNED
357,0.004345279652625322,2026-05-19 00:35:33.312154,2026-05-19 00:35:33.489082,0 days 00:00:00.176928,128,1.4897887947892963,0.13206717023171774,0.008023403931016419,3,0.48557344503675187,5000,PRUNED
358,0.005315865855664015,2026-05-19 00:35:33.495553,2026-05-19 00:35:33.644656,0 days 00:00:00.149103,112,8.831174458972859,1.8653923637687333,0.008851541663323076,2,0.5154780808838896,5000,PRUNED
359,0.01388050988316536,2026-05-19 00:35:33.651319,2026-05-19 00:35:33.808082,0 days 00:00:00.156763,48,1.7544959611664472,1.658664637321225,0.009989861553512254,2,0.5837888989732999,2000,PRUNED
360,0.0017250555101782084,2026-05-19 00:35:33.815109,2026-05-19 00:35:33.971741,0 days 00:00:00.156632,128,1.6612200756702804,2.003387941255344,0.009194192489512781,2,0.630079041675675,5000,PRUNED
361,0.008926521986722946,2026-05-19 00:35:33.978367,2026-05-19 00:35:34.126459,0 days 00:00:00.148092,128,2.096064920478428,1.355476747520873,0.007991091587049038,2,0.6017003035354247,5000,PRUNED
362,0.008685526438057423,2026-05-19 00:35:34.133148,2026-05-19 00:35:34.349267,0 days 00:00:00.216119,128,1.894238147466829,0.07619102014584368,0.008635109880560604,5,0.46793277913176673,5000,PRUNED
363,0.0273837149143219,2026-05-19 00:35:34.355768,2026-05-19 00:35:34.510368,0 days 00:00:00.154600,128,1.2120919550321947,2.752002638409979,0.006122286559833932,2,0.7532262263447392,3000,PRUNED
364,0.004483271390199661,2026-05-19 00:35:34.516954,2026-05-19 00:35:34.672781,0 days 00:00:00.155827,128,1.5841667499588743,0.004116711267505244,0.006878282260831346,2,0.704921441783105,5000,PRUNED
365,0.006583370268344879,2026-05-19 00:35:34.679164,2026-05-19 00:35:34.829560,0 days 00:00:00.150396,80,1.7597166419582377,1.6666186861611716,0.009987670163935198,2,0.5553415379770034,5000,PRUNED
366,0.00714802136644721,2026-05-19 00:35:34.836065,2026-05-19 00:35:34.985580,0 days 00:00:00.149515,128,9.926406736106479,0.09937721121571072,0.004945373452586842,2,0.7217214192324564,5000,PRUNED
367,0.009751323610544205,2026-05-19 00:35:34.992032,2026-05-19 00:35:35.145843,0 days 00:00:00.153811,32,1.0022367646070773,0.714147598500528,0.0075768347081807685,2,0.8039071382400239,5000,PRUNED
368,0.04302392527461052,2026-05-19 00:35:35.152252,2026-05-19 00:35:35.347324,0 days 00:00:00.195072,128,1.9929192361497223,1.9958493634602879,0.009177072741910318,4,0.6520892223842742,4000,PRUNED
369,0.005292272660881281,2026-05-19 00:35:35.353785,2026-05-19 00:35:35.506518,0 days 00:00:00.152733,128,1.4603230608179194,0.5196116296841634,0.008351481216346978,2,0.4910627578661757,2000,PRUNED
370,0.0001235227391589433,2026-05-19 00:35:35.513002,2026-05-19 00:35:35.782340,0 days 00:00:00.269338,128,3.792783337246026,1.2472228287897664,0.009265657096203006,2,0.7000676586543266,5000,PRUNED
371,0.013260608538985252,2026-05-19 00:35:35.788993,2026-05-19 00:35:36.030201,0 days 00:00:00.241208,128,1.8204628713768225,2.546659792846544,0.008640033680141743,6,0.5264644470645071,4000,PRUNED
372,0.0033239487092942,2026-05-19 00:35:36.037217,2026-05-19 00:35:36.185352,0 days 00:00:00.148135,128,2.19409212773353,0.014127492405479006,0.00774982234314072,2,0.37764881464921607,4000,PRUNED
373,0.0074086436070501804,2026-05-19 00:35:36.191655,2026-05-19 00:35:36.348826,0 days 00:00:00.157171,48,1.6353168533828824,0.8624124225315426,0.009315512083710994,2,0.865220291758347,5000,PRUNED
374,0.02349984087049961,2026-05-19 00:35:36.355446,2026-05-19 00:35:36.504645,0 days 00:00:00.149199,112,1.3195176616072741,1.561844963127714,0.008530421948635387,2,0.7840341353045336,4000,PRUNED
375,0.015212655998766422,2026-05-19 00:35:36.511866,2026-05-19 00:35:36.664546,0 days 00:00:00.152680,128,1.9508697996722484,2.007864649961798,0.007131336505083598,2,0.707973136915049,1000,PRUNED
376,0.0014663939364254475,2026-05-19 00:35:36.672646,2026-05-19 00:35:36.819691,0 days 00:00:00.147045,128,1.4892077494514084,1.0573819003987759,0.009914169517356736,2,0.6923388407503404,4000,PRUNED
377,0.0023474511690437794,2026-05-19 00:35:36.828062,2026-05-19 00:35:36.974372,0 days 00:00:00.146310,128,19.37019682690033,0.18458422512519862,0.0080703096607103,2,0.6405709808788478,5000,PRUNED
378,0.023982331156730652,2026-05-19 00:35:36.982293,2026-05-19 00:35:37.203750,0 days 00:00:00.221457,128,1.789342133001996,2.433474975244811,0.003393801463521226,5,0.7298647817657827,4000,PRUNED
379,0.0015115467831492424,2026-05-19 00:35:37.211386,2026-05-19 00:35:37.367953,0 days 00:00:00.156567,128,2.2986657876011023,1.7048665327386208,0.009972275946540602,2,0.6589223683502626,5000,PRUNED
380,0.0031871413812041283,2026-05-19 00:35:37.374302,2026-05-19 00:35:37.527273,0 days 00:00:00.152971,128,1.6700131681426145,1.4223002517257644,0.008793194710922301,2,0.5161928490292429,5000,PRUNED
381,0.013486976735293865,2026-05-19 00:35:37.533873,2026-05-19 00:35:37.691622,0 days 00:00:00.157749,48,2.039681092674404,1.8292721000428531,0.005570170189049896,2,0.7135269154738253,4000,PRUNED
382,0.025880686938762665,2026-05-19 00:35:37.698009,2026-05-19 00:35:37.880396,0 days 00:00:00.182387,128,1.9150734040387676,3.1564499559202193,0.0008865987276355111,3,0.6842539455491099,5000,PRUNED
383,0.012785516679286957,2026-05-19 00:35:37.887009,2026-05-19 00:35:38.042331,0 days 00:00:00.155322,128,1.5598150635260017,1.2173702950128755,0.007578173701890116,2,0.5017512926398484,4000,PRUNED
384,0.023267893120646477,2026-05-19 00:35:38.048706,2026-05-19 00:35:38.243383,0 days 00:00:00.194677,128,2.133333131583668,2.1064016726209913,0.006458138090046654,4,0.74027994134219,5000,PRUNED
385,0.007907739840447903,2026-05-19 00:35:38.249968,2026-05-19 00:35:38.406198,0 days 00:00:00.156230,128,1.3492340069912845,0.15393903412945473,0.00912127563869626,2,0.47485287566891254,5000,PRUNED
386,0.011188802309334278,2026-05-19 00:35:38.412482,2026-05-19 00:35:38.570911,0 days 00:00:00.158429,16,1.7682601431464358,1.4673491474729259,0.008386436821995883,2,0.42972947277118134,4000,PRUNED
387,0.012904844246804714,2026-05-19 00:35:38.577683,2026-05-19 00:35:38.734881,0 days 00:00:00.157198,112,2.3604247322434206,2.4362290091338674,0.009247947859579324,2,0.6694097164505226,4000,PRUNED
388,0.006455347873270512,2026-05-19 00:35:38.741325,2026-05-19 00:35:38.898508,0 days 00:00:00.157183,128,1.6400582117010718,0.08313229577043209,0.007163841023169615,2,0.8308212830451075,5000,PRUNED
389,0.008157048374414444,2026-05-19 00:35:38.904858,2026-05-19 00:35:39.060568,0 days 00:00:00.155710,128,1.887442105923485,1.746715137162905,0.008143041844138011,2,0.699297947519332,5000,PRUNED
390,0.0023324396461248398,2026-05-19 00:35:39.066663,2026-05-19 00:35:39.211442,0 days 00:00:00.144779,128,1.4572843932950272,0.595017856137429,0.009970972792947187,2,0.6839656222596895,4000,PRUNED
391,0.003937766887247562,2026-05-19 00:35:39.217745,2026-05-19 00:35:39.443533,0 days 00:00:00.225788,128,2.0630299620981654,0.34958497016428225,0.008731645350853558,5,0.40603024441071367,5000,PRUNED
392,0.0019661891274154186,2026-05-19 00:35:39.450218,2026-05-19 00:35:39.607104,0 days 00:00:00.156886,64,1.7413230006797193,0.11025651461772298,0.009250568330458253,2,0.5461302600301305,4000,PRUNED
393,0.011557252146303654,2026-05-19 00:35:39.613478,2026-05-19 00:35:39.762488,0 days 00:00:00.149010,128,1.8863365725245183,0.916316992732035,0.007580697301091247,2,0.7092573132796279,5000,PRUNED
394,7.30499523342587e-05,2026-05-19 00:35:39.769064,2026-05-19 00:35:40.086536,0 days 00:00:00.317472,128,1.5725431460154207,0.44404462055709004,0.008117026497408822,3,0.7239985132735336,5000,PRUNED
395,0.001174457254819572,2026-05-19 00:35:40.093057,2026-05-19 00:35:40.251162,0 days 00:00:00.158105,128,97.79473788125243,2.1892906803659953,0.009968958275390296,2,0.6219993976095914,5000,PRUNED
396,0.012213478796184063,2026-05-19 00:35:40.258003,2026-05-19 00:35:40.416281,0 days 00:00:00.158278,128,1.224439279464745,2.752655125998062,0.008871672455665993,2,0.5330871833228628,3000,PRUNED
397,0.005517164710909128,2026-05-19 00:35:40.423904,2026-05-19 00:35:40.578101,0 days 00:00:00.154197,96,2.5765626284463505,0.06239543685102717,0.004381749947326958,2,0.5696036682321365,4000,PRUNED
398,0.059954509139060974,2026-05-19 00:35:40.585745,2026-05-19 00:35:40.741723,0 days 00:00:00.155978,48,2.1694570793630397,0.0014132656268582276,0.0006133337486450784,2,0.7487031545034252,5000,PRUNED
399,0.001825281186029315,2026-05-19 00:35:40.749706,2026-05-19 00:35:40.903852,0 days 00:00:00.154146,128,1.692700254977742,1.1683321415911718,0.00998856493928489,2,0.6953756078244137,4000,PRUNED
400,0.013171259313821793,2026-05-19 00:35:40.911599,2026-05-19 00:35:41.063249,0 days 00:00:00.151650,32,1.420722116022016,1.3777140317018959,0.006474676205935545,2,0.44881020242520697,4000,PRUNED
401,0.004614788573235273,2026-05-19 00:35:41.070557,2026-05-19 00:35:41.231424,0 days 00:00:00.160867,128,1.8711243540700968,1.8418044121500468,0.00860768098053971,2,0.6640966099562726,5000,PRUNED
402,0.003525074338540435,2026-05-19 00:35:41.238721,2026-05-19 00:35:41.385981,0 days 00:00:00.147260,128,2.049572346253744,0.7328833841629998,0.0013301719447349229,2,0.4921385735467358,4000,PRUNED
403,0.012053964659571648,2026-05-19 00:35:41.392411,2026-05-19 00:35:41.538999,0 days 00:00:00.146588,128,1.6383352126249768,1.5565232148305446,0.007794624224946965,2,0.6471419491505652,5000,PRUNED
404,0.0012418122496455908,2026-05-19 00:35:41.545763,2026-05-19 00:35:41.695737,0 days 00:00:00.149974,128,2.3674847490038298,2.121200073098835,0.009121237953732044,2,0.5082907675928261,4000,PRUNED
405,0.020815813913941383,2026-05-19 00:35:41.702229,2026-05-19 00:35:41.851153,0 days 00:00:00.148924,128,1.788180494390421,2.891860695106848,0.007311093450452042,2,0.6769661847405849,5000,PRUNED
406,0.005768815521150827,2026-05-19 00:35:41.857311,2026-05-19 00:35:42.006175,0 days 00:00:00.148864,128,1.5173107934854202,1.0368290193043725,0.008366434189501327,2,0.766776741965056,5000,PRUNED
407,0.018490277230739594,2026-05-19 00:35:42.012671,2026-05-19 00:35:42.160380,0 days 00:00:00.147709,80,1.9709836712324111,3.750171295003938,0.009276797267674292,2,0.7321429750209251,5000,PRUNED
408,0.014089026488363743,2026-05-19 00:35:42.166934,2026-05-19 00:35:42.322975,0 days 00:00:00.156041,112,2.8302960091797686,1.772629659511638,0.007995821397233533,2,0.6031684636791106,4000,PRUNED
409,0.011246937327086926,2026-05-19 00:35:42.329930,2026-05-19 00:35:42.560355,0 days 00:00:00.230425,128,1.3681606488510265,1.305630951911193,0.006860413615036808,5,0.7157824212626808,4000,PRUNED
410,0.013633789494633675,2026-05-19 00:35:42.566998,2026-05-19 00:35:42.720816,0 days 00:00:00.153818,128,2.1422259569816977,5.8210892735737545,0.0091910934284342,2,0.46162383989468597,2000,PRUNED
411,0.007147361058741808,2026-05-19 00:35:42.727157,2026-05-19 00:35:42.876882,0 days 00:00:00.149725,128,1.7288639275891837,2.3721747483562097,0.00862145899346797,2,0.6942889218060597,5000,PRUNED
412,1.6141975720529445e-05,2026-05-19 00:35:42.883206,2026-05-19 00:35:45.357783,0 days 00:00:02.474577,128,1.554070443023111,1.8425249933754766,0.00937055807945783,2,0.6351934587359451,4000,COMPLETE
413,0.0174198430031538,2026-05-19 00:35:45.365449,2026-05-19 00:35:45.518086,0 days 00:00:00.152637,128,1.5123131444688518,2.146358807257487,0.00035885849322143124,2,0.612841486253787,4000,PRUNED
414,0.020858699455857277,2026-05-19 00:35:45.524171,2026-05-19 00:35:45.678058,0 days 00:00:00.153887,48,1.2461460571609992,1.6356699316187306,0.009273678055407075,2,0.5202946855071487,5000,PRUNED
415,0.00011447998258518055,2026-05-19 00:35:45.684395,2026-05-19 00:35:45.939629,0 days 00:00:00.255234,128,15.62757715171793,2.9522601275451255,0.009376681134259058,2,0.635809719208387,5000,PRUNED
416,5.8719408116303384e-05,2026-05-19 00:35:45.945879,2026-05-19 00:35:46.230022,0 days 00:00:00.284143,128,1.5776269237896936,1.9673635727695769,0.009974962452477669,2,0.6364013584304817,5000,PRUNED
417,0.03243314102292061,2026-05-19 00:35:46.236376,2026-05-19 00:35:46.385060,0 days 00:00:00.148684,128,1.1432804958180733,4.6140968177582575,0.00838540972205035,2,0.5869717788505445,4000,PRUNED
418,0.018869604915380478,2026-05-19 00:35:46.391867,2026-05-19 00:35:46.543679,0 days 00:00:00.151812,128,1.4164096745064698,2.4852038976640443,0.00789879789004272,2,0.6249785015468148,3000,PRUNED
419,0.05482690781354904,2026-05-19 00:35:46.550249,2026-05-19 00:35:46.707117,0 days 00:00:00.156868,32,1.658722521245561,1.537994441294161,0.00021452394069572934,2,0.6498538455459166,1000,PRUNED
420,0.003937653731554747,2026-05-19 00:35:46.713823,2026-05-19 00:35:46.861361,0 days 00:00:00.147538,128,1.8391222264170795,1.9432219504370263,0.008787557510081048,2,0.6275059397487384,5000,PRUNED
421,0.00641051447018981,2026-05-19 00:35:46.868172,2026-05-19 00:35:47.103222,0 days 00:00:00.235050,128,1.3256692654349607,0.2524596479304268,0.009286493348008209,6,0.47849779672658216,4000,PRUNED
422,5.827680433867499e-05,2026-05-19 00:35:47.110601,2026-05-19 00:35:47.364911,0 days 00:00:00.254310,128,1.5402694119159948,1.4417967802885008,0.009954539624498946,2,0.7409633071995181,5000,PRUNED
423,0.025711223483085632,2026-05-19 00:35:47.372254,2026-05-19 00:35:47.547054,0 days 00:00:00.174800,128,1.7538580588159929,2.3804658171834157,0.0019507000354874755,3,0.4963627079694331,4000,PRUNED
424,0.003034750232473016,2026-05-19 00:35:47.554800,2026-05-19 00:35:47.699744,0 days 00:00:00.144944,112,1.9074879249280299,0.09483639591701323,0.009987573843002391,2,0.5549532245048887,5000,PRUNED
425,0.0030051260255277157,2026-05-19 00:35:47.708155,2026-05-19 00:35:47.864407,0 days 00:00:00.156252,64,1.654023856560988,0.1347358236057749,0.008454700419106122,2,0.7237664618026733,4000,PRUNED
426,0.0018014413071796298,2026-05-19 00:35:47.873686,2026-05-19 00:35:48.017645,0 days 00:00:00.143959,128,1.5282243766960864,0.02333974377748569,0.0076641153494080285,2,0.3568585583874325,5000,PRUNED
427,0.004674578085541725,2026-05-19 00:35:48.025535,2026-05-19 00:35:48.179478,0 days 00:00:00.153943,128,1.822035814276626,1.7818362484505461,0.00859703845737289,2,0.7065168779717459,4000,PRUNED
428,0.001727928640320897,2026-05-19 00:35:48.187202,2026-05-19 00:35:48.358939,0 days 00:00:00.171737,128,2.001621130735995,1.2465864668423674,0.009206190608260728,2,0.797779415752125,5000,PRUNED
429,0.052531853318214417,2026-05-19 00:35:48.366666,2026-05-19 00:35:48.606994,0 days 00:00:00.240328,48,1.4346333005605976,7.432065375363302,0.0072397534346825285,4,0.6553016739131556,5000,PRUNED
430,0.01795022375881672,2026-05-19 00:35:48.613884,2026-05-19 00:35:48.802567,0 days 00:00:00.188683,128,1.6698853092600456,3.1094277218262514,0.008047118543647269,2,0.8182777249758936,3000,PRUNED
431,0.002442758297547698,2026-05-19 00:35:48.809961,2026-05-19 00:35:48.961256,0 days 00:00:00.151295,128,1.8296337846650448,2.09179731598507,0.009023237270327202,2,0.5363150577118108,4000,PRUNED
432,2.4438446416752413e-05,2026-05-19 00:35:48.967932,2026-05-19 00:35:50.427603,0 days 00:00:01.459671,128,2.029934431850784,1.6342534938741489,0.009268427853957335,2,0.6427884946452572,5000,PRUNED
433,0.005278525874018669,2026-05-19 00:35:50.434117,2026-05-19 00:35:50.580962,0 days 00:00:00.146845,128,1.3079540666202738,2.6476363123501985,0.009934550694306791,2,0.6114442607634394,4000,PRUNED
434,0.016386728733778,2026-05-19 00:35:50.587276,2026-05-19 00:35:50.736908,0 days 00:00:00.149632,16,1.619903409019801,1.797742652997416,0.007942890560519644,2,0.5189955787900773,5000,PRUNED
435,0.0068916636519134045,2026-05-19 00:35:50.743278,2026-05-19 00:35:50.891147,0 days 00:00:00.147869,128,1.0798771300759422,1.4263460329491504,0.008572041086782823,2,0.6844337185752652,4000,PRUNED
436,0.01828707940876484,2026-05-19 00:35:50.897292,2026-05-19 00:35:51.043461,0 days 00:00:00.146169,48,1.7492566234931235,2.081361116036953,0.00726038423529405,2,0.4865907015874887,5000,PRUNED
437,0.004258447326719761,2026-05-19 00:35:51.049611,2026-05-19 00:35:51.196354,0 days 00:00:00.146743,128,5.358696761049073,3.4180555557002386,0.008602419703343332,2,0.7142402575033887,5000,PRUNED
438,0.002200457965955138,2026-05-19 00:35:51.202694,2026-05-19 00:35:51.351380,0 days 00:00:00.148686,128,2.2701882695032283,1.1864868532819897,0.009199181050674559,2,0.5096416340170845,4000,PRUNED
