number,value,datetime_start,datetime_complete,duration,params_hidden,params_lambda_ic,params_lambda_phys,params_lr,params_n_layers,params_scheduler_gamma,params_scheduler_step,state
659,2.7713294912246056e-05,2026-05-19 10:07:25.201283,2026-05-19 10:07:25.748055,0 days 00:00:00.546772,128,7.292782576891141,2.966351103266219,0.00726508199462481,4,0.7249066781928677,2000,PRUNED
660,0.0006483105244114995,2026-05-19 10:07:25.755291,2026-05-19 10:07:25.961879,0 days 00:00:00.206588,128,6.7253356708122,5.064382946618238,0.008077655782402274,4,0.6306857291709039,4000,PRUNED
661,0.003895614994689822,2026-05-19 10:07:25.968891,2026-05-19 10:07:26.225274,0 days 00:00:00.256383,112,5.6864056238468645,1.4980135178494232,0.00910737227377175,5,0.6103426029415547,2000,PRUNED
662,0.006437572184950113,2026-05-19 10:07:26.232182,2026-05-19 10:07:26.436684,0 days 00:00:00.204502,96,1.9587387737425588,3.6463758082428352,0.006737547258218411,3,0.5813387773402268,1000,PRUNED
663,0.0003690173907671124,2026-05-19 10:07:26.444294,2026-05-19 10:07:26.663477,0 days 00:00:00.219183,16,5.0067034419193215,2.683231647987451,0.007688624206605344,4,0.5601338564353938,4000,PRUNED
664,0.0002876024227589369,2026-05-19 10:07:26.672914,2026-05-19 10:07:27.122585,0 days 00:00:00.449671,32,1.4993561209431976,1.092608084230849,0.005804309536513563,5,0.5960261002839309,2000,PRUNED
665,0.0003641202347353101,2026-05-19 10:07:27.130256,2026-05-19 10:07:27.395789,0 days 00:00:00.265533,64,2.991662994001744,2.134804142079082,0.00844924721351944,5,0.32735626885340574,1000,PRUNED
666,0.002890275325626135,2026-05-19 10:07:27.404077,2026-05-19 10:07:27.628208,0 days 00:00:00.224131,96,1.6812770854279575,4.283793212986988,0.0013108179255348039,4,0.31128953528125775,2000,PRUNED
667,0.0006526645156554878,2026-05-19 10:07:27.636491,2026-05-19 10:07:27.915969,0 days 00:00:00.279478,128,3.9433790232465253,0.8906388335621143,0.009968470626044583,5,0.6429800995789546,1000,PRUNED
668,0.002160744508728385,2026-05-19 10:07:27.923922,2026-05-19 10:07:28.155867,0 days 00:00:00.231945,96,8.697707694840469,3.223620635684528,0.000240159509557959,4,0.5382522062649203,2000,PRUNED
669,0.020574327558279037,2026-05-19 10:07:28.163913,2026-05-19 10:07:28.405916,0 days 00:00:00.242003,128,2.178386110389385,7.67462688034994,0.006306469319411639,4,0.4191321362068459,1000,PRUNED
670,0.0023970615584403276,2026-05-19 10:07:28.412990,2026-05-19 10:07:28.661592,0 days 00:00:00.248602,128,2.595185033361582,1.6140469820534873,0.006976450425620605,5,0.3410055650818966,2000,PRUNED
671,6.542295886902139e-05,2026-05-19 10:07:28.668069,2026-05-19 10:07:29.059975,0 days 00:00:00.391906,96,7.82205767668356,2.5549251604550984,0.007435202879878812,4,0.6209148839027021,5000,PRUNED
672,0.0691613107919693,2026-05-19 10:07:29.067243,2026-05-19 10:07:29.267302,0 days 00:00:00.200059,128,1.1920028116402142,6.188640298462833,0.008495687395370738,4,0.6036598064601008,2000,PRUNED
673,0.0008954193908721209,2026-05-19 10:07:29.273428,2026-05-19 10:07:29.521422,0 days 00:00:00.247994,112,6.038764610271461,1.3433471927173153,0.005182206325443079,5,0.5106534818520073,3000,PRUNED
674,0.0014247266808524728,2026-05-19 10:07:29.528816,2026-05-19 10:07:29.771770,0 days 00:00:00.242954,128,5.28822332938635,4.9954147125091835,0.006386790287011867,4,0.38238417159372423,1000,PRUNED
675,0.00035202124854549766,2026-05-19 10:07:29.778484,2026-05-19 10:07:30.031687,0 days 00:00:00.253203,96,4.558335223614594,3.4646242556600826,0.007950480352578147,5,0.581994924963442,2000,PRUNED
676,0.00042974716052412987,2026-05-19 10:07:30.038697,2026-05-19 10:07:30.256410,0 days 00:00:00.217713,96,3.2027273189156578,1.82182690134694,0.006959735452017215,4,0.5897819297930257,1000,PRUNED
677,0.0008441692334599793,2026-05-19 10:07:30.263367,2026-05-19 10:07:30.521590,0 days 00:00:00.258223,128,6.516078474854367,4.16977698471885,0.004354763233570547,5,0.36817345064317153,4000,PRUNED
678,0.0005194382392801344,2026-05-19 10:07:30.527955,2026-05-19 10:07:30.750746,0 days 00:00:00.222791,128,3.506225414789657,2.564270870832108,0.005600155434303053,4,0.3522407559412611,2000,PRUNED
679,5.6701654102653265e-05,2026-05-19 10:07:30.758991,2026-05-19 10:07:31.262993,0 days 00:00:00.504002,128,4.296096642443269,3.0141210551886664,0.0022667821966142255,5,0.567976685052569,2000,PRUNED
680,0.0028343182057142258,2026-05-19 10:07:31.269475,2026-05-19 10:07:31.499852,0 days 00:00:00.230377,112,2.743631385543283,2.0557014180651296,0.009165071884853992,5,0.40921939472291896,1000,PRUNED
681,0.0035807888489216566,2026-05-19 10:07:31.506222,2026-05-19 10:07:31.723037,0 days 00:00:00.216815,128,4.87879264164312,8.343346435172373,0.007500327135941801,4,0.6177214667042756,2000,PRUNED
682,0.0013297076802700758,2026-05-19 10:07:31.729400,2026-05-19 10:07:31.947727,0 days 00:00:00.218327,128,5.648400242610559,3.7162804655527166,0.006061041957406048,4,0.6023550985321076,4000,PRUNED
683,0.001537533476948738,2026-05-19 10:07:31.954479,2026-05-19 10:07:32.199602,0 days 00:00:00.245123,96,3.774147531132344,4.9637565472931975,0.0080045180593909,5,0.3186947877945976,1000,PRUNED
684,0.001962055917829275,2026-05-19 10:07:32.206061,2026-05-19 10:07:32.408350,0 days 00:00:00.202289,96,6.968045947131308,2.354122550554893,0.006864943309583428,4,0.4365861928940386,2000,PRUNED
685,0.04624452069401741,2026-05-19 10:07:32.415810,2026-05-19 10:07:32.658638,0 days 00:00:00.242828,128,2.3824502700215335,0.986484456653253,0.00871802629751848,5,0.8921984164690059,2000,PRUNED
686,0.00022511093993671238,2026-05-19 10:07:32.665074,2026-05-19 10:07:33.116489,0 days 00:00:00.451415,112,2.9832858597620575,0.7704397709174646,0.000624418362110576,5,0.46556781596520863,1000,PRUNED
687,0.0007061368669383228,2026-05-19 10:07:33.124479,2026-05-19 10:07:33.343352,0 days 00:00:00.218873,128,5.263901525978335,1.2376621294732448,0.004903387491889482,4,0.5507173514652637,2000,PRUNED
688,0.0010122957173734903,2026-05-19 10:07:33.350247,2026-05-19 10:07:33.576281,0 days 00:00:00.226034,80,6.029371095630242,3.0327364486437336,0.007457987450764204,4,0.39968017964738484,3000,PRUNED
689,0.0036184368655085564,2026-05-19 10:07:33.584612,2026-05-19 10:07:33.797419,0 days 00:00:00.212807,112,4.169085446909315,3.8998814495078746,0.006188672110935481,3,0.5789811725530248,1000,PRUNED
690,0.0020142586436122656,2026-05-19 10:07:33.805346,2026-05-19 10:07:34.020164,0 days 00:00:00.214818,96,4.5555669321036785,1.5643623111026996,0.006734752959386568,4,0.34131517893658375,2000,PRUNED
691,0.026947252452373505,2026-05-19 10:07:34.029707,2026-05-19 10:07:34.260547,0 days 00:00:00.230840,96,1.7947869350667653,7.0072142597428755,0.008006022565153025,4,0.6302261411856424,2000,PRUNED
692,0.0007303595193661749,2026-05-19 10:07:34.269938,2026-05-19 10:07:34.519165,0 days 00:00:00.249227,128,2.0931317547952113,2.828484620308231,0.007188519418750207,5,0.6117891980410473,4000,PRUNED
693,0.0004187495505902916,2026-05-19 10:07:34.526988,2026-05-19 10:07:34.748954,0 days 00:00:00.221966,128,7.606236730658177,2.0026099233862165,0.00894756422037263,4,0.3615086147751421,1000,PRUNED
694,1.5051185755510232e-06,2026-05-19 10:07:34.757095,2026-05-19 10:07:39.858264,0 days 00:00:05.101169,128,3.377413668052286,5.478250252959722,0.005480949211481347,5,0.5897827559825725,2000,COMPLETE
695,0.0014967244351282716,2026-05-19 10:07:39.873027,2026-05-19 10:07:40.160065,0 days 00:00:00.287038,128,3.2111088627372912,6.63400880847632,0.005268826989182139,5,0.5932330045104433,2000,PRUNED
696,0.0012126610381528735,2026-05-19 10:07:40.167639,2026-05-19 10:07:40.414987,0 days 00:00:00.247348,96,3.3687619322461972,5.847803100768842,0.004894940475079442,5,0.5726753506373985,2000,PRUNED
697,0.0008103481377474964,2026-05-19 10:07:40.423253,2026-05-19 10:07:40.666902,0 days 00:00:00.243649,80,2.952040523936821,5.188945519576023,0.004597949678462398,5,0.5863534533653225,1000,PRUNED
698,0.0008943766006268561,2026-05-19 10:07:40.675251,2026-05-19 10:07:40.958031,0 days 00:00:00.282780,128,2.6302503627534173,5.663059377368913,0.004083896431149631,5,0.6042898458842196,2000,PRUNED
699,0.004245422314852476,2026-05-19 10:07:40.966892,2026-05-19 10:07:41.216450,0 days 00:00:00.249558,128,3.447454134440723,6.732287136969312,0.005948138470177561,5,0.5569125353720878,1000,PRUNED
700,0.0004647249879781157,2026-05-19 10:07:41.225012,2026-05-19 10:07:41.477118,0 days 00:00:00.252106,112,3.131223854036699,4.749766705366344,0.005457756546305391,5,0.5941791291052931,2000,PRUNED
701,0.004709410481154919,2026-05-19 10:07:41.484811,2026-05-19 10:07:41.730097,0 days 00:00:00.245286,128,2.8842690041615624,7.9215084812365095,0.005621516368871815,5,0.38874622815995125,2000,PRUNED
702,0.0008775319438427687,2026-05-19 10:07:41.736731,2026-05-19 10:07:41.993271,0 days 00:00:00.256540,96,2.56432116219724,4.824965478728848,0.005853566596642479,5,0.5722228875285061,1000,PRUNED
703,0.008061199449002743,2026-05-19 10:07:41.999943,2026-05-19 10:07:42.284221,0 days 00:00:00.284278,128,1.4580577174788465,4.131273656469491,0.004932701276050886,5,0.5846558048792186,2000,PRUNED
704,1.4293000276666135e-05,2026-05-19 10:07:42.291859,2026-05-19 10:07:43.233793,0 days 00:00:00.941934,96,3.650254201167726,5.707535087399594,0.006190207330716497,5,0.6102535099169283,4000,PRUNED
705,0.026013655588030815,2026-05-19 10:07:43.242436,2026-05-19 10:07:43.485840,0 days 00:00:00.243404,96,2.9020128663762645,9.8301293508577,0.006615509254889868,5,0.6501928428776214,5000,PRUNED
706,5.00321839354001e-05,2026-05-19 10:07:43.492325,2026-05-19 10:07:43.975497,0 days 00:00:00.483172,128,3.295894508218524,3.4002720655060976,0.005474698388976829,5,0.5992064747853674,1000,PRUNED
707,0.0015272838063538074,2026-05-19 10:07:43.982881,2026-05-19 10:07:44.253845,0 days 00:00:00.270964,128,6.526253975053573,0.03742964886484511,0.005769843326322247,5,0.37615954759951453,2000,PRUNED
708,0.0004959682119078934,2026-05-19 10:07:44.260900,2026-05-19 10:07:44.540349,0 days 00:00:00.279449,128,8.93450500796122,4.089391924094548,0.006356730224795712,5,0.5259533747117068,1000,PRUNED
709,0.009454620070755482,2026-05-19 10:07:44.546707,2026-05-19 10:07:44.797801,0 days 00:00:00.251094,96,2.8503329798567845,6.878163914561088,0.007057127454912628,5,0.6228600389777239,3000,PRUNED
710,0.0019449045648798347,2026-05-19 10:07:44.804561,2026-05-19 10:07:45.112099,0 days 00:00:00.307538,128,3.7442330398804153,4.385551095966519,0.0064002122524018275,6,0.5740657194382075,2000,PRUNED
711,0.0006755806389264762,2026-05-19 10:07:45.118887,2026-05-19 10:07:45.400433,0 days 00:00:00.281546,112,2.3718455858083463,3.528748717944202,0.004386913283471951,5,0.594659006205701,2000,PRUNED
712,0.002517266431823373,2026-05-19 10:07:45.407690,2026-05-19 10:07:45.711445,0 days 00:00:00.303755,128,7.121184631922786,5.5019151144890674,0.007506678502295643,5,0.693342372633883,4000,PRUNED
713,0.0005452067125588655,2026-05-19 10:07:45.718966,2026-05-19 10:07:45.999895,0 days 00:00:00.280929,128,1.622002170013941,2.4654780120250743,0.005315831658089326,5,0.5596484764096494,2000,PRUNED
714,0.0005928127211518586,2026-05-19 10:07:46.006821,2026-05-19 10:07:46.287869,0 days 00:00:00.281048,96,3.308115704336176,3.098337880297957,0.0018448508691392847,5,0.6068407087137224,3000,PRUNED
715,0.0006239871145226061,2026-05-19 10:07:46.295508,2026-05-19 10:07:46.555633,0 days 00:00:00.260125,96,6.241435662412628,8.201503808550369,0.008145604335128453,5,0.5411384453021939,1000,PRUNED
716,0.0008204441983252764,2026-05-19 10:07:46.563096,2026-05-19 10:07:46.839817,0 days 00:00:00.276721,112,5.454972671040816,4.54670700067848,0.00015877271609919703,5,0.5830790356861681,1000,PRUNED
717,0.0003565607767086476,2026-05-19 10:07:46.846165,2026-05-19 10:07:47.091807,0 days 00:00:00.245642,128,8.184639875372502,3.630749828762141,0.0025769222365855473,5,0.6354211999895011,2000,PRUNED
718,7.368058868451044e-05,2026-05-19 10:07:47.098819,2026-05-19 10:07:47.564774,0 days 00:00:00.465955,128,2.5960136739944426,2.6867076460021906,0.006776434216622345,5,0.4254208415035694,2000,PRUNED
719,4.601164982886985e-05,2026-05-19 10:07:47.571827,2026-05-19 10:07:48.014049,0 days 00:00:00.442222,128,1.9158962002845021,2.1866481716235193,0.006060651374303405,5,0.6197755079826366,1000,PRUNED
720,0.0010070656426250935,2026-05-19 10:07:48.020939,2026-05-19 10:07:48.315279,0 days 00:00:00.294340,112,9.42421918242398,0.22104840253689598,0.0020265713437350448,6,0.40386654380755904,2000,PRUNED
721,0.001273778616450727,2026-05-19 10:07:48.321580,2026-05-19 10:07:48.565168,0 days 00:00:00.243588,96,5.745095107717112,5.527161040491565,0.007554927997982993,5,0.3692344683767414,2000,PRUNED
722,0.06253845244646072,2026-05-19 10:07:48.572216,2026-05-19 10:07:48.843372,0 days 00:00:00.271156,128,3.0371141720480344,3.261288440024988,0.009188801321050138,5,0.4991027868875365,1000,PRUNED
723,0.002507399534806609,2026-05-19 10:07:48.850685,2026-05-19 10:07:49.113132,0 days 00:00:00.262447,96,2.254271634986083,4.145129151104157,0.0005468804879560852,5,0.7908177100130356,4000,PRUNED
724,0.0016908422112464905,2026-05-19 10:07:49.120319,2026-05-19 10:07:49.332701,0 days 00:00:00.212382,128,3.524919763055287,6.544621109780249,0.009995821740907835,4,0.5971667554957844,1000,PRUNED
725,3.7117675674380735e-05,2026-05-19 10:07:49.339364,2026-05-19 10:07:49.778537,0 days 00:00:00.439173,96,3.912236731318902,1.899718050760679,0.006818350590699072,5,0.5624070518147132,2000,PRUNED
726,0.0006108694360591471,2026-05-19 10:07:49.786353,2026-05-19 10:07:50.020071,0 days 00:00:00.233718,128,7.267486186527252,2.5466622020464555,0.008530447537334682,4,0.386514136498952,2000,PRUNED
727,0.0012055812403559685,2026-05-19 10:07:50.027419,2026-05-19 10:07:50.257893,0 days 00:00:00.230474,128,6.77781542038673,3.021146608711527,0.005026531248820434,4,0.4789903203481975,4000,PRUNED
728,0.002783003496006131,2026-05-19 10:07:50.264306,2026-05-19 10:07:50.421556,0 days 00:00:00.157250,112,2.733154431275226,0.13631294830314836,0.007330232684679523,2,0.5803170421811339,2000,PRUNED
729,0.010163218714296818,2026-05-19 10:07:50.428173,2026-05-19 10:07:50.676635,0 days 00:00:00.248462,96,1.3054935851588183,3.6149623408397464,0.00592853576332434,5,0.616933063683716,1000,PRUNED
730,0.0011883947299793363,2026-05-19 10:07:50.682865,2026-05-19 10:07:50.921822,0 days 00:00:00.238957,128,4.987244776208161,5.0020049835683,0.008119303659974977,4,0.8997946464505692,2000,PRUNED
731,0.0008391706505790353,2026-05-19 10:07:50.930523,2026-05-19 10:07:51.137832,0 days 00:00:00.207309,128,6.181694867756459,2.3411284860472574,0.006440230508302372,4,0.6088120074588355,1000,PRUNED
732,3.3654006983852014e-05,2026-05-19 10:07:51.146032,2026-05-19 10:07:51.595270,0 days 00:00:00.449238,96,7.979658143508503,1.7436046232616569,0.00721276420303129,5,0.5894247613934408,2000,PRUNED
733,0.0003510297101456672,2026-05-19 10:07:51.603303,2026-05-19 10:07:51.868482,0 days 00:00:00.265179,64,3.2048134197140943,4.167172666293951,0.0008740269700410714,5,0.3609405278311263,2000,PRUNED
734,0.00826969463378191,2026-05-19 10:07:51.877047,2026-05-19 10:07:52.120630,0 days 00:00:00.243583,128,2.5285477878005267,8.426537901875458,0.005421901755959065,5,0.4507808355488776,1000,PRUNED
735,4.464290032046847e-05,2026-05-19 10:07:52.128692,2026-05-19 10:07:52.556153,0 days 00:00:00.427461,96,5.645930840762302,2.99806643501626,0.008307528738700394,4,0.5756710712352565,4000,PRUNED
736,0.0007198320236057043,2026-05-19 10:07:52.564369,2026-05-19 10:07:52.832951,0 days 00:00:00.268582,48,3.9397849418607342,6.404297464435342,0.001043387481910027,4,0.600971559363388,2000,PRUNED
737,0.003167662536725402,2026-05-19 10:07:52.841096,2026-05-19 10:07:53.061100,0 days 00:00:00.220004,112,2.1674532432899025,0.01561579221231762,0.006785959608520952,3,0.629929047037358,1000,PRUNED
738,0.0008258889429271221,2026-05-19 10:07:53.067592,2026-05-19 10:07:53.332737,0 days 00:00:00.265145,128,12.701895647737098,4.855961434986807,0.007698802824787161,4,0.5441124923476899,2000,PRUNED
739,0.0008812539163045585,2026-05-19 10:07:53.339358,2026-05-19 10:07:53.592901,0 days 00:00:00.253543,128,2.8482249058792792,2.1609348199454694,0.0014908027899385088,5,0.5644034190553217,1000,PRUNED
740,0.0047094314359128475,2026-05-19 10:07:53.600043,2026-05-19 10:07:53.811134,0 days 00:00:00.211091,96,1.6165512242809774,3.694671775759943,0.005776039240268473,4,0.3812321149896879,3000,PRUNED
741,6.740048411302269e-05,2026-05-19 10:07:53.818923,2026-05-19 10:07:54.242745,0 days 00:00:00.423822,96,4.909652076100085,2.687038346180867,0.0007356992311674334,5,0.8365638150924329,2000,PRUNED
742,0.008376589976251125,2026-05-19 10:07:54.250685,2026-05-19 10:07:54.501189,0 days 00:00:00.250504,128,3.456677480807989,3.2290160539217534,0.009164936611497388,6,0.39671313654489615,2000,PRUNED
743,0.000599664926994592,2026-05-19 10:07:54.509047,2026-05-19 10:07:54.739602,0 days 00:00:00.230555,128,6.576773035872096,5.707224435671778,0.006406322722994307,5,0.6762884713899364,2000,PRUNED
744,0.0017871242016553879,2026-05-19 10:07:54.747827,2026-05-19 10:07:54.961266,0 days 00:00:00.213439,128,1.475776208379131,4.5191469709148215,0.00042987962064553137,4,0.4122270895028627,4000,PRUNED
745,0.00038684671744704247,2026-05-19 10:07:54.969870,2026-05-19 10:07:55.196389,0 days 00:00:00.226519,80,4.3270273523397345,1.691564562330111,0.007697403646726098,5,0.5904893686123563,1000,PRUNED
746,0.001078896108083427,2026-05-19 10:07:55.202802,2026-05-19 10:07:55.407439,0 days 00:00:00.204637,96,2.0090130067524976,2.663668912418738,0.0005063304652411863,4,0.6125620576469651,2000,PRUNED
747,0.0005368482088670135,2026-05-19 10:07:55.413800,2026-05-19 10:07:55.624757,0 days 00:00:00.210957,112,5.379038271228554,2.0343029327451925,0.0072708804882789324,4,0.5992396924949361,1000,PRUNED
748,0.0008270498365163803,2026-05-19 10:07:55.631708,2026-05-19 10:07:55.902979,0 days 00:00:00.271271,128,3.0937184006132625,3.2935979952808974,0.008664125374107092,5,0.43116749105282065,5000,PRUNED
749,0.027597345411777496,2026-05-19 10:07:55.909546,2026-05-19 10:07:56.152127,0 days 00:00:00.242581,128,1.1419847840469188,7.195703371870578,0.004822694932114878,4,0.6457477682941932,2000,PRUNED
750,1.2355457329249475e-05,2026-05-19 10:07:56.160120,2026-05-19 10:07:57.130988,0 days 00:00:00.970868,96,5.886551020394707,3.920109331671333,0.006463189337896128,5,0.5815987583371425,1000,PRUNED
751,1.4448213732976e-05,2026-05-19 10:07:57.140062,2026-05-19 10:07:58.023074,0 days 00:00:00.883012,80,7.40179573742348,2.367476042717,0.00712984935569213,5,0.3513855857461955,2000,PRUNED
752,7.888885011197999e-05,2026-05-19 10:07:58.031948,2026-05-19 10:07:58.455020,0 days 00:00:00.423072,112,2.3882034984360354,2.931979595689817,0.008052759033182977,4,0.6225155689488178,1000,PRUNED
753,0.002846476389095187,2026-05-19 10:07:58.462733,2026-05-19 10:07:58.717497,0 days 00:00:00.254764,128,3.7708683473595173,1.5310780414180019,0.005720880111467137,4,0.5738634980212025,2000,PRUNED
754,3.1308823054132517e-06,2026-05-19 10:07:58.726245,2026-05-19 10:08:03.237635,0 days 00:00:04.511390,128,4.7499732592834905,5.32373412028475,0.0061711497207287535,5,0.5512152582525708,2000,COMPLETE
755,0.008309654891490936,2026-05-19 10:08:03.252600,2026-05-19 10:08:03.532408,0 days 00:00:00.279808,96,1.7681134517443662,6.194940873380578,0.005063455708265028,5,0.5579376756600014,2000,PRUNED
756,4.3531981646083295e-05,2026-05-19 10:08:03.539408,2026-05-19 10:08:04.050911,0 days 00:00:00.511503,128,8.671201395397249,4.625790456444145,0.005725863336090138,5,0.5452913826263552,4000,PRUNED
757,2.025970388785936e-05,2026-05-19 10:08:04.058048,2026-05-19 10:08:04.706778,0 days 00:00:00.648730,128,4.928044081934543,5.339862222018853,0.005404355423476866,5,0.5351264359423709,1000,PRUNED
758,0.00971287302672863,2026-05-19 10:08:04.714233,2026-05-19 10:08:04.968216,0 days 00:00:00.253983,112,2.7474510615933085,7.615117341564782,0.006128687432873191,5,0.5153811489929391,2000,PRUNED
759,0.0012116602156311274,2026-05-19 10:08:04.975717,2026-05-19 10:08:05.224952,0 days 00:00:00.249235,96,6.0012597229211355,5.533148601923171,0.0061911480766899145,5,0.5430571321700159,1000,PRUNED
760,0.0003394434170331806,2026-05-19 10:08:05.231634,2026-05-19 10:08:05.477949,0 days 00:00:00.246315,128,5.401321611103822,9.186727357915121,0.005273169480418862,5,0.5302111380747271,2000,PRUNED
761,0.0017918056109920144,2026-05-19 10:08:05.485026,2026-05-19 10:08:05.734188,0 days 00:00:00.249162,128,4.549243484819692,6.70231619805263,0.006633066791881095,5,0.5518300988841045,4000,PRUNED
762,0.0010036464082077146,2026-05-19 10:08:05.741455,2026-05-19 10:08:05.996145,0 days 00:00:00.254690,96,10.242767124329948,4.701721932532145,0.004486766350505238,5,0.573550731294499,2000,PRUNED
763,0.0020878477953374386,2026-05-19 10:08:06.002822,2026-05-19 10:08:06.266287,0 days 00:00:00.263465,128,6.8451885889077815,4.197940171355453,0.0058339391978398615,5,0.5526429513457414,1000,PRUNED
764,0.0017762684728950262,2026-05-19 10:08:06.273158,2026-05-19 10:08:06.517988,0 days 00:00:00.244830,96,3.4284272289199516,3.7757200963747586,0.006709573652583885,5,0.5870511940614206,2000,PRUNED
765,0.0007053185836412013,2026-05-19 10:08:06.524547,2026-05-19 10:08:06.776915,0 days 00:00:00.252368,128,3.0407810597168456,5.134790574882684,0.006234739620004742,5,0.5666454066813731,2000,PRUNED
766,0.004501043818891048,2026-05-19 10:08:06.783832,2026-05-19 10:08:07.065144,0 days 00:00:00.281312,128,6.344979192297326,3.717237623032723,0.006920106186483544,5,0.5228929410168001,3000,PRUNED
767,0.002264163689687848,2026-05-19 10:08:07.072106,2026-05-19 10:08:07.313711,0 days 00:00:00.241605,112,2.5858971159450124,0.0019135580813522414,0.005574405424890408,5,0.5646631347206036,1000,PRUNED
768,0.0009717647335492074,2026-05-19 10:08:07.320237,2026-05-19 10:08:07.561663,0 days 00:00:00.241426,96,7.868789479930436,8.079643119182427,0.006296519629213254,5,0.6057319120636621,2000,PRUNED
