number,value,datetime_start,datetime_complete,duration,params_hidden,params_lambda_ic,params_lambda_phys,params_lr,params_n_layers,params_scheduler_gamma,params_scheduler_step,state
439,7.094400643836707e-05,2026-05-19 10:05:52.395944,2026-05-19 10:05:52.868500,0 days 00:00:00.472556,96,4.826819215593143,1.6711898679443393,0.008324246825978673,4,0.5742274965810289,1000,PRUNED
440,2.6373718355898745e-05,2026-05-19 10:05:52.875615,2026-05-19 10:05:54.243405,0 days 00:00:01.367790,96,3.9422832930197957,4.1019929956510905,0.007079367644105417,6,0.33341399175767816,2000,PRUNED
441,0.00010923184163402766,2026-05-19 10:05:54.251250,2026-05-19 10:05:54.766477,0 days 00:00:00.515227,128,2.9777486402702267,1.041211015424116,0.006430914528386668,5,0.8040312416540588,2000,PRUNED
442,0.0012637829640880227,2026-05-19 10:05:54.774093,2026-05-19 10:05:55.080319,0 days 00:00:00.306226,112,6.912155185113789,2.5538144147238215,0.0076861819823493,5,0.5953811637722088,4000,PRUNED
443,0.0009815077064558864,2026-05-19 10:05:55.090285,2026-05-19 10:05:55.360143,0 days 00:00:00.269858,96,6.027050720913375,6.941906214099592,0.008691539887903457,4,0.6284578727361948,2000,PRUNED
444,0.0008489612955600023,2026-05-19 10:05:55.367766,2026-05-19 10:05:55.680180,0 days 00:00:00.312414,128,11.781701800292469,1.3520628014977731,0.006840710520171756,5,0.39894716660541074,1000,PRUNED
445,2.9212071694928454e-06,2026-05-19 10:05:55.688136,2026-05-19 10:05:59.392343,0 days 00:00:03.704207,96,5.316547845263522,3.468482770924,0.005560654522984886,4,0.553329151309203,1000,COMPLETE
446,0.005696603562682867,2026-05-19 10:05:59.405084,2026-05-19 10:05:59.631037,0 days 00:00:00.225953,96,2.0475915108342733,3.3145645802023838,0.004718466843419311,3,0.5542881571755652,1000,PRUNED
447,0.001582460943609476,2026-05-19 10:05:59.637973,2026-05-19 10:05:59.892591,0 days 00:00:00.254618,96,5.228686066388396,3.683365639836536,0.005545768504358599,4,0.5675198210236304,1000,PRUNED
448,0.004385179374366999,2026-05-19 10:05:59.899274,2026-05-19 10:06:00.110913,0 days 00:00:00.211639,96,6.532909239413396,3.08520129625059,0.00011939206115572817,4,0.6710101532307028,1000,PRUNED
449,0.013113312423229218,2026-05-19 10:06:00.117298,2026-05-19 10:06:00.299843,0 days 00:00:00.182545,96,7.9508330434191326,0.012119106074725758,0.005158752186378747,3,0.543774349181139,1000,PRUNED
450,0.0007372385007329285,2026-05-19 10:06:00.306319,2026-05-19 10:06:00.506650,0 days 00:00:00.200331,96,5.58474434794902,4.319867970147164,0.004207839487554278,4,0.5814929477583791,1000,PRUNED
451,0.001062488416209817,2026-05-19 10:06:00.513143,2026-05-19 10:06:00.763707,0 days 00:00:00.250564,96,3.4843391419170056,5.723234521106903,0.00573498126736151,6,0.7143671691055343,1000,PRUNED
452,0.0023272777907550335,2026-05-19 10:06:00.770587,2026-05-19 10:06:00.974241,0 days 00:00:00.203654,96,4.576423636119063,2.6270341083519866,0.006069497709168542,4,0.37119588702615225,1000,PRUNED
453,0.0014494144124910235,2026-05-19 10:06:00.980941,2026-05-19 10:06:01.187163,0 days 00:00:00.206222,96,6.039630637521156,3.7799823685896428,0.006177903521876033,4,0.34191685888403484,1000,PRUNED
454,0.0011980870040133595,2026-05-19 10:06:01.193744,2026-05-19 10:06:01.405453,0 days 00:00:00.211709,96,7.364337966879433,5.050549757468175,0.006821455255322176,4,0.75967310924492,1000,PRUNED
455,0.0012611242709681392,2026-05-19 10:06:01.412526,2026-05-19 10:06:01.616501,0 days 00:00:00.203975,112,3.1013460505535657,2.212549307381836,0.0055693161362965525,4,0.5604650858909709,1000,PRUNED
456,0.000813061255030334,2026-05-19 10:06:01.624501,2026-05-19 10:06:01.836322,0 days 00:00:00.211821,96,2.533685819228839,0.0536753358911604,0.006244784492410071,4,0.3208780998373719,3000,PRUNED
457,0.0005615612026304007,2026-05-19 10:06:01.844074,2026-05-19 10:06:02.106238,0 days 00:00:00.262164,112,4.0183237950532815,3.2882237664077967,0.007401711199581222,6,0.38464791365988643,4000,PRUNED
458,3.963655399275012e-05,2026-05-19 10:06:02.114110,2026-05-19 10:06:02.499187,0 days 00:00:00.385077,96,5.05806800561053,2.707618682937663,0.006810334354881303,4,0.6546701050307028,1000,PRUNED
459,6.195303740241798e-06,2026-05-19 10:06:02.508282,2026-05-19 10:06:06.760235,0 days 00:00:04.251953,96,2.8225213796670654,1.9259451874493294,0.005237821066403993,5,0.35772806735468277,1000,COMPLETE
460,0.0013837628066539764,2026-05-19 10:06:06.770566,2026-05-19 10:06:07.022280,0 days 00:00:00.251714,112,3.6591881059870834,4.415005817034666,0.007347932214437719,4,0.6171246487908476,4000,PRUNED
461,7.298051787074655e-05,2026-05-19 10:06:07.029431,2026-05-19 10:06:07.469981,0 days 00:00:00.440550,96,5.659782098873717,7.435139191623164,0.004489704527208838,5,0.5804018275790022,1000,PRUNED
462,0.001801063073799014,2026-05-19 10:06:07.477198,2026-05-19 10:06:07.691678,0 days 00:00:00.214480,96,4.344987931380262,8.74808367354605,0.0003545543468956463,4,0.6004695897898586,1000,PRUNED
463,0.0014811399159952998,2026-05-19 10:06:07.698797,2026-05-19 10:06:07.949893,0 days 00:00:00.251096,96,6.325044035352336,3.674699039492056,0.005910012197504288,5,0.4255829850496544,1000,PRUNED
464,0.002668355591595173,2026-05-19 10:06:07.956639,2026-05-19 10:06:08.121894,0 days 00:00:00.165255,80,3.241252908596641,5.589412970929093,0.0066336733111530734,2,0.5439240530713041,4000,PRUNED
465,1.6587548088864423e-05,2026-05-19 10:06:08.128859,2026-05-19 10:06:09.061069,0 days 00:00:00.932210,112,4.551223042981646,3.016368247123603,0.008001052585551931,6,0.3264381603176529,3000,PRUNED
466,0.002087661763653159,2026-05-19 10:06:09.067727,2026-05-19 10:06:09.309502,0 days 00:00:00.241775,96,6.993144598940716,2.2123574573190727,0.007190929983687709,5,0.3395872334637007,2000,PRUNED
467,0.0005082689458504319,2026-05-19 10:06:09.317096,2026-05-19 10:06:09.637095,0 days 00:00:00.319999,112,5.290862109522751,4.458238845673913,0.006258133197185528,5,0.5648113705044462,2000,PRUNED
468,0.000822033325675875,2026-05-19 10:06:09.645012,2026-05-19 10:06:09.909604,0 days 00:00:00.264592,96,3.855560979801162,1.6573668371486558,0.008022381620338494,4,0.4360610178946076,1000,PRUNED
469,0.003007787512615323,2026-05-19 10:06:09.916728,2026-05-19 10:06:10.175800,0 days 00:00:00.259072,96,4.827393101338741,0.006305752668400444,0.004945376294834278,4,0.8861047184644971,2000,PRUNED
470,0.0003808095643762499,2026-05-19 10:06:10.182864,2026-05-19 10:06:10.450359,0 days 00:00:00.267495,112,8.488256122941808,9.816566568867053,0.0056555379997661045,5,0.35124351675447435,1000,PRUNED
471,0.002044537104666233,2026-05-19 10:06:10.457047,2026-05-19 10:06:10.659825,0 days 00:00:00.202778,96,3.5514150155898143,2.7022664584345177,0.00671158970573879,4,0.31204146622948703,1000,PRUNED
472,0.0006878439453430474,2026-05-19 10:06:10.667436,2026-05-19 10:06:10.957544,0 days 00:00:00.290108,16,4.172265333131649,5.441996881853114,0.007856703705262822,5,0.7742090123916622,2000,PRUNED
473,0.0009703206596896052,2026-05-19 10:06:10.965554,2026-05-19 10:06:11.231004,0 days 00:00:00.265450,128,2.709201253922053,3.5750743305150814,0.0019173370661954461,4,0.5919712508873045,4000,PRUNED
474,0.004480926785618067,2026-05-19 10:06:11.238645,2026-05-19 10:06:11.506555,0 days 00:00:00.267910,128,5.823981327408161,0.21506865693509963,0.00046853448449014033,5,0.3944328809976303,2000,PRUNED
475,1.7011274394462816e-05,2026-05-19 10:06:11.513941,2026-05-19 10:06:12.517996,0 days 00:00:01.004055,80,6.477513836961917,2.176824927569429,0.0072579098677606575,5,0.6076851049269703,1000,PRUNED
476,0.001490902272053063,2026-05-19 10:06:12.525498,2026-05-19 10:06:12.794391,0 days 00:00:00.268893,96,9.589982914761363,1.4747810099253718,0.0006571070977801008,4,0.36930687049496674,2000,PRUNED
477,0.0007231598719954491,2026-05-19 10:06:12.801659,2026-05-19 10:06:13.048989,0 days 00:00:00.247330,128,3.2390227037874304,6.221709169335357,0.00028099983480083776,4,0.5501454153178533,2000,PRUNED
478,0.0022736825048923492,2026-05-19 10:06:13.056351,2026-05-19 10:06:13.387906,0 days 00:00:00.331555,112,5.114951408931929,3.0415989878833556,0.008444428578992557,6,0.6360695692463119,5000,PRUNED
479,0.0008459946257062256,2026-05-19 10:06:13.396805,2026-05-19 10:06:13.695433,0 days 00:00:00.298628,112,4.538168097392694,4.030735938498678,0.00018063704978061175,5,0.4117130110729468,1000,PRUNED
480,6.659029168076813e-05,2026-05-19 10:06:13.704573,2026-05-19 10:06:14.136277,0 days 00:00:00.431704,96,2.291766120757949,2.418052383626538,0.006374412889117296,4,0.5725621727021233,2000,PRUNED
481,0.0018034252570942044,2026-05-19 10:06:14.143401,2026-05-19 10:06:14.410513,0 days 00:00:00.267112,96,8.010998531753579,4.953749461587538,0.007084661768488007,5,0.38289423762048197,1000,PRUNED
482,0.0007172501063905656,2026-05-19 10:06:14.418080,2026-05-19 10:06:14.687082,0 days 00:00:00.269002,128,6.909061410347413,1.2116046553602422,0.005892197381674456,5,0.5843201291739696,3000,PRUNED
483,0.00012055841943947598,2026-05-19 10:06:14.694807,2026-05-19 10:06:15.134744,0 days 00:00:00.439937,128,37.8537853985725,1.9727331803003731,0.008776502388868812,4,0.5325407644543076,2000,PRUNED
484,0.001822695485316217,2026-05-19 10:06:15.141826,2026-05-19 10:06:15.415100,0 days 00:00:00.273274,96,2.9928010398977625,2.917809591204483,0.007669988077919303,5,0.3439739971570041,2000,PRUNED
485,0.0007286897161975503,2026-05-19 10:06:15.423402,2026-05-19 10:06:15.703222,0 days 00:00:00.279820,96,5.58997634256302,1.6997941824995155,0.006637803416867789,5,0.3598329074131709,1000,PRUNED
486,4.294967948226258e-05,2026-05-19 10:06:15.710430,2026-05-19 10:06:16.509986,0 days 00:00:00.799556,128,3.957233349166418,3.499120943499344,0.002513886267580252,6,0.6040784399800294,2000,PRUNED
487,2.0997393221477978e-05,2026-05-19 10:06:16.518383,2026-05-19 10:06:17.427582,0 days 00:00:00.909199,96,3.3843511806176063,1.0142606882687244,0.005229704406871341,5,0.3318862106314469,4000,PRUNED
488,0.002314385026693344,2026-05-19 10:06:17.434577,2026-05-19 10:06:17.706064,0 days 00:00:00.271487,96,4.657747722778399,0.0028776370895509423,0.007970054235765463,4,0.5547137847601342,1000,PRUNED
489,0.00280207977630198,2026-05-19 10:06:17.715152,2026-05-19 10:06:17.958176,0 days 00:00:00.243024,112,7.434713905993815,6.912290151068743,0.0060451404286326164,4,0.5933916483580283,2000,PRUNED
490,0.0015618292381986976,2026-05-19 10:06:17.966696,2026-05-19 10:06:18.206337,0 days 00:00:00.239641,128,2.5746768840916734,4.112232060232004,0.007197089616975438,4,0.4193654402807523,1000,PRUNED
491,0.004776498302817345,2026-05-19 10:06:18.214201,2026-05-19 10:06:18.485423,0 days 00:00:00.271222,96,3.59207124744122,1.4103888288960966,0.009005637040097688,5,0.30223138818412626,1000,PRUNED
492,0.0010024458169937134,2026-05-19 10:06:18.494373,2026-05-19 10:06:18.741915,0 days 00:00:00.247542,112,6.180947834499744,2.680436506647138,0.0012363489012476002,5,0.8498514473541064,2000,PRUNED
493,7.749565702397376e-05,2026-05-19 10:06:18.749835,2026-05-19 10:06:19.182200,0 days 00:00:00.432365,128,5.262659462488057,0.8445744041070177,0.006663413815163603,5,0.37355130015170346,2000,PRUNED
494,5.077077730675228e-05,2026-05-19 10:06:19.191051,2026-05-19 10:06:19.628144,0 days 00:00:00.437093,64,4.127397805151673,3.392060154501421,0.008325077671335668,4,0.39575200885248063,2000,PRUNED
495,0.0004665407177526504,2026-05-19 10:06:19.637172,2026-05-19 10:06:19.924971,0 days 00:00:00.287799,96,4.885897162335812,4.707399782861602,0.00559233856832066,5,0.3210588490454761,1000,PRUNED
496,0.00015267750131897628,2026-05-19 10:06:19.933525,2026-05-19 10:06:20.420753,0 days 00:00:00.487228,112,3.744556687969552,1.2213378015823129,0.0073875281230351385,4,0.575190543640648,4000,PRUNED
497,0.0013429688988253474,2026-05-19 10:06:20.430659,2026-05-19 10:06:20.655587,0 days 00:00:00.224928,96,2.919096305762825,1.9321582787475051,0.00630105295500493,3,0.7924994800062597,3000,PRUNED
498,0.0009989120298996568,2026-05-19 10:06:20.665306,2026-05-19 10:06:20.967236,0 days 00:00:00.301930,128,4.328555289914741,2.3954347928670505,0.0015423559481513652,5,0.6227979140774765,1000,PRUNED
499,0.0892733708024025,2026-05-19 10:06:20.975473,2026-05-19 10:06:21.281419,0 days 00:00:00.305946,96,1.1536568967107677,6.137917278776937,0.009256959113477178,6,0.35188291257524157,2000,PRUNED
500,0.001505988766439259,2026-05-19 10:06:21.288702,2026-05-19 10:06:21.552504,0 days 00:00:00.263802,112,5.512299409067243,7.819632997012955,0.0077207557120730925,4,0.3825896806245674,1000,PRUNED
501,0.0005063153221271932,2026-05-19 10:06:21.560556,2026-05-19 10:06:21.851894,0 days 00:00:00.291338,128,6.672987376411691,4.042931959696224,0.0010515894392107994,5,0.4047690731580798,2000,PRUNED
502,3.677349741337821e-05,2026-05-19 10:06:21.859709,2026-05-19 10:06:22.395201,0 days 00:00:00.535492,96,6.075914478467562,1.5331248392653036,0.006895434475449093,5,0.5629915114737891,2000,PRUNED
503,0.0006355042569339275,2026-05-19 10:06:22.402417,2026-05-19 10:06:22.666253,0 days 00:00:00.263836,80,7.753836354735999,3.1340768225333226,0.0038345722506380755,4,0.5817767238299091,2000,PRUNED
504,0.0014706000220030546,2026-05-19 10:06:22.673666,2026-05-19 10:06:22.965782,0 days 00:00:00.292116,112,20.269054027893837,5.142488413318137,0.008207425335184319,5,0.43520689638306886,1000,PRUNED
505,0.004015679936856031,2026-05-19 10:06:22.973663,2026-05-19 10:06:23.249121,0 days 00:00:00.275458,128,55.81025562508018,1.008798697764628,0.00598223264430299,4,0.6136864147332676,4000,PRUNED
506,0.0005098984693177044,2026-05-19 10:06:23.256700,2026-05-19 10:06:23.515101,0 days 00:00:00.258401,96,2.4043888630715577,2.4423093350895173,0.0003881489604074931,4,0.36503772880590196,1000,PRUNED
507,0.002798372646793723,2026-05-19 10:06:23.522458,2026-05-19 10:06:23.833636,0 days 00:00:00.311178,128,3.2976820918797056,1.8821199213246427,0.007291514838468189,5,0.6857949911642014,2000,PRUNED
508,0.00035509199369698763,2026-05-19 10:06:23.840946,2026-05-19 10:06:24.143144,0 days 00:00:00.302198,112,4.891872922457397,0.161319392702273,0.0047381844824026355,5,0.33564696015281503,1000,PRUNED
509,0.0009829218033701181,2026-05-19 10:06:24.150727,2026-05-19 10:06:24.389405,0 days 00:00:00.238678,96,8.989058287967628,3.7287244717962054,0.009960054855744789,4,0.5924610371970824,2000,PRUNED
510,0.0006096614524722099,2026-05-19 10:06:24.396841,2026-05-19 10:06:24.667213,0 days 00:00:00.270372,128,4.32995986457243,1.1944882540585031,0.006481775235181968,5,0.8215597346214081,1000,PRUNED
511,0.0008771233260631561,2026-05-19 10:06:24.674486,2026-05-19 10:06:24.934562,0 days 00:00:00.260076,96,10.875646594350645,0.7920722607571323,0.0055788505865369264,4,0.5219936336890082,5000,PRUNED
512,0.0035944776609539986,2026-05-19 10:06:24.942219,2026-05-19 10:06:25.227458,0 days 00:00:00.285239,96,3.966536745808172,2.941226250044513,0.008563916279202763,5,0.316250354445971,2000,PRUNED
513,0.011382462456822395,2026-05-19 10:06:25.235274,2026-05-19 10:06:25.420738,0 days 00:00:00.185464,128,2.775983086836944,4.673514886166542,0.007438116631283921,2,0.6429279479281835,4000,PRUNED
514,0.00268804794177413,2026-05-19 10:06:25.429452,2026-05-19 10:06:25.754338,0 days 00:00:00.324886,96,5.963769008762133,0.02984275272126754,0.006505556977470028,6,0.7385349131126507,2000,PRUNED
515,0.001382788410410285,2026-05-19 10:06:25.763792,2026-05-19 10:06:26.044833,0 days 00:00:00.281041,128,7.011921195042257,5.986717908343626,0.0051717664765534065,4,0.5679183372172805,1000,PRUNED
516,0.0014814670430496335,2026-05-19 10:06:26.054935,2026-05-19 10:06:26.322937,0 days 00:00:00.268002,112,5.16180087561148,9.891177196906705,0.0008875393220738277,5,0.3431229168442154,2000,PRUNED
517,0.01061480026692152,2026-05-19 10:06:26.331737,2026-05-19 10:06:26.576906,0 days 00:00:00.245169,128,3.0709505221664086,1.7701672284579344,0.008155848844236075,5,0.5421397013622052,1000,PRUNED
518,5.167063500266522e-05,2026-05-19 10:06:26.584156,2026-05-19 10:06:26.969137,0 days 00:00:00.384981,96,4.621348243910277,2.3104798141652756,0.000581792018429675,4,0.4242951076758731,2000,PRUNED
519,2.503616997273639e-05,2026-05-19 10:06:26.977128,2026-05-19 10:06:28.223195,0 days 00:00:01.246067,96,3.6618692838095326,1.468429635994554,0.002106528986940621,4,0.660116502339535,3000,PRUNED
520,9.390796185471117e-05,2026-05-19 10:06:28.229911,2026-05-19 10:06:28.789660,0 days 00:00:00.559749,112,5.582522260920915,3.6793572024818353,0.007006630363550523,6,0.41049713908651136,2000,PRUNED
521,2.7360515559848864e-06,2026-05-19 10:06:28.797383,2026-05-19 10:06:33.063794,0 days 00:00:04.266411,128,2.1436918995365692,2.870605041558768,0.006051368011898408,5,0.6003283511836192,1000,COMPLETE
522,0.0005567094776779413,2026-05-19 10:06:33.073943,2026-05-19 10:06:33.312631,0 days 00:00:00.238688,128,2.0449032943427694,2.9335394627885294,0.000325937417844033,4,0.6035942446945188,1000,PRUNED
523,0.0014121985295787454,2026-05-19 10:06:33.319202,2026-05-19 10:06:33.570339,0 days 00:00:00.251137,128,1.6799449380775846,2.686842910353316,0.005946827296339927,4,0.6253569769294134,4000,PRUNED
524,2.4256951292045414e-07,2026-05-19 10:06:33.577262,2026-05-19 10:06:37.647083,0 days 00:00:04.069821,128,1.906081486435454,3.1853056725629973,0.007567302468301831,4,0.6088785978352446,2000,COMPLETE
525,0.0024062981829047203,2026-05-19 10:06:37.658098,2026-05-19 10:06:37.892087,0 days 00:00:00.233989,128,1.5447457047424111,2.161073594734058,0.009114225131734594,4,0.608515046456911,2000,PRUNED
526,1.1645987569863792e-06,2026-05-19 10:06:37.898715,2026-05-19 10:06:41.832759,0 days 00:00:03.934044,128,1.4774877220219678,3.11926285753584,0.007970346509561072,4,0.617325716750049,2000,COMPLETE
527,0.001128361327573657,2026-05-19 10:06:41.848421,2026-05-19 10:06:42.109074,0 days 00:00:00.260653,128,1.8624605169889257,2.5075319105108305,0.008106071966018346,4,0.613448390334394,2000,PRUNED
528,0.0011976482346653938,2026-05-19 10:06:42.115943,2026-05-19 10:06:42.327250,0 days 00:00:00.211307,128,2.0558584375333337,3.141793619910476,0.009243389935472286,4,0.6293675440312839,2000,PRUNED
529,3.0908728376743966e-07,2026-05-19 10:06:42.333583,2026-05-19 10:06:46.119816,0 days 00:00:03.786233,128,1.5445009256309157,2.160950572815891,0.0076469050534363325,4,0.6192162621237495,2000,COMPLETE
530,0.0011065119178965688,2026-05-19 10:06:46.130878,2026-05-19 10:06:46.359133,0 days 00:00:00.228255,128,2.0512836744890146,2.227657585783906,0.00010006407862365634,4,0.6204687913724527,2000,PRUNED
531,0.007318428717553616,2026-05-19 10:06:46.365749,2026-05-19 10:06:46.585919,0 days 00:00:00.220170,128,1.2591181311614312,2.8287655403070597,0.007390859083911014,4,0.6428544639736661,2000,PRUNED
532,0.0013318568235263228,2026-05-19 10:06:46.592621,2026-05-19 10:06:46.813589,0 days 00:00:00.220968,128,1.527049469697311,2.038603902552416,0.007708348305855028,4,0.6145494551256196,2000,PRUNED
533,0.0020414381287992,2026-05-19 10:06:46.819885,2026-05-19 10:06:47.041087,0 days 00:00:00.221202,128,1.4030657650523466,2.4917106784658203,0.006981725148019234,4,0.6272082740509786,2000,PRUNED
534,0.003921911586076021,2026-05-19 10:06:47.048545,2026-05-19 10:06:47.268892,0 days 00:00:00.220347,128,1.583215159370234,3.4035442816304347,0.00781973102191795,4,0.5970054962766731,2000,PRUNED
535,0.0008465700666420162,2026-05-19 10:06:47.276024,2026-05-19 10:06:47.519444,0 days 00:00:00.243420,128,1.3662913049397136,2.774238320920332,0.008492393924130256,4,0.605733756276634,2000,PRUNED
536,0.0029310821555554867,2026-05-19 10:06:47.525914,2026-05-19 10:06:47.769188,0 days 00:00:00.243274,128,2.0327905242368227,2.1767205719723255,0.007066759767493928,4,0.6305586527649919,2000,PRUNED
537,0.00302836112678051,2026-05-19 10:06:47.776277,2026-05-19 10:06:48.011458,0 days 00:00:00.235181,128,1.8096122937441679,3.2329160005381974,0.007550497190919341,4,0.5969493240193509,2000,PRUNED
538,0.002801906317472458,2026-05-19 10:06:48.018342,2026-05-19 10:06:48.278235,0 days 00:00:00.259893,128,2.6778196690417686,1.836183199233316,0.006599850791381417,4,0.6146192663377492,2000,PRUNED
539,0.0015047105262055993,2026-05-19 10:06:48.285966,2026-05-19 10:06:48.506980,0 days 00:00:00.221014,128,1.2877764201562778,2.4897741124474964,0.008309054054770408,4,0.5855456518998109,2000,PRUNED
540,3.1585327064931334e-07,2026-05-19 10:06:48.513579,2026-05-19 10:06:52.140030,0 days 00:00:03.626451,128,2.57410025664734,3.3515668637890403,0.00758496876339286,4,0.5998873349816052,4000,COMPLETE
541,0.0010922758374363184,2026-05-19 10:06:52.153221,2026-05-19 10:06:52.376626,0 days 00:00:00.223405,128,1.5535935932169886,3.5424723742413464,0.007779222126137858,4,0.6027364278577096,2000,PRUNED
542,0.001428027986548841,2026-05-19 10:06:52.383553,2026-05-19 10:06:52.602733,0 days 00:00:00.219180,128,1.764354440592251,4.126273223758334,0.008469850896270292,4,0.617512355338141,4000,PRUNED
543,0.006140252109616995,2026-05-19 10:06:52.609602,2026-05-19 10:06:52.828028,0 days 00:00:00.218426,128,1.434908144922134,3.1263746127199674,0.007313719708945536,4,0.64132696409811,2000,PRUNED
544,0.0150520084425807,2026-05-19 10:06:52.834726,2026-05-19 10:06:53.083371,0 days 00:00:00.248645,128,1.193622705926915,3.69658189930191,0.007755991434574056,4,0.5978884307160294,2000,PRUNED
545,0.0016728189075365663,2026-05-19 10:06:53.090033,2026-05-19 10:06:53.306267,0 days 00:00:00.216234,128,2.220587034141057,2.811054347559668,0.008785609887582368,4,0.6134026152509768,3000,PRUNED
546,0.0020315165165811777,2026-05-19 10:06:53.313012,2026-05-19 10:06:53.532914,0 days 00:00:00.219902,128,1.870069882969182,3.1301782835400185,0.006916775047407113,4,0.6300682520256631,2000,PRUNED
547,0.006773284636437893,2026-05-19 10:06:53.541997,2026-05-19 10:06:53.763115,0 days 00:00:00.221118,128,1.74580325471309,4.53012003345112,0.0030293915764021935,4,0.6034403327346718,2000,PRUNED
548,0.00044008984696120024,2026-05-19 10:06:53.772290,2026-05-19 10:06:53.994136,0 days 00:00:00.221846,128,2.340636654464611,3.9106394655436643,0.007983191107003526,4,0.5907453388419703,2000,PRUNED
