number,value,datetime_start,datetime_complete,duration,params_hidden,params_lambda_ic,params_lambda_phys,params_lr,params_n_layers,params_scheduler_gamma,params_scheduler_step,state
329,3.1427753128809854e-06,2026-05-19 10:05:08.160556,2026-05-19 10:05:12.480365,0 days 00:00:04.319809,96,7.467622558893464,4.841534328009115,0.007079164658303882,5,0.34112934535025297,2000,COMPLETE
330,0.0007934661116451025,2026-05-19 10:05:12.494454,2026-05-19 10:05:12.727931,0 days 00:00:00.233477,128,7.631609606351269,1.9617929485334806,0.00707263406751549,5,0.3300429902033753,2000,PRUNED
331,0.0031902247574180365,2026-05-19 10:05:12.734393,2026-05-19 10:05:13.011584,0 days 00:00:00.277191,96,3.16924110743907,1.5489218120503223,0.00850796885388352,5,0.34115757101375527,2000,PRUNED
332,0.0017008142312988639,2026-05-19 10:05:13.018334,2026-05-19 10:05:13.238234,0 days 00:00:00.219900,96,9.061119469320479,0.8558780033460731,0.009850826566293616,4,0.3481582489437393,2000,PRUNED
333,0.0003911940730176866,2026-05-19 10:05:13.245495,2026-05-19 10:05:13.479227,0 days 00:00:00.233732,128,7.410387299414651,3.152432657540848,0.0005902882871546204,5,0.31909193961644716,2000,PRUNED
334,0.03200957551598549,2026-05-19 10:05:13.487159,2026-05-19 10:05:13.786489,0 days 00:00:00.299330,112,63.38682272644446,0.0410756692796513,0.0068835291174995745,6,0.5622658330274042,2000,PRUNED
335,0.011608665809035301,2026-05-19 10:05:13.793530,2026-05-19 10:05:14.048895,0 days 00:00:00.255365,96,2.7766981049599746,4.884265011053052,0.007619233358139974,4,0.33512977264959243,2000,PRUNED
336,6.962115730857477e-05,2026-05-19 10:05:14.057295,2026-05-19 10:05:14.760860,0 days 00:00:00.703565,96,4.172897767152707,2.3744204274006986,0.0005238419185127129,5,0.5687728688102488,2000,PRUNED
337,0.0019167577847838402,2026-05-19 10:05:14.767851,2026-05-19 10:05:15.003126,0 days 00:00:00.235275,128,1.936748486492454,0.019652535496016112,0.00826685587352038,5,0.3602059206720941,2000,PRUNED
338,4.97344444738701e-05,2026-05-19 10:05:15.009867,2026-05-19 10:05:15.472213,0 days 00:00:00.462346,128,2.5112153311103405,1.274359481225063,0.0004592748436803713,4,0.34715830056498903,5000,PRUNED
339,0.0016147736459970474,2026-05-19 10:05:15.481264,2026-05-19 10:05:15.748801,0 days 00:00:00.267537,96,8.430076904318451,3.759530645839157,0.0064125715617038455,5,0.3111045749137068,2000,PRUNED
340,0.0011899987002834678,2026-05-19 10:05:15.757277,2026-05-19 10:05:16.028374,0 days 00:00:00.271097,112,3.555486446658228,1.792178790558861,0.00029356622684414117,5,0.531344316274856,2000,PRUNED
341,0.0004854761064052582,2026-05-19 10:05:16.036535,2026-05-19 10:05:16.236539,0 days 00:00:00.200004,96,6.229514270739519,2.8550122099782778,0.008979377511732133,4,0.592218143989075,2000,PRUNED
342,0.0021870466880500317,2026-05-19 10:05:16.242909,2026-05-19 10:05:16.488514,0 days 00:00:00.245605,128,4.466839412662609,4.550949437124521,0.007550043455868227,5,0.5800556347959113,4000,PRUNED
343,0.000509148754645139,2026-05-19 10:05:16.496458,2026-05-19 10:05:16.745546,0 days 00:00:00.249088,112,3.2555892096470256,1.0570378053771226,0.00662055610540774,4,0.3005444190145883,2000,PRUNED
344,0.00045490459888242185,2026-05-19 10:05:16.751937,2026-05-19 10:05:17.051592,0 days 00:00:00.299655,96,3.877946162182402,3.351275973984724,0.0060301682977191825,6,0.3284517011386029,4000,PRUNED
345,0.004462721291929483,2026-05-19 10:05:17.058333,2026-05-19 10:05:17.313705,0 days 00:00:00.255372,128,6.92300006082253,2.247990838191293,0.007947616214202724,5,0.8429426202888357,2000,PRUNED
346,8.334839367307723e-05,2026-05-19 10:05:17.320130,2026-05-19 10:05:17.767934,0 days 00:00:00.447804,96,5.281224729862998,5.6823486095057945,0.006880695395660538,4,0.6318582597153091,2000,PRUNED
347,0.0038374934811145067,2026-05-19 10:05:17.774729,2026-05-19 10:05:18.018982,0 days 00:00:00.244253,112,1.054453993133307,1.3364438537030825,0.00919834650018423,5,0.548905532416111,3000,PRUNED
348,0.003197095124050975,2026-05-19 10:05:18.025697,2026-05-19 10:05:18.231521,0 days 00:00:00.205824,128,10.412601194603164,4.10020050668946,0.005690259067441133,4,0.6096680160393841,2000,PRUNED
349,0.002827584743499756,2026-05-19 10:05:18.237726,2026-05-19 10:05:18.507031,0 days 00:00:00.269305,96,4.858285429973243,1.6531427899359397,0.007420873050733174,5,0.39990223535402253,1000,PRUNED
350,0.00048669843818061054,2026-05-19 10:05:18.513636,2026-05-19 10:05:18.752099,0 days 00:00:00.238463,96,5.722493372033751,2.703968512118208,0.008125023781389695,5,0.3602783071900282,2000,PRUNED
351,0.0007882437203079462,2026-05-19 10:05:18.759812,2026-05-19 10:05:18.970703,0 days 00:00:00.210891,128,2.790861319890911,0.9121706934491066,0.007149986912743088,4,0.34116731773830034,2000,PRUNED
352,0.0076644644141197205,2026-05-19 10:05:18.977009,2026-05-19 10:05:19.215034,0 days 00:00:00.238025,112,4.147537957446299,6.5168435768446695,0.008538098546560015,5,0.8783738731036971,1000,PRUNED
353,3.946229844586924e-05,2026-05-19 10:05:19.221440,2026-05-19 10:05:19.621954,0 days 00:00:00.400514,96,7.519708576739198,3.2474518881606427,0.0064444399841024624,4,0.4202420141108346,4000,PRUNED
354,0.004792169667780399,2026-05-19 10:05:19.630284,2026-05-19 10:05:19.879675,0 days 00:00:00.249391,128,3.6901705131139497,1.121065607417468,0.009749154349286311,5,0.7804599221495767,1000,PRUNED
355,1.498767869634321e-05,2026-05-19 10:05:19.886578,2026-05-19 10:05:21.060863,0 days 00:00:01.174285,96,6.509528720070727,2.3971236219842,0.007523934172669544,5,0.5675039238949378,2000,PRUNED
356,0.0006675438489764929,2026-05-19 10:05:21.068133,2026-05-19 10:05:21.310313,0 days 00:00:00.242180,64,3.030392242235617,0.7787647973919575,0.006135468320467429,5,0.5826997676216701,2000,PRUNED
357,0.0010229465551674366,2026-05-19 10:05:21.317516,2026-05-19 10:05:21.515600,0 days 00:00:00.198084,112,4.5190273248345365,5.078455126241497,0.008727336296280346,4,0.3152452895871835,3000,PRUNED
358,1.6949716155068018e-05,2026-05-19 10:05:21.523805,2026-05-19 10:05:22.482275,0 days 00:00:00.958470,128,5.109502536554282,3.8856180464470027,0.006885144991132067,5,0.5230547521015239,1000,PRUNED
359,0.0007842245395295322,2026-05-19 10:05:22.490031,2026-05-19 10:05:22.775737,0 days 00:00:00.285706,96,3.3549297649454095,1.9017687541991861,0.005542592057270245,6,0.3511087059008088,2000,PRUNED
360,0.000499980931635946,2026-05-19 10:05:22.783041,2026-05-19 10:05:23.010589,0 days 00:00:00.227548,128,5.797699410512967,1.366868503943056,0.0009091756577798266,4,0.41234543134645046,1000,PRUNED
361,0.0011004123371094465,2026-05-19 10:05:23.017586,2026-05-19 10:05:23.241299,0 days 00:00:00.223713,96,3.836858049279934,2.7725010115215296,0.008014530163323862,4,0.48210850028703955,5000,PRUNED
362,0.004387295339256525,2026-05-19 10:05:23.247906,2026-05-19 10:05:23.538856,0 days 00:00:00.290950,96,2.552840211421671,4.555266986565169,0.007185743798164795,5,0.6009010903498463,1000,PRUNED
363,0.0010366844944655895,2026-05-19 10:05:23.545776,2026-05-19 10:05:23.793699,0 days 00:00:00.247923,128,8.074533705164685,3.3832685278437875,0.006481921760689015,5,0.3254553396748405,2000,PRUNED
364,0.0006741185206919909,2026-05-19 10:05:23.801331,2026-05-19 10:05:24.003322,0 days 00:00:00.201991,80,6.2906437486539435,1.5730149267044335,0.008905623276084589,4,0.3667003415989344,1000,PRUNED
365,5.924956712988205e-05,2026-05-19 10:05:24.009786,2026-05-19 10:05:24.412370,0 days 00:00:00.402584,96,4.324125200001735,0.9564091079141662,0.009962431168985977,5,0.3899741242951376,4000,PRUNED
366,0.00018305517733097076,2026-05-19 10:05:24.418875,2026-05-19 10:05:24.789426,0 days 00:00:00.370551,112,5.422897915958567,2.3964681378725405,0.007572958721024166,4,0.56060685140871,2000,PRUNED
367,0.0034796118270605803,2026-05-19 10:05:24.795743,2026-05-19 10:05:25.018718,0 days 00:00:00.222975,112,6.900827442378014,0.0018176100309409643,0.005903043112111831,5,0.5093265233308261,2000,PRUNED
368,0.002761124400421977,2026-05-19 10:05:25.025181,2026-05-19 10:05:25.221924,0 days 00:00:00.196743,96,5.015723938210312,1.1835945668483212,0.008277312948737974,4,0.590916696147831,1000,PRUNED
369,0.00048512473586015403,2026-05-19 10:05:25.228309,2026-05-19 10:05:25.453613,0 days 00:00:00.225304,128,2.1852743777244377,1.9765286409200105,0.0002213247717884133,5,0.5750090813997922,2000,PRUNED
370,0.0006824059528298676,2026-05-19 10:05:25.460663,2026-05-19 10:05:25.720227,0 days 00:00:00.259564,48,3.1756204757374826,3.6921938993910994,0.006863934565174462,5,0.5471674026575748,1000,PRUNED
371,6.119952740846202e-05,2026-05-19 10:05:25.726805,2026-05-19 10:05:26.341052,0 days 00:00:00.614247,128,4.787904196053649,4.291772169204183,0.00037598418805532316,4,0.3362344242029018,2000,PRUNED
372,0.0009205681853927672,2026-05-19 10:05:26.347699,2026-05-19 10:05:26.612673,0 days 00:00:00.264974,96,7.336887197122868,5.697951460541004,0.007926961709278235,6,0.6066858131128793,4000,PRUNED
373,7.056212052702904e-05,2026-05-19 10:05:26.619358,2026-05-19 10:05:27.099736,0 days 00:00:00.480378,96,9.11768794483363,2.9006639803462244,0.006180450783920511,5,0.4014127257085387,1000,PRUNED
374,0.0006725611165165901,2026-05-19 10:05:27.106860,2026-05-19 10:05:27.320287,0 days 00:00:00.213427,112,5.995407209464986,1.5190411019254033,0.007239635472831826,4,0.6200145837442681,2000,PRUNED
375,4.397171505843289e-05,2026-05-19 10:05:27.327736,2026-05-19 10:05:27.791668,0 days 00:00:00.463932,96,2.874417320427749,0.785271726280099,0.009091858869623735,5,0.35122937751553457,1000,PRUNED
376,1.0126447023139917e-06,2026-05-19 10:05:27.798457,2026-05-19 10:05:32.199472,0 days 00:00:04.401015,128,4.088330543779985,7.401472126021954,0.005639261035809068,5,0.36505889649221257,2000,COMPLETE
377,0.0007693436346016824,2026-05-19 10:05:32.211655,2026-05-19 10:05:32.440459,0 days 00:00:00.228804,128,4.053656913013855,5.594568908667977,0.002776227983727312,4,0.3874917631738284,2000,PRUNED
378,0.0017569964984431863,2026-05-19 10:05:32.447167,2026-05-19 10:05:32.628272,0 days 00:00:00.181105,128,3.4946160784076095,8.249649439090977,0.0006351183790201037,2,0.37368484924145656,2000,PRUNED
379,0.030487172305583954,2026-05-19 10:05:32.635253,2026-05-19 10:05:32.900371,0 days 00:00:00.265118,128,4.232970642353466,8.976851862466786,0.006713757341180732,6,0.5973477298251232,2000,PRUNED
380,4.7079047362785786e-05,2026-05-19 10:05:32.906944,2026-05-19 10:05:33.319662,0 days 00:00:00.412718,128,30.778085439553234,7.539202635549192,0.005430146192236588,5,0.41643859625761415,2000,PRUNED
381,0.0011452488834038377,2026-05-19 10:05:33.326063,2026-05-19 10:05:33.530273,0 days 00:00:00.204210,128,3.5880225625877045,7.485537690600599,0.0004330303805658799,4,0.586137747185237,2000,PRUNED
382,0.07792387157678604,2026-05-19 10:05:33.536630,2026-05-19 10:05:33.763575,0 days 00:00:00.226945,128,4.505454188067187,9.616677857653114,0.007793617970356108,5,0.30856672837099786,2000,PRUNED
383,0.00086382677545771,2026-05-19 10:05:33.769856,2026-05-19 10:05:33.975184,0 days 00:00:00.205328,128,4.705971016658446,6.109922789273437,0.008502577751620723,4,0.556264454163031,2000,PRUNED
384,0.001512340153567493,2026-05-19 10:05:33.981899,2026-05-19 10:05:34.204863,0 days 00:00:00.222964,128,3.9510161627176843,1.0244304177549557,0.006517997855352354,5,0.36625831524487484,2000,PRUNED
385,0.0034437680151313543,2026-05-19 10:05:34.211259,2026-05-19 10:05:34.436053,0 days 00:00:00.224794,112,3.73311466407431,6.781333306991874,0.007231322771633958,5,0.5750007654153436,2000,PRUNED
386,0.00040647247806191444,2026-05-19 10:05:34.442906,2026-05-19 10:05:34.677011,0 days 00:00:00.234105,128,3.1418086413661737,0.1199834533080347,0.009097465662917416,4,0.5359163770249703,4000,PRUNED
387,0.0005136483814567327,2026-05-19 10:05:34.684630,2026-05-19 10:05:34.949513,0 days 00:00:00.264883,128,2.447373189579532,1.2388187985868393,0.0060996191670865865,5,0.39286244404265114,2000,PRUNED
388,4.90011261717882e-05,2026-05-19 10:05:34.957339,2026-05-19 10:05:35.414591,0 days 00:00:00.457252,112,4.272240942532952,1.8561397502966763,0.008484365574895387,4,0.6118788619685316,2000,PRUNED
389,0.011173945851624012,2026-05-19 10:05:35.422139,2026-05-19 10:05:35.743065,0 days 00:00:00.320926,128,5.510099375348025,9.977367523828711,0.007514301138920096,6,0.4303158370641982,3000,PRUNED
390,8.164638711605221e-05,2026-05-19 10:05:35.751006,2026-05-19 10:05:36.241267,0 days 00:00:00.490261,128,4.830796158210063,2.201211829865467,0.0003320600830291858,5,0.7469931556504064,2000,PRUNED
391,0.00964755192399025,2026-05-19 10:05:36.248513,2026-05-19 10:05:36.562669,0 days 00:00:00.314156,128,3.3891993440422694,1.4396805690912298,0.009971133872393996,5,0.40331697472331257,2000,PRUNED
392,0.000940081081353128,2026-05-19 10:05:36.571038,2026-05-19 10:05:36.881375,0 days 00:00:00.310337,112,3.8587677724385236,5.029750183299479,0.006825292972315719,5,0.6464658295573195,2000,PRUNED
393,0.00042667106026783586,2026-05-19 10:05:36.889654,2026-05-19 10:05:37.095499,0 days 00:00:00.205845,112,2.852645976388503,3.276302021299789,0.007958024145071518,4,0.33626311878989856,4000,PRUNED
394,0.004581961780786514,2026-05-19 10:05:37.105385,2026-05-19 10:05:37.413313,0 days 00:00:00.307928,128,5.0870228942120095,0.87233237209012,0.0002634108917378519,4,0.37743594651163087,2000,PRUNED
395,0.004830502904951572,2026-05-19 10:05:37.421252,2026-05-19 10:05:37.765796,0 days 00:00:00.344544,128,97.79473788125243,1.0630830384594974,0.005864537445403227,5,0.32490159240603417,3000,PRUNED
396,0.001513842144049704,2026-05-19 10:05:37.774017,2026-05-19 10:05:38.093973,0 days 00:00:00.319956,96,4.369182779034174,2.584665839265698,0.0072496756248048464,5,0.5679219065622816,2000,PRUNED
397,0.016617685556411743,2026-05-19 10:05:38.103158,2026-05-19 10:05:38.366587,0 days 00:00:00.263429,112,2.667486669767847,6.833148465245671,0.005339915185485411,4,0.5880707729648986,2000,PRUNED
398,0.0006959898746572435,2026-05-19 10:05:38.375297,2026-05-19 10:05:38.686596,0 days 00:00:00.311299,96,5.505965548975103,1.7474018810425487,0.006546492723021613,5,0.34956941073007336,4000,PRUNED
399,0.0004207606543786824,2026-05-19 10:05:38.692895,2026-05-19 10:05:39.059045,0 days 00:00:00.366150,128,3.927753253710117,0.6775405847820488,0.008365286283280095,4,0.6007720858981502,2000,PRUNED
400,0.0009835107484832406,2026-05-19 10:05:39.068184,2026-05-19 10:05:39.362561,0 days 00:00:00.294377,96,4.558877562851674,1.3234341387310966,0.007735154143022919,4,0.6340053054828986,2000,PRUNED
401,0.0005862709949724376,2026-05-19 10:05:39.371331,2026-05-19 10:05:39.648664,0 days 00:00:00.277333,48,3.0625016290638163,3.737454595866347,0.00624390380849535,5,0.3645990824653098,1000,PRUNED
402,7.164069393184036e-05,2026-05-19 10:05:39.656542,2026-05-19 10:05:40.139495,0 days 00:00:00.482953,112,3.518161045569748,4.906539725858221,0.00930605375935305,6,0.38435134371563967,2000,PRUNED
403,0.0009283331455662847,2026-05-19 10:05:40.148655,2026-05-19 10:05:40.450919,0 days 00:00:00.302264,128,6.119708411780112,2.151367780278556,0.007003232868065856,5,0.4137000393079381,2000,PRUNED
404,0.0051602553576231,2026-05-19 10:05:40.459603,2026-05-19 10:05:40.747056,0 days 00:00:00.287453,32,5.258880003049118,2.663835338323572,0.0009781713870040882,4,0.46725054564481605,2000,PRUNED
405,4.646691741072573e-05,2026-05-19 10:05:40.755724,2026-05-19 10:05:41.297915,0 days 00:00:00.542191,96,8.24638829973091,3.316861331022448,0.0005091007365903276,5,0.3206621211282659,1000,PRUNED
406,0.003904578275978565,2026-05-19 10:05:41.306966,2026-05-19 10:05:41.581672,0 days 00:00:00.274706,96,4.062521644057941,1.5670619103226813,0.00840507167666119,5,0.5578304858241355,4000,PRUNED
407,0.0014217396965250373,2026-05-19 10:05:41.591091,2026-05-19 10:05:41.873541,0 days 00:00:00.282450,80,4.9212242767519605,8.074636682863408,0.001314409438140252,4,0.4431114687626375,2000,PRUNED
408,0.0019102556398138404,2026-05-19 10:05:41.882043,2026-05-19 10:05:42.227068,0 days 00:00:00.345025,128,3.6913143492169276,1.175023427440239,0.0075331348633930805,5,0.34353099577290375,3000,PRUNED
409,0.001152376993559301,2026-05-19 10:05:42.235870,2026-05-19 10:05:42.525413,0 days 00:00:00.289543,128,2.4212376057520286,4.179332995219919,0.0011392522953974017,4,0.5770632209870575,1000,PRUNED
410,3.072385516134091e-05,2026-05-19 10:05:42.535901,2026-05-19 10:05:43.262414,0 days 00:00:00.726513,112,6.576021303200572,2.9580677159807776,0.005808505147698322,5,0.6209273664479181,1000,PRUNED
411,0.002173258690163493,2026-05-19 10:05:43.270982,2026-05-19 10:05:43.505430,0 days 00:00:00.234448,96,3.2748366923623093,1.0055157109436195,0.009024127934014676,4,0.5239882482939491,2000,PRUNED
412,0.0001274919486604631,2026-05-19 10:05:43.513643,2026-05-19 10:05:44.018821,0 days 00:00:00.505178,96,5.727721852050799,1.8684533108527317,0.0008196802199719853,5,0.30826662224553963,1000,PRUNED
413,0.0014649704098701477,2026-05-19 10:05:44.028098,2026-05-19 10:05:44.233406,0 days 00:00:00.205308,112,4.3748792626954485,6.0888751512658414,0.006694448027805725,3,0.42663657626476714,2000,PRUNED
414,0.002121375408023596,2026-05-19 10:05:44.240456,2026-05-19 10:05:44.577178,0 days 00:00:00.336722,128,2.9231891141136157,2.3793834087777705,0.007759497271122813,6,0.3589875317224348,4000,PRUNED
415,0.0010772221721708775,2026-05-19 10:05:44.585259,2026-05-19 10:05:44.865021,0 days 00:00:00.279762,128,4.7202040061090855,0.07587587902773797,0.006189359904914538,5,0.4056596617485074,1000,PRUNED
416,0.0004475309688132256,2026-05-19 10:05:44.872841,2026-05-19 10:05:45.146603,0 days 00:00:00.273762,96,7.227087335618975,0.5566869459811122,0.0070702488584644665,4,0.5867914025012464,5000,PRUNED
417,0.0005890755564905703,2026-05-19 10:05:45.154272,2026-05-19 10:05:45.420902,0 days 00:00:00.266630,112,9.797839175448594,4.506924030236735,0.005376162152901786,5,0.5410555230235365,2000,PRUNED
418,0.0008777715265750885,2026-05-19 10:05:45.428291,2026-05-19 10:05:45.699664,0 days 00:00:00.271373,128,5.326441451383203,3.6651939395476183,0.008914532967616483,4,0.3327676332788447,2000,PRUNED
419,0.0011465803254395723,2026-05-19 10:05:45.706577,2026-05-19 10:05:46.008312,0 days 00:00:00.301735,96,2.6425478947153023,1.5190761493986915,0.00031300728124705073,5,0.5029077844315316,1000,PRUNED
420,0.0010034702718257904,2026-05-19 10:05:46.016085,2026-05-19 10:05:46.257026,0 days 00:00:00.240941,96,4.177222762285952,1.2538939494186074,0.00794186746488203,4,0.39494680101719254,2000,PRUNED
421,0.0009505726047791541,2026-05-19 10:05:46.264286,2026-05-19 10:05:46.541312,0 days 00:00:00.277026,128,6.133918887143973,2.1327121930416295,0.006577471481346603,5,0.6039438971471407,2000,PRUNED
422,0.0009993123821914196,2026-05-19 10:05:46.548546,2026-05-19 10:05:46.858559,0 days 00:00:00.310013,96,3.4311833520813786,2.9153393475265563,0.007336230216862153,5,0.5693594171372989,1000,PRUNED
423,8.590215293224901e-05,2026-05-19 10:05:46.865794,2026-05-19 10:05:47.331184,0 days 00:00:00.465390,128,3.82449605322966,0.9315720870063383,0.00866993799425951,4,0.7264550987038652,2000,PRUNED
424,0.00013713978114537895,2026-05-19 10:05:47.338736,2026-05-19 10:05:47.867248,0 days 00:00:00.528512,80,4.752554586900092,0.728079052697348,0.009982563915087728,5,0.37126921043092237,3000,PRUNED
425,0.0004778475849889219,2026-05-19 10:05:47.874740,2026-05-19 10:05:48.125040,0 days 00:00:00.250300,112,3.09344799762591,5.156568715223158,0.0059753373166406155,5,0.30055357712773895,1000,PRUNED
426,0.0017656789859756827,2026-05-19 10:05:48.131618,2026-05-19 10:05:48.378601,0 days 00:00:00.246983,96,5.526860399565918,8.209396580025576,0.008074178527816337,6,0.5572871897206604,2000,PRUNED
427,0.0005060741095803678,2026-05-19 10:05:48.385675,2026-05-19 10:05:48.625038,0 days 00:00:00.239363,128,4.334702463949424,3.3516974813850138,0.0069517460394590965,5,0.4831785472273075,4000,PRUNED
428,0.0007430336554534733,2026-05-19 10:05:48.632095,2026-05-19 10:05:48.862872,0 days 00:00:00.230777,96,6.6139997390436225,1.7502039579631044,0.0005564271391985936,4,0.3823465773107095,1000,PRUNED
429,0.005940512288361788,2026-05-19 10:05:48.869910,2026-05-19 10:05:49.082301,0 days 00:00:00.212391,128,2.3047930419674563,6.5240713770836605,0.00641308094901103,3,0.5895567588968575,2000,PRUNED
430,0.0009683786192908883,2026-05-19 10:05:49.089827,2026-05-19 10:05:49.341621,0 days 00:00:00.251794,96,7.632753556424014,3.963081047910756,0.005574887798482824,5,0.3488072849104058,2000,PRUNED
431,0.0015668339328840375,2026-05-19 10:05:49.348486,2026-05-19 10:05:49.614518,0 days 00:00:00.266032,112,5.096145571478227,1.13658834617621,0.007569851563936462,5,0.6125361753204344,1000,PRUNED
432,0.003008247585967183,2026-05-19 10:05:49.621966,2026-05-19 10:05:49.866149,0 days 00:00:00.244183,128,8.748008694132837,2.546648894000045,0.009268427853957335,4,0.3155369737913043,4000,PRUNED
433,0.001130430493503809,2026-05-19 10:05:49.874009,2026-05-19 10:05:50.105294,0 days 00:00:00.231285,96,1.7485972922240633,1.388208053308684,0.005005293240892019,4,0.8340458729728653,2000,PRUNED
434,0.0031141205690801144,2026-05-19 10:05:50.113638,2026-05-19 10:05:50.347540,0 days 00:00:00.233902,128,3.717160771161232,0.8549414435966286,0.00014352833882352672,4,0.36112854691250096,1000,PRUNED
435,4.14176429330837e-05,2026-05-19 10:05:50.357046,2026-05-19 10:05:51.059452,0 days 00:00:00.702406,112,5.906473386264984,4.581780910696434,0.0032699258514397606,5,0.4528322119010558,2000,PRUNED
436,0.0008312388090416789,2026-05-19 10:05:51.067846,2026-05-19 10:05:51.357296,0 days 00:00:00.289450,80,3.338406122808095,2.060647085431874,0.00041051958184764914,5,0.698299579908913,2000,PRUNED
437,0.00010052440484287217,2026-05-19 10:05:51.365851,2026-05-19 10:05:51.845858,0 days 00:00:00.480007,128,2.7388142510662545,3.0880156782228125,0.00024503212092315306,4,0.41270769503502086,2000,PRUNED
438,7.965452095959336e-05,2026-05-19 10:05:51.854153,2026-05-19 10:05:52.385478,0 days 00:00:00.531325,64,4.2174130351550065,5.09663232810726,0.0007362100974562302,5,0.8692256301919175,1000,PRUNED
