number,value,datetime_start,datetime_complete,duration,params_hidden,params_lambda_ic,params_lambda_phys,params_lr,params_n_layers,params_scheduler_gamma,params_scheduler_step,state
219,0.0023648745846003294,2026-05-19 10:04:06.954656,2026-05-19 10:04:07.236164,0 days 00:00:00.281508,96,5.783634799406688,2.4202797441919106,0.007909187803122667,5,0.416399025940558,1000,PRUNED
220,4.616945079760626e-05,2026-05-19 10:04:07.243357,2026-05-19 10:04:07.725793,0 days 00:00:00.482436,96,5.396859596400009,2.992495380381606,0.007360788468791572,5,0.7924762041050152,1000,PRUNED
221,0.0014365443494170904,2026-05-19 10:04:07.733221,2026-05-19 10:04:08.006036,0 days 00:00:00.272815,96,6.19362254082172,4.353128603464167,0.008663110425763232,5,0.8080980257376187,1000,PRUNED
222,5.230574606684968e-05,2026-05-19 10:04:08.013277,2026-05-19 10:04:08.520421,0 days 00:00:00.507144,96,7.092351936948325,3.5714491401506008,0.008146262109439233,5,0.8475422191165921,1000,PRUNED
223,2.8216645659995265e-05,2026-05-19 10:04:08.527601,2026-05-19 10:04:09.254093,0 days 00:00:00.726492,96,7.829384448195558,2.654984013376997,0.006651109732648874,5,0.7613323088611553,1000,PRUNED
224,0.0014393655583262444,2026-05-19 10:04:09.260892,2026-05-19 10:04:09.527709,0 days 00:00:00.266817,96,4.902958124686987,4.737183255980321,0.005360670090369137,5,0.36558076252931176,1000,PRUNED
225,0.0009625182719901204,2026-05-19 10:04:09.534227,2026-05-19 10:04:09.789384,0 days 00:00:00.255157,96,5.859320138539956,2.0988666060551004,0.009821123489744323,5,0.33705928632066207,1000,PRUNED
226,2.7643287467071787e-05,2026-05-19 10:04:09.796263,2026-05-19 10:04:10.510330,0 days 00:00:00.714067,96,6.570204557934477,3.0302042544693455,0.0005284479089819613,5,0.8166015500720075,1000,PRUNED
227,0.0011812506709247828,2026-05-19 10:04:10.517518,2026-05-19 10:04:10.786795,0 days 00:00:00.269277,96,5.184472125612581,5.3601769546399085,0.007211450837716052,5,0.8662587455663409,1000,PRUNED
228,0.0008900976972654462,2026-05-19 10:04:10.795982,2026-05-19 10:04:11.043874,0 days 00:00:00.247892,128,5.916310317962554,1.6354834880158768,0.005973929380525271,4,0.8945692561297425,1000,PRUNED
229,0.0012645393144339323,2026-05-19 10:04:11.051026,2026-05-19 10:04:11.262927,0 days 00:00:00.211901,96,8.39052142108291,3.901317867612267,0.008442791575469141,4,0.776145889054606,1000,PRUNED
230,0.0035457138437777758,2026-05-19 10:04:11.270336,2026-05-19 10:04:11.514121,0 days 00:00:00.243785,128,4.589348286782317,3.3476813660473366,0.007696471325255536,5,0.3740586961304908,1000,PRUNED
231,4.8977304686559364e-05,2026-05-19 10:04:11.521768,2026-05-19 10:04:11.995367,0 days 00:00:00.473599,96,6.957483801607801,3.4578711776518687,0.005206405187995191,5,0.38053943464304857,1000,PRUNED
232,0.0013855573488399386,2026-05-19 10:04:12.003723,2026-05-19 10:04:12.272788,0 days 00:00:00.269065,96,6.845455366623593,2.885912972336485,0.005391351038260771,5,0.3516927023754087,1000,PRUNED
233,0.0006623241933993995,2026-05-19 10:04:12.281332,2026-05-19 10:04:12.513860,0 days 00:00:00.232528,96,6.299143738638951,3.6955341593544504,0.004520894703176085,5,0.39866000966853726,1000,PRUNED
234,0.00048674855497665703,2026-05-19 10:04:12.522418,2026-05-19 10:04:12.766661,0 days 00:00:00.244243,96,7.108361349507473,2.2463403751747584,0.004948241788681952,5,0.37006678894208306,1000,PRUNED
235,0.0013693523360416293,2026-05-19 10:04:12.775367,2026-05-19 10:04:13.042784,0 days 00:00:00.267417,96,7.668120277386512,4.4555620739712225,0.00637767689175048,5,0.38679856065594265,1000,PRUNED
236,0.0017388485139235854,2026-05-19 10:04:13.050896,2026-05-19 10:04:13.293045,0 days 00:00:00.242149,128,2.725008956172311,2.7312664784432763,0.005639868925654869,5,0.3277740565702023,1000,PRUNED
237,0.004206349141895771,2026-05-19 10:04:13.300331,2026-05-19 10:04:13.509630,0 days 00:00:00.209299,96,5.712216538599132,4.453022442644408,0.009233991238510821,4,0.35702646677425043,2000,PRUNED
238,0.0012891065562143922,2026-05-19 10:04:13.518136,2026-05-19 10:04:13.728497,0 days 00:00:00.210361,112,8.840813637415764,5.463114867719917,0.007086261047515039,4,0.34308075568473,1000,PRUNED
239,7.899224874563515e-05,2026-05-19 10:04:13.736719,2026-05-19 10:04:14.187970,0 days 00:00:00.451251,128,4.989232337114725,3.3809758783551933,0.00029880790919442125,5,0.4120889415192982,2000,PRUNED
240,0.02739337831735611,2026-05-19 10:04:14.195710,2026-05-19 10:04:14.425677,0 days 00:00:00.229967,96,5.4745340743048345,0.13326067378754589,0.00036651917512890475,5,0.5754042039670647,2000,PRUNED
241,3.2978393846860854e-06,2026-05-19 10:04:14.434072,2026-05-19 10:04:18.639505,0 days 00:00:04.205433,96,6.262078094575291,3.9929709448964785,0.007840005036599328,5,0.4234956657155391,1000,COMPLETE
242,0.0006149524124339223,2026-05-19 10:04:18.652183,2026-05-19 10:04:18.890737,0 days 00:00:00.238554,96,6.460454667021833,3.74953563068294,0.00790253295728054,5,0.4015330134061349,1000,PRUNED
243,0.000750916893593967,2026-05-19 10:04:18.897243,2026-05-19 10:04:19.132288,0 days 00:00:00.235045,96,6.330924610612765,2.96408936848875,0.008757174261583112,5,0.4266073185984763,1000,PRUNED
244,0.0013927550753578544,2026-05-19 10:04:19.139509,2026-05-19 10:04:19.380858,0 days 00:00:00.241349,96,7.202475325311572,4.221505908296679,0.006940337062347555,5,0.3770576422112318,1000,PRUNED
245,0.000841054948978126,2026-05-19 10:04:19.387413,2026-05-19 10:04:19.645573,0 days 00:00:00.258160,96,5.455175330436276,5.0528154580194915,0.00023410417707308979,5,0.3922713913311264,1000,PRUNED
246,0.0007635893998667598,2026-05-19 10:04:19.652571,2026-05-19 10:04:19.889563,0 days 00:00:00.236992,128,4.769053159168069,2.3443224787873884,0.005992233883671157,5,0.5999501260621978,1000,PRUNED
247,0.0005604108446277678,2026-05-19 10:04:19.896105,2026-05-19 10:04:20.117113,0 days 00:00:00.221008,96,5.932702631990964,3.2708457753532922,0.007769296667739313,4,0.40833654272521086,4000,PRUNED
248,5.4891137551749125e-05,2026-05-19 10:04:20.123827,2026-05-19 10:04:20.576966,0 days 00:00:00.453139,128,6.724811984090952,1.666286417972874,0.00874263391749649,4,0.36381565251963804,2000,PRUNED
249,5.356649580789963e-06,2026-05-19 10:04:20.584661,2026-05-19 10:04:25.495439,0 days 00:00:04.910778,96,4.473694877983597,1.1261610161513833,0.006398935825399781,5,0.43914466996058354,1000,COMPLETE
250,2.9825643650838174e-05,2026-05-19 10:04:25.508068,2026-05-19 10:04:26.102389,0 days 00:00:00.594321,96,4.271379385508271,1.2415747461624134,0.00677210122977314,4,0.43605253761594837,2000,PRUNED
251,6.926646892679855e-05,2026-05-19 10:04:26.108708,2026-05-19 10:04:26.606379,0 days 00:00:00.497671,128,4.642884857982646,0.9050265435037772,0.007476318528270828,5,0.45051416263893684,1000,PRUNED
252,6.74143448122777e-05,2026-05-19 10:04:26.613380,2026-05-19 10:04:27.107697,0 days 00:00:00.494317,96,4.136035269449273,1.2419841698904655,0.006476431236132402,5,0.41730270614860787,2000,PRUNED
253,4.5480373955797404e-05,2026-05-19 10:04:27.114562,2026-05-19 10:04:27.522724,0 days 00:00:00.408162,128,2.8090550835209873,1.1210741882708803,0.00042792867764313475,4,0.5661587278048296,1000,PRUNED
254,0.0012620147317647934,2026-05-19 10:04:27.531088,2026-05-19 10:04:27.786064,0 days 00:00:00.254976,96,4.996042553148061,1.9346152065769266,0.009533714689798866,5,0.4274738099033144,2000,PRUNED
255,0.004008930642157793,2026-05-19 10:04:27.794418,2026-05-19 10:04:28.034394,0 days 00:00:00.239976,96,3.5253642263565643,5.916283638487762,0.008155367249972404,4,0.3214380121665528,1000,PRUNED
256,0.0027317062485963106,2026-05-19 10:04:28.042474,2026-05-19 10:04:28.298120,0 days 00:00:00.255646,128,5.3853665274931934,4.0697824501994475,0.0060671374103282395,5,0.586414250259037,2000,PRUNED
257,4.010034535895102e-05,2026-05-19 10:04:28.306268,2026-05-19 10:04:29.218159,0 days 00:00:00.911891,32,4.42088267259707,2.573411067459528,0.0074254188241595345,5,0.7350243026077556,1000,PRUNED
258,0.0005861333338543773,2026-05-19 10:04:29.225678,2026-05-19 10:04:29.445711,0 days 00:00:00.220033,112,2.3673726556550267,1.416953042747623,0.006644294936005101,4,0.607439270097319,2000,PRUNED
259,0.0025590299628674984,2026-05-19 10:04:29.453576,2026-05-19 10:04:29.711240,0 days 00:00:00.257664,96,2.635211269572736,1.0333919987635436,0.00861635853318659,5,0.3314971433765444,1000,PRUNED
260,0.0014325089287012815,2026-05-19 10:04:29.720163,2026-05-19 10:04:29.945026,0 days 00:00:00.224863,128,2.9932077187025774,4.956917718461681,0.0005861218836326762,4,0.43960383813404824,2000,PRUNED
261,0.0008036254439502954,2026-05-19 10:04:29.953055,2026-05-19 10:04:30.210851,0 days 00:00:00.257796,96,5.966425391242177,0.8136409288143951,0.009944689439519967,5,0.4601806963876505,1000,PRUNED
262,7.021415513008833e-05,2026-05-19 10:04:30.218858,2026-05-19 10:04:30.660243,0 days 00:00:00.441385,128,4.002552794106374,3.8957338046170427,0.00732666325139064,5,0.5920723932445647,2000,PRUNED
263,0.002339536091312766,2026-05-19 10:04:30.669232,2026-05-19 10:04:30.863563,0 days 00:00:00.194331,96,3.256418137196595,2.9139658474584147,0.005711259284517375,3,0.7114145472012957,1000,PRUNED
264,6.711162131978199e-05,2026-05-19 10:04:30.871496,2026-05-19 10:04:31.332008,0 days 00:00:00.460512,96,5.054208719753874,6.208546705064911,0.0007528425918020722,4,0.6253766515012386,2000,PRUNED
265,8.803022501524538e-05,2026-05-19 10:04:31.341130,2026-05-19 10:04:31.826354,0 days 00:00:00.485224,128,43.658722461712,2.051254576648571,0.008193556438217831,5,0.3469342431123641,1000,PRUNED
266,0.0005192804965190589,2026-05-19 10:04:31.835058,2026-05-19 10:04:32.116325,0 days 00:00:00.281267,96,4.529556930489845,4.661438921714596,0.006733717724926007,5,0.4076187493270891,2000,PRUNED
267,0.0012180499034002423,2026-05-19 10:04:32.124752,2026-05-19 10:04:32.362242,0 days 00:00:00.237490,112,7.7222226859020235,2.5682448170165126,0.00920484309372415,4,0.3899168873371092,1000,PRUNED
268,4.3664815166266635e-05,2026-05-19 10:04:32.369008,2026-05-19 10:04:32.863308,0 days 00:00:00.494300,128,5.589122163263353,1.656255445431306,0.00047408010147666907,5,0.3122106715863664,2000,PRUNED
269,0.0009612388093955815,2026-05-19 10:04:32.871464,2026-05-19 10:04:33.111639,0 days 00:00:00.240175,96,3.832835095068987,0.3014754369031972,0.006122584237860518,4,0.7577203786792264,1000,PRUNED
270,5.402763781603426e-05,2026-05-19 10:04:33.118866,2026-05-19 10:04:34.059256,0 days 00:00:00.940390,128,6.297007581035333,0.9785477413123395,0.001045236700004166,5,0.5402320891168738,2000,PRUNED
271,0.0015118236187845469,2026-05-19 10:04:34.068337,2026-05-19 10:04:34.275789,0 days 00:00:00.207452,96,4.994405096051139,3.340904324975388,0.007879957666962192,4,0.8262991493772192,1000,PRUNED
272,0.0010439477628096938,2026-05-19 10:04:34.283916,2026-05-19 10:04:34.521551,0 days 00:00:00.237635,96,3.126816362745039,1.4207772217215906,0.00019939039502627024,5,0.3575032127173672,2000,PRUNED
273,0.0018520712619647384,2026-05-19 10:04:34.529567,2026-05-19 10:04:34.769816,0 days 00:00:00.240249,128,3.5557999076451305,4.024843407429307,0.004905899864091059,5,0.33881029795603057,5000,PRUNED
274,0.002059872029349208,2026-05-19 10:04:34.778024,2026-05-19 10:04:35.002499,0 days 00:00:00.224475,96,5.813028879704968,5.586500484816584,0.00012395596329363968,4,0.4211138585893889,1000,PRUNED
275,0.0021435425151139498,2026-05-19 10:04:35.009333,2026-05-19 10:04:35.246871,0 days 00:00:00.237538,112,8.108964049207525,2.8959955129404813,0.00722263716557399,5,0.5578773966835938,2000,PRUNED
276,0.0010468175169080496,2026-05-19 10:04:35.253351,2026-05-19 10:04:35.503903,0 days 00:00:00.250552,128,4.335040290703713,2.288318232946261,0.008777088726274586,5,0.37182963283337994,1000,PRUNED
277,0.0011679856106638908,2026-05-19 10:04:35.510959,2026-05-19 10:04:35.716125,0 days 00:00:00.205166,96,6.42639161535329,4.585977298532514,0.005517451371560951,4,0.5775055134140412,2000,PRUNED
278,0.0007381319883279502,2026-05-19 10:04:35.724264,2026-05-19 10:04:35.959098,0 days 00:00:00.234834,128,2.5185503578699335,3.789987009818733,0.006184505318257438,5,0.4035309163988718,1000,PRUNED
279,0.003437613369897008,2026-05-19 10:04:35.965931,2026-05-19 10:04:36.177291,0 days 00:00:00.211360,96,5.252917663986737,1.1459232994766042,0.007988055235806953,4,0.6147345013300105,2000,PRUNED
280,2.1447720428113826e-05,2026-05-19 10:04:36.184315,2026-05-19 10:04:37.073124,0 days 00:00:00.888809,96,7.218255638286053,0.7686863551419182,0.007030760029687553,5,0.47233475697087013,1000,PRUNED
281,0.0005818080971948802,2026-05-19 10:04:37.083246,2026-05-19 10:04:37.289309,0 days 00:00:00.206063,128,4.640251146180302,3.1757581915637174,0.004489151922175276,4,0.3841988494884044,2000,PRUNED
282,0.003994906321167946,2026-05-19 10:04:37.297569,2026-05-19 10:04:37.534814,0 days 00:00:00.237245,112,2.89627394803649,1.8832905269322557,0.008979021802302676,4,0.44124830710014484,1000,PRUNED
283,0.000518422108143568,2026-05-19 10:04:37.542680,2026-05-19 10:04:37.810731,0 days 00:00:00.268051,96,5.652418062385626,7.285267861937305,0.0008116416130728748,5,0.3603697212113583,1000,PRUNED
284,0.0006806479068472981,2026-05-19 10:04:37.817458,2026-05-19 10:04:38.052856,0 days 00:00:00.235398,96,4.052094449671175,5.191563501198212,0.0006847411944060277,5,0.3268341075295829,2000,PRUNED
285,4.525680560618639e-05,2026-05-19 10:04:38.059529,2026-05-19 10:04:38.473358,0 days 00:00:00.413829,48,6.156333584835752,0.9285728815968392,0.00669216298511626,4,0.6015264525868701,1000,PRUNED
286,0.005782215390354395,2026-05-19 10:04:38.480031,2026-05-19 10:04:38.686161,0 days 00:00:00.206130,128,4.876674840845586,3.530383861615435,0.007692448764019887,3,0.3926625701099954,2000,PRUNED
287,0.0055442689917981625,2026-05-19 10:04:38.693287,2026-05-19 10:04:38.954360,0 days 00:00:00.261073,96,6.9860975811706805,2.466169953870356,0.009980857244457632,5,0.35058819801891233,2000,PRUNED
288,1.533992872282397e-05,2026-05-19 10:04:38.961392,2026-05-19 10:04:43.700304,0 days 00:00:04.738912,128,9.381982770070639,4.130789898156892,0.003748325653983411,5,0.30042509260164746,1000,PRUNED
289,0.002058735815808177,2026-05-19 10:04:43.707610,2026-05-19 10:04:43.964922,0 days 00:00:00.257312,96,3.459172851255904,1.3907911703129332,0.005525987092623982,4,0.43001493118266265,2000,PRUNED
290,0.005825953558087349,2026-05-19 10:04:43.972337,2026-05-19 10:04:44.250632,0 days 00:00:00.278295,128,5.130781050073729,3.0196464803280296,0.008342058740838518,5,0.3764040197151947,1000,PRUNED
291,0.0011875109048560262,2026-05-19 10:04:44.257091,2026-05-19 10:04:44.465221,0 days 00:00:00.208130,96,4.252231874931285,5.814357932357612,0.0003385846447002943,4,0.6412561436744121,2000,PRUNED
292,0.0004877281025983393,2026-05-19 10:04:44.471773,2026-05-19 10:04:44.746516,0 days 00:00:00.274743,128,5.795123146964453,0.6744235540949811,0.006220910561021144,5,0.4096661868880354,1000,PRUNED
293,0.0008760998025536537,2026-05-19 10:04:44.753820,2026-05-19 10:04:44.990540,0 days 00:00:00.236720,96,6.599939805548979,4.460005143781184,0.007427235041074728,4,0.44913952914626853,1000,PRUNED
294,0.0010243830038234591,2026-05-19 10:04:44.998150,2026-05-19 10:04:45.266707,0 days 00:00:00.268557,96,7.873776322166211,0.07011899706819835,0.005143594674419588,5,0.5850901086773255,2000,PRUNED
295,4.251950031175511e-06,2026-05-19 10:04:45.273542,2026-05-19 10:04:49.700835,0 days 00:00:04.427293,112,3.786235840673293,1.7363326230928708,0.006708463644961844,5,0.5699143824641906,4000,COMPLETE
296,2.9278571673785336e-06,2026-05-19 10:04:49.711925,2026-05-19 10:04:54.279834,0 days 00:00:04.567909,112,3.699914516045311,1.567957634399613,0.0067065077174475116,5,0.5759152539276674,4000,COMPLETE
297,0.00011264431668678299,2026-05-19 10:04:54.289581,2026-05-19 10:04:54.689650,0 days 00:00:00.400069,112,3.7485221945672493,1.664164198324955,0.006744714148558277,4,0.5645643721017912,4000,PRUNED
298,0.00014499624376185238,2026-05-19 10:04:54.696296,2026-05-19 10:04:55.102869,0 days 00:00:00.406573,112,3.795464415427462,1.2689349923638726,0.007233956072862941,4,0.544650725266857,3000,PRUNED
299,0.0027798584196716547,2026-05-19 10:04:55.109391,2026-05-19 10:04:55.339639,0 days 00:00:00.230248,112,3.2034610133822454,1.9128223144275842,0.008397467016739628,5,0.5577930726184593,4000,PRUNED
300,0.00123216665815562,2026-05-19 10:04:55.345840,2026-05-19 10:04:55.618894,0 days 00:00:00.273054,112,3.367155531513119,1.5223625684575846,0.006517108012217941,5,0.5828372666104318,4000,PRUNED
301,0.0018613338470458984,2026-05-19 10:04:55.625360,2026-05-19 10:04:55.886097,0 days 00:00:00.260737,112,4.062499504342361,1.101191503199786,0.007578319714965357,5,0.5723269609652258,4000,PRUNED
302,0.0005029903841204941,2026-05-19 10:04:55.893007,2026-05-19 10:04:56.095536,0 days 00:00:00.202529,112,3.582993890657814,1.7610136310392515,0.008932790569500413,4,0.5728447839713787,4000,PRUNED
303,3.464410156084341e-06,2026-05-19 10:04:56.102883,2026-05-19 10:05:00.942738,0 days 00:00:04.839855,112,2.78545622206683,1.3692650173678358,0.006867956034386969,5,0.5965809151786767,4000,COMPLETE
304,0.0004745406622532755,2026-05-19 10:05:00.954705,2026-05-19 10:05:01.204775,0 days 00:00:00.250070,112,2.6606353206605475,1.427231610703502,0.006262958850000135,4,0.6060197110857243,4000,PRUNED
305,0.003992553800344467,2026-05-19 10:05:01.214068,2026-05-19 10:05:01.429276,0 days 00:00:00.215208,112,2.3169993161036646,2.1963701746671767,0.006974017883223706,4,0.5919202769033584,4000,PRUNED
306,0.0001434172154404223,2026-05-19 10:05:01.435845,2026-05-19 10:05:01.894163,0 days 00:00:00.458318,112,4.510546719465277,1.2192647455790724,0.007804060272414094,4,0.5535018152788291,4000,PRUNED
307,0.0013495358871296048,2026-05-19 10:05:01.901199,2026-05-19 10:05:02.157424,0 days 00:00:00.256225,16,3.9738709733487485,1.461843874910734,0.006908876612052919,4,0.5997917324682367,4000,PRUNED
308,0.0027359777595847845,2026-05-19 10:05:02.164840,2026-05-19 10:05:02.374167,0 days 00:00:00.209327,112,2.8236532896878472,1.740175853548753,0.005931783610625015,4,0.5809224582825069,4000,PRUNED
309,0.002578462939709425,2026-05-19 10:05:02.383253,2026-05-19 10:05:02.625130,0 days 00:00:00.241877,112,3.2609776623530764,1.1104884909862247,0.0002598473099910646,5,0.534624193951935,4000,PRUNED
310,0.000575077545363456,2026-05-19 10:05:02.634671,2026-05-19 10:05:02.854336,0 days 00:00:00.219665,112,4.403748005719708,2.052067106085374,0.008209635410355527,4,0.5110102009061691,4000,PRUNED
311,0.002590653020888567,2026-05-19 10:05:02.862082,2026-05-19 10:05:03.089594,0 days 00:00:00.227512,112,4.80307596321849,1.5937459087429267,0.007447065364356273,5,0.5963757735086374,5000,PRUNED
312,0.0006144128274172544,2026-05-19 10:05:03.097137,2026-05-19 10:05:03.334167,0 days 00:00:00.237030,112,3.5437123613963832,0.9640786190097056,0.006497846836819643,5,0.5645379220925817,4000,PRUNED
313,0.0009701292729005218,2026-05-19 10:05:03.341435,2026-05-19 10:05:03.637209,0 days 00:00:00.295774,112,3.8883908940188627,2.3432433381949056,0.008851565324287715,6,0.5921225152484142,4000,PRUNED
314,8.865519339451566e-05,2026-05-19 10:05:03.644021,2026-05-19 10:05:04.079184,0 days 00:00:00.435163,112,3.074473978857957,1.3146525082214646,0.007996967139144292,4,0.6153813023231899,4000,PRUNED
315,0.000664329738356173,2026-05-19 10:05:04.087802,2026-05-19 10:05:04.358200,0 days 00:00:00.270398,112,2.602589746384167,2.0362513940086786,0.005810853880299183,5,0.32126387491199787,4000,PRUNED
316,0.00013407076767180115,2026-05-19 10:05:04.367030,2026-05-19 10:05:04.793791,0 days 00:00:00.426761,112,5.366805606232894,2.585773437054763,0.007100752098438587,4,0.5732757073404668,3000,PRUNED
317,0.0025486790109425783,2026-05-19 10:05:04.801444,2026-05-19 10:05:05.061260,0 days 00:00:00.259816,128,4.6009824674524,1.146018193565068,0.009306740675438744,5,0.6261636167760966,2000,PRUNED
318,0.0010456335730850697,2026-05-19 10:05:05.068961,2026-05-19 10:05:05.316280,0 days 00:00:00.247319,128,4.22710045734118,0.18954109153423876,0.006358685096471229,4,0.33572120527065286,3000,PRUNED
319,0.0012024360476061702,2026-05-19 10:05:05.325073,2026-05-19 10:05:05.591650,0 days 00:00:00.266577,128,5.148869069716242,1.6757922508831637,0.007514671205058914,5,0.3142535825344319,2000,PRUNED
320,0.0013419640017673373,2026-05-19 10:05:05.599694,2026-05-19 10:05:05.813884,0 days 00:00:00.214190,112,3.453765479701171,0.8933447753902659,0.0003903093038901035,4,0.49457985988337183,2000,PRUNED
321,0.007539577316492796,2026-05-19 10:05:05.820635,2026-05-19 10:05:06.087768,0 days 00:00:00.267133,128,4.110419723030052,2.648127299437831,0.0081770276431402,5,0.42383093847484465,2000,PRUNED
322,0.008541430346667767,2026-05-19 10:05:06.095208,2026-05-19 10:05:06.372206,0 days 00:00:00.276998,96,2.942711695922863,6.567880733147533,0.006850922113600002,5,0.456155256768692,2000,PRUNED
323,0.003268902190029621,2026-05-19 10:05:06.379143,2026-05-19 10:05:06.600793,0 days 00:00:00.221650,112,4.635874083683429,1.3504844844046393,0.0058781311241712176,4,0.5790992941725169,2000,PRUNED
324,0.02074493281543255,2026-05-19 10:05:06.607998,2026-05-19 10:05:06.869889,0 days 00:00:00.261891,128,5.459078254496214,8.093039531481363,0.009087716557719864,5,0.5476746120826744,4000,PRUNED
325,0.0004720018769148737,2026-05-19 10:05:06.876535,2026-05-19 10:05:07.161417,0 days 00:00:00.284882,96,3.7335118341814884,1.0716269316967955,0.007431342049471185,6,0.43776098479123465,2000,PRUNED
326,0.003143178764730692,2026-05-19 10:05:07.168180,2026-05-19 10:05:07.376733,0 days 00:00:00.208553,128,2.255795832396202,0.005967193714362301,0.006385582581671396,4,0.6040405406992015,1000,PRUNED
327,5.723849608330056e-05,2026-05-19 10:05:07.383422,2026-05-19 10:05:07.889349,0 days 00:00:00.505927,96,4.846750777918809,2.1105051801944033,0.008075219189580806,5,0.5895891828863982,2000,PRUNED
328,0.001501760445535183,2026-05-19 10:05:07.896569,2026-05-19 10:05:08.153555,0 days 00:00:00.256986,112,8.595693251794334,2.8877698332770736,0.0001718174713841581,4,0.6174801152194306,1000,PRUNED
