number,value,datetime_start,datetime_complete,duration,params_hidden,params_lambda_ic,params_lambda_phys,params_lr,params_n_layers,params_scheduler_gamma,params_scheduler_step,state
989,0.0008698871824890375,2026-05-19 10:09:32.302527,2026-05-19 10:09:32.522643,0 days 00:00:00.220116,128,4.9468733401089935,2.343496595765987,0.007349352137551621,4,0.6060235503879352,2000,PRUNED
990,0.0008472948102280498,2026-05-19 10:09:32.529105,2026-05-19 10:09:32.754445,0 days 00:00:00.225340,128,3.532904205670379,3.258242911643484,0.0063295387286899435,4,0.349735288639304,2000,PRUNED
991,0.001493530930019915,2026-05-19 10:09:32.761837,2026-05-19 10:09:32.990372,0 days 00:00:00.228535,128,2.709617253455305,4.753551685792003,0.008102946674463292,4,0.5950243854218975,2000,PRUNED
992,0.0074029904790222645,2026-05-19 10:09:32.997184,2026-05-19 10:09:33.225832,0 days 00:00:00.228648,128,1.5534321494864742,3.99033856602002,0.007000945693025672,4,0.6240747384858248,2000,PRUNED
993,0.0017707550432533026,2026-05-19 10:09:33.232220,2026-05-19 10:09:33.464312,0 days 00:00:00.232092,128,2.155362009494626,2.6983995934571943,0.008780883470997411,4,0.5832517853010867,2000,PRUNED
994,7.091581937856972e-05,2026-05-19 10:09:33.471134,2026-05-19 10:09:34.054060,0 days 00:00:00.582926,128,3.853058530545706,0.3296962652673189,0.005792956651018388,6,0.6170031001871883,3000,PRUNED
995,0.0025236087385565042,2026-05-19 10:09:34.060327,2026-05-19 10:09:34.282990,0 days 00:00:00.222663,128,2.431709705202569,0.5432466228236909,0.007668805944603619,4,0.6058944439089975,2000,PRUNED
996,0.0018262226367369294,2026-05-19 10:09:34.289313,2026-05-19 10:09:34.507025,0 days 00:00:00.217712,128,5.617074773912242,5.711457275593535,0.005025535409142659,4,0.5976212045814354,2000,PRUNED
997,0.002781153656542301,2026-05-19 10:09:34.514413,2026-05-19 10:09:34.737301,0 days 00:00:00.222888,128,4.709966082607369,7.499915144543042,0.006907313984128254,4,0.5832801020269288,2000,PRUNED
998,0.0025901347398757935,2026-05-19 10:09:34.743857,2026-05-19 10:09:34.991690,0 days 00:00:00.247833,128,3.1045264598111943,3.295926934578453,0.006204517445038858,4,0.656753185452229,2000,PRUNED
999,0.0011886694701388478,2026-05-19 10:09:34.999675,2026-05-19 10:09:35.252282,0 days 00:00:00.252607,128,6.675526975541076,8.988664217132861,0.008362890737990212,4,0.6340995700316434,5000,PRUNED
