number,value,datetime_start,datetime_complete,duration,params_hidden,params_lambda_ic,params_lambda_phys,params_lr,params_n_layers,params_scheduler_gamma,params_scheduler_step,state
549,0.002618607599288225,2026-05-19 10:06:54.003247,2026-05-19 10:06:54.242865,0 days 00:00:00.239618,128,1.527212096537205,2.6431979886467416,0.007186876202833253,4,0.619963110510425,4000,PRUNED
550,0.0012120234314352274,2026-05-19 10:06:54.251729,2026-05-19 10:06:54.491073,0 days 00:00:00.239344,128,2.240993031685451,3.443260709508211,0.006239161653185226,4,0.5847188784725056,2000,PRUNED
551,0.0024488004855811596,2026-05-19 10:06:54.499817,2026-05-19 10:06:54.732477,0 days 00:00:00.232660,128,1.8997225088573504,2.2545415767212593,0.009267984698972017,4,0.6044714003081305,2000,PRUNED
552,0.0010975414188578725,2026-05-19 10:06:54.739194,2026-05-19 10:06:54.987375,0 days 00:00:00.248181,128,2.219248026953624,4.295548983077908,0.008245737180688044,4,0.5946693239618566,2000,PRUNED
553,0.006163788493722677,2026-05-19 10:06:54.993835,2026-05-19 10:06:55.217142,0 days 00:00:00.223307,128,1.3692840368936603,2.924804852645929,0.006688510642994729,4,0.6373222806730539,2000,PRUNED
554,0.005368703510612249,2026-05-19 10:06:55.223820,2026-05-19 10:06:55.431361,0 days 00:00:00.207541,128,1.670828324465858,3.5385264011025175,0.007533161319559727,4,0.6173983250827481,3000,PRUNED
555,0.0011766115203499794,2026-05-19 10:06:55.438030,2026-05-19 10:06:55.669061,0 days 00:00:00.231031,128,2.424684504062914,0.020957470175911423,0.008878494145969017,4,0.5874209284366372,2000,PRUNED
556,0.011851979419589043,2026-05-19 10:06:55.676436,2026-05-19 10:06:55.906513,0 days 00:00:00.230077,128,1.6688940719283696,5.062469713311337,0.007165705251305379,4,0.6041476332756527,4000,PRUNED
557,0.0003851293586194515,2026-05-19 10:06:55.916736,2026-05-19 10:06:56.170372,0 days 00:00:00.253636,128,1.9313517995531624,2.494047760038659,0.00021116570702104366,4,0.6277576636460861,2000,PRUNED
558,0.01008208654820919,2026-05-19 10:06:56.177960,2026-05-19 10:06:56.426408,0 days 00:00:00.248448,128,2.4839922432520725,6.760601314819653,0.006206623487650449,4,0.5791698906760199,2000,PRUNED
559,0.05314255133271217,2026-05-19 10:06:56.433178,2026-05-19 10:06:56.665283,0 days 00:00:00.232105,128,1.9678467364014876,8.63720726846211,0.007828879374767764,4,0.610912687609049,1000,PRUNED
560,0.0008981564897112548,2026-05-19 10:06:56.672036,2026-05-19 10:06:56.918814,0 days 00:00:00.246778,128,2.259763673143288,3.1305108612027315,0.00016084831186141284,4,0.5959501930435228,2000,PRUNED
561,0.002915649674832821,2026-05-19 10:06:56.925431,2026-05-19 10:06:57.178187,0 days 00:00:00.252756,128,1.2422904953058524,2.0681226036795035,0.006782887471341815,4,0.3123817891190111,2000,PRUNED
562,0.012554241344332695,2026-05-19 10:06:57.185294,2026-05-19 10:06:57.410908,0 days 00:00:00.225614,128,1.400745703384937,4.011052051431562,0.008498075885555336,4,0.6223916710393802,4000,PRUNED
563,0.00718764029443264,2026-05-19 10:06:57.417232,2026-05-19 10:06:57.644357,0 days 00:00:00.227125,128,1.6947730555343474,5.60626682065244,0.00011381950176572435,4,0.3015242619975852,1000,PRUNED
564,0.0008794523309916258,2026-05-19 10:06:57.651312,2026-05-19 10:06:57.902203,0 days 00:00:00.250891,128,2.616357465409414,2.6074917581028294,0.005454262459099213,4,0.3268101674251013,2000,PRUNED
565,0.00596648920327425,2026-05-19 10:06:57.909262,2026-05-19 10:06:58.112769,0 days 00:00:00.203507,128,2.6095045132178747,4.47456388434077,0.0074664542765908466,3,0.5807233545437483,2000,PRUNED
566,0.003748262068256736,2026-05-19 10:06:58.120064,2026-05-19 10:06:58.365051,0 days 00:00:00.244987,128,2.3545872206525935,0.0010435855196165675,0.006441349744804162,4,0.6088944005127118,1000,PRUNED
567,0.0013540089130401611,2026-05-19 10:06:58.371795,2026-05-19 10:06:58.609087,0 days 00:00:00.237292,128,2.4761683062658393,3.0856907812329806,0.008351416890163084,4,0.5920604051365557,2000,PRUNED
568,0.0006384195876307786,2026-05-19 10:06:58.616330,2026-05-19 10:06:58.810737,0 days 00:00:00.194407,128,1.8786744769354007,2.3215814236412986,0.001809710369952545,3,0.5736998849133859,1000,PRUNED
569,0.018231812864542007,2026-05-19 10:06:58.817334,2026-05-19 10:06:59.038118,0 days 00:00:00.220784,128,2.126467181980649,7.934176392143176,0.005832649739225616,4,0.632000939213596,3000,PRUNED
570,0.0005511781782843173,2026-05-19 10:06:59.045336,2026-05-19 10:06:59.290939,0 days 00:00:00.245603,128,8.355602024776692,3.512010509469641,0.007343736295153506,4,0.599142803412428,1000,PRUNED
571,0.00257844477891922,2026-05-19 10:06:59.298746,2026-05-19 10:06:59.517353,0 days 00:00:00.218607,128,1.5583024626393638,1.8993393711786766,0.006860850459869045,4,0.6106794649184882,2000,PRUNED
572,0.003071448067203164,2026-05-19 10:06:59.525408,2026-05-19 10:06:59.768071,0 days 00:00:00.242663,128,2.6536605976965983,5.362095635813116,0.0023603969710291385,4,0.5882533778417802,2000,PRUNED
573,0.0036230282858014107,2026-05-19 10:06:59.776994,2026-05-19 10:07:00.025720,0 days 00:00:00.248726,128,2.0442100091819353,0.34737965857863135,0.009988165430186758,4,0.6514192199192923,4000,PRUNED
574,0.0013904684456065297,2026-05-19 10:07:00.034276,2026-05-19 10:07:00.252298,0 days 00:00:00.218022,128,2.7949389483769718,2.6582750782747437,0.003388472927273295,4,0.324637316013818,1000,PRUNED
575,7.566518615931273e-05,2026-05-19 10:07:00.261201,2026-05-19 10:07:00.712820,0 days 00:00:00.451619,128,1.4400618575938813,0.456729674556263,0.007827241806503092,4,0.6164018621405359,2000,PRUNED
576,0.003517408389598131,2026-05-19 10:07:00.722260,2026-05-19 10:07:00.952951,0 days 00:00:00.230691,128,7.423829135878247,3.9759699655631193,0.00887333013670862,4,0.5523409210665347,5000,PRUNED
577,4.321164306020364e-05,2026-05-19 10:07:00.960181,2026-05-19 10:07:01.376090,0 days 00:00:00.415909,128,2.4161974230533,3.075150201143988,0.004183767108835246,4,0.5828993832498435,1000,PRUNED
578,0.001110429409891367,2026-05-19 10:07:01.384760,2026-05-19 10:07:01.615196,0 days 00:00:00.230436,128,1.6147841750705794,2.2041576242184813,0.006031558043774198,4,0.8598230796441901,3000,PRUNED
579,0.005327110178768635,2026-05-19 10:07:01.623096,2026-05-19 10:07:01.874787,0 days 00:00:00.251691,128,2.1513014576024343,4.691096935441299,0.006936748969063583,5,0.6004752276381751,2000,PRUNED
580,0.030965711921453476,2026-05-19 10:07:01.881358,2026-05-19 10:07:02.138006,0 days 00:00:00.256648,128,1.0832914237143525,3.560742692883401,0.008109717858637752,4,0.5652923645160827,2000,PRUNED
581,0.0023418262135237455,2026-05-19 10:07:02.144646,2026-05-19 10:07:02.405568,0 days 00:00:00.260922,128,9.922625697076684,7.027315886951512,0.006396741520813594,5,0.6359789898156921,4000,PRUNED
582,0.0016932308208197355,2026-05-19 10:07:02.412539,2026-05-19 10:07:02.640284,0 days 00:00:00.227745,128,2.963522630206434,1.7391851233160942,0.009278928456501488,4,0.3363258209729425,1000,PRUNED
583,2.6902616809820756e-05,2026-05-19 10:07:02.646900,2026-05-19 10:07:03.275643,0 days 00:00:00.628743,128,6.497077806936214,2.611029869142858,0.004769841517639979,5,0.31571250064998146,2000,PRUNED
584,0.0086589977145195,2026-05-19 10:07:03.284149,2026-05-19 10:07:03.502750,0 days 00:00:00.218601,128,1.2798920469063106,3.7256955102854743,0.007603058431094178,4,0.5735516823576107,1000,PRUNED
585,0.009526630863547325,2026-05-19 10:07:03.510650,2026-05-19 10:07:03.749045,0 days 00:00:00.238395,80,8.930812038259724,0.09159764543544212,0.0014193473697964017,5,0.6081517298012339,2000,PRUNED
586,0.013845669105648994,2026-05-19 10:07:03.757080,2026-05-19 10:07:03.977447,0 days 00:00:00.220367,128,1.8153257356974457,5.828772228223482,0.005290820862381375,4,0.6191293337689598,2000,PRUNED
587,0.000656650576274842,2026-05-19 10:07:03.986435,2026-05-19 10:07:04.241405,0 days 00:00:00.254970,128,7.81273380191694,3.020357868433182,0.007111798062130394,4,0.5934573141348501,1000,PRUNED
588,0.003672317834571004,2026-05-19 10:07:04.249862,2026-05-19 10:07:04.502318,0 days 00:00:00.252456,80,5.777447948270237,4.407875462042179,0.00013437598713921504,5,0.3092437887075352,2000,PRUNED
589,0.0017651361413300037,2026-05-19 10:07:04.509812,2026-05-19 10:07:04.725645,0 days 00:00:00.215833,128,2.223282029045496,2.5527462722221377,0.008305602745731873,4,0.3507663082018396,1000,PRUNED
590,5.503877764567733e-05,2026-05-19 10:07:04.732412,2026-05-19 10:07:05.170165,0 days 00:00:00.437753,128,6.956515599121,2.0493659687518724,0.006264845417557081,5,0.5349656370900414,2000,PRUNED
591,0.001544420374557376,2026-05-19 10:07:05.177193,2026-05-19 10:07:05.450219,0 days 00:00:00.273026,32,2.4614555669395664,3.485089012892856,0.0076104091706548326,5,0.5827234716914916,2000,PRUNED
592,3.8441179640358314e-05,2026-05-19 10:07:05.457616,2026-05-19 10:07:05.883600,0 days 00:00:00.425984,128,6.517881156112917,1.6342549353124884,0.005646669793685403,4,0.3283609469873606,1000,PRUNED
593,0.002572254743427038,2026-05-19 10:07:05.890459,2026-05-19 10:07:06.136381,0 days 00:00:00.245922,128,2.784080354388116,4.942901882641759,0.0067421031026937365,5,0.5607957461933623,4000,PRUNED
594,0.001250336761586368,2026-05-19 10:07:06.143184,2026-05-19 10:07:06.365976,0 days 00:00:00.222792,128,5.430265325505417,2.955361107634076,0.00861566900667498,4,0.5968537767712463,2000,PRUNED
595,6.371587369358167e-05,2026-05-19 10:07:06.373998,2026-05-19 10:07:06.808222,0 days 00:00:00.434224,128,3.0880066528076875,2.1247752008537706,0.002784272878090901,5,0.6080337989617695,1000,PRUNED
596,0.0018126248614862561,2026-05-19 10:07:06.816424,2026-05-19 10:07:07.021237,0 days 00:00:00.204813,128,6.179120639074912,8.265972552145856,0.00708159920602378,4,0.4715973283616318,2000,PRUNED
597,0.0006960196769796312,2026-05-19 10:07:07.028064,2026-05-19 10:07:07.262746,0 days 00:00:00.234682,128,23.868027393245526,4.223394887897846,0.00921975269467032,4,0.5730603090361334,2000,PRUNED
598,0.004966231994330883,2026-05-19 10:07:07.270272,2026-05-19 10:07:07.512899,0 days 00:00:00.242627,128,5.266732131351466,6.317531989764445,0.007926304584113667,5,0.6234798978252563,4000,PRUNED
599,0.002131920773535967,2026-05-19 10:07:07.519490,2026-05-19 10:07:07.763858,0 days 00:00:00.244368,128,1.3604336261130645,2.5587194030641123,0.0061456195289974055,4,0.6439448418092464,2000,PRUNED
600,0.0031453657429665327,2026-05-19 10:07:07.770687,2026-05-19 10:07:08.050233,0 days 00:00:00.279546,128,2.6464151814499313,3.493399468091142,0.006634617019339855,5,0.33396370852057006,1000,PRUNED
601,0.004311441909521818,2026-05-19 10:07:08.057266,2026-05-19 10:07:08.315256,0 days 00:00:00.257990,128,4.88388734309435,1.8976166911244428,0.007508007732039677,5,0.3469547105750952,2000,PRUNED
602,2.2132639060146175e-05,2026-05-19 10:07:08.323291,2026-05-19 10:07:08.938145,0 days 00:00:00.614854,64,7.197529451972928,2.8862128945473544,0.008438558395918429,4,0.45835734832687025,3000,PRUNED
603,0.0016779298894107342,2026-05-19 10:07:08.945348,2026-05-19 10:07:09.175438,0 days 00:00:00.230090,128,2.928415477349808,5.381814103015461,0.0008022360277492606,4,0.30104541492858417,1000,PRUNED
604,0.0019136627670377493,2026-05-19 10:07:09.181798,2026-05-19 10:07:09.459731,0 days 00:00:00.277933,128,2.189738049619645,4.079506913630289,0.005842861435521231,5,0.5913664439722465,1000,PRUNED
605,0.0013272687792778015,2026-05-19 10:07:09.466336,2026-05-19 10:07:09.684470,0 days 00:00:00.218134,128,8.343512776829627,1.50454510606806,0.007174819240611936,4,0.5492800541981805,2000,PRUNED
606,0.0009079307201318443,2026-05-19 10:07:09.691238,2026-05-19 10:07:09.937406,0 days 00:00:00.246168,128,5.7472816580223745,2.255839442753979,0.007967914779437273,4,0.6256558780354421,1000,PRUNED
607,0.0032222166191786528,2026-05-19 10:07:09.944598,2026-05-19 10:07:10.190284,0 days 00:00:00.245686,128,1.4760152201592058,3.232860098154791,0.006405266855404003,5,0.6040428654357795,2000,PRUNED
608,0.09925226867198944,2026-05-19 10:07:10.197751,2026-05-19 10:07:10.476229,0 days 00:00:00.278478,128,1.7038752379769968,4.561758295278977,0.00916540465645878,5,0.4924721426332979,2000,PRUNED
609,7.577173528261483e-05,2026-05-19 10:07:10.483515,2026-05-19 10:07:10.874128,0 days 00:00:00.390613,128,5.101709527374764,0.6150674505521756,0.00552253555649843,4,0.3219350841548774,5000,PRUNED
610,9.825554298004135e-05,2026-05-19 10:07:10.880839,2026-05-19 10:07:11.361745,0 days 00:00:00.480906,128,1.8843559491192987,0.2860884611538169,0.007129633365759059,5,0.35993007047668324,4000,PRUNED
611,0.003790609771385789,2026-05-19 10:07:11.371179,2026-05-19 10:07:11.627463,0 days 00:00:00.256284,128,6.253621191798562,6.930058320803566,0.008435073129789883,5,0.5179707997146724,2000,PRUNED
612,0.001739251078106463,2026-05-19 10:07:11.634543,2026-05-19 10:07:11.848142,0 days 00:00:00.213599,128,2.442921170283297,2.35606558059789,0.004988427801212435,4,0.5817014489756193,1000,PRUNED
613,0.0004219058027956635,2026-05-19 10:07:11.854742,2026-05-19 10:07:12.081223,0 days 00:00:00.226481,128,4.609517815316449,3.7400667649736627,0.006732250767850938,4,0.613103278633802,2000,PRUNED
614,0.001083371345885098,2026-05-19 10:07:12.088781,2026-05-19 10:07:12.333638,0 days 00:00:00.244857,96,3.3024965367148407,2.9129442787791096,0.007633413273955905,4,0.562306414327301,1000,PRUNED
615,0.04090476036071777,2026-05-19 10:07:12.341204,2026-05-19 10:07:12.586048,0 days 00:00:00.244844,128,2.9087853167966315,1.3023530031238193,0.00947069583406664,5,0.6022639804612073,2000,PRUNED
616,0.0007544412510469556,2026-05-19 10:07:12.592332,2026-05-19 10:07:12.840476,0 days 00:00:00.248144,128,7.3650211170828825,1.7594337463022751,0.006287465398730063,4,0.6307406492315942,4000,PRUNED
617,0.0016924678348004818,2026-05-19 10:07:12.847266,2026-05-19 10:07:13.095733,0 days 00:00:00.248467,96,5.717575105483024,5.109195720186951,0.00787331977916025,5,0.5893079018251134,2000,PRUNED
618,0.0006402319995686412,2026-05-19 10:07:13.102702,2026-05-19 10:07:13.350447,0 days 00:00:00.247745,128,6.680635786160081,3.328462607484261,0.005829685028898305,4,0.576553485307475,1000,PRUNED
619,5.911073094466701e-05,2026-05-19 10:07:13.357245,2026-05-19 10:07:13.744964,0 days 00:00:00.387719,80,7.8605036095412055,2.4116610656630053,0.006975791506693183,4,0.3429231253998332,2000,PRUNED
620,0.022745586931705475,2026-05-19 10:07:13.752137,2026-05-19 10:07:14.002854,0 days 00:00:00.250717,128,1.0080511284004432,9.418553934197227,0.00019355923439480047,5,0.6148304519862783,4000,PRUNED
621,0.0029348789248615503,2026-05-19 10:07:14.010514,2026-05-19 10:07:14.230575,0 days 00:00:00.220061,96,4.268342221997726,3.8053815702174676,0.008554032681901606,4,0.31271183845574396,1000,PRUNED
622,0.000516686006449163,2026-05-19 10:07:14.239408,2026-05-19 10:07:14.451656,0 days 00:00:00.212248,96,2.643491861445021,1.9763224097242624,0.00757155691378574,4,0.3673371927904929,3000,PRUNED
623,0.0009822562569752336,2026-05-19 10:07:14.460673,2026-05-19 10:07:14.709819,0 days 00:00:00.249146,128,9.29971725973962,2.6332480409720636,0.006615432254155413,5,0.592649935744496,2000,PRUNED
624,4.883497967966832e-05,2026-05-19 10:07:14.718172,2026-05-19 10:07:15.055472,0 days 00:00:00.337300,96,2.024056403731604,1.5602127796218979,0.007298896969012216,3,0.6554412046047045,1000,PRUNED
625,6.176255556056276e-05,2026-05-19 10:07:15.064239,2026-05-19 10:07:15.505196,0 days 00:00:00.440957,48,5.449059219611732,6.104166582231691,0.00868400827455576,5,0.3334148099474777,2000,PRUNED
626,0.0021706176921725273,2026-05-19 10:07:15.512663,2026-05-19 10:07:15.726880,0 days 00:00:00.214217,128,4.914576503943472,0.051727385060197854,0.009978879034983125,4,0.5677401195838386,2000,PRUNED
627,0.0006956400466151536,2026-05-19 10:07:15.734765,2026-05-19 10:07:15.975320,0 days 00:00:00.240555,128,3.40494032174765,4.261462443636118,0.005965462016154976,5,0.5335627002675438,1000,PRUNED
628,0.0012648581760004163,2026-05-19 10:07:15.981868,2026-05-19 10:07:16.204732,0 days 00:00:00.222864,96,2.369799759772472,3.026187549999371,0.005154620160005834,4,0.5541187792134153,2000,PRUNED
629,0.0005414749612100422,2026-05-19 10:07:16.211981,2026-05-19 10:07:16.452369,0 days 00:00:00.240388,80,6.1406733353211305,2.0148813937927836,0.0007049738853424065,5,0.7067776407256758,2000,PRUNED
630,0.001527491956949234,2026-05-19 10:07:16.459815,2026-05-19 10:07:16.677922,0 days 00:00:00.218107,128,3.9723903483732763,4.738728096895092,0.007924081083591905,4,0.44799705939368023,1000,PRUNED
631,0.00869035255163908,2026-05-19 10:07:16.685310,2026-05-19 10:07:16.905388,0 days 00:00:00.220078,128,3.1441147178370947,7.2705942907535075,0.006605306526516031,4,0.3553498841653634,2000,PRUNED
632,0.0074944752268493176,2026-05-19 10:07:16.912516,2026-05-19 10:07:17.157149,0 days 00:00:00.244633,96,1.5727311928458938,3.4593171327296113,0.0072398028603868495,5,0.6197743442109942,1000,PRUNED
633,0.0020921826362609863,2026-05-19 10:07:17.165119,2026-05-19 10:07:17.328172,0 days 00:00:00.163053,128,4.6717232302605485,2.735685874771976,0.008318068960613632,2,0.6056565475359855,4000,PRUNED
634,0.0009727819124236703,2026-05-19 10:07:17.337196,2026-05-19 10:07:17.568373,0 days 00:00:00.231177,128,7.101501662181072,3.9595920849854465,0.006297427497452835,4,0.5811918975201827,2000,PRUNED
635,4.2080122511833906e-05,2026-05-19 10:07:17.575823,2026-05-19 10:07:17.970375,0 days 00:00:00.394552,128,2.8406179191627317,0.9350390462084447,0.007707826406393639,4,0.3245574411177686,1000,PRUNED
636,0.0008102193824015558,2026-05-19 10:07:17.978120,2026-05-19 10:07:18.220233,0 days 00:00:00.242113,96,2.152272209897974,1.2788261781001606,0.00904311590676537,5,0.7496666612048231,2000,PRUNED
637,0.0015464809257537127,2026-05-19 10:07:18.228149,2026-05-19 10:07:18.447246,0 days 00:00:00.219097,128,5.270798989688996,9.891007107487434,0.004628903267521349,4,0.3748807355079107,2000,PRUNED
638,0.00039167923387140036,2026-05-19 10:07:18.455383,2026-05-19 10:07:18.696301,0 days 00:00:00.240918,96,5.775240976676189,2.335440606132595,0.0057471414810255006,5,0.603556756047186,3000,PRUNED
639,0.0003943735209759325,2026-05-19 10:07:18.703614,2026-05-19 10:07:18.921590,0 days 00:00:00.217976,128,6.57005973705684,5.732418243575519,0.006591237252502999,4,0.6377066543201981,1000,PRUNED
640,2.0530507754301652e-05,2026-05-19 10:07:18.928804,2026-05-19 10:07:19.581746,0 days 00:00:00.652942,96,4.2928144259519945,3.05140392066433,0.0009576659287354886,5,0.5929251988892422,2000,PRUNED
641,5.661149771185592e-05,2026-05-19 10:07:19.589694,2026-05-19 10:07:20.025341,0 days 00:00:00.435647,128,2.521220763281674,3.3306572333979543,0.0035992648818683657,5,0.3972250620248627,2000,PRUNED
642,0.0003534978604875505,2026-05-19 10:07:20.036245,2026-05-19 10:07:20.274602,0 days 00:00:00.238357,96,8.193449073264699,1.7910389792604846,0.007075486035868888,4,0.6242698833950698,4000,PRUNED
643,0.00033991545205935836,2026-05-19 10:07:20.282083,2026-05-19 10:07:20.511772,0 days 00:00:00.229689,112,3.6454272005229886,4.846981858355006,0.008093556859856169,4,0.3459750314263553,1000,PRUNED
644,0.001850625965744257,2026-05-19 10:07:20.518462,2026-05-19 10:07:20.770134,0 days 00:00:00.251672,128,4.800133728077228,1.4473003655637244,0.0073836021881871295,5,0.5737100117195532,2000,PRUNED
645,0.0010735810501500964,2026-05-19 10:07:20.777313,2026-05-19 10:07:21.028155,0 days 00:00:00.250842,128,3.1541931650922073,0.7093327328418348,0.005306083253822854,4,0.6664901791020321,2000,PRUNED
646,0.0025428617373108864,2026-05-19 10:07:21.035287,2026-05-19 10:07:21.266950,0 days 00:00:00.231663,80,5.233287439225649,2.5474883839608546,0.008787244959134992,4,0.5497856774452813,1000,PRUNED
647,3.545758954714984e-05,2026-05-19 10:07:21.273457,2026-05-19 10:07:22.023106,0 days 00:00:00.749649,96,27.083527472254556,7.844077087767298,0.006035815520652804,5,0.38920161381307405,2000,PRUNED
648,0.012043566443026066,2026-05-19 10:07:22.030870,2026-05-19 10:07:22.249007,0 days 00:00:00.218137,128,1.327371535136692,3.9645113063394417,0.00696232009185514,4,0.7683424912167787,1000,PRUNED
649,0.0007784405024722219,2026-05-19 10:07:22.255579,2026-05-19 10:07:22.501958,0 days 00:00:00.246379,112,6.092145637209429,2.2577801690998753,0.007946856547610898,4,0.5976726345597951,2000,PRUNED
650,3.819099219981581e-05,2026-05-19 10:07:22.509068,2026-05-19 10:07:22.942814,0 days 00:00:00.433746,128,10.42419938163446,1.1147360072297356,0.001150013493948618,5,0.3177075036169494,1000,PRUNED
651,0.002463758224621415,2026-05-19 10:07:22.951856,2026-05-19 10:07:23.185457,0 days 00:00:00.233601,96,2.7397072858621145,0.008336890005897978,0.0065323496538936855,4,0.8095871265301264,2000,PRUNED
652,0.002012767130509019,2026-05-19 10:07:23.193169,2026-05-19 10:07:23.438994,0 days 00:00:00.245825,128,1.797057145211262,2.8552990649939423,0.009452278305800739,4,0.3004359183067729,4000,PRUNED
653,0.0030402541160583496,2026-05-19 10:07:23.446826,2026-05-19 10:07:23.729251,0 days 00:00:00.282425,128,4.420525351230488,3.4947396349322504,0.007546029157193522,5,0.6127994204607503,2000,PRUNED
654,0.0006182791548781097,2026-05-19 10:07:23.736238,2026-05-19 10:07:24.012878,0 days 00:00:00.276640,128,15.031463220468881,1.79459859338934,0.00549261144469154,5,0.5876478378962441,1000,PRUNED
655,0.001066586235538125,2026-05-19 10:07:24.019800,2026-05-19 10:07:24.283493,0 days 00:00:00.263693,96,4.057065394328269,4.301979185573711,0.008430420616892599,5,0.5675928446480116,3000,PRUNED
656,0.001913997926749289,2026-05-19 10:07:24.291130,2026-05-19 10:07:24.517577,0 days 00:00:00.226447,128,3.520052453574618,0.004270935569860367,0.006808924781151637,4,0.3349206327458183,2000,PRUNED
657,0.004202425945550203,2026-05-19 10:07:24.525054,2026-05-19 10:07:24.733098,0 days 00:00:00.208044,96,2.370879256805365,5.948087980978457,0.0016490997366703768,4,0.35573582145627475,2000,PRUNED
658,0.00010207110608462244,2026-05-19 10:07:24.741322,2026-05-19 10:07:25.193022,0 days 00:00:00.451700,112,83.17654464231215,2.1621975896196894,0.006148680894079623,5,0.3756269057146052,1000,PRUNED
