number,value,datetime_start,datetime_complete,duration,params_adam_beta1,params_adam_beta2,params_hidden,params_lambda_ic,params_lambda_phys,params_lr,params_n_layers,params_scheduler_gamma,params_scheduler_step,state
183,0.002601382089778781,2026-05-17 19:31:26.948394,2026-05-17 19:31:34.735409,0 days 00:00:07.787015,0.8961571381394995,0.9964297953528553,80,2.5471568400961404,0.5708419550192715,0.004804245598893679,3,0.327956060043358,3000,COMPLETE
184,0.007983680814504623,2026-05-17 19:31:34.744892,2026-05-17 19:31:34.932851,0 days 00:00:00.187959,0.9374733978294313,0.9965573319982824,128,1.0872630971775445,0.1635167506617037,0.005668173086417621,3,0.5814947623742689,3000,PRUNED
185,0.004588333424180746,2026-05-17 19:31:34.940903,2026-05-17 19:31:35.118230,0 days 00:00:00.177327,0.9142579942079512,0.9957002860349541,64,2.222018045100715,0.4203141362980778,0.00021260261955860746,3,0.5422488837880214,3000,PRUNED
186,0.008173943497240543,2026-05-17 19:31:35.125153,2026-05-17 19:31:35.296458,0 days 00:00:00.171305,0.9652578134402054,0.9933745646026488,96,1.3207569521001004,0.28109194297562295,0.003941093906173594,3,0.3210587802618644,3000,PRUNED
187,0.005974677857011557,2026-05-17 19:31:35.302905,2026-05-17 19:31:35.513401,0 days 00:00:00.210496,0.957722861969652,0.9926112604676558,64,5.432852780485099,0.20742738454694679,0.002913396498170343,5,0.608694009078529,5000,PRUNED
188,0.003274767892435193,2026-05-17 19:31:35.519814,2026-05-17 19:31:35.696495,0 days 00:00:00.176681,0.9014785284359429,0.9968368439804721,80,1.6550642407581144,0.12554324859520827,0.004539768522879826,3,0.5638231837898011,2000,PRUNED
189,0.013249513693153858,2026-05-17 19:31:35.703021,2026-05-17 19:31:35.874533,0 days 00:00:00.171512,0.9091748308538875,0.9922069685908635,64,1.1704289110804365,0.6639527392094413,0.003473840291571545,3,0.5100949548070192,5000,PRUNED
190,0.01230598520487547,2026-05-17 19:31:35.881394,2026-05-17 19:31:36.052237,0 days 00:00:00.170843,0.8579880083147831,0.9961351739925267,64,82.77449944578667,0.23446864198768733,0.002608872540960887,3,0.5248140035802457,5000,PRUNED
191,0.002697449177503586,2026-05-17 19:31:36.058264,2026-05-17 19:31:36.356337,0 days 00:00:00.298073,0.9164468538130781,0.9930025975239585,64,1.4759185346742558,0.11301305074349698,0.00643365831413506,3,0.606035544736387,5000,PRUNED
192,0.0027258452028036118,2026-05-17 19:31:36.362714,2026-05-17 19:31:36.657913,0 days 00:00:00.295199,0.9174247885280983,0.9929076142097034,64,1.6011426689769968,0.1448464062914651,0.0052311766857694,3,0.592892571647817,5000,PRUNED
193,0.003018394112586975,2026-05-17 19:31:36.664172,2026-05-17 19:31:36.875708,0 days 00:00:00.211536,0.864800053354548,0.993216849850467,64,1.2532822224881728,0.08582226385261864,0.005971901867371188,5,0.6212924363679899,4000,PRUNED
194,0.00277118687517941,2026-05-17 19:31:36.882098,2026-05-17 19:31:37.179328,0 days 00:00:00.297230,0.8870337976032915,0.9935768223489437,64,1.0007240447653938,0.13327425846567212,0.0014401419475436447,3,0.30031364071374556,1000,PRUNED
195,0.0036814864724874496,2026-05-17 19:31:37.187393,2026-05-17 19:31:37.352897,0 days 00:00:00.165504,0.9148163822277281,0.9931405787032348,64,1.798464720868055,0.10472986225838045,0.0016663156054895535,3,0.6461506930790557,5000,PRUNED
196,0.01042268704622984,2026-05-17 19:31:37.360716,2026-05-17 19:31:37.530541,0 days 00:00:00.169825,0.9186952362114743,0.9925379866381374,112,1.547136954294859,0.17590201112975132,0.007063834253344146,3,0.6288401870557399,2000,PRUNED
197,0.004469439387321472,2026-05-17 19:31:37.538226,2026-05-17 19:31:37.711502,0 days 00:00:00.173276,0.9216351150795957,0.9917216143756571,48,2.010244383153168,0.35994242998898424,0.0005568690742964791,3,0.852877991293305,5000,PRUNED
198,0.010446907952427864,2026-05-17 19:31:37.718921,2026-05-17 19:31:37.894164,0 days 00:00:00.175243,0.9612503729612558,0.9934002374907539,64,1.3477187618103488,0.4441252609929346,0.004194009489653889,3,0.5753111353135214,5000,PRUNED
199,0.023423586040735245,2026-05-17 19:31:37.901685,2026-05-17 19:31:38.121798,0 days 00:00:00.220113,0.8829098745946722,0.9930049778415181,80,1.1723335616866215,0.9365267884363236,0.008419294958655463,5,0.5932790202749495,5000,PRUNED
