number,value,datetime_start,datetime_complete,duration,params_hidden,params_lambda_ic,params_lambda_phys,params_lr,params_n_layers,params_scheduler_gamma,params_scheduler_step,state
439,0.006936768069863319,2026-05-19 10:16:03.629447,2026-05-19 10:16:03.911726,0 days 00:00:00.282279,96,1.2372964407265403,1.2397583982781724,0.009306853203199843,5,0.8026221858707886,3000,PRUNED
440,0.00037124037044122815,2026-05-19 10:16:03.919890,2026-05-19 10:16:04.186365,0 days 00:00:00.266475,96,2.3938150396526363,0.8698719895315262,0.005675738937251772,5,0.693727810113844,2000,PRUNED
441,0.0004682021972257644,2026-05-19 10:16:04.194291,2026-05-19 10:16:04.398012,0 days 00:00:00.203721,96,1.013781351849381,1.3658729628355946,0.004101042350725386,4,0.7863560625215793,4000,PRUNED
442,0.00034855163539759815,2026-05-19 10:16:04.404334,2026-05-19 10:16:04.651184,0 days 00:00:00.246850,80,1.3903983937015287,1.0555966372564123,0.004653008046971539,5,0.821287846579929,5000,PRUNED
443,0.0003790349292103201,2026-05-19 10:16:04.657725,2026-05-19 10:16:04.896480,0 days 00:00:00.238755,48,1.8484595814242855,2.019533663880301,0.007848698619476983,5,0.7449008704382054,4000,PRUNED
444,0.0011441687820479274,2026-05-19 10:16:04.903570,2026-05-19 10:16:05.154037,0 days 00:00:00.250467,96,2.06251949442701,3.7615595459606097,0.003784567444056042,5,0.6764799926628098,4000,PRUNED
445,0.00054977519903332,2026-05-19 10:16:05.160960,2026-05-19 10:16:05.415518,0 days 00:00:00.254558,128,1.6926981209195973,0.5301471060630657,0.004479233520013995,5,0.7205627818682336,4000,PRUNED
446,0.00185789680108428,2026-05-19 10:16:05.422342,2026-05-19 10:16:05.702191,0 days 00:00:00.279849,96,1.4894997399247976,0.005191698018504444,0.005344750169785216,5,0.6991035698071111,5000,PRUNED
447,0.0055270204320549965,2026-05-19 10:16:05.708725,2026-05-19 10:16:05.962037,0 days 00:00:00.253312,96,1.0999703950308308,0.6799411921386264,0.009997965589306705,5,0.8330856139880587,4000,PRUNED
448,0.0008808718994259834,2026-05-19 10:16:05.968556,2026-05-19 10:16:06.182296,0 days 00:00:00.213740,96,1.0013046148174272,0.8961959498398713,0.003467171743676651,4,0.8695762609857867,1000,PRUNED
449,0.0016408563824370503,2026-05-19 10:16:06.188781,2026-05-19 10:16:06.451650,0 days 00:00:00.262869,96,1.308184151561868,1.237967829697798,0.0060324925318359915,5,0.7326714141908823,4000,PRUNED
450,0.0001473717566113919,2026-05-19 10:16:06.458656,2026-05-19 10:16:06.988388,0 days 00:00:00.529732,64,1.9851736189099578,1.4891099229065525,0.0029121695502369893,5,0.7091297216589058,4000,PRUNED
451,2.523133844078984e-06,2026-05-19 10:16:06.996049,2026-05-19 10:16:11.950659,0 days 00:00:04.954610,96,1.5960460023286258,0.7959110662224363,0.00496886052890558,5,0.7967073102602702,4000,COMPLETE
452,0.0015067033236846328,2026-05-19 10:16:11.961333,2026-05-19 10:16:12.227445,0 days 00:00:00.266112,96,1.171745459190868,0.7058783731186833,0.006828533113549295,5,0.8049808178462168,4000,PRUNED
453,0.0005304598016664386,2026-05-19 10:16:12.234520,2026-05-19 10:16:12.504463,0 days 00:00:00.269943,80,1.4936286204451805,0.7939793713799776,0.0053817648543230175,5,0.7928545761117919,4000,PRUNED
454,0.0008179370779544115,2026-05-19 10:16:12.511242,2026-05-19 10:16:12.784984,0 days 00:00:00.273742,96,1.327273864320491,0.4534266913259532,0.004965060753043131,5,0.7876757964143041,4000,PRUNED
455,0.0004363994230516255,2026-05-19 10:16:12.791363,2026-05-19 10:16:13.071288,0 days 00:00:00.279925,96,1.6100685634115344,0.6035801115135134,0.008377153263770736,5,0.7686775891789362,3000,PRUNED
456,0.00047431793063879013,2026-05-19 10:16:13.078445,2026-05-19 10:16:13.324245,0 days 00:00:00.245800,96,2.216418714551911,1.0281658163692367,0.006144455968522231,5,0.757936235537377,2000,PRUNED
457,0.0003164995287079364,2026-05-19 10:16:13.331391,2026-05-19 10:16:13.554171,0 days 00:00:00.222780,128,1.2046204332229395,0.8588675585243953,0.004240283341955438,4,0.7978185393177868,4000,PRUNED
458,4.103314859094098e-05,2026-05-19 10:16:13.562041,2026-05-19 10:16:14.064990,0 days 00:00:00.502949,96,1.8140009967968937,0.9452193612147288,0.0023488889753895156,5,0.7785059354262618,4000,PRUNED
459,0.00041550982859916985,2026-05-19 10:16:14.072552,2026-05-19 10:16:14.320558,0 days 00:00:00.248006,112,1.4484939917666486,0.7380704625117853,0.00011557861409141853,5,0.8108913101637372,4000,PRUNED
460,1.9872337361448444e-05,2026-05-19 10:16:14.328539,2026-05-19 10:16:14.757611,0 days 00:00:00.429072,96,2.772008474805059,1.1298093453760438,0.005630564596669951,5,0.8445068532526475,4000,PRUNED
461,0.0021440230775624514,2026-05-19 10:16:14.764948,2026-05-19 10:16:15.005172,0 days 00:00:00.240224,96,1.633266476505486,0.5465372100678519,0.007464472890873587,5,0.8256057696851565,3000,PRUNED
462,5.076302841189317e-06,2026-05-19 10:16:15.013787,2026-05-19 10:16:19.871654,0 days 00:00:04.857867,80,1.0967902674376557,0.8863049050871857,0.004899818539580065,5,0.7444445580963971,4000,COMPLETE
463,0.0020007030107080936,2026-05-19 10:16:19.885635,2026-05-19 10:16:20.101237,0 days 00:00:00.215602,96,1.3947467836401497,0.6745790925879098,0.004535343118309385,4,0.7958457245358448,4000,PRUNED
464,2.7449679691926576e-05,2026-05-19 10:16:20.109599,2026-05-19 10:16:20.608480,0 days 00:00:00.498881,96,1.2522289632309236,1.1199670003146731,0.0009719063819623323,5,0.7291783479546821,4000,PRUNED
465,0.00043502560583874583,2026-05-19 10:16:20.615818,2026-05-19 10:16:20.891770,0 days 00:00:00.275952,96,2.339238965823684,0.8188867011199454,0.006577362298993759,5,0.814314216823661,5000,PRUNED
466,1.800645077310037e-05,2026-05-19 10:16:20.899341,2026-05-19 10:16:21.410156,0 days 00:00:00.510815,32,1.913364641283434,1.277004416295489,0.003988251386818211,5,0.7767410260813441,4000,PRUNED
467,6.598470645258203e-05,2026-05-19 10:16:21.417171,2026-05-19 10:16:21.926765,0 days 00:00:00.509594,96,18.19687526938698,0.9736164551549767,0.0032702758698038266,5,0.7196448125269161,4000,PRUNED
468,0.0023270449601113796,2026-05-19 10:16:21.933344,2026-05-19 10:16:22.101630,0 days 00:00:00.168286,96,2.521588243635282,0.6225179057244213,0.005117575002496666,2,0.7655670043838481,4000,PRUNED
469,0.0015949581284075975,2026-05-19 10:16:22.108305,2026-05-19 10:16:22.362632,0 days 00:00:00.254327,96,1.56256668629017,1.551148609159257,0.009996604105187636,5,0.7365938444263913,4000,PRUNED
470,0.000795804662629962,2026-05-19 10:16:22.370326,2026-05-19 10:16:22.617742,0 days 00:00:00.247416,128,2.1379912784084376,0.41742853093133964,0.0026159775140071756,5,0.7510896802450534,4000,PRUNED
471,3.415762694203295e-05,2026-05-19 10:16:22.624060,2026-05-19 10:16:23.008880,0 days 00:00:00.384820,112,1.7522514420038315,1.0717805371128952,0.0054348691216437855,4,0.712486067751955,3000,PRUNED
472,0.00219750520773232,2026-05-19 10:16:23.015572,2026-05-19 10:16:23.254780,0 days 00:00:00.239208,96,1.3629530268772532,0.8132670663972952,0.008868813373193098,5,0.8022041544098684,4000,PRUNED
473,0.002210061764344573,2026-05-19 10:16:23.262009,2026-05-19 10:16:23.503165,0 days 00:00:00.241156,96,36.22888397354067,0.3466276772720288,0.0036281559637358846,5,0.783744930251458,2000,PRUNED
474,0.0008190838852897286,2026-05-19 10:16:23.510125,2026-05-19 10:16:23.774812,0 days 00:00:00.264687,96,1.167304243571446,1.3042741758349492,0.0008205353593602022,5,0.8220723583909411,4000,PRUNED
475,0.0017056530341506004,2026-05-19 10:16:23.781675,2026-05-19 10:16:23.974280,0 days 00:00:00.192605,96,1.0802146273238988,0.7161582306603704,0.006001142354076565,3,0.7238247532279372,5000,PRUNED
476,0.000318872625939548,2026-05-19 10:16:23.983585,2026-05-19 10:16:24.262767,0 days 00:00:00.279182,80,1.9738036506816732,0.9752591218411752,0.004606812316615147,5,0.7051028139875808,4000,PRUNED
477,0.0009406345780007541,2026-05-19 10:16:24.270046,2026-05-19 10:16:24.540116,0 days 00:00:00.270070,96,1.632729858694359,0.4945093823085496,0.007231499213202186,5,0.8357643361068517,4000,PRUNED
478,2.9889559300499968e-05,2026-05-19 10:16:24.547306,2026-05-19 10:16:24.983874,0 days 00:00:00.436568,96,1.3071726013282954,1.1815009170974424,0.004014702996547515,5,0.7329281164050726,4000,PRUNED
479,0.0004106878477614373,2026-05-19 10:16:24.991240,2026-05-19 10:16:25.237358,0 days 00:00:00.246118,96,1.5247575567718878,1.5343779492778344,0.004917890984775056,5,0.7176420881543718,4000,PRUNED
480,5.743071142205736e-06,2026-05-19 10:16:25.244166,2026-05-19 10:16:29.541030,0 days 00:00:04.296864,96,1.0013008834137003,0.8429673521424811,0.008254952477459724,5,0.7485780995610265,4000,COMPLETE
481,0.0003170619602315128,2026-05-19 10:16:29.551234,2026-05-19 10:16:29.830846,0 days 00:00:00.279612,64,1.806617834593502,0.6324798823929024,0.005718751062640535,5,0.8574019721365231,3000,PRUNED
482,5.289960881782463e-06,2026-05-19 10:16:29.838900,2026-05-19 10:16:34.826150,0 days 00:00:04.987250,96,1.214752936551483,0.9633465427931681,0.006479414219646565,6,0.6871738117642074,4000,COMPLETE
483,0.0001263777812710032,2026-05-19 10:16:34.840429,2026-05-19 10:16:35.271256,0 days 00:00:00.430827,96,2.1838750045947974,1.2302011954105214,0.002249705350530099,5,0.761666871624662,4000,PRUNED
484,0.0009785708971321583,2026-05-19 10:16:35.279898,2026-05-19 10:16:35.488907,0 days 00:00:00.209009,96,1.3739804729255753,0.2355648045699854,0.00431470958165575,4,0.3809863825429821,5000,PRUNED
485,3.7448739021783695e-05,2026-05-19 10:16:35.497391,2026-05-19 10:16:35.981949,0 days 00:00:00.484558,112,2.4778838988185288,0.8029817753896245,0.005243543461868487,5,0.7882813763688996,2000,PRUNED
486,0.0011855565244331956,2026-05-19 10:16:35.989970,2026-05-19 10:16:36.229689,0 days 00:00:00.239719,16,1.6923878008681494,1.7446832401921673,0.003763848163483302,5,0.7010666158872754,4000,PRUNED
487,0.0008212268003262579,2026-05-19 10:16:36.237123,2026-05-19 10:16:36.467164,0 days 00:00:00.230041,128,1.4815004973076389,0.07737720156274207,0.0047003545721762425,4,0.8117191260687384,4000,PRUNED
488,0.0004915399476885796,2026-05-19 10:16:36.476938,2026-05-19 10:16:36.755300,0 days 00:00:00.278362,80,2.032396141458569,1.068288516312692,0.0031062851529810804,5,0.7319857347500371,2000,PRUNED
489,0.0002624947519507259,2026-05-19 10:16:36.764468,2026-05-19 10:16:37.255560,0 days 00:00:00.491092,96,1.0984048160418036,0.5904458169656078,0.0016224878683852228,5,0.7146271335013668,4000,PRUNED
490,0.002179743954911828,2026-05-19 10:16:37.264501,2026-05-19 10:16:37.544467,0 days 00:00:00.279966,96,1.8303128627901266,0.05377674843070642,0.0010419797900262195,5,0.7432122573701497,4000,PRUNED
491,0.0013813362456858158,2026-05-19 10:16:37.553553,2026-05-19 10:16:37.826622,0 days 00:00:00.273069,48,1.2480164372685372,1.4127846573400236,0.004233775313343262,5,0.7971356027382394,4000,PRUNED
492,7.165361921579461e-07,2026-05-19 10:16:37.834983,2026-05-19 10:16:42.804677,0 days 00:00:04.969694,96,1.4369270718091516,0.6997273447710846,0.005989474626187096,5,0.6922574320615621,3000,COMPLETE
493,0.002212855499237776,2026-05-19 10:16:42.817993,2026-05-19 10:16:43.056667,0 days 00:00:00.238674,96,1.4023008696514514,0.500740518526668,0.007047879364554437,5,0.6620201278638943,3000,PRUNED
494,1.7493854102212936e-05,2026-05-19 10:16:43.063773,2026-05-19 10:16:43.507173,0 days 00:00:00.443400,96,1.2638789565764172,0.6774676545584102,0.00670529530352988,5,0.684368966301588,3000,PRUNED
495,0.00015322673425544053,2026-05-19 10:16:43.514495,2026-05-19 10:16:43.945514,0 days 00:00:00.431019,32,1.4974646190253076,0.722309681789508,0.006223381409088727,5,0.6758294995643457,3000,PRUNED
496,0.0009192210854962468,2026-05-19 10:16:43.951931,2026-05-19 10:16:44.207576,0 days 00:00:00.255645,96,1.150396628999334,0.5408608927053266,0.007460714879795628,5,0.6865223843545305,3000,PRUNED
497,3.074459164054133e-05,2026-05-19 10:16:44.214432,2026-05-19 10:16:44.620999,0 days 00:00:00.406567,96,1.3721887516622875,0.7933777374162988,0.001992826356773353,4,0.6410369059677428,5000,PRUNED
498,5.385115946410224e-05,2026-05-19 10:16:44.627770,2026-05-19 10:16:45.074487,0 days 00:00:00.446717,112,1.0004953565921448,0.6930875244926241,0.005581245028521381,5,0.6943182212195129,3000,PRUNED
499,6.158060159577872e-07,2026-05-19 10:16:45.081491,2026-05-19 10:16:49.441277,0 days 00:00:04.359786,96,1.176389787667332,0.5826110388501822,0.006089998624921329,5,0.6993520335112963,3000,COMPLETE
500,0.0007288986817002296,2026-05-19 10:16:49.453841,2026-05-19 10:16:49.730611,0 days 00:00:00.276770,96,1.1503867964649162,0.4558834433415061,0.00017979972712537019,5,0.6969242901300896,3000,PRUNED
501,0.0001612795313121751,2026-05-19 10:16:49.737300,2026-05-19 10:16:50.224428,0 days 00:00:00.487128,48,1.2331093679919822,0.5908954168679447,0.0061368234124675024,5,0.674109590838186,3000,PRUNED
502,5.792226511402987e-05,2026-05-19 10:16:50.231392,2026-05-19 10:16:50.699736,0 days 00:00:00.468344,96,1.1071432652558384,0.40784011608868853,0.007549649206936691,5,0.7090143936758824,3000,PRUNED
503,0.0006139097968116403,2026-05-19 10:16:50.706809,2026-05-19 10:16:50.944484,0 days 00:00:00.237675,64,1.0917781272647642,0.5282114015526035,0.006745713466534742,4,0.6972544746115115,3000,PRUNED
504,0.0011733288411051035,2026-05-19 10:16:50.953654,2026-05-19 10:16:51.199076,0 days 00:00:00.245422,96,1.2756023389999884,0.6176349564035751,0.007989351274307572,5,0.6633698026493239,2000,PRUNED
505,0.0005398429348133504,2026-05-19 10:16:51.207988,2026-05-19 10:16:51.461276,0 days 00:00:00.253288,96,1.1904356939194407,0.9543826901454169,0.005860837174123627,5,0.6808241936634799,1000,PRUNED
506,0.07451415061950684,2026-05-19 10:16:51.469346,2026-05-19 10:16:51.738752,0 days 00:00:00.269406,80,1.3055877074247817,9.851557649727672,0.009178194212577585,5,0.7089524163781188,3000,PRUNED
507,0.0006363910506479442,2026-05-19 10:16:51.745736,2026-05-19 10:16:52.012233,0 days 00:00:00.266497,128,1.0746769481237475,0.8892141317000822,0.0028918745858227814,5,0.6914587303509601,3000,PRUNED
508,0.0013836806174367666,2026-05-19 10:16:52.018709,2026-05-19 10:16:52.290603,0 days 00:00:00.271894,96,2.6349735307823106,0.5065284854359132,0.006414356126598352,5,0.7009324789605644,3000,PRUNED
509,0.0011493019992485642,2026-05-19 10:16:52.297514,2026-05-19 10:16:52.575240,0 days 00:00:00.277726,96,2.34702603991669,0.6861868099869038,0.0033147475772346835,5,0.7164746184963261,2000,PRUNED
510,4.1312621760880575e-05,2026-05-19 10:16:52.581949,2026-05-19 10:16:53.092562,0 days 00:00:00.510613,96,1.3943358031049324,1.1138674930587051,0.00578569685624989,5,0.7252305184165253,3000,PRUNED
511,0.0008842193055897951,2026-05-19 10:16:53.099498,2026-05-19 10:16:53.358159,0 days 00:00:00.258661,96,3.541902822864273,0.932762234361053,0.0009134236043104955,5,0.7027573803840578,2000,PRUNED
512,0.0012424776796251535,2026-05-19 10:16:53.364518,2026-05-19 10:16:53.581160,0 days 00:00:00.216642,96,1.2022420614530547,0.39114486781554636,0.00891990348602769,4,0.5349624334335378,3000,PRUNED
513,0.0002897781669162214,2026-05-19 10:16:53.587893,2026-05-19 10:16:53.832583,0 days 00:00:00.244690,80,1.335043797224026,0.7506741279139278,0.0012607611918480717,5,0.681432167313528,5000,PRUNED
514,7.040359923848882e-05,2026-05-19 10:16:53.839993,2026-05-19 10:16:54.318707,0 days 00:00:00.478714,96,2.9551096081509196,0.574588334879607,0.006938796584873238,5,0.6540248935542424,3000,PRUNED
515,0.0006909893127158284,2026-05-19 10:16:54.325765,2026-05-19 10:16:54.566045,0 days 00:00:00.240280,96,3.9820615347197186,1.0471610781686647,0.001146085477383475,5,0.7132882687918014,5000,PRUNED
516,0.0008150823996402323,2026-05-19 10:16:54.572797,2026-05-19 10:16:54.817168,0 days 00:00:00.244371,96,1.0871835526310378,0.83155333477468,0.006284599292977289,5,0.4554791786271436,3000,PRUNED
517,0.0010324801551178098,2026-05-19 10:16:54.823976,2026-05-19 10:16:55.036401,0 days 00:00:00.212425,96,1.4930931163851695,1.2840640473738059,0.0026344429792082786,4,0.6915755608393539,1000,PRUNED
518,0.0028678711969405413,2026-05-19 10:16:55.043486,2026-05-19 10:16:55.283550,0 days 00:00:00.240064,112,12.98090058615694,0.631308674408403,0.0005662483386508997,5,0.8398408861346887,3000,PRUNED
519,0.0008490803884342313,2026-05-19 10:16:55.290034,2026-05-19 10:16:55.542004,0 days 00:00:00.251970,96,2.213750542683174,0.9742819848931966,0.00827423442097205,5,0.7274321738870859,2000,PRUNED
520,1.9203254851163365e-05,2026-05-19 10:16:55.548773,2026-05-19 10:16:56.025094,0 days 00:00:00.476321,96,1.1859173993623102,0.3239815970699718,0.005448623144747035,5,0.8937311851091729,4000,PRUNED
521,0.0005387190612964332,2026-05-19 10:16:56.031646,2026-05-19 10:16:56.284390,0 days 00:00:00.252744,96,1.0017776029900107,1.1439033318874199,0.0035131740589366732,5,0.7396147278490958,4000,PRUNED
522,0.00036638430901803076,2026-05-19 10:16:56.291866,2026-05-19 10:16:56.526983,0 days 00:00:00.235117,80,1.4168748002338416,0.7660506259686023,0.0038768545664869094,5,0.7543921033755525,2000,PRUNED
523,0.0015839183470234275,2026-05-19 10:16:56.535499,2026-05-19 10:16:56.777062,0 days 00:00:00.241563,128,1.2753572635590478,0.493421927240668,0.00713375887020528,5,0.7095025604206135,5000,PRUNED
524,0.0007952733431011438,2026-05-19 10:16:56.785817,2026-05-19 10:16:57.077009,0 days 00:00:00.291192,96,1.980511324840076,1.4053142655827047,0.005883902346339234,6,0.6679112872006054,4000,PRUNED
525,0.000346793734934181,2026-05-19 10:16:57.086385,2026-05-19 10:16:57.325513,0 days 00:00:00.239128,96,2.373177158763574,0.9221317957194213,0.006561483328582019,5,0.8284625981374222,4000,PRUNED
526,0.0016187807777896523,2026-05-19 10:16:57.332494,2026-05-19 10:16:57.574916,0 days 00:00:00.242422,96,1.0008764562834755,1.7014840512907918,0.00175261293888042,5,0.7226178168642982,3000,PRUNED
527,0.0023779284674674273,2026-05-19 10:16:57.582183,2026-05-19 10:16:57.796986,0 days 00:00:00.214803,96,1.5733934710118942,0.6522701012936521,0.005206607178520722,4,0.7010631766723747,4000,PRUNED
528,0.000595270365010947,2026-05-19 10:16:57.804569,2026-05-19 10:16:58.045847,0 days 00:00:00.241278,96,1.1151265066889502,1.1846166473230817,0.0004167291342185104,5,0.768201124561931,4000,PRUNED
529,0.0005553432856686413,2026-05-19 10:16:58.054099,2026-05-19 10:16:58.297122,0 days 00:00:00.243023,96,2.105773314916116,0.8289054346606032,0.0044966999253928325,5,0.5651659213449288,4000,PRUNED
530,0.0009697045315988362,2026-05-19 10:16:58.305080,2026-05-19 10:16:58.539610,0 days 00:00:00.234530,96,1.3331620330296787,0.9883528379782934,0.009407661020440052,4,0.686214950338509,4000,PRUNED
531,6.493352702818811e-05,2026-05-19 10:16:58.547625,2026-05-19 10:16:58.983735,0 days 00:00:00.436110,96,22.71240799936383,0.7236706186954341,0.00781951275650806,5,0.7325522880081768,3000,PRUNED
532,0.00624137744307518,2026-05-19 10:16:58.991781,2026-05-19 10:16:59.263071,0 days 00:00:00.271290,96,1.685222512637823,1.2486524411352276,0.009970867855226087,5,0.7130722680024728,4000,PRUNED
533,0.0008717232849448919,2026-05-19 10:16:59.271258,2026-05-19 10:16:59.504439,0 days 00:00:00.233181,64,1.50078419755973,0.43587743577557797,0.005604667796536385,5,0.6938608578362513,4000,PRUNED
534,0.0003082510083913803,2026-05-19 10:16:59.511239,2026-05-19 10:16:59.786790,0 days 00:00:00.275551,112,1.1858547671960245,0.12611442922306115,0.0042143727326947825,5,0.7502494896367757,5000,PRUNED
535,1.485847224103054e-05,2026-05-19 10:16:59.793431,2026-05-19 10:17:00.299071,0 days 00:00:00.505640,96,1.8700453865626177,0.6132598133811107,0.003043393792653552,5,0.8172171526563446,4000,PRUNED
536,0.0009688750724308193,2026-05-19 10:17:00.305855,2026-05-19 10:17:00.559068,0 days 00:00:00.253213,80,1.4066055154422994,1.5301605504517903,0.00220267579713307,5,0.7233450192050792,4000,PRUNED
537,2.9368646210059524e-05,2026-05-19 10:17:00.566191,2026-05-19 10:17:01.056031,0 days 00:00:00.489840,128,1.2754213570155246,1.0664607052267736,0.004891233868537504,5,0.7394416107871286,4000,PRUNED
538,7.939180068206042e-05,2026-05-19 10:17:01.063098,2026-05-19 10:17:01.531541,0 days 00:00:00.468443,96,2.690232164771859,0.8407787101300748,0.006134608157708072,5,0.6995252110781944,4000,PRUNED
539,0.0006165303057059646,2026-05-19 10:17:01.538732,2026-05-19 10:17:01.762647,0 days 00:00:00.223915,96,2.1466472131294365,1.9293799067849107,0.0038031673574926896,4,0.6307023078758883,4000,PRUNED
540,0.0004139215452596545,2026-05-19 10:17:01.769351,2026-05-19 10:17:02.043095,0 days 00:00:00.273744,96,1.6963858866817672,1.3785558791148063,0.005355078369142189,5,0.7719859337679225,3000,PRUNED
541,0.0005876619834452868,2026-05-19 10:17:02.050435,2026-05-19 10:17:02.323936,0 days 00:00:00.273501,112,1.095672116741059,0.7132392614764773,0.0024244750011718163,5,0.6757775977955223,2000,PRUNED
542,0.0004808210942428559,2026-05-19 10:17:02.330868,2026-05-19 10:17:02.618480,0 days 00:00:00.287612,96,2.4276722608211956,0.9859653421230195,0.007253372707131031,5,0.7169770538678321,4000,PRUNED
543,0.0004511438892222941,2026-05-19 10:17:02.624958,2026-05-19 10:17:02.886953,0 days 00:00:00.261995,96,1.4861823566599652,0.5475939536814283,0.00459008196199019,5,0.7318361872209195,5000,PRUNED
544,2.646918801474385e-05,2026-05-19 10:17:02.893464,2026-05-19 10:17:03.347835,0 days 00:00:00.454371,96,1.9817573141271896,1.1231979727642776,0.0033922822801001336,5,0.7051245307870107,3000,PRUNED
545,5.163941386854276e-05,2026-05-19 10:17:03.354990,2026-05-19 10:17:03.795984,0 days 00:00:00.440994,96,1.183710999317073,0.8964987632685618,0.005928516279512672,5,0.7583940845541938,4000,PRUNED
546,0.0008651324897073209,2026-05-19 10:17:03.802813,2026-05-19 10:17:04.041271,0 days 00:00:00.238458,96,1.3424291793901713,1.7416532211518256,0.00025751298638965284,4,0.6864602374173958,4000,PRUNED
547,0.00039356606430374086,2026-05-19 10:17:04.048034,2026-05-19 10:17:04.288679,0 days 00:00:00.240645,96,1.5864047100256533,0.7495258601704387,0.002806273038683671,5,0.846242980676184,4000,PRUNED
548,0.0007702617440372705,2026-05-19 10:17:04.295309,2026-05-19 10:17:04.569482,0 days 00:00:00.274173,80,1.7941811962794443,1.2456791034528891,0.008740700295873545,5,0.49247070321377023,4000,PRUNED
