number,value,datetime_start,datetime_complete,duration,params_hidden,params_lambda_ic,params_lambda_phys,params_lr,params_n_layers,params_scheduler_gamma,params_scheduler_step,state
0,1.7738031601766124e-05,2026-05-19 10:09:35.361687,2026-05-19 10:09:42.400890,0 days 00:00:07.039203,48,15.75132049977973,0.8471801418819978,0.0002051338263087451,6,0.3935967122017216,1000,COMPLETE
1,4.306783921492752e-06,2026-05-19 10:09:42.414834,2026-05-19 10:09:46.721577,0 days 00:00:04.306743,112,1.0994335574766196,0.679657809075816,0.008706020878304856,5,0.7994655844802532,2000,COMPLETE
2,0.00011411442392272875,2026-05-19 10:09:46.737717,2026-05-19 10:09:56.283372,0 days 00:00:09.545655,32,11.207606211860567,0.016480446427978974,0.0007309539835912913,2,0.47473748411882516,4000,COMPLETE
3,1.746442103467416e-05,2026-05-19 10:09:56.293563,2026-05-19 10:10:01.438602,0 days 00:00:05.145039,32,8.168455894760163,0.029204338471814112,0.0037183641805732083,3,0.41980426929501585,3000,COMPLETE
4,1.5768113371450454e-05,2026-05-19 10:10:01.448528,2026-05-19 10:10:06.379749,0 days 00:00:04.931221,80,2.1930485556643684,0.26926469100861794,0.00013492834268013249,2,0.8693313223520001,5000,COMPLETE
5,0.009843776002526283,2026-05-19 10:10:06.388981,2026-05-19 10:10:06.719894,0 days 00:00:00.330913,112,23.359635026261596,0.002458603276328005,0.0007591104805282694,3,0.3732229409068673,3000,PRUNED
6,0.10749409347772598,2026-05-19 10:10:06.726068,2026-05-19 10:10:07.022492,0 days 00:00:00.296424,16,21.137059440645725,0.010842262717330166,0.0004201672054372534,6,0.6120408127066865,3000,PRUNED
7,3.3623033232288435e-05,2026-05-19 10:10:07.029555,2026-05-19 10:10:13.833222,0 days 00:00:06.803667,32,75.68292060167619,1.2604664585649468,0.006161049539380964,6,0.6587399872866511,5000,COMPLETE
8,0.08609063178300858,2026-05-19 10:10:13.844442,2026-05-19 10:10:14.000489,0 days 00:00:00.156047,16,4.473636174621264,0.0015167330688076208,0.0005989003672254305,2,0.4628094190643376,5000,PRUNED
9,1.0958566235785838e-05,2026-05-19 10:10:14.008263,2026-05-19 10:10:17.235306,0 days 00:00:03.227043,48,1.9135880487692298,0.14817820606039092,0.0040215545266902904,3,0.3447303862078625,5000,COMPLETE
10,0.01919294334948063,2026-05-19 10:10:17.249235,2026-05-19 10:10:17.496420,0 days 00:00:00.247185,128,1.0862348973937128,7.553503645583189,0.0020124870829750945,5,0.8445988771695108,1000,PRUNED
11,9.453984603169374e-06,2026-05-19 10:10:17.503067,2026-05-19 10:10:21.077213,0 days 00:00:03.574146,80,1.078313102013456,0.12775215110810637,0.007791470666172783,4,0.7444221836847316,2000,COMPLETE
12,4.955172698828392e-07,2026-05-19 10:10:21.086104,2026-05-19 10:10:24.739161,0 days 00:00:03.653057,96,1.0201113652123812,1.0267094629542988,0.007956692282233665,4,0.740957287747034,2000,COMPLETE
13,5.476701517181937e-06,2026-05-19 10:10:24.752367,2026-05-19 10:10:29.039756,0 days 00:00:04.287389,96,3.2323534348361185,4.135860453609436,0.002012962831034317,5,0.7631577502561161,2000,COMPLETE
14,2.3253614926943555e-06,2026-05-19 10:10:29.052011,2026-05-19 10:10:32.751979,0 days 00:00:03.699968,128,1.0111248797295136,0.8387744815011882,0.0018766870441105819,4,0.7410619834032235,2000,COMPLETE
15,4.38593224316719e-06,2026-05-19 10:10:32.766930,2026-05-19 10:10:37.103416,0 days 00:00:04.336486,128,5.069600917348214,2.491233903441562,0.0018449423462897506,4,0.6877965078726933,2000,COMPLETE
16,0.00019276337116025388,2026-05-19 10:10:37.113767,2026-05-19 10:10:37.922820,0 days 00:00:00.809053,96,2.1926824717449196,0.26518036882151624,0.0014425540650734175,4,0.5973709633416708,1000,PRUNED
17,0.016817374154925346,2026-05-19 10:10:37.931014,2026-05-19 10:10:38.128320,0 days 00:00:00.197306,112,47.507472315742596,0.049027403564167196,0.003484228189457654,4,0.5817085615954312,3000,PRUNED
18,2.900482058976195e-06,2026-05-19 10:10:38.136394,2026-05-19 10:10:42.386957,0 days 00:00:04.250563,96,1.6995888913376278,1.8701016971334423,0.004903814798968554,5,0.7014283407227422,4000,COMPLETE
19,0.0028389915823936462,2026-05-19 10:10:42.399739,2026-05-19 10:10:42.584853,0 days 00:00:00.185114,128,4.424953543422653,0.444281819459846,0.00034352487171563175,3,0.8984232822351942,2000,PRUNED
20,0.0035260184668004513,2026-05-19 10:10:42.591675,2026-05-19 10:10:42.802554,0 days 00:00:00.210879,80,3.373966241651291,9.760347577201744,0.001262231143848418,4,0.531998343238509,4000,PRUNED
21,0.0011704890057444572,2026-05-19 10:10:42.810049,2026-05-19 10:10:43.029549,0 days 00:00:00.219500,96,1.6452301896278672,2.4678645339851037,0.005113258691925766,5,0.7067625365609452,4000,PRUNED
22,1.6016019799280912e-06,2026-05-19 10:10:43.036065,2026-05-19 10:10:47.456587,0 days 00:00:04.420522,64,1.447195329736351,1.6566214124230756,0.009770906647138616,5,0.7988634584534464,4000,COMPLETE
23,0.0002856983046513051,2026-05-19 10:10:47.466955,2026-05-19 10:10:47.935984,0 days 00:00:00.469029,64,1.403423093533812,0.4531115229984265,0.0027785749049236146,5,0.8170555375371218,2000,PRUNED
24,4.61081162939081e-06,2026-05-19 10:10:47.942910,2026-05-19 10:10:51.889673,0 days 00:00:03.946763,64,2.7172583687433396,1.1450168560708571,0.009557305500712796,4,0.7685667439083331,1000,COMPLETE
25,0.014765728265047073,2026-05-19 10:10:51.904014,2026-05-19 10:10:52.123494,0 days 00:00:00.219480,64,1.3343376463783772,5.098119821208537,0.002757007439834074,3,0.6428493968364364,3000,PRUNED
26,0.00321976444683969,2026-05-19 10:10:52.130493,2026-05-19 10:10:52.355548,0 days 00:00:00.225055,48,5.81306942890767,0.0697799628173791,0.006645150105967686,4,0.7366425322027266,3000,PRUNED
27,0.08378301560878754,2026-05-19 10:10:52.362301,2026-05-19 10:10:52.605543,0 days 00:00:00.243242,112,2.2912654344737233,3.4706243106465156,0.009756514344284824,5,0.7888963443035315,4000,PRUNED
28,5.408117431215942e-06,2026-05-19 10:10:52.611950,2026-05-19 10:10:56.684807,0 days 00:00:04.072857,80,1.560920339339959,0.2973801000562453,0.005821540999100251,4,0.8280401849554162,2000,COMPLETE
29,0.00017496997315902263,2026-05-19 10:10:56.694009,2026-05-19 10:10:57.245985,0 days 00:00:00.551976,128,1.016372706649764,1.1683631991133283,0.0001765394829300419,6,0.7204047378867301,1000,PRUNED
30,0.0006959441234357655,2026-05-19 10:10:57.252617,2026-05-19 10:10:57.801600,0 days 00:00:00.548983,64,8.288750525929023,1.8564199697742219,0.0003126705880979494,6,0.3001572673828277,1000,PRUNED
31,5.790804607386235e-06,2026-05-19 10:10:57.808353,2026-05-19 10:11:02.579306,0 days 00:00:04.770953,96,1.637565604820132,0.6208176242424545,0.00467255019176061,5,0.6747013818979675,4000,COMPLETE
32,1.58462523813796e-06,2026-05-19 10:11:02.592424,2026-05-19 10:11:07.611222,0 days 00:00:05.018798,96,1.367461334416787,0.805292750977039,0.0028097216009321828,5,0.786777902876036,4000,COMPLETE
33,0.00021048984490334988,2026-05-19 10:11:07.624806,2026-05-19 10:11:08.205207,0 days 00:00:00.580401,112,1.00230824871941,0.7540372699289928,0.0026058337424913836,5,0.8005338436434345,4000,PRUNED
34,0.0001078086206689477,2026-05-19 10:11:08.212237,2026-05-19 10:11:08.763635,0 days 00:00:00.551398,80,2.6725235082462304,0.19414153764289646,0.0010356713131866866,5,0.8694872583528545,3000,PRUNED
35,6.335355283226818e-05,2026-05-19 10:11:08.773416,2026-05-19 10:11:09.321402,0 days 00:00:00.547986,48,1.3295255770413363,0.5769817152148381,0.0072942022712495945,4,0.7700479329254267,2000,PRUNED
36,0.00011185292532900348,2026-05-19 10:11:09.328657,2026-05-19 10:11:09.784909,0 days 00:00:00.456252,112,12.682004253655888,1.3380027963439711,0.003132890959318406,3,0.8501920489611685,5000,PRUNED
37,0.003680939320474863,2026-05-19 10:11:09.792167,2026-05-19 10:11:10.051823,0 days 00:00:00.259656,96,1.2781595873845157,5.761270430231094,0.001690201636575222,5,0.8989701516996023,4000,PRUNED
38,0.008630049414932728,2026-05-19 10:11:10.059042,2026-05-19 10:11:10.350488,0 days 00:00:00.291446,64,3.088029249367627,0.016063467297744338,0.0009730406964471717,6,0.6378314128814776,3000,PRUNED
39,0.00034603162202984095,2026-05-19 10:11:10.357988,2026-05-19 10:11:10.797498,0 days 00:00:00.439510,80,1.9626299085000818,0.34530308981269725,0.002331200218927854,4,0.5506873551125531,3000,PRUNED
40,0.008892476558685303,2026-05-19 10:11:10.805018,2026-05-19 10:11:11.041540,0 days 00:00:00.236522,32,34.39355831697861,0.8819812145262719,0.004151826971087145,4,0.7998917281718632,4000,PRUNED
41,4.455797352420632e-06,2026-05-19 10:11:11.048432,2026-05-19 10:11:15.934543,0 days 00:00:04.886111,96,1.8941327964232046,1.9584821988159875,0.005445904631834304,5,0.6931198940467117,4000,COMPLETE
42,0.013335313647985458,2026-05-19 10:11:15.947280,2026-05-19 10:11:16.258188,0 days 00:00:00.310908,112,1.2757786177801207,2.8997416393479067,0.007679883610382862,6,0.7312049968387057,5000,PRUNED
43,3.868307248922065e-05,2026-05-19 10:11:16.266214,2026-05-19 10:11:17.240713,0 days 00:00:00.974499,96,1.7405479646898825,1.6081184133629745,0.004425022903378397,5,0.7579658254562178,4000,PRUNED
44,1.317604187534016e-06,2026-05-19 10:11:17.248082,2026-05-19 10:11:21.988298,0 days 00:00:04.740216,80,2.289443348802963,0.8224282553487274,0.009988229015155793,5,0.7044348259731533,5000,COMPLETE
45,0.0206292774528265,2026-05-19 10:11:21.997847,2026-05-19 10:11:22.298642,0 days 00:00:00.300795,80,2.4624097679381602,0.00712036162307134,0.00010189161943391766,5,0.786489220532669,5000,PRUNED
46,0.001001442433334887,2026-05-19 10:11:22.305919,2026-05-19 10:11:22.495332,0 days 00:00:00.189413,48,3.9597298330124207,0.8313802994725109,0.008311234616971523,3,0.6514087810121396,5000,PRUNED
47,0.0007204007706604898,2026-05-19 10:11:22.502118,2026-05-19 10:11:22.880527,0 days 00:00:00.378409,64,1.1911322673788876,0.20640617193292055,0.006656531171227747,4,0.8160153426389765,5000,PRUNED
48,0.008577023632824421,2026-05-19 10:11:22.886961,2026-05-19 10:11:23.049158,0 days 00:00:00.162197,80,89.26283695736552,0.09178173834848408,0.0005915934908238686,2,0.8499186875450968,2000,PRUNED
49,7.86315126788395e-07,2026-05-19 10:11:23.055554,2026-05-19 10:11:27.370377,0 days 00:00:04.314823,128,1.0066998956294553,0.4550089594214893,0.003522685296289495,5,0.6211801033723706,3000,COMPLETE
50,0.0008166306070052087,2026-05-19 10:11:27.379881,2026-05-19 10:11:27.654632,0 days 00:00:00.274751,96,7.166195686703946,0.4011188493986591,0.008812963032274024,6,0.6216539886044766,3000,PRUNED
51,2.483042590029072e-05,2026-05-19 10:11:27.661061,2026-05-19 10:11:28.856679,0 days 00:00:01.195618,128,1.0589393661423503,1.0310189334043396,0.003482422174445861,5,0.6732377625882147,2000,PRUNED
52,0.002305625705048442,2026-05-19 10:11:28.864187,2026-05-19 10:11:29.141943,0 days 00:00:00.277756,128,1.4822185853833232,0.636882705579212,0.006305306308883818,5,0.7140329414760762,3000,PRUNED
53,8.347189577762038e-05,2026-05-19 10:11:29.149006,2026-05-19 10:11:29.550268,0 days 00:00:00.401262,112,2.1298381250908758,0.4744984540867569,0.0015206900508745614,4,0.7454630021942151,2000,PRUNED
54,0.0017744341166689992,2026-05-19 10:11:29.557824,2026-05-19 10:11:29.822298,0 days 00:00:00.264474,128,1.215373906634663,0.2041493126622292,0.00988776200277898,5,0.5314997805921042,3000,PRUNED
55,0.00034000896266661584,2026-05-19 10:11:29.828819,2026-05-19 10:11:30.965222,0 days 00:00:01.136403,112,19.78814878044896,2.4226575485505344,0.0022288600575315095,5,0.5737843181655959,5000,PRUNED
56,0.0012616366147994995,2026-05-19 10:11:30.972473,2026-05-19 10:11:31.180379,0 days 00:00:00.207906,128,1.5385339801249605,0.12961181052691922,0.0033085185193571405,4,0.6741465725205992,2000,PRUNED
57,0.001987490803003311,2026-05-19 10:11:31.188042,2026-05-19 10:11:31.421830,0 days 00:00:00.233788,80,1.0160417397068409,3.3846056907541624,0.003839461910177115,5,0.4651182901424037,4000,PRUNED
58,1.369570327369729e-05,2026-05-19 10:11:31.430595,2026-05-19 10:11:32.300247,0 days 00:00:00.869652,96,1.8909346116488894,1.5175973465255637,0.0012054727336913713,4,0.7733253452932577,2000,PRUNED
59,6.017826308379881e-06,2026-05-19 10:11:32.306975,2026-05-19 10:11:36.645535,0 days 00:00:04.338560,112,1.3955932525322297,0.9139573169431056,0.005447950049175269,5,0.7454771540729328,1000,COMPLETE
60,2.033428245340474e-05,2026-05-19 10:11:36.658081,2026-05-19 10:11:37.657133,0 days 00:00:00.999052,64,1.2471353069525821,0.2618544523820583,0.008012080571516858,6,0.7180350424041878,4000,PRUNED
61,2.676256144695799e-06,2026-05-19 10:11:37.663944,2026-05-19 10:11:42.520806,0 days 00:00:04.856862,96,1.702805780739623,2.0355931012391095,0.004689923741777986,5,0.6913840618910632,4000,COMPLETE
62,1.8704977264860645e-05,2026-05-19 10:11:42.534321,2026-05-19 10:11:43.424986,0 days 00:00:00.890665,96,1.1340738945708904,1.2954052366502173,0.0066001431053626545,5,0.6961306850557437,4000,PRUNED
63,0.014610657468438148,2026-05-19 10:11:43.432513,2026-05-19 10:11:43.708015,0 days 00:00:00.275502,112,1.559722624606445,5.63144723782023,0.004687209543028371,5,0.61894232179968,4000,PRUNED
64,0.001532035763375461,2026-05-19 10:11:43.715907,2026-05-19 10:11:43.958217,0 days 00:00:00.242310,80,2.332183907176166,4.31394212718785,0.0019748125218693293,4,0.6664765719773948,3000,PRUNED
65,0.0008123791194520891,2026-05-19 10:11:43.965901,2026-05-19 10:11:44.226691,0 days 00:00:00.260790,128,1.82877046083003,2.248372303094082,0.0030031123539896384,5,0.7550619526935342,4000,PRUNED
66,1.9405176772124832e-06,2026-05-19 10:11:44.233983,2026-05-19 10:11:48.338030,0 days 00:00:04.104047,96,1.1609173786505864,0.5144263776050009,0.0023244127589321156,4,0.8189850927609869,5000,COMPLETE
67,8.216965943574905e-05,2026-05-19 10:11:48.348456,2026-05-19 10:11:48.767181,0 days 00:00:00.418725,80,1.1105502899492457,0.7020371129042026,0.0022857674217346717,4,0.8203719846248977,5000,PRUNED
68,0.0008433362818323076,2026-05-19 10:11:48.774494,2026-05-19 10:11:49.005879,0 days 00:00:00.231385,64,1.4624862351873953,0.5234633008807676,0.0015425885004022092,4,0.7839600680830421,5000,PRUNED
69,0.00016507215332239866,2026-05-19 10:11:49.013210,2026-05-19 10:11:49.420284,0 days 00:00:00.407074,112,2.9951734849764526,0.3735246101106888,0.0018066950174658884,3,0.8370160800614698,5000,PRUNED
70,5.575236718868837e-05,2026-05-19 10:11:49.428546,2026-05-19 10:11:49.882446,0 days 00:00:00.453900,48,3.7135966817377186,1.1714836868829688,0.0025782742577667717,4,0.7990945921979479,5000,PRUNED
71,0.00010946782276732847,2026-05-19 10:11:49.889596,2026-05-19 10:11:50.313065,0 days 00:00:00.423469,96,2.0707562896738785,0.7828821235706639,0.0038332347132779255,5,0.7335711753150094,4000,PRUNED
72,0.0027103254105895758,2026-05-19 10:11:50.319206,2026-05-19 10:11:50.562017,0 days 00:00:00.242811,96,1.2001641982630518,1.624519756921487,0.006993749940207112,4,0.6874963628786868,5000,PRUNED
73,0.0017176553374156356,2026-05-19 10:11:50.568648,2026-05-19 10:11:50.821053,0 days 00:00:00.252405,96,1.7152271771840801,0.5049840340382176,0.008756986894378026,5,0.8585732567990584,4000,PRUNED
74,2.3464652258553542e-05,2026-05-19 10:11:50.828356,2026-05-19 10:11:51.780520,0 days 00:00:00.952164,80,1.3762083570308876,1.0747663016002134,0.005780475306944652,5,0.8779158215017181,2000,PRUNED
75,1.5956515198922716e-05,2026-05-19 10:11:51.788051,2026-05-19 10:11:52.595096,0 days 00:00:00.807045,96,1.032828075108513,0.30336522919599146,0.004961253063161176,4,0.5988651403794197,3000,PRUNED
76,0.0012506620259955525,2026-05-19 10:11:52.604751,2026-05-19 10:11:52.907920,0 days 00:00:00.303169,112,1.1827944630920957,3.0856418679213555,0.0026882443481533835,5,0.7712923558895844,5000,PRUNED
77,8.24320741230622e-05,2026-05-19 10:11:52.916853,2026-05-19 10:11:53.377475,0 days 00:00:00.460622,80,2.518206796886266,0.04230331003382069,0.003188551814278675,4,0.812249968606385,1000,PRUNED
78,0.0032160370610654354,2026-05-19 10:11:53.386081,2026-05-19 10:11:53.675558,0 days 00:00:00.289477,128,1.446959118930524,2.1009826780823317,0.007732377706995873,6,0.7089720194015091,3000,PRUNED
79,0.026186112314462662,2026-05-19 10:11:53.684587,2026-05-19 10:11:53.945385,0 days 00:00:00.260798,32,1.6344431483816897,8.87556943488919,0.009481179864153342,4,0.42515582910294303,4000,PRUNED
80,0.0001856579474406317,2026-05-19 10:11:53.955427,2026-05-19 10:11:54.939353,0 days 00:00:00.983926,96,1.320650676408362,0.6149415364039972,0.004239720221416249,5,0.6380136637979513,5000,PRUNED
81,3.1061308618518524e-06,2026-05-19 10:11:54.947296,2026-05-19 10:11:59.682780,0 days 00:00:04.735484,96,1.7360239172986618,1.575121709724153,0.005075082059339355,5,0.7312537335563348,4000,COMPLETE
82,9.027097576108645e-07,2026-05-19 10:11:59.692583,2026-05-19 10:12:04.587744,0 days 00:00:04.895161,96,2.0634735266255375,0.9050647559147087,0.003612892496552342,5,0.6899136450881367,4000,COMPLETE
83,4.530746446107514e-05,2026-05-19 10:12:04.599870,2026-05-19 10:12:05.106574,0 days 00:00:00.506704,96,2.08294580685458,0.9360417085136746,0.002906571143403659,5,0.7512395665718428,4000,PRUNED
84,3.972676131525077e-05,2026-05-19 10:12:05.113521,2026-05-19 10:12:05.832887,0 days 00:00:00.719366,112,1.1053080749785547,0.72070979164846,0.0036507549162077355,5,0.6601464244246376,4000,PRUNED
85,0.0004735813126899302,2026-05-19 10:12:05.839442,2026-05-19 10:12:06.330611,0 days 00:00:00.491169,64,5.1996321717986,1.2901106641503524,0.0021341759395312777,5,0.6952714645605791,4000,PRUNED
86,0.0018847271567210555,2026-05-19 10:12:06.336904,2026-05-19 10:12:06.589002,0 days 00:00:00.252098,80,2.906732955585288,0.002748900348808849,0.0058379357410293315,5,0.7822202155053883,2000,PRUNED
87,0.0017670633969828486,2026-05-19 10:12:06.595863,2026-05-19 10:12:06.876568,0 days 00:00:00.280705,96,47.14941886276246,0.41557610377601967,0.0025981596938043686,6,0.7248764117239785,3000,PRUNED
88,0.0018923843745142221,2026-05-19 10:12:06.883006,2026-05-19 10:12:07.099450,0 days 00:00:00.216444,112,1.324702816312213,2.7867126621969565,0.001331871033450955,4,0.8352958116634897,5000,PRUNED
89,0.00422310084104538,2026-05-19 10:12:07.106066,2026-05-19 10:12:07.342760,0 days 00:00:00.236694,16,2.2746687594929647,0.17232583904155627,0.004189470007930356,4,0.7628112976376333,4000,PRUNED
90,0.0008012057514861226,2026-05-19 10:12:07.349755,2026-05-19 10:12:07.602685,0 days 00:00:00.252930,80,12.350903137086352,0.9440678183129213,0.00725593594741733,5,0.6824686357406409,5000,PRUNED
91,0.0007277958211489022,2026-05-19 10:12:07.609865,2026-05-19 10:12:07.855067,0 days 00:00:00.245202,96,1.0092581161599434,1.7486194144625544,0.0033312615709811108,5,0.6479248436063269,4000,PRUNED
92,0.0026642337907105684,2026-05-19 10:12:07.863019,2026-05-19 10:12:08.023665,0 days 00:00:00.160646,96,1.6314954419251138,1.3748431153954115,0.004621461987174796,2,0.706146348881409,4000,PRUNED
93,0.004490736871957779,2026-05-19 10:12:08.032600,2026-05-19 10:12:08.275766,0 days 00:00:00.243166,96,1.920301523858782,3.9805426295337285,0.008467525004129353,5,0.8006743524582745,4000,PRUNED
94,0.001331463223323226,2026-05-19 10:12:08.283639,2026-05-19 10:12:08.506840,0 days 00:00:00.223201,128,1.1682374341503325,1.8977461081671336,0.0023988474440053637,5,0.7032875720009318,4000,PRUNED
95,0.00027102723834104836,2026-05-19 10:12:08.514416,2026-05-19 10:12:08.940511,0 days 00:00:00.426095,64,1.4668698030886227,0.24714885283347807,0.00632536981527077,5,0.5835148336214956,3000,PRUNED
96,0.001208196161314845,2026-05-19 10:12:08.948576,2026-05-19 10:12:09.172736,0 days 00:00:00.224160,96,2.555264494395783,0.6062615676203912,0.0036097048679724787,5,0.7440781542593745,2000,PRUNED
97,0.00012185069499537349,2026-05-19 10:12:09.181685,2026-05-19 10:12:09.617428,0 days 00:00:00.435743,80,3.424561892224421,0.33861344992711034,0.00526348024422205,5,0.6240323559760392,4000,PRUNED
98,0.0016419111052528024,2026-05-19 10:12:09.623743,2026-05-19 10:12:09.836237,0 days 00:00:00.212494,112,1.2736209833837688,0.8048690352955927,0.00295098664096729,3,0.7249497155316851,4000,PRUNED
99,0.0017895895289257169,2026-05-19 10:12:09.843684,2026-05-19 10:12:10.090872,0 days 00:00:00.247188,96,1.7966655632539352,1.050135596146615,0.009179483734690408,5,0.6800103383483181,1000,PRUNED
100,0.0012417839607223868,2026-05-19 10:12:10.098832,2026-05-19 10:12:10.373796,0 days 00:00:00.274964,128,1.5560238142289087,2.318237117323428,0.0019397215640160957,6,0.6590805890882545,2000,PRUNED
101,7.512921456509503e-06,2026-05-19 10:12:10.381903,2026-05-19 10:12:14.893783,0 days 00:00:04.511880,96,1.7479699623805651,1.6584305686478373,0.004864375455748992,5,0.7293266205808077,4000,COMPLETE
102,1.8042904912363156e-06,2026-05-19 10:12:14.906976,2026-05-19 10:12:19.152081,0 days 00:00:04.245105,96,2.0352550070059774,1.4307708686758296,0.004085320673605756,5,0.738188349605704,4000,COMPLETE
103,5.0116445891035255e-06,2026-05-19 10:12:19.164558,2026-05-19 10:12:23.564524,0 days 00:00:04.399966,96,2.048522946589066,1.2027383246706702,0.004076154135228217,5,0.49477932346245246,4000,COMPLETE
104,0.0005517760291695595,2026-05-19 10:12:23.578870,2026-05-19 10:12:24.000832,0 days 00:00:00.421962,112,1.107458936336173,0.4692344207066263,0.0034576091642877474,5,0.7599057608692031,4000,PRUNED
105,3.2281513995258138e-06,2026-05-19 10:12:24.008161,2026-05-19 10:12:28.434635,0 days 00:00:04.426474,96,1.3870973359990904,0.716690532449899,0.005879713538881914,5,0.7786454374134752,4000,COMPLETE
106,0.0007033563451841474,2026-05-19 10:12:28.447470,2026-05-19 10:12:28.683427,0 days 00:00:00.235957,80,2.8102064383702077,0.548783610384385,0.0007041418537954199,5,0.7914306858538881,5000,PRUNED
107,0.0005619243020191789,2026-05-19 10:12:28.691188,2026-05-19 10:12:28.928203,0 days 00:00:00.237015,96,2.2480221222056906,0.8553797174607863,0.001686334493214194,5,0.7415653157111077,4000,PRUNED
108,0.0020465170964598656,2026-05-19 10:12:28.935739,2026-05-19 10:12:29.171164,0 days 00:00:00.235425,96,1.1646475386285395,2.6213601162482414,0.0024607063365538256,4,0.8106721902803944,2000,PRUNED
