number,value,datetime_start,datetime_complete,duration,params_hidden,params_lambda_ic,params_lambda_phys,params_lr,params_n_layers,params_scheduler_gamma,params_scheduler_step,state
989,0.00032342851045541465,2026-05-19 10:20:24.875026,2026-05-19 10:20:25.141236,0 days 00:00:00.266210,96,2.122070849083187,1.4143603143237486,0.0012260732664585233,5,0.49691298394887745,4000,PRUNED
990,0.0006674800533801317,2026-05-19 10:20:25.148052,2026-05-19 10:20:25.425736,0 days 00:00:00.277684,96,2.972621727398089,0.7199467180233577,0.007834437154099597,5,0.7144911681711569,4000,PRUNED
991,6.254280742723495e-05,2026-05-19 10:20:25.432550,2026-05-19 10:20:25.876043,0 days 00:00:00.443493,64,1.1066908967270934,1.103630123043736,0.005986222670520632,5,0.7382308836945999,3000,PRUNED
992,0.0004499827336985618,2026-05-19 10:20:25.882718,2026-05-19 10:20:26.111567,0 days 00:00:00.228849,96,1.3082534824617948,0.3480408182260041,0.005095731072698272,4,0.7785138744935847,4000,PRUNED
993,0.00033771133166737854,2026-05-19 10:20:26.118758,2026-05-19 10:20:26.362503,0 days 00:00:00.243745,96,1.9020164482986128,1.8737135668078808,0.00450876347809486,5,0.6855383788420331,4000,PRUNED
994,8.988883450911089e-07,2026-05-19 10:20:26.369522,2026-05-19 10:20:30.702595,0 days 00:00:04.333073,96,1.6497498432619238,0.8378631860560383,0.005463945767587698,5,0.7278146564208257,3000,COMPLETE
995,0.0006354470388032496,2026-05-19 10:20:30.716111,2026-05-19 10:20:30.962017,0 days 00:00:00.245906,96,1.727425669422927,0.9546856211162471,0.005477418888347456,5,0.7313255575033335,3000,PRUNED
996,4.799133603228256e-05,2026-05-19 10:20:30.969192,2026-05-19 10:20:31.430261,0 days 00:00:00.461069,80,1.5703410963944018,0.8650077129424429,0.005680353765753513,5,0.7425130295221715,3000,PRUNED
997,1.9021774278371595e-05,2026-05-19 10:20:31.437292,2026-05-19 10:20:31.943222,0 days 00:00:00.505930,96,1.7568901126567913,1.0987101004761455,0.00635772003783427,5,0.7282273596990909,3000,PRUNED
998,0.004031151067465544,2026-05-19 10:20:31.950307,2026-05-19 10:20:32.203520,0 days 00:00:00.253213,112,7.784180436678666,0.03472353864006265,0.005190954883233159,5,0.7236690166487594,3000,PRUNED
999,3.128524258499965e-05,2026-05-19 10:20:32.210238,2026-05-19 10:20:32.647645,0 days 00:00:00.437407,96,1.6321397967939788,1.1940309882539466,0.006004362540664182,5,0.7488196764944973,3000,PRUNED
