number,value,datetime_start,datetime_complete,duration,params_hidden,params_lambda_ic,params_lambda_phys,params_lr,params_n_layers,params_scheduler_gamma,params_scheduler_step,state
219,0.0007555520278401673,2026-05-19 10:14:06.529765,2026-05-19 10:14:06.762645,0 days 00:00:00.232880,96,1.8751136357372185,1.2965392855882745,0.004344331527080204,5,0.7886431608041133,4000,PRUNED
220,0.0004649207694455981,2026-05-19 10:14:06.771407,2026-05-19 10:14:07.019934,0 days 00:00:00.248527,96,2.2917939147336726,0.6524990014810937,0.0050547467125542575,5,0.565626555545922,2000,PRUNED
221,0.00041797265294007957,2026-05-19 10:14:07.029222,2026-05-19 10:14:07.264375,0 days 00:00:00.235153,96,1.6602858314858402,1.0325197031976576,0.004872729823967707,5,0.7274809977232481,4000,PRUNED
222,0.0008836251217871904,2026-05-19 10:14:07.273693,2026-05-19 10:14:07.524341,0 days 00:00:00.250648,96,2.129468224460662,1.159781603553131,0.005644003822545203,5,0.7395867878054122,4000,PRUNED
223,1.833494388847612e-05,2026-05-19 10:14:07.531754,2026-05-19 10:14:07.963227,0 days 00:00:00.431473,96,2.1050371260880367,0.9384640566939425,0.004616040578925352,5,0.7183889868143712,4000,PRUNED
224,0.0004981086240150034,2026-05-19 10:14:07.969877,2026-05-19 10:14:08.246843,0 days 00:00:00.276966,96,2.785319365373222,0.7390288175812028,0.0006171723467147658,5,0.7524839079774065,4000,PRUNED
225,1.6805420273158234e-06,2026-05-19 10:14:08.253689,2026-05-19 10:14:12.736422,0 days 00:00:04.482733,96,2.5883098178449346,1.5272020083054687,0.0040837360698246505,5,0.7334941723434182,4000,COMPLETE
226,4.91723112645559e-05,2026-05-19 10:14:12.747327,2026-05-19 10:14:13.232773,0 days 00:00:00.485446,96,1.4616798763897372,1.5005708387265198,0.004007594647170283,5,0.7084785591401008,4000,PRUNED
227,3.452330201980658e-05,2026-05-19 10:14:13.240998,2026-05-19 10:14:13.743419,0 days 00:00:00.502421,96,2.6010350116215544,1.8423754685968317,0.003152246805051119,5,0.7334125524346646,4000,PRUNED
228,0.00128305540420115,2026-05-19 10:14:13.750526,2026-05-19 10:14:14.016208,0 days 00:00:00.265682,128,1.3148683632716476,1.7387503061403082,0.0010210730553656484,5,0.7663200997647479,4000,PRUNED
229,0.0008396863704547286,2026-05-19 10:14:14.024287,2026-05-19 10:14:14.286857,0 days 00:00:00.262570,96,1.882757464023918,1.3236753367063916,0.0034846958133995104,5,0.7446947359865357,4000,PRUNED
230,0.0009840322891250253,2026-05-19 10:14:14.295654,2026-05-19 10:14:14.572674,0 days 00:00:00.277020,96,2.3915891047622884,2.3131479110670297,0.006706215650454963,5,0.7829773990216443,4000,PRUNED
231,0.0005387139972299337,2026-05-19 10:14:14.581943,2026-05-19 10:14:14.836045,0 days 00:00:00.254102,96,1.9949984000116099,1.0980446150461551,0.004879612457721069,5,0.7239091401884313,4000,PRUNED
232,0.00033179536694660783,2026-05-19 10:14:14.843683,2026-05-19 10:14:15.110772,0 days 00:00:00.267089,96,2.221774477510467,0.9363796472282513,0.0041549344212493825,5,0.6866398175442887,4000,PRUNED
233,3.6025227018399164e-05,2026-05-19 10:14:15.118004,2026-05-19 10:14:15.991977,0 days 00:00:00.873973,96,1.003150299477078,0.7640516747322823,0.0045224831301914105,5,0.7283899334864437,4000,PRUNED
234,6.0358688642736524e-05,2026-05-19 10:14:16.000191,2026-05-19 10:14:16.512126,0 days 00:00:00.511935,96,1.7270054360575353,1.5083890795041173,0.005360504634168422,5,0.7021596466694938,4000,PRUNED
235,0.00035671982914209366,2026-05-19 10:14:16.521239,2026-05-19 10:14:16.789331,0 days 00:00:00.268092,96,2.0131407684795053,1.097405651841426,0.00013122040607041957,5,0.7166363971025608,5000,PRUNED
236,0.004580443259328604,2026-05-19 10:14:16.798305,2026-05-19 10:14:17.037711,0 days 00:00:00.239406,96,1.5526772498342185,0.0026200609721900225,0.0038791606765625638,5,0.7377804625022182,4000,PRUNED
237,0.0023183058947324753,2026-05-19 10:14:17.045497,2026-05-19 10:14:17.263331,0 days 00:00:00.217834,48,8.348108976938137,0.5724842672309383,0.0012404041419374176,4,0.756322873278951,4000,PRUNED
238,0.0012235556496307254,2026-05-19 10:14:17.271666,2026-05-19 10:14:17.536779,0 days 00:00:00.265113,64,2.4780801775851553,0.8721687821252073,0.0060963096816042195,5,0.6957357269249078,4000,PRUNED
239,0.0004781254392582923,2026-05-19 10:14:17.544602,2026-05-19 10:14:17.785852,0 days 00:00:00.241250,96,1.196758768674082,1.2936184196852378,0.004916725989768975,5,0.7046008086522361,4000,PRUNED
240,0.0011106034507974982,2026-05-19 10:14:17.792644,2026-05-19 10:14:18.004631,0 days 00:00:00.211987,96,1.1009732404752042,0.7212152565755704,0.004507159765935126,4,0.6786405314557569,1000,PRUNED
241,0.0005665896460413933,2026-05-19 10:14:18.011756,2026-05-19 10:14:18.299267,0 days 00:00:00.287511,96,1.0323587667427445,1.0549474565120358,0.00556408884366681,5,0.7161169591657686,4000,PRUNED
242,6.4839196056709625e-06,2026-05-19 10:14:18.306444,2026-05-19 10:14:23.003953,0 days 00:00:04.697509,96,1.1905182075305192,1.234723247572305,0.005107745739399148,5,0.7278883062094549,4000,COMPLETE
243,0.0007654431974515319,2026-05-19 10:14:23.013773,2026-05-19 10:14:23.287512,0 days 00:00:00.273739,96,1.0924529927309108,0.8811047947232138,0.005414772772484873,5,0.7132581726757444,4000,PRUNED
244,2.1365580323617905e-05,2026-05-19 10:14:23.294990,2026-05-19 10:14:23.765230,0 days 00:00:00.470240,96,2.222820315096909,1.6804958626344333,0.004241197151602516,5,0.70346509420616,4000,PRUNED
245,0.0005396078340709209,2026-05-19 10:14:23.773109,2026-05-19 10:14:24.007137,0 days 00:00:00.234028,96,4.970267464017574,1.9875073578922917,0.006239010918815086,5,0.7248725525029589,4000,PRUNED
246,0.0005477311788126826,2026-05-19 10:14:24.013897,2026-05-19 10:14:24.271010,0 days 00:00:00.257113,96,1.0003404745693685,1.104693513629275,0.004686984655993488,5,0.7420616804620014,4000,PRUNED
247,0.00032246301998384297,2026-05-19 10:14:24.277283,2026-05-19 10:14:24.517434,0 days 00:00:00.240151,96,1.3823494484901573,1.3965760339310918,0.0024249084923106024,5,0.6893779609181412,4000,PRUNED
248,0.00043673653271980584,2026-05-19 10:14:24.523746,2026-05-19 10:14:24.788966,0 days 00:00:00.265220,96,1.803282397538966,0.7961747252580327,0.005664946092494798,5,0.716588461705165,2000,PRUNED
249,0.0004451976274140179,2026-05-19 10:14:24.796148,2026-05-19 10:14:25.046162,0 days 00:00:00.250014,128,1.6113096741750101,0.6467873119741788,0.0037029599250017154,5,0.7934948564690291,3000,PRUNED
250,3.7586153212032514e-06,2026-05-19 10:14:25.052358,2026-05-19 10:14:29.950251,0 days 00:00:04.897893,96,1.1973479096040784,0.9747094557629717,0.0048611539689467475,5,0.732375343500343,4000,COMPLETE
251,0.0004902167711406946,2026-05-19 10:14:29.963025,2026-05-19 10:14:30.233380,0 days 00:00:00.270355,96,1.3118119664178756,0.9065310426068172,0.004305437479943659,5,0.7501074604254796,4000,PRUNED
252,0.0018258108757436275,2026-05-19 10:14:30.240443,2026-05-19 10:14:30.501230,0 days 00:00:00.260787,96,1.4425341523319384,0.49512116836996123,0.009283951836963199,5,0.7711705573194578,4000,PRUNED
253,0.0003388371260371059,2026-05-19 10:14:30.510277,2026-05-19 10:14:30.740766,0 days 00:00:00.230489,80,1.2364544975919138,0.9988387429946226,0.004955404193317544,5,0.6153680939928067,5000,PRUNED
254,0.0015297442441806197,2026-05-19 10:14:30.747424,2026-05-19 10:14:30.976591,0 days 00:00:00.229167,96,1.9308626997546234,0.7535448255440389,0.0040871029674586674,4,0.7345901304023512,4000,PRUNED
255,0.0002039585233433172,2026-05-19 10:14:30.983267,2026-05-19 10:14:31.480142,0 days 00:00:00.496875,96,2.125430478915148,1.491852410761365,0.0019470885367045775,5,0.7816145704709577,4000,PRUNED
256,0.0036527083721011877,2026-05-19 10:14:31.487628,2026-05-19 10:14:31.765078,0 days 00:00:00.277450,96,1.6423646593592773,0.6467481550629868,0.009989584054948843,5,0.7606875617513852,4000,PRUNED
257,2.0775939901795937e-06,2026-05-19 10:14:31.771880,2026-05-19 10:14:36.617813,0 days 00:00:04.845933,96,1.5070333992521132,1.2144303475736373,0.004570290308478456,5,0.8230490825883413,4000,COMPLETE
258,0.0003839264390990138,2026-05-19 10:14:36.630024,2026-05-19 10:14:36.892845,0 days 00:00:00.262821,96,1.474901190476886,1.249855107962189,0.0028896180853199556,5,0.8406288557945167,4000,PRUNED
259,0.0019572977907955647,2026-05-19 10:14:36.901250,2026-05-19 10:14:37.147714,0 days 00:00:00.246464,96,1.335243853127365,2.810097996631633,0.0017097549408613192,5,0.8112389549362589,4000,PRUNED
260,0.0014405202819034457,2026-05-19 10:14:37.156151,2026-05-19 10:14:37.388896,0 days 00:00:00.232745,64,1.1710805349471243,2.193627052597868,0.0037270996839097368,4,0.828675801535877,4000,PRUNED
261,0.0009660882060416043,2026-05-19 10:14:37.395929,2026-05-19 10:14:37.660674,0 days 00:00:00.264745,96,1.6136013329391037,1.7257920177596195,0.004630910962192613,5,0.8295856040643885,2000,PRUNED
262,0.0005515050725080073,2026-05-19 10:14:37.667216,2026-05-19 10:14:37.942667,0 days 00:00:00.275451,96,1.7788322072096856,0.8694683022633988,0.00797562478408682,5,0.8025963680017799,4000,PRUNED
263,0.0001612589694559574,2026-05-19 10:14:37.949240,2026-05-19 10:14:38.392324,0 days 00:00:00.443084,80,1.432270337138133,1.1829833808773007,0.0032919058061056466,5,0.8004294533196803,4000,PRUNED
264,0.0019513082224875689,2026-05-19 10:14:38.399832,2026-05-19 10:14:38.689082,0 days 00:00:00.289250,128,1.232249402346554,1.4097778995105628,0.00525536220516795,5,0.8223656474665623,5000,PRUNED
265,0.001559103257022798,2026-05-19 10:14:38.696415,2026-05-19 10:14:38.931513,0 days 00:00:00.235098,96,1.5478313429473636,0.5627651741805699,0.004325679674889221,5,0.8567881162610612,4000,PRUNED
266,0.000998481409624219,2026-05-19 10:14:38.938375,2026-05-19 10:14:39.194461,0 days 00:00:00.256086,96,1.122818718589534,0.9907136520935771,0.006760105578410789,5,0.7450679484904007,4000,PRUNED
267,0.002278398722410202,2026-05-19 10:14:39.201365,2026-05-19 10:14:39.412509,0 days 00:00:00.211144,112,1.3288497587647927,0.7215645042174288,0.0057532342273356775,4,0.7029999071410313,3000,PRUNED
268,0.0006135301082395017,2026-05-19 10:14:39.419381,2026-05-19 10:14:39.659491,0 days 00:00:00.240110,96,1.7831150393322006,1.5885922420765732,0.00047408010147666907,5,0.815218793894592,4000,PRUNED
269,4.474196975934319e-05,2026-05-19 10:14:39.666340,2026-05-19 10:14:40.097027,0 days 00:00:00.430687,96,1.4623852276761506,0.1130481536359882,0.003866768116171471,5,0.6683315542525023,4000,PRUNED
270,7.584233389934525e-05,2026-05-19 10:14:40.104429,2026-05-19 10:14:40.544223,0 days 00:00:00.439794,96,1.1051750495562511,0.818998926184329,0.0026827132728348044,5,0.6332311374680992,4000,PRUNED
271,3.099507375736721e-05,2026-05-19 10:14:40.551758,2026-05-19 10:14:41.077049,0 days 00:00:00.525291,96,1.9681738059495038,1.170044194592779,0.004886404361436343,5,0.7903355695517299,4000,PRUNED
272,0.0009720142115838826,2026-05-19 10:14:41.084771,2026-05-19 10:14:41.340887,0 days 00:00:00.256116,96,1.2617953470109686,1.9880687068308396,0.004244542127654601,5,0.7754838801972161,2000,PRUNED
273,0.0006368685862980783,2026-05-19 10:14:41.347856,2026-05-19 10:14:41.607409,0 days 00:00:00.259553,112,1.7216138340680018,0.9749813774987203,0.006115415870697073,5,0.7325936077983165,4000,PRUNED
274,0.0003367601311765611,2026-05-19 10:14:41.614077,2026-05-19 10:14:41.816865,0 days 00:00:00.202788,96,1.55980167047052,0.3524873649123554,0.0022685490800550827,4,0.6906178995076893,4000,PRUNED
275,0.0005183733883313835,2026-05-19 10:14:41.823277,2026-05-19 10:14:42.047088,0 days 00:00:00.223811,96,2.36404808934653,0.6662524797704065,0.001132522916098405,5,0.7113396536899784,4000,PRUNED
276,2.0654490072047338e-05,2026-05-19 10:14:42.053350,2026-05-19 10:14:42.459966,0 days 00:00:00.406616,80,1.3932598808931802,1.481270629390755,0.005240137054843654,5,0.7582609149741241,5000,PRUNED
277,0.0007101456867530942,2026-05-19 10:14:42.466594,2026-05-19 10:14:42.694097,0 days 00:00:00.227503,96,2.9887456379498665,0.530838585781897,0.008767279483702808,5,0.6807216956748083,4000,PRUNED
278,0.000506786338519305,2026-05-19 10:14:42.700459,2026-05-19 10:14:42.922875,0 days 00:00:00.222416,96,2.666943732727816,1.1886198741554197,0.0034650554577522197,5,0.7211342832259643,4000,PRUNED
279,0.008627672679722309,2026-05-19 10:14:42.929192,2026-05-19 10:14:43.148987,0 days 00:00:00.219795,96,94.7206409236347,0.837571461768452,0.0008228014615986704,5,0.5315535590364537,4000,PRUNED
280,1.697692096058745e-05,2026-05-19 10:14:43.155465,2026-05-19 10:14:43.590344,0 days 00:00:00.434879,96,1.8910267166779091,1.8106023405506797,0.004590496004165933,5,0.6996343182643523,4000,PRUNED
281,0.0006140052573755383,2026-05-19 10:14:43.597252,2026-05-19 10:14:43.802434,0 days 00:00:00.205182,32,1.1829377650677135,0.9994871850539021,0.004029611251733071,4,0.7406273331479424,2000,PRUNED
282,0.004447567276656628,2026-05-19 10:14:43.808915,2026-05-19 10:14:44.064137,0 days 00:00:00.255222,80,19.145855764927717,0.4464477763132139,0.0009665025371335692,5,0.7241376779982304,4000,PRUNED
283,0.0010002747876569629,2026-05-19 10:14:44.070498,2026-05-19 10:14:44.303500,0 days 00:00:00.233002,64,1.6864926615428497,2.569432518100265,0.005204993530750731,5,0.48722482596589695,3000,PRUNED
284,0.0035039756912738085,2026-05-19 10:14:44.310536,2026-05-19 10:14:44.583813,0 days 00:00:00.273277,128,1.0807581292008774,1.3844803936380774,0.007617163675881207,5,0.7846481915431998,5000,PRUNED
285,2.873028506655828e-06,2026-05-19 10:14:44.590547,2026-05-19 10:14:49.353673,0 days 00:00:04.763126,96,1.265942325952394,0.7797220987959248,0.0045742205730555366,5,0.6020539257128,4000,COMPLETE
286,0.001881554489955306,2026-05-19 10:14:49.365968,2026-05-19 10:14:49.635245,0 days 00:00:00.269277,96,1.525778035482003,0.00418635630385641,0.003046477420237379,5,0.5948263760958851,4000,PRUNED
287,0.0020215343683958054,2026-05-19 10:14:49.641740,2026-05-19 10:14:49.871953,0 days 00:00:00.230213,96,1.3208983161787415,0.6396434862072415,0.0044467046142422344,4,0.6242019057232656,4000,PRUNED
288,0.0003965350042562932,2026-05-19 10:14:49.879238,2026-05-19 10:14:50.172437,0 days 00:00:00.293199,112,2.211846469792262,0.76755504379813,0.005833331833827818,5,0.5897983349034581,4000,PRUNED
289,0.003316699992865324,2026-05-19 10:14:50.180972,2026-05-19 10:14:50.409890,0 days 00:00:00.228918,96,35.91571973843496,0.1490133597487205,0.0036330986057855315,5,0.5817940655029127,4000,PRUNED
290,0.000418538402300328,2026-05-19 10:14:50.418128,2026-05-19 10:14:50.692504,0 days 00:00:00.274376,96,2.0456444430256835,0.744235625295264,0.00207540294371074,5,0.567666074069448,3000,PRUNED
291,0.0006025632028467953,2026-05-19 10:14:50.699979,2026-05-19 10:14:50.965198,0 days 00:00:00.265219,96,1.4306947556471676,0.5747365679696653,0.004083398252434195,6,0.8028845722100973,4000,PRUNED
292,0.0007123221294023097,2026-05-19 10:14:50.972993,2026-05-19 10:14:51.249724,0 days 00:00:00.276731,96,1.8652851134430262,1.178299821917265,0.0069431547802848844,5,0.6083752709404303,4000,PRUNED
293,0.0006589884869754314,2026-05-19 10:14:51.256870,2026-05-19 10:14:51.524948,0 days 00:00:00.268078,96,1.641714676520278,0.019417592602669995,0.004655156843113956,5,0.8200636381461665,4000,PRUNED
294,0.0028788095805794,2026-05-19 10:14:51.531782,2026-05-19 10:14:51.793115,0 days 00:00:00.261333,96,1.298222375807225,1.664436829471195,0.008788328997247538,5,0.6004792152074859,4000,PRUNED
295,0.0019058992620557547,2026-05-19 10:14:51.800347,2026-05-19 10:14:52.066478,0 days 00:00:00.266131,96,1.0018603555405237,2.1105481935535053,0.0014278107612167136,5,0.8432028621834332,4000,PRUNED
296,0.00033446887391619384,2026-05-19 10:14:52.073278,2026-05-19 10:14:52.338814,0 days 00:00:00.265536,80,2.466197254086041,0.8562903073578195,0.005308172465742213,5,0.7058591520522333,4000,PRUNED
297,0.0007126240525394678,2026-05-19 10:14:52.345327,2026-05-19 10:14:52.583180,0 days 00:00:00.237853,128,1.532830237001574,1.1101618271401523,0.003340332863386421,4,0.5458627388362661,2000,PRUNED
298,0.0004118543001823127,2026-05-19 10:14:52.589519,2026-05-19 10:14:52.828085,0 days 00:00:00.238566,96,1.7909082208534388,1.3438211180531492,0.003861411762638078,5,0.6950237706853659,4000,PRUNED
299,0.00043668344733305275,2026-05-19 10:14:52.834363,2026-05-19 10:14:53.089475,0 days 00:00:00.255112,64,1.120836215488639,0.23144785759481867,0.006283075875148926,5,0.712799755289102,5000,PRUNED
300,0.0008727419190108776,2026-05-19 10:14:53.096504,2026-05-19 10:14:53.286073,0 days 00:00:00.189569,96,1.2858938872769776,0.653195583020723,0.00426650479900428,3,0.7696541024387132,4000,PRUNED
301,0.0011711284751072526,2026-05-19 10:14:53.292600,2026-05-19 10:14:53.506013,0 days 00:00:00.213413,96,3.6742886877206975,0.053335794916555726,0.004861226289706816,4,0.6804225062483198,4000,PRUNED
302,1.9388347936910577e-05,2026-05-19 10:14:53.512463,2026-05-19 10:14:54.016706,0 days 00:00:00.504243,96,1.956714118944419,0.9602597095082764,0.002471674718026087,5,0.7541931250151348,4000,PRUNED
303,0.0008900132379494607,2026-05-19 10:14:54.023689,2026-05-19 10:14:54.269205,0 days 00:00:00.245516,96,1.4074729458165585,0.8007595348888616,0.005728193032485653,5,0.6583441734179676,4000,PRUNED
304,0.0003908565267920494,2026-05-19 10:14:54.275955,2026-05-19 10:14:54.537718,0 days 00:00:00.261763,96,2.210877524906421,0.5287319871807622,0.004483577896393471,5,0.8047032185570545,4000,PRUNED
305,5.33983757122769e-06,2026-05-19 10:14:54.544378,2026-05-19 10:14:59.509159,0 days 00:00:04.964781,96,1.6863472257023695,1.6472587521658213,0.005148631402219016,5,0.7900565723291527,4000,COMPLETE
306,0.0011848139110952616,2026-05-19 10:14:59.522113,2026-05-19 10:14:59.797027,0 days 00:00:00.274914,96,1.5501671613291907,0.42301709293877865,0.003690325436530824,5,0.748978053844144,1000,PRUNED
307,0.0015708995051681995,2026-05-19 10:14:59.803710,2026-05-19 10:15:00.065835,0 days 00:00:00.262125,96,1.2109227160001454,1.28543984279946,0.0073736920803270725,5,0.7174874915787784,4000,PRUNED
308,3.309323074063286e-05,2026-05-19 10:15:00.073471,2026-05-19 10:15:00.554847,0 days 00:00:00.481376,80,1.3929758696292602,0.9297115343651552,0.009715844989814393,5,0.6913827942392338,4000,PRUNED
309,0.0009318904485553503,2026-05-19 10:15:00.561912,2026-05-19 10:15:00.784801,0 days 00:00:00.222889,96,2.0709595154571776,0.6969702172034231,0.0027388399972535556,4,0.7770955615629432,5000,PRUNED
310,1.580129173817113e-05,2026-05-19 10:15:00.791890,2026-05-19 10:15:01.246845,0 days 00:00:00.454955,112,1.1060731279475071,2.0346200678769892,0.005509790727980149,5,0.7036829063655222,4000,PRUNED
311,0.0014003932010382414,2026-05-19 10:15:01.255665,2026-05-19 10:15:01.535768,0 days 00:00:00.280103,96,1.7153718031904943,1.0968256750876115,0.008305631640799381,5,0.7301714795347342,2000,PRUNED
312,0.00036158194416202605,2026-05-19 10:15:01.543237,2026-05-19 10:15:01.788762,0 days 00:00:00.245525,96,2.5766202030365166,1.4710532965810306,0.0007562507945452917,5,0.7624818951461498,4000,PRUNED
313,0.0004191822372376919,2026-05-19 10:15:01.796456,2026-05-19 10:15:02.036046,0 days 00:00:00.239590,96,1.002175346733332,0.8204323352613864,0.004691963107722524,5,0.8175403655090197,4000,PRUNED
314,0.0017152694053947926,2026-05-19 10:15:02.045371,2026-05-19 10:15:02.285133,0 days 00:00:00.239762,96,2.3315686151397337,0.5908134818343921,0.004088954829019694,5,0.5161055984007589,2000,PRUNED
315,0.0010332517558708787,2026-05-19 10:15:02.293463,2026-05-19 10:15:02.531656,0 days 00:00:00.238193,128,1.9440253391397087,1.1193506779534155,0.0030542679579399195,5,0.7385403861025397,4000,PRUNED
316,0.005096736829727888,2026-05-19 10:15:02.539968,2026-05-19 10:15:02.755026,0 days 00:00:00.215058,96,1.5133904119554473,2.4147613269370845,0.006372856096024917,4,0.7193903919200464,4000,PRUNED
317,0.0009234451572410762,2026-05-19 10:15:02.763166,2026-05-19 10:15:03.014128,0 days 00:00:00.250962,96,1.2572471904361564,1.788342692884054,0.0010689142710327247,5,0.8794175874495584,4000,PRUNED
318,1.8892198568210006e-05,2026-05-19 10:15:03.021582,2026-05-19 10:15:03.493808,0 days 00:00:00.472226,64,1.794102865277407,0.93060006158424,0.001553921811412845,5,0.609746384515529,4000,PRUNED
319,7.486631511710584e-05,2026-05-19 10:15:03.503059,2026-05-19 10:15:03.928766,0 days 00:00:00.425707,112,1.1102273265623515,0.7056151373362951,0.005140719965716879,5,0.6409091940221189,4000,PRUNED
320,2.5052788259927183e-05,2026-05-19 10:15:03.937002,2026-05-19 10:15:04.413757,0 days 00:00:00.476755,96,1.4102357372077028,1.2664227526969423,0.004436392971866231,5,0.6722456111983802,4000,PRUNED
321,0.0018049853388220072,2026-05-19 10:15:04.423442,2026-05-19 10:15:04.689395,0 days 00:00:00.265953,96,1.676126212123979,3.3635686485804763,0.0008719229444512199,5,0.791014893054133,5000,PRUNED
322,4.314608474942361e-07,2026-05-19 10:15:04.697659,2026-05-19 10:15:09.249087,0 days 00:00:04.551428,32,2.090083959690194,1.5328231525136886,0.005772994046314477,5,0.7105029224564487,4000,COMPLETE
323,0.014370620250701904,2026-05-19 10:15:09.264598,2026-05-19 10:15:09.519799,0 days 00:00:00.255201,16,14.474543266446034,1.511799282442848,0.0012746995688987523,5,0.7016347600157743,4000,PRUNED
324,0.0004808371013496071,2026-05-19 10:15:09.527920,2026-05-19 10:15:09.790794,0 days 00:00:00.262874,80,2.270703513978849,1.9649648434393285,0.0018283592031957865,5,0.71740608534469,3000,PRUNED
325,5.7704299251781777e-05,2026-05-19 10:15:09.798993,2026-05-19 10:15:10.239949,0 days 00:00:00.440956,48,2.0373100130720747,1.531310164105847,0.003489686771977226,4,0.6906867501311771,4000,PRUNED
326,6.444676546379924e-05,2026-05-19 10:15:10.248685,2026-05-19 10:15:10.743364,0 days 00:00:00.494679,112,2.11449822411612,1.1883953097695252,0.0048433130186885266,5,0.7313330988835385,2000,PRUNED
327,0.001212093629874289,2026-05-19 10:15:10.752438,2026-05-19 10:15:10.981428,0 days 00:00:00.228990,48,1.8699672719165727,1.7674205411043429,0.00406231606995677,5,0.7072316671782307,4000,PRUNED
328,0.017042046412825584,2026-05-19 10:15:10.989048,2026-05-19 10:15:11.263241,0 days 00:00:00.274193,48,2.6626221782660275,2.678231845535673,0.0002072967055396681,5,0.5765683781390942,4000,PRUNED
