number,value,datetime_start,datetime_complete,duration,params_hidden,params_lambda_ic,params_lambda_phys,params_lr,params_n_layers,params_scheduler_gamma,params_scheduler_step,state
659,2.8493292120401748e-05,2026-05-19 10:17:47.407982,2026-05-19 10:17:47.842411,0 days 00:00:00.434429,96,1.7522882456134965,0.5452054039835202,0.004688351302266311,5,0.7256304757425441,4000,PRUNED
660,0.0004916616016998887,2026-05-19 10:17:47.849713,2026-05-19 10:17:48.130330,0 days 00:00:00.280617,96,1.4773650985018834,1.947271407940319,0.004283387198277924,5,0.8224583521592334,3000,PRUNED
661,4.176635775365867e-05,2026-05-19 10:17:48.138273,2026-05-19 10:17:48.571952,0 days 00:00:00.433679,96,2.2091502798860385,0.932015084179396,0.0031978470547569283,5,0.8496963516138111,4000,PRUNED
662,0.0002746940590441227,2026-05-19 10:17:48.578504,2026-05-19 10:17:48.845716,0 days 00:00:00.267212,80,2.607021952875095,1.121880959712121,0.003562127056204301,5,0.5260061690474582,4000,PRUNED
663,0.00385756092146039,2026-05-19 10:17:48.852618,2026-05-19 10:17:49.116634,0 days 00:00:00.264016,96,1.3288724485362848,0.7546369376304527,0.008449771242414993,5,0.6624177616791083,4000,PRUNED
664,0.0017930121393874288,2026-05-19 10:17:49.123042,2026-05-19 10:17:49.402086,0 days 00:00:00.279044,96,1.5732227339314175,1.4562886873388694,0.006012774353599485,5,0.7637346242527835,5000,PRUNED
665,0.0004535390471573919,2026-05-19 10:17:49.409645,2026-05-19 10:17:49.650446,0 days 00:00:00.240801,96,1.9247765054723724,0.4615351496903564,0.005110307547075591,5,0.7089375184187766,1000,PRUNED
666,0.0007098757778294384,2026-05-19 10:17:49.657463,2026-05-19 10:17:49.906731,0 days 00:00:00.249268,96,1.24882801777494,0.9400795073455461,0.0005273203763363736,5,0.6178065920606765,4000,PRUNED
667,0.001260789344087243,2026-05-19 10:17:49.913796,2026-05-19 10:17:50.217215,0 days 00:00:00.303419,96,1.7078745673010498,2.867801726186656,0.004442598623549478,5,0.7888719782410561,3000,PRUNED
668,0.0008903364068828523,2026-05-19 10:17:50.223652,2026-05-19 10:17:50.474750,0 days 00:00:00.251098,96,2.0973040429486005,1.6182636445389238,0.006938502284799714,5,0.6814208030290482,4000,PRUNED
669,0.0003275407652836293,2026-05-19 10:17:50.484057,2026-05-19 10:17:50.730580,0 days 00:00:00.246523,96,1.5016098344001025,0.6243649766376963,0.0039626780326240205,5,0.7332259945681374,4000,PRUNED
670,0.0004013130092062056,2026-05-19 10:17:50.738518,2026-05-19 10:17:51.175735,0 days 00:00:00.437217,64,2.4399728173902058,1.1349991878085801,0.005432934318572614,5,0.5902233307111078,3000,PRUNED
671,0.001399670960381627,2026-05-19 10:17:51.182932,2026-05-19 10:17:51.455970,0 days 00:00:00.273038,96,1.3958669619095418,0.8023037175785072,0.007865313918935562,5,0.716516730784516,4000,PRUNED
672,0.0008858194923959672,2026-05-19 10:17:51.464392,2026-05-19 10:17:51.733582,0 days 00:00:00.269190,96,1.1715655498783133,1.3358279019194077,0.004802218215655376,5,0.6353540940959221,4000,PRUNED
673,0.0005710023688152432,2026-05-19 10:17:51.743409,2026-05-19 10:17:52.004627,0 days 00:00:00.261218,32,1.829424326140229,1.0149507364561203,0.006127727384917546,5,0.6982241619568983,5000,PRUNED
674,0.0011456728680059314,2026-05-19 10:17:52.013979,2026-05-19 10:17:52.459738,0 days 00:00:00.445759,80,1.3054487586453853,0.7415444259264359,0.004211599522205074,5,0.8335466699605446,4000,PRUNED
675,0.0018625679658725858,2026-05-19 10:17:52.468652,2026-05-19 10:17:52.695419,0 days 00:00:00.226767,96,1.637758206189953,2.228929835181883,0.001042800843362888,3,0.7469884996775784,4000,PRUNED
676,0.08400276303291321,2026-05-19 10:17:52.703242,2026-05-19 10:17:52.947603,0 days 00:00:00.244361,16,2.7479842477532257,0.8901138397364999,0.00015047639084218303,5,0.42319766963316724,4000,PRUNED
677,0.0009487051283940673,2026-05-19 10:17:52.956656,2026-05-19 10:17:53.235104,0 days 00:00:00.278448,96,1.1306929139410014,0.5789333906819853,0.009014862617326983,5,0.774686234414239,3000,PRUNED
678,0.0010312009835615754,2026-05-19 10:17:53.242179,2026-05-19 10:17:53.494180,0 days 00:00:00.252001,96,2.0194864592336876,1.2600570873150225,0.006607455696751406,5,0.8060257747683552,4000,PRUNED
679,0.0005303973448462784,2026-05-19 10:17:53.501181,2026-05-19 10:17:53.766587,0 days 00:00:00.265406,96,2.2595615749254545,1.6505268961265487,0.005483819305445032,5,0.8190457862297237,4000,PRUNED
680,0.000286546943243593,2026-05-19 10:17:53.775866,2026-05-19 10:17:54.252845,0 days 00:00:00.476979,48,1.434223146031335,0.6669723058439173,0.0037470017066579876,5,0.7043243523715074,5000,PRUNED
681,0.00038187328027561307,2026-05-19 10:17:54.261280,2026-05-19 10:17:54.532578,0 days 00:00:00.271298,112,1.838363860592945,1.0392860599711584,0.00505796334311399,5,0.7265263762334305,4000,PRUNED
682,0.0005163202295079827,2026-05-19 10:17:54.541924,2026-05-19 10:17:54.811685,0 days 00:00:00.269761,80,1.2283552703705125,0.8553835846731319,0.0034289022158114036,5,0.5757939628115137,4000,PRUNED
683,0.00195520231500268,2026-05-19 10:17:54.819296,2026-05-19 10:17:55.097087,0 days 00:00:00.277791,96,1.5242970728517509,0.5150865302197951,0.007551818479873142,5,0.6909033346209158,3000,PRUNED
684,0.00027710312861017883,2026-05-19 10:17:55.104600,2026-05-19 10:17:55.376779,0 days 00:00:00.272179,96,1.0918510538863953,1.3430485030867545,0.004494978556650174,5,0.7159739537595811,4000,PRUNED
685,3.0928455089451745e-05,2026-05-19 10:17:55.383832,2026-05-19 10:17:55.861794,0 days 00:00:00.477962,96,3.409819486544869,1.0485743177143108,0.003008919697887463,5,0.6759893906706153,4000,PRUNED
686,0.0006757089286111295,2026-05-19 10:17:55.868736,2026-05-19 10:17:56.111802,0 days 00:00:00.243066,96,2.4515333773282975,1.8724775321761622,0.006083358888442611,5,0.7925036023499283,3000,PRUNED
687,9.568260793457739e-06,2026-05-19 10:17:56.119184,2026-05-19 10:18:00.882645,0 days 00:00:04.763461,112,2.140492800340264,0.09757863902851201,0.004808928514460076,5,0.7408456106165021,4000,COMPLETE
688,0.0002079675905406475,2026-05-19 10:18:00.893752,2026-05-19 10:18:01.331193,0 days 00:00:00.437441,96,1.3665103809513772,0.20515302716834388,0.0038998273158496605,5,0.7537504938586331,4000,PRUNED
689,1.3957494047645014e-05,2026-05-19 10:18:01.338907,2026-05-19 10:18:01.792932,0 days 00:00:00.454025,96,1.654452789214519,0.7186844315192887,0.005525239368621831,5,0.7038798332789015,4000,PRUNED
690,0.0005495774676091969,2026-05-19 10:18:01.800172,2026-05-19 10:18:02.057509,0 days 00:00:00.257337,96,1.2088353530626892,0.8599938328200503,0.006834955072166505,5,0.8408323824032206,4000,PRUNED
691,0.0018462834414094687,2026-05-19 10:18:02.065121,2026-05-19 10:18:02.333352,0 days 00:00:00.268231,96,1.9991184453808684,0.4267781379580159,0.004343892154240355,5,0.7197810334864153,5000,PRUNED
692,0.0004949434660375118,2026-05-19 10:18:02.340942,2026-05-19 10:18:02.625954,0 days 00:00:00.285012,96,1.723667158366473,1.5540022263808664,0.009225757960563427,6,0.6885304803385752,3000,PRUNED
693,2.8779661533917533e-06,2026-05-19 10:18:02.632423,2026-05-19 10:18:06.879493,0 days 00:00:04.247070,96,1.4944776886842874,1.1906581013516977,0.004954634806835558,5,0.732342600639787,4000,COMPLETE
694,0.0005839099758304656,2026-05-19 10:18:06.889515,2026-05-19 10:18:07.328671,0 days 00:00:00.439156,96,14.50410592116229,0.6237253029216727,0.005994035219438829,5,0.7625628112496806,4000,PRUNED
695,0.0023044857662171125,2026-05-19 10:18:07.336509,2026-05-19 10:18:07.580453,0 days 00:00:00.243944,96,1.3254114543043818,0.9598538218056784,0.009903616090883853,5,0.8163413785461642,4000,PRUNED
696,0.0002894900680985302,2026-05-19 10:18:07.587160,2026-05-19 10:18:07.829743,0 days 00:00:00.242583,80,2.279296876950913,0.7541174471160124,0.0006179928076709374,5,0.6685070039207601,4000,PRUNED
697,0.0011390335857868195,2026-05-19 10:18:07.836389,2026-05-19 10:18:08.077966,0 days 00:00:00.241577,96,2.956626804327961,1.1299231865175516,0.005350457175405004,5,0.7000287288360997,4000,PRUNED
698,0.0007302393787540495,2026-05-19 10:18:08.086210,2026-05-19 10:18:08.335098,0 days 00:00:00.248888,96,1.0682123897956144,1.321436000107735,0.007144205503622237,5,0.7852495224446951,3000,PRUNED
699,1.8729662770056166e-05,2026-05-19 10:18:08.342802,2026-05-19 10:18:08.775271,0 days 00:00:00.432469,64,1.909023557175435,0.5137559722037185,0.003954160861435882,5,0.7124547035019858,4000,PRUNED
700,4.0959218949865317e-07,2026-05-19 10:18:08.783395,2026-05-19 10:18:13.014239,0 days 00:00:04.230844,96,1.5981848012685616,0.9128118228930965,0.004622652822791769,5,0.8013914097985748,3000,COMPLETE
701,0.0004389712121337652,2026-05-19 10:18:13.027398,2026-05-19 10:18:13.278705,0 days 00:00:00.251307,96,1.7925957556635357,0.6581731701158675,0.006167321211961456,5,0.7854184437856663,3000,PRUNED
702,0.0015410748310387135,2026-05-19 10:18:13.285921,2026-05-19 10:18:13.544988,0 days 00:00:00.259067,96,2.10478401281613,0.82985606854725,0.008023974769646475,5,0.7802789480982304,3000,PRUNED
703,0.0002900744730141014,2026-05-19 10:18:13.552231,2026-05-19 10:18:13.796699,0 days 00:00:00.244468,96,2.531622204102707,0.760477642737901,0.0034797008359606627,5,0.7696983845729691,3000,PRUNED
704,1.4237874893296976e-05,2026-05-19 10:18:13.803261,2026-05-19 10:18:14.254459,0 days 00:00:00.451198,96,1.6202355208489987,0.9330974091598254,0.004608024769990826,5,0.7919714685659671,3000,PRUNED
705,6.513478001579642e-05,2026-05-19 10:18:14.261028,2026-05-19 10:18:14.690709,0 days 00:00:00.429681,96,1.1837535841159923,0.6791266519144432,0.0008970048505947203,5,0.8095586883559657,3000,PRUNED
706,5.3373933042166755e-05,2026-05-19 10:18:14.697841,2026-05-19 10:18:15.163249,0 days 00:00:00.465408,112,1.0017385000533996,0.5839450932861497,0.005083138813257045,5,0.8011320549879405,3000,PRUNED
707,0.0004644286527764052,2026-05-19 10:18:15.170063,2026-05-19 10:18:15.420988,0 days 00:00:00.250925,96,1.9733988662084039,0.8942206468228358,0.005688384599617516,5,0.7281312217438354,3000,PRUNED
708,4.449960033525713e-05,2026-05-19 10:18:15.427953,2026-05-19 10:18:15.936652,0 days 00:00:00.508699,96,1.7659917553419078,0.33662493121568227,0.006576949416308175,5,0.6542456977994401,3000,PRUNED
709,1.9761957901209826e-06,2026-05-19 10:18:15.942965,2026-05-19 10:18:20.944269,0 days 00:00:05.001304,96,1.3607301392889304,1.059041795853693,0.004426301482803368,5,0.744843856986986,3000,COMPLETE
710,0.00040750697371549904,2026-05-19 10:18:20.959777,2026-05-19 10:18:21.258136,0 days 00:00:00.298359,80,1.3751408163445449,0.7733193837216453,0.0007548726178345712,5,0.7472180796665276,3000,PRUNED
711,0.0005931576597504318,2026-05-19 10:18:21.265190,2026-05-19 10:18:21.513121,0 days 00:00:00.247931,96,1.2626487894342453,0.49311987351842484,0.004139605476024594,5,0.7709675026034404,3000,PRUNED
712,4.6775567170698196e-05,2026-05-19 10:18:21.519843,2026-05-19 10:18:22.023721,0 days 00:00:00.503878,96,1.4362462253494166,1.048822093953359,0.0029581431059410674,5,0.7578052397423782,3000,PRUNED
713,0.001420724904164672,2026-05-19 10:18:22.030324,2026-05-19 10:18:22.312442,0 days 00:00:00.282118,112,32.13647648311212,0.6765027527358286,0.008629800120329816,5,0.7943127021025698,3000,PRUNED
714,0.0005130837089382112,2026-05-19 10:18:22.319513,2026-05-19 10:18:22.579702,0 days 00:00:00.260189,96,1.3449485303399036,0.9145951448075551,0.0037084283685871007,5,0.745175928522249,3000,PRUNED
715,0.000900834973435849,2026-05-19 10:18:22.586852,2026-05-19 10:18:22.863222,0 days 00:00:00.276370,96,1.1510268483906076,0.5649643632027959,0.004242224824455932,5,0.7744237313741931,3000,PRUNED
716,3.8552472688024864e-05,2026-05-19 10:18:22.870425,2026-05-19 10:18:23.387078,0 days 00:00:00.516653,96,1.5467466492341713,1.061367917489346,0.007446271673604096,5,0.7442352836350715,3000,PRUNED
717,0.0003136409795843065,2026-05-19 10:18:23.394714,2026-05-19 10:18:23.683662,0 days 00:00:00.288948,48,1.2578072836558685,0.7871626025130274,0.0032404889717522496,5,0.5521105256664482,3000,PRUNED
718,0.0003648917190730572,2026-05-19 10:18:23.690765,2026-05-19 10:18:23.974771,0 days 00:00:00.284006,96,1.0910985777156545,1.3344529201376951,0.0047228396705828735,5,0.7352906042025354,3000,PRUNED
719,0.0004427034582477063,2026-05-19 10:18:23.981972,2026-05-19 10:18:24.262474,0 days 00:00:00.280502,80,1.472620416277415,0.9314674441969302,0.005288861140941927,5,0.753780863608575,3000,PRUNED
720,0.0014686944196000695,2026-05-19 10:18:24.269120,2026-05-19 10:18:24.533130,0 days 00:00:00.264010,96,1.2971393892944145,0.394576164720944,0.006428006855226701,5,0.6088764899500958,3000,PRUNED
721,0.0003395100648049265,2026-05-19 10:18:24.539951,2026-05-19 10:18:24.793511,0 days 00:00:00.253560,96,1.6082903547782077,0.6337505160112378,0.005874680457919814,5,0.8004604796231591,3000,PRUNED
722,0.0011133007938042283,2026-05-19 10:18:24.800739,2026-05-19 10:18:25.058275,0 days 00:00:00.257536,96,1.4262217999985092,2.2434851857242837,0.004069037322978595,5,0.7362413523996282,3000,PRUNED
723,0.0007516244659200311,2026-05-19 10:18:25.065157,2026-05-19 10:18:25.328730,0 days 00:00:00.263573,96,1.1639700943498836,1.5075549493878688,0.004916270230599944,5,0.7617666474009035,3000,PRUNED
724,0.004118187353014946,2026-05-19 10:18:25.335873,2026-05-19 10:18:25.593954,0 days 00:00:00.258081,96,1.3189121533709272,0.7820708632267833,0.009995821740907835,5,0.7784911972235015,3000,PRUNED
725,1.388000964652747e-05,2026-05-19 10:18:25.601774,2026-05-19 10:18:26.097219,0 days 00:00:00.495445,96,1.6477414287420367,1.139192943559572,0.008194151323834858,5,0.678658604961845,3000,PRUNED
726,0.0010356818092986941,2026-05-19 10:18:26.105623,2026-05-19 10:18:26.379235,0 days 00:00:00.273612,80,1.5401309778777945,0.26522123589102087,0.0035725352760605173,5,0.7251284123687909,3000,PRUNED
727,3.956654472858645e-05,2026-05-19 10:18:26.386693,2026-05-19 10:18:26.889564,0 days 00:00:00.502871,96,10.577240291036691,0.9362634189770701,0.004384093167878784,5,0.7556039665497836,3000,PRUNED
728,0.0014895718777552247,2026-05-19 10:18:26.896701,2026-05-19 10:18:27.154766,0 days 00:00:00.258065,96,1.0916373225536475,1.856973350967131,0.0011520089403021549,5,0.8057999397818747,3000,PRUNED
729,4.236332642904017e-06,2026-05-19 10:18:27.163816,2026-05-19 10:18:32.024071,0 days 00:00:04.860255,96,1.4402486588676204,0.46844941462780526,0.005564174542783651,5,0.7100569125601107,3000,COMPLETE
730,2.179684270231519e-05,2026-05-19 10:18:32.038086,2026-05-19 10:18:32.526318,0 days 00:00:00.488232,96,1.2670442650459866,1.1175617165547214,0.004607286484258278,5,0.6923261427350499,3000,PRUNED
731,6.605569797102362e-05,2026-05-19 10:18:32.535241,2026-05-19 10:18:33.044343,0 days 00:00:00.509102,112,1.1884286284013597,0.7100271715677455,0.0009700356756475276,5,0.7393809011461657,3000,PRUNED
732,0.0003051087842322886,2026-05-19 10:18:33.053078,2026-05-19 10:18:33.331137,0 days 00:00:00.278059,96,1.3377102697874632,0.55517980105813,0.0004018706273836016,5,0.7966342566551857,3000,PRUNED
733,2.850011696864385e-05,2026-05-19 10:18:33.339572,2026-05-19 10:18:33.851722,0 days 00:00:00.512150,64,1.5517367152498835,1.4364045076768321,0.006814629969869685,5,0.719584533365483,3000,PRUNED
734,0.0007193703204393387,2026-05-19 10:18:33.861345,2026-05-19 10:18:34.069201,0 days 00:00:00.207856,96,1.00144294061192,0.8019617707182479,0.003922657576452863,4,0.7611214843174743,3000,PRUNED
735,0.00035363039933145046,2026-05-19 10:18:34.076848,2026-05-19 10:18:34.327672,0 days 00:00:00.250824,96,1.6881768771816221,1.1985947118234188,0.005057290277576203,5,0.7803090756165247,3000,PRUNED
736,0.0005007516010664403,2026-05-19 10:18:34.334874,2026-05-19 10:18:34.626389,0 days 00:00:00.291515,16,1.2060366153991415,0.9301531317915399,0.0032893085276720856,5,0.7064501154284104,3000,PRUNED
737,1.4429806469706818e-05,2026-05-19 10:18:34.635599,2026-05-19 10:18:35.108043,0 days 00:00:00.472444,96,1.3683852658375175,0.630504642644142,0.005762586807750053,5,0.6854648769479736,3000,PRUNED
738,0.0010388653026893735,2026-05-19 10:18:35.116116,2026-05-19 10:18:35.412269,0 days 00:00:00.296153,80,1.8277802835219532,1.6528815284333922,0.007159982150206846,6,0.7259682841307583,5000,PRUNED
739,0.0019818649161607027,2026-05-19 10:18:35.419960,2026-05-19 10:18:35.921140,0 days 00:00:00.501180,48,1.4952386443985766,1.0248836452174326,0.004281995935897487,5,0.7002143309532715,3000,PRUNED
740,0.0028886976651847363,2026-05-19 10:18:35.930482,2026-05-19 10:18:36.105725,0 days 00:00:00.175243,96,1.0978702794503055,0.8312420401525402,0.0053060049397417,2,0.818542145241083,3000,PRUNED
741,0.0009528009104542434,2026-05-19 10:18:36.113976,2026-05-19 10:18:36.360938,0 days 00:00:00.246962,96,1.6977182337395673,1.2956551878059803,0.0064017112748632424,5,0.8787590879600036,3000,PRUNED
742,0.005541974678635597,2026-05-19 10:18:36.369125,2026-05-19 10:18:36.625204,0 days 00:00:00.256079,96,1.4069709689427312,0.6923362339333744,0.009267693875405528,5,0.7421197322798596,3000,PRUNED
743,0.0003223435487598181,2026-05-19 10:18:36.633125,2026-05-19 10:18:36.870450,0 days 00:00:00.237325,96,1.2303910563346807,1.0519027523141669,0.0039008639866923837,5,0.7144395946459486,5000,PRUNED
744,0.00017068769375327975,2026-05-19 10:18:36.876973,2026-05-19 10:18:37.302514,0 days 00:00:00.425541,32,1.0808811002253758,0.5343267943474579,0.004760644861565599,5,0.7880636454819333,3000,PRUNED
745,0.000556820014026016,2026-05-19 10:18:37.309575,2026-05-19 10:18:37.560927,0 days 00:00:00.251352,96,1.527455751542605,0.8723843633116778,0.007891965969345948,5,0.7344858610817376,3000,PRUNED
746,0.0006038869032636285,2026-05-19 10:18:37.567746,2026-05-19 10:18:37.801537,0 days 00:00:00.233791,96,1.8970479254110928,1.444368052720997,0.003653135876542007,4,0.6715680794223944,5000,PRUNED
747,2.7889587727258913e-05,2026-05-19 10:18:37.808875,2026-05-19 10:18:38.287533,0 days 00:00:00.478658,112,1.2686684096365302,0.7048812568438924,0.00607605153514194,5,0.5107093935944472,3000,PRUNED
748,0.0020860403310507536,2026-05-19 10:18:38.293826,2026-05-19 10:18:38.552644,0 days 00:00:00.258818,64,1.6242112817792873,0.022775989697984108,0.004453135925827771,5,0.7667852063310601,3000,PRUNED
749,0.0013881754130125046,2026-05-19 10:18:38.559942,2026-05-19 10:18:38.818512,0 days 00:00:00.258570,96,1.1563946628464283,2.0443734657693864,0.005422905343916706,5,0.8073331289124085,3000,PRUNED
750,2.0359807422209997e-06,2026-05-19 10:18:38.826557,2026-05-19 10:18:43.275056,0 days 00:00:04.448499,96,1.3762658394048035,1.0867022313260313,0.008650838819975344,5,0.6933467870202481,3000,COMPLETE
751,1.5105239071999677e-05,2026-05-19 10:18:43.285846,2026-05-19 10:18:43.694671,0 days 00:00:00.408825,96,2.2605233896494115,0.8686996011840219,0.002825735913787152,4,0.7247891993101004,3000,PRUNED
752,0.0005367412231862545,2026-05-19 10:18:43.701886,2026-05-19 10:18:43.944478,0 days 00:00:00.242592,96,1.773747341274652,0.6207016412002783,0.004909375304681527,5,0.7059829329345194,5000,PRUNED
753,0.00038091084570623934,2026-05-19 10:18:43.951069,2026-05-19 10:18:44.212438,0 days 00:00:00.261369,96,2.7662502189171247,1.1575046372628601,0.007178800666825386,5,0.8274814815718738,4000,PRUNED
754,0.0005348591948859394,2026-05-19 10:18:44.220369,2026-05-19 10:18:44.473352,0 days 00:00:00.252983,96,1.0000679652629825,1.7176591188641495,0.00576689159177674,5,0.7921912359502187,3000,PRUNED
755,2.1268928321660496e-05,2026-05-19 10:18:44.480380,2026-05-19 10:18:44.949702,0 days 00:00:00.469322,96,1.5011227547041062,0.4460917568741227,0.004090690885792449,5,0.680247896472945,4000,PRUNED
756,0.0013841852778568864,2026-05-19 10:18:44.956991,2026-05-19 10:18:45.212644,0 days 00:00:00.255653,80,2.0110034770613496,0.06741063595251154,0.006406399625866645,5,0.7510802047983814,4000,PRUNED
757,0.0003543849161360413,2026-05-19 10:18:45.219322,2026-05-19 10:18:45.504706,0 days 00:00:00.285384,96,1.240227049289184,0.7713644852766264,0.0034776857027341707,5,0.7196135350463498,5000,PRUNED
758,2.864410271286033e-05,2026-05-19 10:18:45.512169,2026-05-19 10:18:46.031310,0 days 00:00:00.519141,96,2.417392499368117,1.3764285597938184,0.005146661988407222,5,0.7720681742646536,4000,PRUNED
759,0.0004937894991599023,2026-05-19 10:18:46.038942,2026-05-19 10:18:46.284133,0 days 00:00:00.245191,96,1.352289906228307,0.965570654327492,0.004469407580137229,4,0.8145115512579117,3000,PRUNED
760,0.002564111491665244,2026-05-19 10:18:46.291935,2026-05-19 10:18:46.536629,0 days 00:00:00.244694,96,1.1210590256809922,0.0016220489971147916,0.0031557044107192213,5,0.6595909590512485,4000,PRUNED
761,0.003110581310465932,2026-05-19 10:18:46.543271,2026-05-19 10:18:46.815148,0 days 00:00:00.271877,96,1.6660068346679922,7.9018431638712485,0.001089256743880143,5,0.7328880777743859,4000,PRUNED
762,6.072065298212692e-05,2026-05-19 10:18:46.821729,2026-05-19 10:18:47.334551,0 days 00:00:00.512822,112,6.74864135867682,0.5395333372691539,0.0054903455404416235,5,0.6944942919547777,1000,PRUNED
763,0.0011316726449877024,2026-05-19 10:18:47.341508,2026-05-19 10:18:47.614648,0 days 00:00:00.273140,96,2.1074583347927884,1.2874241947643783,0.006628668757240692,5,0.7108301544924488,3000,PRUNED
764,0.0011374920140951872,2026-05-19 10:18:47.621620,2026-05-19 10:18:47.902696,0 days 00:00:00.281076,96,1.5271508468784574,0.741385847898186,0.004648846927947741,5,0.8040347909740175,4000,PRUNED
765,0.00029216284747235477,2026-05-19 10:18:47.910844,2026-05-19 10:18:48.187278,0 days 00:00:00.276434,96,1.8963287089677088,0.9537743473970071,0.003901472022667062,5,0.7483403416373571,4000,PRUNED
766,0.004576804582029581,2026-05-19 10:18:48.195442,2026-05-19 10:18:48.452965,0 days 00:00:00.257523,96,1.3795125223870055,3.314784983573088,0.008315535720913599,5,0.5974680599581006,3000,PRUNED
767,0.0013757733395323157,2026-05-19 10:18:48.461730,2026-05-19 10:18:48.728280,0 days 00:00:00.266550,96,3.1187869831680013,0.6267359018525683,0.006015172255726897,5,0.786564266199389,4000,PRUNED
768,0.004885401111096144,2026-05-19 10:18:48.737186,2026-05-19 10:18:49.003102,0 days 00:00:00.265916,80,1.2270114045699463,2.4956304176677686,0.009990183215373332,5,0.7037722021489022,4000,PRUNED
