number,value,datetime_start,datetime_complete,duration,params_hidden,params_lambda_ic,params_lambda_phys,params_lr,params_n_layers,params_scheduler_gamma,params_scheduler_step,state
329,0.0005566680338233709,2026-05-19 10:15:11.270964,2026-05-19 10:15:11.558682,0 days 00:00:00.287718,32,2.2275794186353934,1.401145578797825,0.005301876561319435,5,0.6809688360023054,4000,PRUNED
330,4.989379885955714e-05,2026-05-19 10:15:11.566151,2026-05-19 10:15:12.072022,0 days 00:00:00.505871,32,1.9238124570533157,1.0315826117527096,0.0059049199948814565,5,0.7182193176923427,4000,PRUNED
331,6.136779120424762e-05,2026-05-19 10:15:12.080360,2026-05-19 10:15:12.531792,0 days 00:00:00.451432,80,2.8618390466671983,2.2327373041452483,0.00381911211318882,5,0.7063526308500131,5000,PRUNED
332,0.00134938838891685,2026-05-19 10:15:12.539709,2026-05-19 10:15:12.754345,0 days 00:00:00.214636,128,2.408141151739433,1.2925859565377362,0.009987198731362161,4,0.7393805414691346,4000,PRUNED
333,0.0005172780947759748,2026-05-19 10:15:12.762000,2026-05-19 10:15:13.009281,0 days 00:00:00.247281,96,1.17579668252708,1.0170975212189743,0.008997611781437325,5,0.7248303739109122,3000,PRUNED
334,1.6642608898109756e-05,2026-05-19 10:15:13.016094,2026-05-19 10:15:13.438597,0 days 00:00:00.422503,96,1.6041297738373184,0.8471954589653984,0.0022856488693130533,5,0.8308306693609292,4000,PRUNED
335,0.0003607218386605382,2026-05-19 10:15:13.446541,2026-05-19 10:15:13.691888,0 days 00:00:00.245347,96,7.3878802594320705,1.628979198452448,0.004415644244394286,5,0.6949800197288284,4000,PRUNED
336,0.00047282883315347135,2026-05-19 10:15:13.698648,2026-05-19 10:15:13.937773,0 days 00:00:00.239125,96,1.811506413815706,1.283144611106456,0.004908463262286472,5,0.7124620414407331,4000,PRUNED
337,0.00036187563091516495,2026-05-19 10:15:13.944388,2026-05-19 10:15:14.167261,0 days 00:00:00.222873,96,2.0864492256096483,0.3215603254669228,0.006820172625227039,4,0.5564937617878258,3000,PRUNED
338,0.000719729287084192,2026-05-19 10:15:14.174170,2026-05-19 10:15:14.422656,0 days 00:00:00.248486,16,1.2864786161843806,0.9045284402135848,0.0056377913513707386,5,0.7494819488662333,4000,PRUNED
339,0.0011607871856540442,2026-05-19 10:15:14.430102,2026-05-19 10:15:14.716155,0 days 00:00:00.286053,96,1.0526116018639662,1.97999431415938,0.004266869863185441,5,0.6970151616833472,4000,PRUNED
340,0.0007664112490601838,2026-05-19 10:15:14.723338,2026-05-19 10:15:14.953932,0 days 00:00:00.230594,96,1.577986646061032,1.0998192462416556,0.0033492497396769632,5,0.7285387963912575,4000,PRUNED
341,6.142649363027886e-05,2026-05-19 10:15:14.960888,2026-05-19 10:15:15.421808,0 days 00:00:00.460920,112,1.7597514708116366,0.7740708254564398,0.0009520629372307073,5,0.6841385946743456,4000,PRUNED
342,0.000722124706953764,2026-05-19 10:15:15.428578,2026-05-19 10:15:15.601643,0 days 00:00:00.173065,96,1.947362775656813,0.09033952963958118,0.004610736657112041,2,0.5998614289577144,4000,PRUNED
343,0.00083089096006006,2026-05-19 10:15:15.608985,2026-05-19 10:15:15.849828,0 days 00:00:00.240843,32,1.152249375303962,1.4911725062230548,0.0050125786110265325,5,0.6652560391081713,4000,PRUNED
344,4.257368345861323e-05,2026-05-19 10:15:15.856935,2026-05-19 10:15:16.319174,0 days 00:00:00.462239,80,2.445060302507421,1.0339071832970108,0.0038804112948449417,5,0.8103772781605255,5000,PRUNED
345,5.028844952903455e-06,2026-05-19 10:15:16.326610,2026-05-19 10:15:20.985814,0 days 00:00:04.659204,96,1.0012779726227565,0.48354079861604765,0.006223537489623098,5,0.7397959114131606,4000,COMPLETE
346,0.0009288796572946012,2026-05-19 10:15:21.000590,2026-05-19 10:15:21.274505,0 days 00:00:00.273915,128,5.558308407901328,0.6135525874231936,0.0026311604653862946,5,0.6268906034143337,2000,PRUNED
347,0.0017577516846358776,2026-05-19 10:15:21.280813,2026-05-19 10:15:21.529157,0 days 00:00:00.248344,96,1.464057434325567,1.2772948884955273,0.007919585922938652,4,0.7106381763930365,4000,PRUNED
348,1.7846468836069107e-05,2026-05-19 10:15:21.535953,2026-05-19 10:15:21.965398,0 days 00:00:00.429445,96,2.1334061187828737,0.9290427726166575,0.005507213222176098,5,0.8466774213032838,4000,PRUNED
349,0.0003073199768550694,2026-05-19 10:15:21.971728,2026-05-19 10:15:22.251562,0 days 00:00:00.279834,96,1.3197830135616675,1.82163909159288,0.004633678409571465,6,0.7230941722107314,1000,PRUNED
350,0.00034389286884106696,2026-05-19 10:15:22.258566,2026-05-19 10:15:22.501725,0 days 00:00:00.243159,96,3.282130807139816,0.7567263365144932,0.0042388932394533015,5,0.7058067565426495,4000,PRUNED
351,0.0009101225296035409,2026-05-19 10:15:22.509197,2026-05-19 10:15:22.781852,0 days 00:00:00.272655,96,1.6498931493325535,1.4589900807721046,0.0035498108328052653,5,0.6521184290516877,4000,PRUNED
352,0.001045531127601862,2026-05-19 10:15:22.788225,2026-05-19 10:15:23.046646,0 days 00:00:00.258421,96,1.187481415798138,2.305157598314437,0.0029288147804898226,5,0.7484579923512393,4000,PRUNED
353,0.0015306805726140738,2026-05-19 10:15:23.053874,2026-05-19 10:15:23.262554,0 days 00:00:00.208680,96,2.3173210031317573,1.1850196762968264,0.005102103989058292,4,0.44223921380819187,4000,PRUNED
354,0.0005533118383027613,2026-05-19 10:15:23.269066,2026-05-19 10:15:23.551278,0 days 00:00:00.282212,80,1.8566603465824814,0.8632650646857555,0.00589255004223811,5,0.4068684398911119,4000,PRUNED
355,0.0003141362394671887,2026-05-19 10:15:23.558984,2026-05-19 10:15:23.832130,0 days 00:00:00.273146,96,1.4787375738247088,0.6576430922862692,0.004071433073778769,5,0.7643670368308276,5000,PRUNED
356,0.0017643593018874526,2026-05-19 10:15:23.839494,2026-05-19 10:15:24.100451,0 days 00:00:00.260957,96,1.0740239004667977,1.1094910296835503,0.009063909390074237,5,0.6878703827805024,4000,PRUNED
357,0.0007086727418936789,2026-05-19 10:15:24.108456,2026-05-19 10:15:24.360816,0 days 00:00:00.252360,96,78.90874722447546,2.91715329823574,0.001988312543802752,5,0.7296100660862254,4000,PRUNED
358,0.0006861259462311864,2026-05-19 10:15:24.369878,2026-05-19 10:15:24.642118,0 days 00:00:00.272240,112,1.3297072484125856,1.768769100650269,0.0006506480546112776,5,0.7143620639294692,2000,PRUNED
359,0.0018865588353946805,2026-05-19 10:15:24.650712,2026-05-19 10:15:24.877779,0 days 00:00:00.227067,96,2.0413993064680005,0.3893784458690283,0.004803012400689691,4,0.6987077233270913,4000,PRUNED
360,0.0003955896245315671,2026-05-19 10:15:24.885731,2026-05-19 10:15:25.142369,0 days 00:00:00.256638,48,1.5841280207699646,0.9532860952403401,0.005445021284295328,5,0.7953243385772957,4000,PRUNED
361,4.995917697669938e-05,2026-05-19 10:15:25.149793,2026-05-19 10:15:25.664222,0 days 00:00:00.514429,128,2.585291579113413,0.5434254725660961,0.003237758234401784,5,0.8323963326063337,5000,PRUNED
362,2.7683541702572256e-05,2026-05-19 10:15:25.671819,2026-05-19 10:15:26.168920,0 days 00:00:00.497101,96,1.2417017484050523,1.445966300169699,0.004420635512587027,5,0.7393833518989305,4000,PRUNED
363,1.6950802091741934e-05,2026-05-19 10:15:26.176760,2026-05-19 10:15:26.661497,0 days 00:00:00.484737,96,1.7190227494270232,0.8027461913458199,0.003685188654851526,5,0.6772840208596194,4000,PRUNED
364,8.706081189302495e-07,2026-05-19 10:15:26.670735,2026-05-19 10:15:31.062242,0 days 00:00:04.391507,96,1.4108480758610615,1.1638490777752248,0.007283875914008666,5,0.7262151028287476,3000,COMPLETE
365,1.448979674023576e-05,2026-05-19 10:15:31.073708,2026-05-19 10:15:31.558611,0 days 00:00:00.484903,80,1.3619210380541422,1.0848710221610793,0.006881935697278288,5,0.7226323658602531,3000,PRUNED
366,0.0005221994360908866,2026-05-19 10:15:31.566694,2026-05-19 10:15:31.810501,0 days 00:00:00.243807,96,1.0961255639286376,0.7916622890464728,0.007491338175041325,5,0.8137360626617758,3000,PRUNED
367,0.00100787915289402,2026-05-19 10:15:31.818639,2026-05-19 10:15:32.071445,0 days 00:00:00.252806,96,1.436624845768453,0.6690919752800581,0.00822819229411479,5,0.7045950936775766,3000,PRUNED
368,0.000742830743547529,2026-05-19 10:15:32.080227,2026-05-19 10:15:32.271476,0 days 00:00:00.191249,96,1.208958971426592,1.2146127367908532,0.007331092234396338,3,0.7140337649864466,2000,PRUNED
369,0.0004719579010270536,2026-05-19 10:15:32.278371,2026-05-19 10:15:32.517683,0 days 00:00:00.239312,96,1.3622811422058576,0.9370524226042335,0.0064460755652961214,4,0.6926588900512249,2000,PRUNED
370,0.00032115858630277216,2026-05-19 10:15:32.524770,2026-05-19 10:15:32.980548,0 days 00:00:00.455778,96,1.5044816271427044,1.3341550470397285,0.0016901482115831048,5,0.7803209362281434,5000,PRUNED
371,2.2450427422882058e-05,2026-05-19 10:15:32.987043,2026-05-19 10:15:33.481182,0 days 00:00:00.494139,96,1.0033491598495763,0.994667416845292,0.008184368397302019,5,0.801324187269351,3000,PRUNED
372,0.0010132963070645928,2026-05-19 10:15:33.489449,2026-05-19 10:15:33.730405,0 days 00:00:00.240956,32,1.1677747657990285,0.7085499510953193,0.009314540985889172,5,0.7546221208047721,4000,PRUNED
373,0.0007240817067213356,2026-05-19 10:15:33.737269,2026-05-19 10:15:34.017179,0 days 00:00:00.279910,16,2.2123900073326244,0.5815836887536504,0.006828691181490172,5,0.7319763724846062,4000,PRUNED
374,0.0011895973002538085,2026-05-19 10:15:34.024068,2026-05-19 10:15:34.301026,0 days 00:00:00.276958,96,1.2448349872293878,1.1812791337936879,0.005951935336792573,5,0.6155021186894826,4000,PRUNED
375,0.0010673565557226539,2026-05-19 10:15:34.308243,2026-05-19 10:15:34.567341,0 days 00:00:00.259098,96,1.9033352419658724,0.9086376395228095,0.00859253572783118,5,0.7238660152314915,5000,PRUNED
376,0.0005285594961605966,2026-05-19 10:15:34.574380,2026-05-19 10:15:34.829592,0 days 00:00:00.255212,112,1.5527837092859917,1.6393861331046855,0.0003558062106338083,5,0.7080974185829593,2000,PRUNED
377,0.0004863929934799671,2026-05-19 10:15:34.836055,2026-05-19 10:15:35.105226,0 days 00:00:00.269171,80,1.3574466465310828,0.7923342396606364,0.0021523043042441584,5,0.7683994686765124,4000,PRUNED
378,0.0003131207777187228,2026-05-19 10:15:35.112548,2026-05-19 10:15:35.362541,0 days 00:00:00.249993,128,1.682967099329776,1.067042204535049,0.002499497786821836,4,0.7441034763714165,4000,PRUNED
379,0.0006465654005296528,2026-05-19 10:15:35.369543,2026-05-19 10:15:35.644851,0 days 00:00:00.275308,96,1.117688394022422,0.4619918984398142,0.0011479673384663723,5,0.8253417962385237,4000,PRUNED
380,1.602604788786266e-05,2026-05-19 10:15:35.653366,2026-05-19 10:15:36.148359,0 days 00:00:00.494993,96,2.3116682149324657,1.3882496213926143,0.003870206379241988,5,0.6718610897698511,3000,PRUNED
381,0.00035900145303457975,2026-05-19 10:15:36.156141,2026-05-19 10:15:36.429476,0 days 00:00:00.273335,96,26.86589088458431,2.0176911896934544,0.005298701229867435,5,0.6989410907638847,4000,PRUNED
382,0.0016759668942540884,2026-05-19 10:15:36.437898,2026-05-19 10:15:36.724376,0 days 00:00:00.286478,112,1.9753385539716106,0.8741581256432792,0.0001013647398273697,5,0.7170553217667128,4000,PRUNED
383,1.720927457427024e-06,2026-05-19 10:15:36.733616,2026-05-19 10:15:41.477053,0 days 00:00:04.743437,96,1.4561629363533715,1.1784854712910124,0.004651213844859143,5,0.684008915092761,4000,COMPLETE
384,3.7197420169832185e-05,2026-05-19 10:15:41.487691,2026-05-19 10:15:41.929803,0 days 00:00:00.442112,96,1.264098610926908,1.1190458574885123,0.004262530854412609,5,0.6847414976000474,3000,PRUNED
385,7.533599273301661e-05,2026-05-19 10:15:41.936457,2026-05-19 10:15:42.358275,0 days 00:00:00.421818,96,1.4868599202320616,0.6906373125725892,0.0005561862080514969,4,0.6693370493209416,3000,PRUNED
386,0.000292678305413574,2026-05-19 10:15:42.365646,2026-05-19 10:15:42.863592,0 days 00:00:00.497946,96,1.0947467718169313,0.9925180422746194,0.000994060499967151,5,0.6885620179484386,3000,PRUNED
387,6.637949263677001e-05,2026-05-19 10:15:42.870441,2026-05-19 10:15:43.305781,0 days 00:00:00.435340,96,1.3534905507395742,1.2485914736793085,0.007519313822448266,5,0.6470378485918031,3000,PRUNED
388,0.0007360198651440442,2026-05-19 10:15:43.312720,2026-05-19 10:15:43.557832,0 days 00:00:00.245112,96,1.231152935234835,0.8783683721479058,0.003195445818964386,5,0.5746749075218938,4000,PRUNED
389,0.0006701443926431239,2026-05-19 10:15:43.564776,2026-05-19 10:15:43.783341,0 days 00:00:00.218565,96,1.4434194181190143,0.5972755263299706,0.004770359920002879,4,0.6032678669196296,4000,PRUNED
390,2.2692243874189444e-05,2026-05-19 10:15:43.790476,2026-05-19 10:15:44.337781,0 days 00:00:00.547305,96,11.252634570252797,1.4566801797737292,0.006456347661085636,6,0.7326053912554914,4000,PRUNED
391,0.00031696047517471015,2026-05-19 10:15:44.344563,2026-05-19 10:15:44.586907,0 days 00:00:00.242344,96,2.575950762777592,0.7757250556338098,0.003937054059061179,5,0.7951945080219842,3000,PRUNED
392,6.31888397037983e-05,2026-05-19 10:15:44.593462,2026-05-19 10:15:45.020958,0 days 00:00:00.427496,80,2.8151722697659327,1.0556351751359496,0.002861363786088811,5,0.7553871131795019,4000,PRUNED
393,5.7927885791286826e-05,2026-05-19 10:15:45.027519,2026-05-19 10:15:45.519008,0 days 00:00:00.491489,128,1.6084702952531729,1.3132989419827468,0.0044552345638942245,5,0.8158029752900671,4000,PRUNED
394,0.001048111473210156,2026-05-19 10:15:45.525825,2026-05-19 10:15:45.764363,0 days 00:00:00.238538,96,1.070918205578684,0.5227005907342586,0.0035121719618933784,5,0.5877029646932932,4000,PRUNED
395,9.919328294927254e-05,2026-05-19 10:15:45.772644,2026-05-19 10:15:46.212515,0 days 00:00:00.439871,48,1.1707042928766898,0.6859248234152812,0.005675665111660575,5,0.7000512321873612,4000,PRUNED
396,0.00045599587610922754,2026-05-19 10:15:46.219202,2026-05-19 10:15:46.482219,0 days 00:00:00.263017,96,2.0837938780755265,0.9961720808453427,0.005081029333727684,5,0.7803263137553624,1000,PRUNED
397,7.065594400046393e-05,2026-05-19 10:15:46.489974,2026-05-19 10:15:46.879766,0 days 00:00:00.389792,64,1.8250476361309245,1.6207087249174015,0.004735249729650762,4,0.5190528522681976,3000,PRUNED
398,0.00719499634578824,2026-05-19 10:15:46.887129,2026-05-19 10:15:47.116612,0 days 00:00:00.229483,96,1.3418813045028555,1.2348904334550554,0.009770436266492507,5,0.7115587698608669,5000,PRUNED
399,0.0005265636718831956,2026-05-19 10:15:47.123621,2026-05-19 10:15:47.350639,0 days 00:00:00.227018,96,9.360109342681406,0.8524547605288644,0.0008767498790908814,5,0.7377392609202935,4000,PRUNED
400,0.0006313506164588034,2026-05-19 10:15:47.357125,2026-05-19 10:15:47.623083,0 days 00:00:00.265958,96,1.4903366309026975,1.1060838920258602,0.004265587962643387,5,0.7209964011689224,4000,PRUNED
401,1.9529500150383683e-06,2026-05-19 10:15:47.629979,2026-05-19 10:15:52.033550,0 days 00:00:04.403571,96,1.7146426417972587,0.7606143865734232,0.006135418953479058,5,0.8363169336649097,4000,COMPLETE
402,0.0024084465112537146,2026-05-19 10:15:52.046077,2026-05-19 10:15:52.312065,0 days 00:00:00.265988,96,1.7463262241466018,0.6404781861896359,0.0069250237390280295,5,0.8481830744644206,4000,PRUNED
403,0.0006214594468474388,2026-05-19 10:15:52.318832,2026-05-19 10:15:52.592832,0 days 00:00:00.274000,80,2.218187629959248,1.5723389865358604,0.006281238865237033,5,0.8683282788170458,4000,PRUNED
404,0.0004912079893983901,2026-05-19 10:15:52.600529,2026-05-19 10:15:52.864767,0 days 00:00:00.264238,112,1.6767520423552364,0.9197720375098806,0.007103607715957385,5,0.833904566618086,4000,PRUNED
405,0.0009187602554447949,2026-05-19 10:15:52.872186,2026-05-19 10:15:53.127565,0 days 00:00:00.255379,96,1.894594535241253,1.2617294846787719,0.006141322943680413,5,0.8430300809477966,4000,PRUNED
406,0.0007129557779990137,2026-05-19 10:15:53.135304,2026-05-19 10:15:53.403019,0 days 00:00:00.267715,96,2.424754602892448,0.2868639280833844,0.00774028100864706,5,0.8052972171358287,4000,PRUNED
407,0.0008114379597827792,2026-05-19 10:15:53.412130,2026-05-19 10:15:53.668300,0 days 00:00:00.256170,96,2.0442394536759583,0.012042775178023442,0.00573131770796397,5,0.47907907436646197,3000,PRUNED
408,0.0008077810634858906,2026-05-19 10:15:53.677356,2026-05-19 10:15:53.938127,0 days 00:00:00.260771,96,1.6022644726287962,0.4789068468093935,0.006484744210945768,5,0.8209098553301998,4000,PRUNED
409,0.05560872331261635,2026-05-19 10:15:53.946209,2026-05-19 10:15:54.203399,0 days 00:00:00.257190,128,1.82438373432117,0.7885304470095679,0.008619086593275153,5,0.8386242321348326,4000,PRUNED
410,0.0016376773128286004,2026-05-19 10:15:54.211379,2026-05-19 10:15:54.434408,0 days 00:00:00.223029,96,1.5785477422117713,1.0867401006962605,0.005454272840303303,4,0.7471657878819755,5000,PRUNED
411,0.0007423794595524669,2026-05-19 10:15:54.441845,2026-05-19 10:15:54.697141,0 days 00:00:00.255296,96,1.0054508711190582,1.7503081461117995,0.005221008172152225,5,0.6840252915166201,4000,PRUNED
412,0.0015279034851118922,2026-05-19 10:15:54.703954,2026-05-19 10:15:54.925365,0 days 00:00:00.221411,80,2.1650409788231957,0.9647503323694858,0.006061482439356405,4,0.769669794003722,4000,PRUNED
413,0.0005367187550291419,2026-05-19 10:15:54.931878,2026-05-19 10:15:55.204545,0 days 00:00:00.272667,96,1.7430477992728197,1.3293492015509119,0.008030661135065347,5,0.660091669739971,4000,PRUNED
414,0.00039795003249309957,2026-05-19 10:15:55.211242,2026-05-19 10:15:55.468927,0 days 00:00:00.257685,96,1.439173705853343,0.5942881210133062,0.0013678943635899762,5,0.8571827878446754,4000,PRUNED
415,0.0005541155114769936,2026-05-19 10:15:55.476699,2026-05-19 10:15:55.756190,0 days 00:00:00.279491,96,1.9671430362410776,0.725836774680458,0.0037456326611940752,5,0.3151364954430395,4000,PRUNED
416,0.010761260986328125,2026-05-19 10:15:55.763811,2026-05-19 10:15:56.003286,0 days 00:00:00.239475,96,57.13295805387145,0.0018345834122128265,0.003060268081343794,5,0.6971731179628413,2000,PRUNED
417,3.302521145087667e-05,2026-05-19 10:15:56.010963,2026-05-19 10:15:56.455378,0 days 00:00:00.444415,96,2.44790195520555,1.5025430553572374,0.005555248572020622,5,0.5401226818025349,5000,PRUNED
418,0.0005909446626901627,2026-05-19 10:15:56.464083,2026-05-19 10:15:56.706428,0 days 00:00:00.242345,112,1.6092884650262143,2.1268184245097395,0.0026659820372176494,5,0.710717440165865,4000,PRUNED
419,0.001119475462473929,2026-05-19 10:15:56.713110,2026-05-19 10:15:56.962069,0 days 00:00:00.248959,96,6.4165533147760145,0.17686266753821075,0.0010736401515622814,4,0.7290181603950371,3000,PRUNED
420,1.6623123883618973e-05,2026-05-19 10:15:56.968857,2026-05-19 10:15:57.446833,0 days 00:00:00.477976,96,1.4186203697334496,0.9301904587979601,0.00732557876245507,5,0.8275983357356107,4000,PRUNED
421,0.006084288936108351,2026-05-19 10:15:57.454466,2026-05-19 10:15:57.710876,0 days 00:00:00.256410,96,1.8256402680884256,0.029512613960785816,0.0007387232389898952,5,0.8144446079476843,4000,PRUNED
422,6.293976184679195e-05,2026-05-19 10:15:57.718882,2026-05-19 10:15:58.221571,0 days 00:00:00.502689,128,2.276522643330546,0.398369974509863,0.004983644684485311,5,0.7181414671933616,4000,PRUNED
423,4.446069215191528e-05,2026-05-19 10:15:58.228952,2026-05-19 10:15:58.716222,0 days 00:00:00.487270,96,1.1605491623071067,1.167494091580765,0.004003642128585993,5,0.7901300827610092,4000,PRUNED
424,2.147198756574653e-05,2026-05-19 10:15:58.723596,2026-05-19 10:15:59.131892,0 days 00:00:00.408296,64,3.0494555510500687,6.813783164422184,0.008922299990833783,5,0.7367836972315024,4000,PRUNED
425,0.0004251037316862494,2026-05-19 10:15:59.139614,2026-05-19 10:15:59.387955,0 days 00:00:00.248341,96,2.048981916063422,0.8224587915511395,0.002422885454751369,5,0.7014513409683595,4000,PRUNED
426,0.0009243536042049527,2026-05-19 10:15:59.395099,2026-05-19 10:15:59.635650,0 days 00:00:00.240551,80,1.2697654959418188,1.7575266941996566,0.0032847388057910473,4,0.6740102398419106,5000,PRUNED
427,0.0006417602417059243,2026-05-19 10:15:59.642185,2026-05-19 10:15:59.887055,0 days 00:00:00.244870,32,1.0820865706530276,1.0527166962315582,0.004639780863663759,5,0.8074438499272291,4000,PRUNED
428,0.0012229039566591382,2026-05-19 10:15:59.894052,2026-05-19 10:16:00.156759,0 days 00:00:00.262707,96,1.6946111799391284,1.3669773324573105,0.006864377941948973,5,0.6890786587554915,3000,PRUNED
429,0.0003046928904950619,2026-05-19 10:16:00.164263,2026-05-19 10:16:00.447631,0 days 00:00:00.283368,112,1.4185176361802767,0.722617836973069,0.005913913702042875,5,0.7241444274256389,4000,PRUNED
430,5.011104803998023e-05,2026-05-19 10:16:00.454653,2026-05-19 10:16:00.975832,0 days 00:00:00.521179,96,1.5310133527667737,0.5625345252910126,0.0012178497514554367,5,0.754072533356061,4000,PRUNED
431,0.003137927269563079,2026-05-19 10:16:00.982409,2026-05-19 10:16:01.254311,0 days 00:00:00.271902,96,4.727099431256945,0.891046037759436,0.005207823252457752,5,0.5045258932683145,4000,PRUNED
432,0.0007949701976031065,2026-05-19 10:16:01.261494,2026-05-19 10:16:01.542321,0 days 00:00:00.280827,16,1.3074222803248914,1.1602185389402955,0.003604119967652439,5,0.7071330271123623,2000,PRUNED
433,0.0003592892026063055,2026-05-19 10:16:01.550260,2026-05-19 10:16:01.844306,0 days 00:00:00.294046,96,2.668068177406771,2.426669003852997,0.0018671585285353228,6,0.7623340034642525,4000,PRUNED
434,0.0012188159162178636,2026-05-19 10:16:01.851575,2026-05-19 10:16:02.063665,0 days 00:00:00.212090,112,1.9449838929524828,1.481488079501982,0.004254248773086698,4,0.7758293008392317,4000,PRUNED
435,0.0004613344499375671,2026-05-19 10:16:02.071521,2026-05-19 10:16:02.323202,0 days 00:00:00.251681,96,1.1441961339666769,0.7495651348605421,0.0064247621281726865,5,0.5564602340329825,4000,PRUNED
436,3.4841774322558194e-05,2026-05-19 10:16:02.331611,2026-05-19 10:16:02.839154,0 days 00:00:00.507543,96,2.19690405624241,0.637064706978099,0.004955233304202437,5,0.739694917365924,4000,PRUNED
437,0.00010251054482068866,2026-05-19 10:16:02.848283,2026-05-19 10:16:03.354108,0 days 00:00:00.505825,96,1.7522852162992222,1.024155340098175,0.0021175392627334378,5,0.7251470562981215,4000,PRUNED
438,0.0005407219869084656,2026-05-19 10:16:03.362642,2026-05-19 10:16:03.621701,0 days 00:00:00.259059,96,1.5545158279878497,1.7799486854841269,0.001504635696290724,5,0.7106092217109788,4000,PRUNED
