number,value,datetime_start,datetime_complete,duration,params_hidden,params_lambda_ic,params_lambda_phys,params_lr,params_n_layers,params_scheduler_gamma,params_scheduler_step,state
549,0.0023064150009304285,2026-05-19 10:17:04.577015,2026-05-19 10:17:04.768050,0 days 00:00:00.191035,48,2.263234269103482,0.6082487559830743,0.0014421779628680117,3,0.7807899920559689,2000,PRUNED
550,0.00028615520568564534,2026-05-19 10:17:04.775027,2026-05-19 10:17:05.044806,0 days 00:00:00.269779,128,1.0001014713711425,0.8621834471413421,0.004111578522834929,5,0.8066165131843535,4000,PRUNED
551,0.0007145535782910883,2026-05-19 10:17:05.051610,2026-05-19 10:17:05.329859,0 days 00:00:00.278249,96,1.213435267453324,1.4950161235927295,0.0067622762083445875,5,0.710670286161216,3000,PRUNED
552,7.70581464166753e-05,2026-05-19 10:17:05.336395,2026-05-19 10:17:05.776945,0 days 00:00:00.440550,112,1.4441175957305654,1.0722499470820903,0.005104473238657119,5,0.8206827946886398,4000,PRUNED
553,0.0011166336480528116,2026-05-19 10:17:05.783463,2026-05-19 10:17:06.018769,0 days 00:00:00.235306,96,1.1121407091287907,0.4822501865870515,0.0036324017773403856,5,0.7421549187466591,4000,PRUNED
554,0.000570639269426465,2026-05-19 10:17:06.025589,2026-05-19 10:17:06.272227,0 days 00:00:00.246638,96,1.6559684247752908,2.229627230453896,0.007956278472980404,5,0.7215975050179367,5000,PRUNED
555,0.0012585616204887629,2026-05-19 10:17:06.279694,2026-05-19 10:17:06.541923,0 days 00:00:00.262229,96,2.035353378514311,0.6886501895509594,0.00474959601327712,5,0.697485101545202,4000,PRUNED
556,0.0009341344120912254,2026-05-19 10:17:06.548952,2026-05-19 10:17:06.794569,0 days 00:00:00.245617,96,1.3137631688009572,1.3364917982036135,0.005484960172478762,5,0.7248765658185182,4000,PRUNED
557,0.0004131961613893509,2026-05-19 10:17:06.801232,2026-05-19 10:17:07.031402,0 days 00:00:00.230170,96,1.5471778928302957,0.9367824649430693,0.004229575282661419,4,0.6675843140053213,4000,PRUNED
558,0.0005033841589465737,2026-05-19 10:17:07.039232,2026-05-19 10:17:07.312568,0 days 00:00:00.273336,32,1.8379606429047823,0.7658807146469676,0.0007872833204497625,5,0.5516545512959558,3000,PRUNED
559,0.0002313576260348782,2026-05-19 10:17:07.321520,2026-05-19 10:17:07.762303,0 days 00:00:00.440783,80,2.557957950126162,1.1323784045349101,0.00199880500273204,5,0.8514673361153869,4000,PRUNED
560,0.00039227839442901313,2026-05-19 10:17:07.770303,2026-05-19 10:17:08.039819,0 days 00:00:00.269516,96,1.0869311662495205,0.5829407803830795,0.00617603193948032,5,0.8333463658127339,4000,PRUNED
561,1.8167031157645397e-05,2026-05-19 10:17:08.048074,2026-05-19 10:17:08.538391,0 days 00:00:00.490317,96,3.245159122207266,1.685676265559965,0.0010483409615292144,5,0.5213374224142111,4000,PRUNED
562,6.208905688254163e-05,2026-05-19 10:17:08.547318,2026-05-19 10:17:08.998558,0 days 00:00:00.451240,96,6.143184768454494,0.8828038547365715,0.0009063163303881952,4,0.6803958873886446,1000,PRUNED
563,9.7520554845687e-05,2026-05-19 10:17:09.007798,2026-05-19 10:17:09.494639,0 days 00:00:00.486841,64,1.2560144515061578,1.3570574938914972,0.005107776772851219,5,0.7087196637531495,2000,PRUNED
564,0.0005739962798543274,2026-05-19 10:17:09.502898,2026-05-19 10:17:09.773525,0 days 00:00:00.270627,16,1.4028301653971085,1.0572196460485797,0.00653252048055595,5,0.7549011103603464,4000,PRUNED
565,0.00039984911563806236,2026-05-19 10:17:09.781189,2026-05-19 10:17:10.021625,0 days 00:00:00.240436,96,2.2264539042771783,0.7626373287222026,0.0044827323846588695,5,0.735845187085622,4000,PRUNED
566,0.0024369359016418457,2026-05-19 10:17:10.030196,2026-05-19 10:17:10.265942,0 days 00:00:00.235746,96,1.1738899131971299,0.0010435855196165675,0.0038839204174154662,5,0.6494967823638828,5000,PRUNED
567,0.00019510761194396764,2026-05-19 10:17:10.274817,2026-05-19 10:17:10.742959,0 days 00:00:00.468142,128,1.9175791830544333,0.349210012384609,0.0031436594733179487,5,0.6946974195971072,4000,PRUNED
568,9.261408558813855e-05,2026-05-19 10:17:10.752443,2026-05-19 10:17:11.192073,0 days 00:00:00.439630,96,1.6901478087269866,0.9597227127974437,0.0006927915071112683,5,0.7834593389859871,4000,PRUNED
569,0.00038051928277127445,2026-05-19 10:17:11.200475,2026-05-19 10:17:11.465856,0 days 00:00:00.265381,96,1.5237275744702299,0.6620291106267925,0.0057274217455900115,5,0.7172156682966674,4000,PRUNED
570,0.0005697862943634391,2026-05-19 10:17:11.474874,2026-05-19 10:17:11.710747,0 days 00:00:00.235873,96,8.224667279565239,1.21334030527964,0.008420740922296924,5,0.8078939729197228,4000,PRUNED
571,0.006339744199067354,2026-05-19 10:17:11.718685,2026-05-19 10:17:11.946013,0 days 00:00:00.227328,96,1.3230282008838041,1.966982458042735,0.007559063020604039,4,0.7065190796767425,3000,PRUNED
572,0.0017945360159501433,2026-05-19 10:17:11.953745,2026-05-19 10:17:12.191796,0 days 00:00:00.238051,112,1.0784304079459233,0.45677831374542105,0.004593761377599267,5,0.7662163296272976,3000,PRUNED
573,3.5126242437399924e-05,2026-05-19 10:17:12.199333,2026-05-19 10:17:12.608224,0 days 00:00:00.408891,96,2.396809395246896,1.5499182126656492,0.005191693049203564,5,0.7445301050330148,4000,PRUNED
574,2.6371491912868805e-05,2026-05-19 10:17:12.616120,2026-05-19 10:17:13.025718,0 days 00:00:00.409598,96,2.0929266295024838,0.8386705487461755,0.006815654667167282,5,0.8663478909938498,4000,PRUNED
575,0.00032536237267777324,2026-05-19 10:17:13.033641,2026-05-19 10:17:13.260256,0 days 00:00:00.226615,96,1.4269206669862815,0.5447436336895634,0.0034926119167608006,5,0.7297939111865189,4000,PRUNED
576,0.00036621905746869743,2026-05-19 10:17:13.268035,2026-05-19 10:17:13.493527,0 days 00:00:00.225492,112,1.1860122342498278,1.1311712702327523,0.0040572830297865405,5,0.8243942367144291,4000,PRUNED
577,0.00014370273856911808,2026-05-19 10:17:13.501476,2026-05-19 10:17:13.928874,0 days 00:00:00.427398,64,1.74567890587668,0.6935014957195647,0.005734039145226211,5,0.690883651283437,3000,PRUNED
578,0.0011009129229933023,2026-05-19 10:17:13.937037,2026-05-19 10:17:14.146843,0 days 00:00:00.209806,96,1.6147841750705794,0.03043759813413079,0.004956009859392286,4,0.7187676988045685,2000,PRUNED
579,1.6477713870699517e-05,2026-05-19 10:17:14.155398,2026-05-19 10:17:14.605258,0 days 00:00:00.449860,80,1.9695542099299996,0.9719618155777644,0.00999341094907493,5,0.7061210595358602,4000,PRUNED
580,0.0007837548619136214,2026-05-19 10:17:14.613260,2026-05-19 10:17:14.878646,0 days 00:00:00.265386,96,1.2599747544765172,1.373001150961585,0.006298098681615176,5,0.6824369992805759,5000,PRUNED
581,9.133417188422754e-05,2026-05-19 10:17:14.885855,2026-05-19 10:17:15.320843,0 days 00:00:00.434988,96,9.434102147038933,0.7800624226287384,0.0025631775352737357,4,0.7893529596979547,2000,PRUNED
582,0.0004684090963564813,2026-05-19 10:17:15.329402,2026-05-19 10:17:15.588788,0 days 00:00:00.259386,96,1.0596374579415784,1.1500363897963455,0.00439484911874157,5,0.7293566746664963,4000,PRUNED
583,0.0031207294669002295,2026-05-19 10:17:15.596002,2026-05-19 10:17:15.879713,0 days 00:00:00.283711,128,1.372697785030307,0.8637693256404207,0.007259226060434336,5,0.7474102824373305,4000,PRUNED
584,0.0044419472105801105,2026-05-19 10:17:15.886719,2026-05-19 10:17:16.046180,0 days 00:00:00.159461,80,2.744202879299094,0.6128591495888848,0.0090608492936152,2,0.7723048386665187,4000,PRUNED
585,0.0005693248240277171,2026-05-19 10:17:16.053505,2026-05-19 10:17:16.287713,0 days 00:00:00.234208,32,1.7995924919866118,1.6803850955151223,0.00542999011623115,5,0.800155997537661,4000,PRUNED
586,0.0019640782848000526,2026-05-19 10:17:16.294305,2026-05-19 10:17:16.585004,0 days 00:00:00.290699,96,1.0005217346331956,2.659947065715451,0.003682710308623284,5,0.6978997591758501,4000,PRUNED
587,0.001352675841189921,2026-05-19 10:17:16.592678,2026-05-19 10:17:16.859618,0 days 00:00:00.266940,96,2.2593557169248797,0.9704862642554448,0.004786995442081783,5,0.7178476905380579,4000,PRUNED
588,0.0007963927928358316,2026-05-19 10:17:16.866158,2026-05-19 10:17:17.116064,0 days 00:00:00.249906,96,41.091167050400536,1.3367779414371745,0.002833067614704951,5,0.737457068722339,5000,PRUNED
589,0.00012305589916650206,2026-05-19 10:17:17.122972,2026-05-19 10:17:17.615786,0 days 00:00:00.492814,96,1.5152525184703853,0.5242294121455795,0.0018635641856989058,5,0.6746095141237963,3000,PRUNED
590,0.0007584164850413799,2026-05-19 10:17:17.622502,2026-05-19 10:17:17.893215,0 days 00:00:00.270713,96,1.1774479763220456,0.7196013395316055,0.005983635661748004,5,0.8394656295310419,3000,PRUNED
591,0.001570328837260604,2026-05-19 10:17:17.899849,2026-05-19 10:17:18.152853,0 days 00:00:00.253004,96,1.2964693798562557,0.38806457093810354,0.003960284160123111,5,0.704307729735709,4000,PRUNED
592,0.0010575901251286268,2026-05-19 10:17:18.160027,2026-05-19 10:17:18.399132,0 days 00:00:00.239105,96,1.9152484113261858,1.0784636835769257,0.005336075708735631,5,0.8163498444990869,4000,PRUNED
593,0.0009181293426081538,2026-05-19 10:17:18.405782,2026-05-19 10:17:18.663267,0 days 00:00:00.257485,48,27.16465346609255,1.4920122726311051,0.003147802624445858,4,0.7570165811981073,4000,PRUNED
594,0.0006848503253422678,2026-05-19 10:17:18.669865,2026-05-19 10:17:18.904781,0 days 00:00:00.234916,96,1.5837856356774558,1.9499008701338385,0.0022782422706328596,5,0.7229433614876482,4000,PRUNED
595,0.00030537176644429564,2026-05-19 10:17:18.911437,2026-05-19 10:17:19.387910,0 days 00:00:00.476473,112,1.3944388148490359,0.8617428884365971,0.0011579265050428264,5,0.6909772649306573,2000,PRUNED
596,0.000811265897937119,2026-05-19 10:17:19.394491,2026-05-19 10:17:19.662298,0 days 00:00:00.267807,96,2.0802948484605674,1.2048135700461593,0.008010003886831527,6,0.6577668945416685,4000,PRUNED
597,0.001121699926443398,2026-05-19 10:17:19.669365,2026-05-19 10:17:19.912940,0 days 00:00:00.243575,96,1.134015496187128,0.6118711976079031,0.004389894073932424,5,0.7098858512752918,4000,PRUNED
598,4.5676824811380357e-05,2026-05-19 10:17:19.919766,2026-05-19 10:17:20.301479,0 days 00:00:00.381713,80,2.501613887226017,0.7955112964050819,0.006896747061340935,4,0.7789727849491447,3000,PRUNED
599,0.0006830471684224904,2026-05-19 10:17:20.308513,2026-05-19 10:17:20.581994,0 days 00:00:00.273481,16,1.740414325635014,0.9674354778548593,0.004932654525417844,5,0.5817562454924484,5000,PRUNED
600,0.0010463789803907275,2026-05-19 10:17:20.589265,2026-05-19 10:17:20.869223,0 days 00:00:00.279958,96,1.4827679208767777,1.3429460295070315,0.0034087512133656353,5,0.7305607242219808,4000,PRUNED
601,0.00036180237657390535,2026-05-19 10:17:20.876714,2026-05-19 10:17:21.131712,0 days 00:00:00.254998,96,4.490261183303977,0.6841739733100012,0.005754494298890571,5,0.7961441541445418,2000,PRUNED
602,0.0005669572856277227,2026-05-19 10:17:21.138877,2026-05-19 10:17:21.381974,0 days 00:00:00.243097,128,1.2198491003168739,0.44747395553484803,0.006407439599867463,5,0.8283047319377148,4000,PRUNED
603,1.6918407709454186e-05,2026-05-19 10:17:21.388942,2026-05-19 10:17:21.822762,0 days 00:00:00.433820,96,2.2345967811367236,1.030937390620247,0.0009625803310144003,5,0.6975855494041647,4000,PRUNED
604,0.0034146022517234087,2026-05-19 10:17:21.829731,2026-05-19 10:17:22.072817,0 days 00:00:00.243086,96,1.6698019308209409,0.003367398649225288,0.004129771537279459,5,0.355618311569518,4000,PRUNED
605,1.4062959962757304e-05,2026-05-19 10:17:22.079224,2026-05-19 10:17:22.535155,0 days 00:00:00.455931,96,2.9168161033152527,1.6327678040732894,0.009133830176339206,5,0.7386188941524789,3000,PRUNED
606,0.0005051239277236164,2026-05-19 10:17:22.542037,2026-05-19 10:17:22.828064,0 days 00:00:00.286027,96,1.0724752167631055,0.8129957038603695,0.004723897668336133,5,0.7139650405685766,4000,PRUNED
607,0.0006173123838379979,2026-05-19 10:17:22.835814,2026-05-19 10:17:23.073870,0 days 00:00:00.238056,96,1.2968486532827823,1.1265640467226319,0.007303072353527432,5,0.6243472083299884,4000,PRUNED
608,0.0003670770092867315,2026-05-19 10:17:23.082334,2026-05-19 10:17:23.310637,0 days 00:00:00.228303,80,1.8722951852806702,0.03981445848676651,0.005315389797815235,4,0.7494189810000718,4000,PRUNED
609,0.0011970829218626022,2026-05-19 10:17:23.318552,2026-05-19 10:17:23.564357,0 days 00:00:00.245805,96,1.434807053714423,0.5888967862826011,0.0036316385504318004,5,0.5036741553276679,2000,PRUNED
610,0.0012256486807018518,2026-05-19 10:17:23.573839,2026-05-19 10:17:23.817782,0 days 00:00:00.243943,96,1.14211054209544,0.8895500744050584,0.006378150077119978,5,0.8079152726538218,5000,PRUNED
611,0.003738658968359232,2026-05-19 10:17:23.825939,2026-05-19 10:17:24.056692,0 days 00:00:00.230753,112,1.00160921722454,1.2307247087160602,0.008327239439162122,5,0.6829335326682322,4000,PRUNED
612,0.0004363255575299263,2026-05-19 10:17:24.066584,2026-05-19 10:17:24.303966,0 days 00:00:00.237382,96,2.1705252539424,2.1629940946786474,0.004439135699643246,5,0.8515022770419413,4000,PRUNED
613,0.0006788879982195795,2026-05-19 10:17:24.311795,2026-05-19 10:17:24.532291,0 days 00:00:00.220496,64,1.5843776797018128,0.723713134958892,0.005020643720919952,4,0.7663038233690893,4000,PRUNED
614,0.0007170289754867554,2026-05-19 10:17:24.539261,2026-05-19 10:17:24.786912,0 days 00:00:00.247651,128,1.3219584620363072,0.9701943014041584,0.005774209108764836,5,0.665592038755476,1000,PRUNED
615,0.0011704048374667764,2026-05-19 10:17:24.793426,2026-05-19 10:17:25.062311,0 days 00:00:00.268885,96,16.83896385565422,0.515251673991568,0.0016273654732091123,5,0.7237422435129321,4000,PRUNED
616,0.00013238954124972224,2026-05-19 10:17:25.069539,2026-05-19 10:17:25.538418,0 days 00:00:00.468879,96,1.944385834007522,1.443979803528623,0.0008394270239834806,5,0.699828724362225,4000,PRUNED
617,0.0001402041525579989,2026-05-19 10:17:25.546708,2026-05-19 10:17:25.988401,0 days 00:00:00.441693,96,2.530738516183528,0.2831360269783344,0.0013149258680803051,5,0.786615991211444,4000,PRUNED
618,0.0004995226627215743,2026-05-19 10:17:25.996145,2026-05-19 10:17:26.270036,0 days 00:00:00.273891,96,1.4509053974205848,1.678836748354955,0.003980137951497222,5,0.709390061217984,3000,PRUNED
619,0.0005088997422717512,2026-05-19 10:17:26.278770,2026-05-19 10:17:26.530433,0 days 00:00:00.251663,48,1.1693734322410934,0.6867369876862255,0.002669237896797721,5,0.6897718047343957,4000,PRUNED
620,0.0011414566542953253,2026-05-19 10:17:26.537769,2026-05-19 10:17:26.793598,0 days 00:00:00.255829,96,1.743145144792775,1.0527912810794948,0.005571392340871575,5,0.7350024571278926,4000,PRUNED
621,1.155941504293878e-06,2026-05-19 10:17:26.800662,2026-05-19 10:17:31.524777,0 days 00:00:04.724115,96,2.3616671170465415,0.7886590025278282,0.004759290864049034,5,0.8128925330172041,3000,COMPLETE
622,2.4969966034404933e-05,2026-05-19 10:17:31.537962,2026-05-19 10:17:32.001873,0 days 00:00:00.463911,96,2.4034018829868637,0.8325464366018843,0.004539043630365821,5,0.809266107635607,3000,PRUNED
623,0.0016363238682970405,2026-05-19 10:17:32.009939,2026-05-19 10:17:32.275786,0 days 00:00:00.265847,96,2.657112754040017,0.5412975820649448,0.004269216265298281,5,0.7987601886489438,3000,PRUNED
624,0.00040724145947024226,2026-05-19 10:17:32.282102,2026-05-19 10:17:32.526081,0 days 00:00:00.243979,96,3.0438605200964943,1.1735890878849755,0.00045322234412880106,5,0.8228856162813043,3000,PRUNED
625,0.0003181725915055722,2026-05-19 10:17:32.532822,2026-05-19 10:17:32.792048,0 days 00:00:00.259226,96,2.292171495303964,0.6400869403305,0.005077297479299439,5,0.8305769286812814,3000,PRUNED
626,0.001124196918681264,2026-05-19 10:17:32.798978,2026-05-19 10:17:33.080928,0 days 00:00:00.281950,96,2.0827150432402175,0.7980245809325734,0.004801250972411136,5,0.8195372992741127,3000,PRUNED
627,1.7476493667345494e-05,2026-05-19 10:17:33.087641,2026-05-19 10:17:33.565357,0 days 00:00:00.477716,96,2.371800576761209,1.4309531251948489,0.0038446448604007055,5,0.8099329534547133,3000,PRUNED
628,2.1389809262473136e-05,2026-05-19 10:17:33.572966,2026-05-19 10:17:34.073910,0 days 00:00:00.500944,96,2.6682444409019856,1.8846193348597142,0.004667463515662587,5,0.46943797226304007,3000,PRUNED
629,0.00039852497866377234,2026-05-19 10:17:34.080738,2026-05-19 10:17:34.366123,0 days 00:00:00.285385,96,2.0385703351603897,0.9648202372692407,0.006028567590420002,5,0.7957090276540948,3000,PRUNED
630,0.0024208438117057085,2026-05-19 10:17:34.373045,2026-05-19 10:17:34.640055,0 days 00:00:00.267010,96,2.0760591075395727,5.4667024944215346,0.0053126457893519765,5,0.7880552279494061,3000,PRUNED
631,0.0004287631018087268,2026-05-19 10:17:34.647901,2026-05-19 10:17:34.925074,0 days 00:00:00.277173,96,1.905219618281167,0.43128505738177475,0.004182877523307094,5,0.8372412154631722,3000,PRUNED
632,0.0007758614374324679,2026-05-19 10:17:34.933108,2026-05-19 10:17:35.205161,0 days 00:00:00.272053,96,1.569978296424725,1.2337695557042527,0.00675036247631405,5,0.8130827138276403,3000,PRUNED
633,3.955812280764803e-05,2026-05-19 10:17:35.212261,2026-05-19 10:17:35.644157,0 days 00:00:00.431896,96,2.299894436746917,0.6902176425734581,0.00480743333332222,5,0.8403168328740483,5000,PRUNED
634,6.029581345501356e-05,2026-05-19 10:17:35.651601,2026-05-19 10:17:36.127618,0 days 00:00:00.476017,96,2.8656810182284675,0.15941880396521146,0.00528464386206034,5,0.8229800668907271,3000,PRUNED
635,3.3807555155362934e-05,2026-05-19 10:17:36.134138,2026-05-19 10:17:36.630783,0 days 00:00:00.496645,80,1.7294053723734553,0.9004632358840818,0.007726612455856975,5,0.8005575086268695,3000,PRUNED
636,0.0006259257206693292,2026-05-19 10:17:36.637398,2026-05-19 10:17:36.903176,0 days 00:00:00.265778,80,2.4412919977627676,1.1005222697235288,0.00593436717414601,5,0.6781173561535349,4000,PRUNED
637,1.5832118151593022e-05,2026-05-19 10:17:36.910257,2026-05-19 10:17:37.411671,0 days 00:00:00.501414,96,7.381781802564584,0.7790462318339013,0.004457674844836558,5,0.7022242060963994,4000,PRUNED
638,0.0007810569950379431,2026-05-19 10:17:37.418591,2026-05-19 10:17:37.703395,0 days 00:00:00.284804,112,56.94554816988344,0.5830581512769556,0.0036921869141822517,5,0.32320273411511363,4000,PRUNED
639,0.0017438974464312196,2026-05-19 10:17:37.710071,2026-05-19 10:17:37.984852,0 days 00:00:00.274781,96,2.241476995393108,1.4615215265264747,0.00994683248396016,5,0.5631026502182082,3000,PRUNED
640,0.0005452700424939394,2026-05-19 10:17:37.991701,2026-05-19 10:17:38.238017,0 days 00:00:00.246316,96,1.8284808925270732,2.428103960765208,0.004182601661888515,5,0.7144791252590936,4000,PRUNED
641,0.002043682849034667,2026-05-19 10:17:38.244462,2026-05-19 10:17:38.485785,0 days 00:00:00.241323,96,5.376622166931115,0.9819622521052843,0.00856279492189048,5,0.6904175549365085,4000,PRUNED
642,0.003238079370930791,2026-05-19 10:17:38.493960,2026-05-19 10:17:38.737953,0 days 00:00:00.243993,96,1.423844818293825,0.014728168322626373,0.003340015411753659,5,0.7841185782540077,4000,PRUNED
643,0.0011654739500954747,2026-05-19 10:17:38.744817,2026-05-19 10:17:39.017281,0 days 00:00:00.272464,96,1.588319880460944,1.268956690284122,0.0063867367300429415,5,0.8133649309934244,5000,PRUNED
644,0.0018337985966354609,2026-05-19 10:17:39.024349,2026-05-19 10:17:39.298856,0 days 00:00:00.274507,96,2.0846850439088365,0.7827287356639984,0.0052896781910778574,5,0.540072070798148,4000,PRUNED
645,0.0012236268958076835,2026-05-19 10:17:39.306371,2026-05-19 10:17:39.560073,0 days 00:00:00.253702,96,1.3271598874568733,0.4889679705419819,0.0049035505707484,5,0.6446229435026222,3000,PRUNED
646,0.003326685167849064,2026-05-19 10:17:39.568994,2026-05-19 10:17:39.817397,0 days 00:00:00.248403,80,1.8366533213698686,0.008636176772059667,0.0070216637694485605,5,0.8597964200161385,4000,PRUNED
647,0.0003548870445229113,2026-05-19 10:17:39.825816,2026-05-19 10:17:40.067516,0 days 00:00:00.241700,32,1.6517419268896354,1.7807342929366787,0.00584899392828436,5,0.8313256781040781,4000,PRUNED
648,0.0003747430455405265,2026-05-19 10:17:40.076888,2026-05-19 10:17:40.317936,0 days 00:00:00.241048,96,2.572639296502623,0.6153110380635161,0.004039160484226311,5,0.6719103652940788,4000,PRUNED
649,0.000327345565892756,2026-05-19 10:17:40.325911,2026-05-19 10:17:40.570981,0 days 00:00:00.245070,112,1.5257029755243985,1.010898772481955,0.0002766733537635615,5,0.7172816786450451,4000,PRUNED
650,0.000690448097884655,2026-05-19 10:17:40.577785,2026-05-19 10:17:40.772842,0 days 00:00:00.195057,96,2.1661685372436468,1.2505168200781691,0.004555288548281909,3,0.7042310890249639,4000,PRUNED
651,0.00035371448029763997,2026-05-19 10:17:40.779240,2026-05-19 10:17:41.022194,0 days 00:00:00.242954,64,1.2593798807680008,0.8403161077058554,0.005526905172164469,5,0.6925896837020441,4000,PRUNED
652,0.0001728684437694028,2026-05-19 10:17:41.028675,2026-05-19 10:17:41.511027,0 days 00:00:00.482352,96,1.3958386545009427,0.7153481006695577,0.0037742734593624932,6,0.7758922835006957,3000,PRUNED
653,0.0009969946695491672,2026-05-19 10:17:41.518668,2026-05-19 10:17:41.761123,0 days 00:00:00.242455,96,1.9173578286358284,0.36659482524851417,0.007470733777044011,5,0.722526505889225,5000,PRUNED
654,0.0003636963665485382,2026-05-19 10:17:41.768144,2026-05-19 10:17:42.014019,0 days 00:00:00.245875,96,1.649163649502805,1.5604209310647832,0.0003579115748091447,5,0.8000105999301764,4000,PRUNED
655,0.0022585114929825068,2026-05-19 10:17:42.020906,2026-05-19 10:17:42.267992,0 days 00:00:00.247086,96,1.4267462501783887,1.056208814951045,0.009192107521299972,5,0.6847006141713384,4000,PRUNED
656,4.831345904676709e-06,2026-05-19 10:17:42.274858,2026-05-19 10:17:46.890185,0 days 00:00:04.615327,96,2.0051849820932564,0.8680334301470818,0.005053418736574157,5,0.7091888917016816,4000,COMPLETE
657,0.0016766744665801525,2026-05-19 10:17:46.905197,2026-05-19 10:17:47.151581,0 days 00:00:00.246384,112,2.33672387714747,0.6590527489479497,0.006461279011766633,5,0.8061113058383598,3000,PRUNED
658,0.0006275068735703826,2026-05-19 10:17:47.158318,2026-05-19 10:17:47.401813,0 days 00:00:00.243495,96,1.2586595082054615,1.2629410378362578,0.0056708293040639395,5,0.6972635180762229,4000,PRUNED
