number,value,datetime_start,datetime_complete,duration,params_hidden,params_lambda_ic,params_lambda_phys,params_lr,params_n_layers,params_scheduler_gamma,params_scheduler_step,state
219,0.011573119089007378,2026-05-19 00:18:41.348726,2026-05-19 00:18:42.138182,0 days 00:00:00.789456,64,2.370458760650464,0.33152313781206505,0.009355575252898336,6,0.4856967562906636,5000,PRUNED
220,0.034111928194761276,2026-05-19 00:18:42.145762,2026-05-19 00:18:42.416090,0 days 00:00:00.270328,80,1.327388664783894,0.4903835633009861,0.0072014550482964275,5,0.7397986015027261,1000,PRUNED
221,0.033264439553022385,2026-05-19 00:18:42.423338,2026-05-19 00:18:42.714227,0 days 00:00:00.290889,112,1.1036832365400835,0.8407586561662242,0.005052491158882595,6,0.7956349412327077,4000,PRUNED
222,0.032091762870550156,2026-05-19 00:18:42.722391,2026-05-19 00:18:43.009059,0 days 00:00:00.286668,112,1.1861889135086134,0.6477478566327269,0.0055411937394048765,6,0.8123084310032217,4000,PRUNED
223,0.035263750702142715,2026-05-19 00:18:43.017680,2026-05-19 00:18:43.262342,0 days 00:00:00.244662,112,1.0841632437609292,0.4852354948354371,0.006319157614026071,6,0.7832902963885744,4000,PRUNED
224,0.06190218776464462,2026-05-19 00:18:43.270231,2026-05-19 00:18:43.514348,0 days 00:00:00.244117,48,1.2671810038905318,0.36774826737463334,0.0006171723467147658,6,0.8042269550890002,4000,PRUNED
225,0.015900610014796257,2026-05-19 00:18:43.523957,2026-05-19 00:18:44.393365,0 days 00:00:00.869408,64,1.0999183715741696,0.27742205435688355,0.008063361821315972,6,0.7595914265001508,5000,PRUNED
226,0.03714221343398094,2026-05-19 00:18:44.400706,2026-05-19 00:18:44.612504,0 days 00:00:00.211798,48,1.3612649838787507,0.7186169505987451,0.00865574972529338,5,0.7871867038259054,5000,PRUNED
227,0.06452945619821548,2026-05-19 00:18:44.620165,2026-05-19 00:18:44.819197,0 days 00:00:00.199032,64,1.520230912659613,1.1636465037614305,0.009939138657039473,4,0.6688250964305554,4000,PRUNED
228,0.0038377370219677687,2026-05-19 00:18:44.827098,2026-05-19 00:18:46.240174,0 days 00:00:01.413076,112,1.0081453436571692,0.046054406793556255,0.005950248852436128,6,0.5786450702899267,5000,PRUNED
229,0.00013131041487213224,2026-05-19 00:18:46.247056,2026-05-19 00:19:00.002705,0 days 00:00:13.755649,64,1.1851531379588718,0.06675048853780507,0.007441080835513309,6,0.8250781080821217,5000,COMPLETE
230,0.03188912943005562,2026-05-19 00:19:00.012887,2026-05-19 00:19:00.236023,0 days 00:00:00.223136,96,1.1019434931465257,0.20005059701780056,0.004785706741647102,5,0.7746172090711084,4000,PRUNED
231,0.03608556091785431,2026-05-19 00:19:00.243513,2026-05-19 00:19:00.494862,0 days 00:00:00.251349,80,3.80148225935026,0.09869153276329952,0.0028146139219150535,6,0.6881419216897926,5000,PRUNED
232,0.052067793905735016,2026-05-19 00:19:00.501838,2026-05-19 00:19:00.746473,0 days 00:00:00.244635,80,3.0156184485410025,0.1253670904279055,0.0054646529886544825,6,0.7195567231249996,5000,PRUNED
233,0.03030449151992798,2026-05-19 00:19:00.753318,2026-05-19 00:19:00.985636,0 days 00:00:00.232318,80,4.191113378716726,0.0810290563589969,0.003499419360572931,6,0.6257847089147189,5000,PRUNED
234,0.05079834163188934,2026-05-19 00:19:00.992023,2026-05-19 00:19:01.233383,0 days 00:00:00.241360,80,2.4934973605115958,0.14610918832360448,0.004506629803088137,6,0.6452918035942986,5000,PRUNED
235,0.03330891206860542,2026-05-19 00:19:01.240422,2026-05-19 00:19:01.482490,0 days 00:00:00.242068,48,2.192719726295868,0.10336597720858846,0.006704083259353508,6,0.7415662085163794,5000,PRUNED
236,0.019548851996660233,2026-05-19 00:19:01.489053,2026-05-19 00:19:01.935581,0 days 00:00:00.446528,64,2.7054228145599017,0.16630083213765115,0.004060118560988557,6,0.7566989375394527,5000,PRUNED
237,0.03262811899185181,2026-05-19 00:19:01.941978,2026-05-19 00:19:02.162119,0 days 00:00:00.220141,32,3.3657588217995156,0.42320537012827336,0.008072863094943802,5,0.7078596106865042,5000,PRUNED
238,0.03243635222315788,2026-05-19 00:19:02.170439,2026-05-19 00:19:02.350251,0 days 00:00:00.179812,80,1.2276261238811668,0.2270749346636392,0.008998943873537798,3,0.6570109238577483,5000,PRUNED
239,0.05831313878297806,2026-05-19 00:19:02.356823,2026-05-19 00:19:02.561769,0 days 00:00:00.204946,48,1.0641499962994123,0.557814397878264,0.007113921660200458,4,0.38631228210175056,4000,PRUNED
240,0.01918572187423706,2026-05-19 00:19:02.568782,2026-05-19 00:19:03.022458,0 days 00:00:00.453676,128,1.845467038370983,0.11774764206289762,0.0032278719193061735,6,0.7982166241246993,5000,PRUNED
241,0.0001132057950599119,2026-05-19 00:19:03.030517,2026-05-19 00:19:14.907137,0 days 00:00:11.876620,64,1.0242534850811889,0.19898483330818145,0.009115336861676232,6,0.7557650676315614,5000,COMPLETE
242,6.80617376929149e-05,2026-05-19 00:19:14.918696,2026-05-19 00:19:25.370813,0 days 00:00:10.452117,64,1.0812388896049947,0.2207988971698223,0.0092822296003177,6,0.7354197950899657,5000,COMPLETE
243,4.874711885349825e-05,2026-05-19 00:19:25.380587,2026-05-19 00:19:41.896408,0 days 00:00:16.515821,64,1.1489644294733514,0.27489290807553124,0.00831816584187921,6,0.7338303803420556,5000,COMPLETE
244,0.02596346288919449,2026-05-19 00:19:41.909867,2026-05-19 00:19:42.699092,0 days 00:00:00.789225,64,1.1697732236341112,0.2937133318408072,0.008308048952655354,6,0.7297862202238615,5000,PRUNED
245,0.00011878971417900175,2026-05-19 00:19:42.708127,2026-05-19 00:19:55.995917,0 days 00:00:13.287790,64,1.2856521537449992,0.2534755472304992,0.00938492745116335,6,0.7368618857608631,5000,COMPLETE
246,0.03954857587814331,2026-05-19 00:19:56.004631,2026-05-19 00:19:56.248429,0 days 00:00:00.243798,64,1.000738352967501,0.3234269683040122,0.009916140751010941,6,0.73124406211272,5000,PRUNED
247,0.03472764417529106,2026-05-19 00:19:56.255612,2026-05-19 00:19:56.505607,0 days 00:00:00.249995,64,1.1470439474674072,0.21747195420636953,0.007727605399562204,5,0.7452107980103755,5000,PRUNED
248,9.46488362387754e-05,2026-05-19 00:19:56.512598,2026-05-19 00:20:07.917582,0 days 00:00:11.404984,64,1.0962995807331946,0.25514176738881383,0.008598644126239265,6,0.7208454110903545,4000,COMPLETE
249,0.0007210773765109479,2026-05-19 00:20:07.925938,2026-05-19 00:20:12.793591,0 days 00:00:04.867653,64,1.0917617583422332,0.24566729362069253,0.008143128098318733,6,0.6973596716002097,5000,PRUNED
250,0.03033670410513878,2026-05-19 00:20:12.802335,2026-05-19 00:20:13.047126,0 days 00:00:00.244791,64,1.2265107360727152,0.2812897716678674,0.008648703446892208,6,0.7295438888154484,4000,PRUNED
251,0.006350699346512556,2026-05-19 00:20:13.054965,2026-05-19 00:20:14.109134,0 days 00:00:01.054169,64,1.361036831876697,0.17458778113850515,0.007677222239637212,5,0.7185299487487377,2000,PRUNED
252,0.03362540155649185,2026-05-19 00:20:14.116515,2026-05-19 00:20:14.340055,0 days 00:00:00.223540,64,1.0028417995341505,0.22627126846961396,0.009068150276414378,5,0.7170470614372602,3000,PRUNED
253,0.005101487506181002,2026-05-19 00:20:14.348383,2026-05-19 00:20:15.851506,0 days 00:00:01.503123,64,1.1463788357044165,0.34200266242973343,0.009982860919221811,6,0.750072315067566,5000,PRUNED
254,0.059231314808130264,2026-05-19 00:20:15.857806,2026-05-19 00:20:16.009488,0 days 00:00:00.151682,64,1.102777224698801,0.1902008650718188,0.0070892345873755655,2,0.44483774011101396,5000,PRUNED
255,0.006743411999195814,2026-05-19 00:20:16.016040,2026-05-19 00:20:16.982631,0 days 00:00:00.966591,64,1.238439819446653,0.15813530937608783,0.008427286112893216,5,0.7401940347700662,5000,PRUNED
256,0.06010095402598381,2026-05-19 00:20:16.991715,2026-05-19 00:20:17.244893,0 days 00:00:00.253178,48,1.0869428119921056,0.2899260100098959,0.001088256351645077,6,0.7647352571115427,4000,PRUNED
257,0.03289296105504036,2026-05-19 00:20:17.252536,2026-05-19 00:20:17.496512,0 days 00:00:00.243976,64,1.3963496396559314,0.26761335835572236,0.006557346102335808,6,0.7005696887599123,5000,PRUNED
258,0.007103727664798498,2026-05-19 00:20:17.503835,2026-05-19 00:20:18.314701,0 days 00:00:00.810866,64,1.003781480069158,0.054552711672399154,0.008905511980279592,5,0.5895913291742348,5000,PRUNED
259,0.030380643904209137,2026-05-19 00:20:18.324015,2026-05-19 00:20:18.610176,0 days 00:00:00.286161,48,1.5488179497574104,0.3896059195320647,0.007592413465610349,6,0.7160520030557146,5000,PRUNED
260,0.03799234703183174,2026-05-19 00:20:18.619223,2026-05-19 00:20:18.882838,0 days 00:00:00.263615,64,1.1813509851500743,0.20963368805200908,0.008003199682472192,5,0.36058373831660284,4000,PRUNED
261,0.012272410094738007,2026-05-19 00:20:18.893034,2026-05-19 00:20:19.701965,0 days 00:00:00.808931,48,1.2785145421125754,0.15425563183360957,0.009225586550289743,6,0.5085174684842034,5000,PRUNED
262,0.03412626311182976,2026-05-19 00:20:19.710353,2026-05-19 00:20:19.972337,0 days 00:00:00.261984,64,1.081090463281467,0.244109439868263,0.007066446858281372,5,0.4678755232896001,5000,PRUNED
263,0.0485549159348011,2026-05-19 00:20:19.982012,2026-05-19 00:20:20.270569,0 days 00:00:00.288557,48,1.1702882231653868,0.33319986764719683,0.008472338424218101,6,0.8151979060599917,4000,PRUNED
264,0.03246844559907913,2026-05-19 00:20:20.279072,2026-05-19 00:20:20.496341,0 days 00:00:00.217269,32,1.3168269729181459,0.18419824639583063,0.006354840526165766,5,0.7279560172651803,5000,PRUNED
265,0.017355902120471,2026-05-19 00:20:20.504116,2026-05-19 00:20:20.939322,0 days 00:00:00.435206,64,1.6738519640255112,0.1351030614681543,0.00762801599937684,6,0.7487965172248076,5000,PRUNED
266,0.05154239386320114,2026-05-19 00:20:20.947487,2026-05-19 00:20:21.182388,0 days 00:00:00.234901,64,1.0912869685417175,0.3902883544691746,0.009979344632475491,6,0.7760278338137404,5000,PRUNED
267,0.04321858659386635,2026-05-19 00:20:21.189761,2026-05-19 00:20:21.401822,0 days 00:00:00.212061,96,1.4224933146899341,0.07400912044863141,0.008616793891450687,5,0.40103620500205767,4000,PRUNED
268,0.037485551089048386,2026-05-19 00:20:21.408982,2026-05-19 00:20:21.650055,0 days 00:00:00.241073,48,1.989613160082739,0.21574872009265555,0.005908988529166066,6,0.7373127322802483,5000,PRUNED
269,0.1031784638762474,2026-05-19 00:20:21.656408,2026-05-19 00:20:21.843067,0 days 00:00:00.186659,64,6.218590533842774,0.27967926952932265,0.00037897317552047213,4,0.5672554293747565,5000,PRUNED
270,0.035056307911872864,2026-05-19 00:20:21.850975,2026-05-19 00:20:22.062106,0 days 00:00:00.211131,48,1.0024749285817007,0.09175361716492847,0.006697267387767773,5,0.7626634758614104,4000,PRUNED
271,0.007054474204778671,2026-05-19 00:20:22.070582,2026-05-19 00:20:22.908012,0 days 00:00:00.837430,64,1.210660709853577,0.43398940864313407,0.009109544779781677,6,0.45928197702167345,5000,PRUNED
272,0.04791780188679695,2026-05-19 00:20:22.915398,2026-05-19 00:20:23.130680,0 days 00:00:00.215282,64,1.1157372706125186,0.9938904428654611,0.007855734487413031,5,0.6055272314317459,5000,PRUNED
273,0.06395233422517776,2026-05-19 00:20:23.138641,2026-05-19 00:20:23.375730,0 days 00:00:00.237089,48,1.2786192783806873,2.5411084986895283,0.007453397857082471,6,0.7838266361209364,5000,PRUNED
274,0.03890904039144516,2026-05-19 00:20:23.383991,2026-05-19 00:20:23.667766,0 days 00:00:00.283775,16,1.1448149956734044,0.1672448228186166,0.009212537099806574,6,0.49449193713712075,4000,PRUNED
275,0.032048728317022324,2026-05-19 00:20:23.677032,2026-05-19 00:20:23.900397,0 days 00:00:00.223365,64,1.0863672770440038,0.23334085827073703,0.008176335530661114,5,0.5403398054264794,5000,PRUNED
276,0.03526720404624939,2026-05-19 00:20:23.907891,2026-05-19 00:20:24.143015,0 days 00:00:00.235124,32,1.4201378855388833,0.12877338543474084,0.006956046864232061,6,0.8080175972013547,5000,PRUNED
277,0.03180062398314476,2026-05-19 00:20:24.150105,2026-05-19 00:20:24.372804,0 days 00:00:00.222699,48,1.2489566245452415,0.3164081772381353,0.006017360760462801,5,0.7425900162356476,4000,PRUNED
278,0.0403166338801384,2026-05-19 00:20:24.379521,2026-05-19 00:20:24.623330,0 days 00:00:00.243809,64,1.06872353979786,0.8287887787629041,0.00857521072974549,6,0.7237420423863068,5000,PRUNED
279,0.01052887737751007,2026-05-19 00:20:24.629846,2026-05-19 00:20:25.221610,0 days 00:00:00.591764,64,1.6061717955506687,0.10826341914003322,0.007380932671147533,5,0.7691989334755596,3000,PRUNED
280,0.04027717933058739,2026-05-19 00:20:25.229321,2026-05-19 00:20:25.469997,0 days 00:00:00.240676,48,14.179268331536514,0.19964380490013542,0.009349409724318797,6,0.7901113531180728,5000,PRUNED
281,0.04152467101812363,2026-05-19 00:20:25.476662,2026-05-19 00:20:25.720933,0 days 00:00:00.244271,96,1.0047711064876823,0.5127476209307718,0.006452708155034151,6,0.7040497800405553,4000,PRUNED
282,0.061320699751377106,2026-05-19 00:20:25.728390,2026-05-19 00:20:25.907320,0 days 00:00:00.178930,48,1.1822937518017036,0.6642277452181792,0.009966536480661635,3,0.751277815582103,5000,PRUNED
283,0.06625322997570038,2026-05-19 00:20:25.913971,2026-05-19 00:20:26.081009,0 days 00:00:00.167038,64,1.3003690687024627,7.285267861937305,0.00024869328805839156,3,0.7142417857586405,5000,PRUNED
284,0.04653257131576538,2026-05-19 00:20:26.087723,2026-05-19 00:20:26.305070,0 days 00:00:00.217347,128,1.0054373447567129,0.24643654321839487,0.005258306930600169,5,0.4791249008375207,4000,PRUNED
285,0.009944606572389603,2026-05-19 00:20:26.311783,2026-05-19 00:20:27.171150,0 days 00:00:00.859367,64,1.1679822997064664,0.1496574557886223,0.008063127708834982,6,0.5274914894328467,5000,PRUNED
286,0.0322645865380764,2026-05-19 00:20:27.177987,2026-05-19 00:20:27.370830,0 days 00:00:00.192843,112,8.746281117111595,0.18841350267242413,0.005684121285198228,4,0.7339082373753795,5000,PRUNED
287,0.05044693499803543,2026-05-19 00:20:27.377142,2026-05-19 00:20:27.599809,0 days 00:00:00.222667,48,1.4664069071267334,1.330210994487106,0.008594803157513443,5,0.4278211877195325,5000,PRUNED
288,0.03592856228351593,2026-05-19 00:20:27.606480,2026-05-19 00:20:27.850598,0 days 00:00:00.244118,80,1.7564075787614062,0.03601934960253141,0.006912900729548875,6,0.832070526987175,4000,PRUNED
289,0.022935278713703156,2026-05-19 00:20:27.856817,2026-05-19 00:20:28.301518,0 days 00:00:00.444701,64,1.0788477768042117,0.08804274718841565,0.0017607570573029204,6,0.7947836975430517,2000,PRUNED
290,0.03961224481463432,2026-05-19 00:20:28.308044,2026-05-19 00:20:28.528178,0 days 00:00:00.220134,96,1.330100083637999,0.3723047791270489,0.0076648505199527085,5,0.7619184748236941,5000,PRUNED
291,0.03058156929910183,2026-05-19 00:20:28.534551,2026-05-19 00:20:28.768058,0 days 00:00:00.233507,48,1.1805378276907053,0.2696791778673698,0.008956365026559159,6,0.682675627315156,5000,PRUNED
292,0.023880720138549805,2026-05-19 00:20:28.774266,2026-05-19 00:20:29.188499,0 days 00:00:00.414233,64,1.0942702999535812,0.007474152175274387,0.006242688623424183,5,0.8155422938212455,5000,PRUNED
293,0.03229808434844017,2026-05-19 00:20:29.195979,2026-05-19 00:20:29.442147,0 days 00:00:00.246168,64,2.1452752686746224,0.05677895040618294,0.008250498878868952,6,0.7456599704700746,4000,PRUNED
294,0.04517579823732376,2026-05-19 00:20:29.449317,2026-05-19 00:20:29.687606,0 days 00:00:00.238289,112,1.2307341444845261,0.3121222500555956,0.009966833086336318,6,0.7769541114860791,5000,PRUNED
295,0.10465354472398758,2026-05-19 00:20:29.694702,2026-05-19 00:20:29.895132,0 days 00:00:00.200430,48,92.427419395868,0.11866615110944224,0.007339439822157655,4,0.7343680452607191,5000,PRUNED
296,0.01605188474059105,2026-05-19 00:20:29.901759,2026-05-19 00:20:30.302380,0 days 00:00:00.400621,64,1.0066832440662512,0.06704073399367948,0.006678290752181548,5,0.7247511131517173,5000,PRUNED
297,0.031194280833005905,2026-05-19 00:20:30.309481,2026-05-19 00:20:30.530504,0 days 00:00:00.221023,32,1.344335056060033,0.2153833677942998,0.009236184046325152,5,0.7551311694814425,4000,PRUNED
298,0.03135814890265465,2026-05-19 00:20:30.537345,2026-05-19 00:20:30.779511,0 days 00:00:00.242166,48,1.1474302477125486,0.4766165059327231,0.00809412803724568,6,0.8055029460865544,5000,PRUNED
299,0.018356500193476677,2026-05-19 00:20:30.785831,2026-05-19 00:20:31.181189,0 days 00:00:00.395358,80,1.5109357306238638,0.1705305723870426,0.005518712884056504,5,0.6327105678587309,5000,PRUNED
300,0.03301168978214264,2026-05-19 00:20:31.187722,2026-05-19 00:20:31.425462,0 days 00:00:00.237740,64,5.168717114216766,0.14168736432306203,0.007342564028370894,6,0.5521175904060432,5000,PRUNED
301,0.04390459507703781,2026-05-19 00:20:31.431834,2026-05-19 00:20:31.680602,0 days 00:00:00.248768,112,1.0799146399420696,0.25618239811075416,0.008498465107504155,6,0.33186092017991936,4000,PRUNED
302,0.026399698108434677,2026-05-19 00:20:31.687053,2026-05-19 00:20:32.123868,0 days 00:00:00.436815,64,7.3900782262031015,0.32048151167884353,0.006070331324942715,6,0.7660690764115078,3000,PRUNED
303,0.017676839604973793,2026-05-19 00:20:32.130273,2026-05-19 00:20:32.530958,0 days 00:00:00.400685,48,1.2745600754082296,0.19494302141751885,0.009185620564292873,5,0.45063676592324914,5000,PRUNED
304,0.030624570325016975,2026-05-19 00:20:32.537383,2026-05-19 00:20:32.788709,0 days 00:00:00.251326,96,1.006167343546744,0.07919023980380671,0.00684019340292871,6,0.6146992405795807,1000,PRUNED
305,0.04127108305692673,2026-05-19 00:20:32.796156,2026-05-19 00:20:33.065572,0 days 00:00:00.269416,64,1.1700566621848367,0.7368189008782414,0.007888720246337194,5,0.7076901088590548,4000,PRUNED
306,0.0315256342291832,2026-05-19 00:20:33.072935,2026-05-19 00:20:33.324985,0 days 00:00:00.252050,48,1.1044403795918694,0.38589682203963566,0.005083860625931949,6,0.7446379744223819,5000,PRUNED
307,0.03640362247824669,2026-05-19 00:20:33.331816,2026-05-19 00:20:33.543068,0 days 00:00:00.211252,64,1.9076058614566511,1.1180292118039603,0.008699011517641748,5,0.7266292264643428,2000,PRUNED
308,0.05466265231370926,2026-05-19 00:20:33.549517,2026-05-19 00:20:33.782905,0 days 00:00:00.233388,112,1.3826357147603445,0.04574464787158571,0.000827238375747563,6,0.7557743496636589,5000,PRUNED
309,0.007437317166477442,2026-05-19 00:20:33.789194,2026-05-19 00:20:34.635170,0 days 00:00:00.845976,80,1.221624374919213,0.10753179506514578,0.007364975340985431,6,0.7779275734092281,5000,PRUNED
310,0.0013535115867853165,2026-05-19 00:20:34.641660,2026-05-19 00:20:38.261445,0 days 00:00:03.619785,64,2.319222808521453,0.2405529122482516,0.009320648466968923,5,0.4188165125942837,5000,PRUNED
311,0.04037553817033768,2026-05-19 00:20:38.269511,2026-05-19 00:20:38.556403,0 days 00:00:00.286892,48,1.0056779089816295,0.1585805865910076,0.006073249345061593,6,0.7976999659725992,5000,PRUNED
312,0.029804013669490814,2026-05-19 00:20:38.563828,2026-05-19 00:20:39.048024,0 days 00:00:00.484196,64,11.287013717993409,1.9917096793730904,0.009945722788470425,5,0.5912459333918967,4000,PRUNED
313,0.006543615832924843,2026-05-19 00:20:39.055392,2026-05-19 00:20:40.244889,0 days 00:00:01.189497,64,4.632782860572371,0.5799374889944214,0.008075618493791339,6,0.4647656551712209,5000,PRUNED
314,0.03259697183966637,2026-05-19 00:20:40.253416,2026-05-19 00:20:40.477645,0 days 00:00:00.224229,48,1.1151748823738783,0.2938619681691436,0.006810206528679374,5,0.7158294619899943,5000,PRUNED
315,0.050329845398664474,2026-05-19 00:20:40.485316,2026-05-19 00:20:40.639882,0 days 00:00:00.154566,80,1.2476385371254541,0.4505499766114394,0.008499710386251835,2,0.8210995983750603,3000,PRUNED
316,0.04935897886753082,2026-05-19 00:20:40.647519,2026-05-19 00:20:40.824181,0 days 00:00:00.176662,96,1.0922623304302732,0.20738777407377054,0.007520518775091782,3,0.7870933085513605,4000,PRUNED
317,0.006284923292696476,2026-05-19 00:20:40.830789,2026-05-19 00:20:41.861976,0 days 00:00:01.031187,112,1.5715686464568865,0.1314700850680145,0.005723153142281134,6,0.5018531462184288,5000,PRUNED
318,0.032586678862571716,2026-05-19 00:20:41.869077,2026-05-19 00:20:42.083074,0 days 00:00:00.213997,32,1.3699476696462247,0.17715360660745005,0.006463851386572636,5,0.736928251865284,5000,PRUNED
319,0.00014871210441924632,2026-05-19 00:20:42.090929,2026-05-19 00:20:56.148551,0 days 00:00:14.057622,64,1.0011693315368937,0.09489595792860828,0.008953128065760917,6,0.694071507181383,4000,COMPLETE
320,0.04021066427230835,2026-05-19 00:20:56.160421,2026-05-19 00:20:56.439451,0 days 00:00:00.279030,48,65.45421025466015,0.3450715730056833,0.007921803466510958,6,0.7660108686723868,5000,PRUNED
321,0.03347385674715042,2026-05-19 00:20:56.446563,2026-05-19 00:20:56.697430,0 days 00:00:00.250867,64,1.2005538951153754,0.2580607098534098,0.0071106679872929976,5,0.5207325417209031,5000,PRUNED
322,0.0365397073328495,2026-05-19 00:20:56.704861,2026-05-19 00:20:56.936044,0 days 00:00:00.231183,48,1.1137910065981325,0.06863738452747777,0.009937260790893646,4,0.7478020050335191,4000,PRUNED
323,0.017148451879620552,2026-05-19 00:20:56.943006,2026-05-19 00:20:57.479914,0 days 00:00:00.536908,112,1.2926632584866677,0.2279743030044554,0.004914958473275401,6,0.43458139616287855,5000,PRUNED
324,0.01494024321436882,2026-05-19 00:20:57.486804,2026-05-19 00:20:57.878655,0 days 00:00:00.391851,64,35.269626283458535,1.5663499369689082,0.008862547868199016,5,0.719166273068234,5000,PRUNED
325,0.002102759201079607,2026-05-19 00:20:57.885158,2026-05-19 00:21:00.392148,0 days 00:00:02.506990,64,1.1752780037356831,0.11925987383167419,0.006455272487849557,6,0.7823476121998747,4000,PRUNED
326,0.03679756447672844,2026-05-19 00:21:00.398907,2026-05-19 00:21:00.639795,0 days 00:00:00.240888,48,1.0835550554431872,0.919011391544795,0.00802027797716558,6,0.31073148556048513,5000,PRUNED
327,0.045381247997283936,2026-05-19 00:21:00.646337,2026-05-19 00:21:00.881448,0 days 00:00:00.235111,64,1.4709284960263542,0.1466397220157651,0.005487971667491999,6,0.7356504380527729,5000,PRUNED
328,0.033782459795475006,2026-05-19 00:21:00.887678,2026-05-19 00:21:01.105249,0 days 00:00:00.217571,48,1.0043026540844129,0.2875786701598106,0.009242781080020681,5,0.8007809477636105,5000,PRUNED
