number,value,datetime_start,datetime_complete,duration,params_hidden,params_lambda_ic,params_lambda_phys,params_lr,params_n_layers,params_scheduler_gamma,params_scheduler_step,state
659,0.028599316254258156,2026-05-19 00:25:10.272045,2026-05-19 00:25:10.514210,0 days 00:00:00.242165,64,1.2568145828389696,0.3751824707866112,0.007943486285845368,6,0.7938091403808051,5000,PRUNED
660,0.08578075468540192,2026-05-19 00:25:10.521086,2026-05-19 00:25:10.769839,0 days 00:00:00.248753,80,2.1177010518424972,0.14592288279551208,0.00023185146680046505,6,0.7688386326438419,5000,PRUNED
661,0.013979489915072918,2026-05-19 00:25:10.777113,2026-05-19 00:25:11.190868,0 days 00:00:00.413755,64,1.526794386479996,0.1217047685329248,0.007251877345999292,5,0.7381522269212046,5000,PRUNED
662,0.03403298184275627,2026-05-19 00:25:11.197598,2026-05-19 00:25:11.450228,0 days 00:00:00.252630,48,1.0619112668326693,0.2116715280996187,0.0064500794192236905,6,0.7051682384917678,4000,PRUNED
663,0.057254545390605927,2026-05-19 00:25:11.457986,2026-05-19 00:25:11.713131,0 days 00:00:00.255145,96,1.1516737042167355,0.7585093645615836,0.009247908719949,6,0.7504723719041111,5000,PRUNED
664,0.036656610667705536,2026-05-19 00:25:11.722559,2026-05-19 00:25:11.986934,0 days 00:00:00.264375,64,1.7710903035277292,0.3154782143332728,0.008362246805680235,5,0.30769260048823655,5000,PRUNED
665,0.01886281929910183,2026-05-19 00:25:11.995820,2026-05-19 00:25:12.455156,0 days 00:00:00.459336,48,3.33316425112867,0.17699256428254145,0.007863966891827499,5,0.5458967680271397,4000,PRUNED
666,0.001753477961756289,2026-05-19 00:25:12.463625,2026-05-19 00:25:15.394674,0 days 00:00:02.931049,64,1.3325904561889548,0.08051447100524278,0.007123972110135981,6,0.6841828401701323,5000,PRUNED
667,0.0049799541011452675,2026-05-19 00:25:15.402575,2026-05-19 00:25:16.562600,0 days 00:00:01.160025,64,1.0729129004897047,0.4043826557251853,0.008987426709337708,6,0.7247071158395507,5000,PRUNED
668,0.03341956064105034,2026-05-19 00:25:16.568828,2026-05-19 00:25:16.864225,0 days 00:00:00.295397,80,1.2168892230462993,0.2597379014524155,0.008132919508470603,6,0.7832591928716193,4000,PRUNED
669,0.033308036625385284,2026-05-19 00:25:16.871423,2026-05-19 00:25:17.129926,0 days 00:00:00.258503,48,1.0904693311252553,0.1342400750192497,0.006265377763291138,5,0.7139719603299092,5000,PRUNED
670,0.04859066754579544,2026-05-19 00:25:17.137025,2026-05-19 00:25:17.363178,0 days 00:00:00.226153,64,1.2628526776375808,1.0650983035689061,0.00562519775528076,5,0.7415461090601891,5000,PRUNED
671,0.03477206453680992,2026-05-19 00:25:17.369441,2026-05-19 00:25:17.616581,0 days 00:00:00.247140,32,1.0114856050793293,0.21346576896216515,0.009981882306861766,6,0.7670301337572261,5000,PRUNED
672,0.04364009201526642,2026-05-19 00:25:17.623324,2026-05-19 00:25:17.846493,0 days 00:00:00.223169,64,1.485061292425414,0.1637788659439115,0.001461189890999713,5,0.7286115889669109,3000,PRUNED
673,0.030665572732686996,2026-05-19 00:25:17.853091,2026-05-19 00:25:18.093146,0 days 00:00:00.240055,48,1.1683586391588205,0.49764950309042705,0.007308455071850327,6,0.38977323630051935,5000,PRUNED
674,0.059513211250305176,2026-05-19 00:25:18.099903,2026-05-19 00:25:18.344553,0 days 00:00:00.244650,96,1.0011041674974044,0.31125223140085406,0.00871436032751098,6,0.7454252345780971,4000,PRUNED
675,0.011286694556474686,2026-05-19 00:25:18.351723,2026-05-19 00:25:18.993139,0 days 00:00:00.641416,128,1.0015861823861676,0.0975243002427336,0.006612843124814566,6,0.759227119889367,5000,PRUNED
676,0.007851531729102135,2026-05-19 00:25:18.999507,2026-05-19 00:25:19.749484,0 days 00:00:00.749977,64,1.3448209578644312,0.07408546746130297,0.009161956032771632,5,0.3448858063521107,5000,PRUNED
677,0.032060906291007996,2026-05-19 00:25:19.756375,2026-05-19 00:25:19.934157,0 days 00:00:00.177782,80,1.629845949197887,0.25494111835146654,0.007928148015230117,3,0.7753092877664969,5000,PRUNED
678,0.03505071625113487,2026-05-19 00:25:19.940570,2026-05-19 00:25:20.159675,0 days 00:00:00.219105,48,1.1453486373844604,0.190302320098308,0.00725670783412337,5,0.7951653502229401,5000,PRUNED
679,0.028231676667928696,2026-05-19 00:25:20.166170,2026-05-19 00:25:20.403625,0 days 00:00:00.237455,64,2.3120364867183922,0.3292475155497055,0.008440393317946816,6,0.7350424973351813,4000,PRUNED
680,0.07603275775909424,2026-05-19 00:25:20.410328,2026-05-19 00:25:20.651142,0 days 00:00:00.240814,64,1.2522373499335133,0.12383897624440361,0.0003062997153924135,6,0.5870315915847107,5000,PRUNED
681,0.1436178982257843,2026-05-19 00:25:20.657656,2026-05-19 00:25:20.880314,0 days 00:00:00.222658,16,8.341350296740458,0.04477186263451704,0.00487328799093119,5,0.5609736573704496,5000,PRUNED
682,0.0323420986533165,2026-05-19 00:25:20.887529,2026-05-19 00:25:21.182561,0 days 00:00:00.295032,48,1.1423382034204037,0.2229271958056353,0.006074460433101486,6,0.7125462037847025,4000,PRUNED
683,0.04982846975326538,2026-05-19 00:25:21.189740,2026-05-19 00:25:21.440357,0 days 00:00:00.250617,64,1.4105342062985333,1.2591747120110715,0.002181862201829813,6,0.31877016196337443,5000,PRUNED
684,0.03202953189611435,2026-05-19 00:25:21.447058,2026-05-19 00:25:21.679042,0 days 00:00:00.231984,48,1.0936563040462342,0.42562129461353626,0.009148929504886561,5,0.7484532352069121,5000,PRUNED
685,0.03397766500711441,2026-05-19 00:25:21.686003,2026-05-19 00:25:21.956979,0 days 00:00:00.270976,64,2.6077881944580916,0.9060266140474591,0.009993340150090185,5,0.49785226611508127,3000,PRUNED
686,0.003252342576161027,2026-05-19 00:25:21.964817,2026-05-19 00:25:23.541464,0 days 00:00:01.576647,64,1.9643953826815086,0.1577917284636866,0.007821942215862101,6,0.5164805248823714,5000,PRUNED
687,0.033316850662231445,2026-05-19 00:25:23.548222,2026-05-19 00:25:23.768626,0 days 00:00:00.220404,48,1.2327097598530457,0.2769276566053927,0.006882922908623441,5,0.7271700502281399,5000,PRUNED
688,0.04563933610916138,2026-05-19 00:25:23.775044,2026-05-19 00:25:24.010220,0 days 00:00:00.235176,64,5.869283535100026,0.061302463607057836,0.005587826286884469,6,0.7585083480742362,2000,PRUNED
689,0.032103657722473145,2026-05-19 00:25:24.016735,2026-05-19 00:25:24.213830,0 days 00:00:00.197095,80,1.0957756705942734,0.10767983665755519,0.008499710745524235,4,0.4819412349356747,1000,PRUNED
690,0.04202178493142128,2026-05-19 00:25:24.220287,2026-05-19 00:25:24.462519,0 days 00:00:00.242232,32,1.314617406278695,0.19264794613419123,0.0077592602512032306,6,0.6460360790568282,4000,PRUNED
691,0.03257197141647339,2026-05-19 00:25:24.469287,2026-05-19 00:25:24.690955,0 days 00:00:00.221668,64,1.170768523688808,0.2336759630325212,0.009156419928648235,5,0.7983674479961071,5000,PRUNED
692,0.042390428483486176,2026-05-19 00:25:24.697349,2026-05-19 00:25:24.941356,0 days 00:00:00.244007,80,1.0031524902368836,0.7032286142502123,0.006643675728693317,6,0.814718287904364,5000,PRUNED
693,0.03438814729452133,2026-05-19 00:25:24.947762,2026-05-19 00:25:25.167147,0 days 00:00:00.219385,48,1.5012300792178777,0.34334569491065564,0.00831957306820279,5,0.6971445545149864,5000,PRUNED
694,0.03307635709643364,2026-05-19 00:25:25.173690,2026-05-19 00:25:25.415490,0 days 00:00:00.241800,96,1.0850969365637069,0.03308396653494349,0.0075157357309867555,6,0.7769191937408407,4000,PRUNED
695,0.039501938968896866,2026-05-19 00:25:25.422099,2026-05-19 00:25:25.642737,0 days 00:00:00.220638,128,1.6897004377538853,0.14535702807578826,0.006903835439871908,5,0.739827583354598,5000,PRUNED
696,0.014732982032001019,2026-05-19 00:25:25.650478,2026-05-19 00:25:26.197292,0 days 00:00:00.546814,64,1.241762581280517,0.09009484860428178,0.005256938911010437,6,0.7172712387855175,5000,PRUNED
697,0.04123315587639809,2026-05-19 00:25:26.204869,2026-05-19 00:25:26.408095,0 days 00:00:00.203226,64,1.407384994935831,0.5018074978845027,0.009279255381287172,4,0.7681318809392154,5000,PRUNED
698,0.04050404578447342,2026-05-19 00:25:26.415581,2026-05-19 00:25:26.663642,0 days 00:00:00.248061,48,1.154433092593471,0.26782325827061826,0.006155479859302961,6,0.7867652462151861,5000,PRUNED
699,0.0001593609486008063,2026-05-19 00:25:26.671530,2026-05-19 00:25:40.881981,0 days 00:00:14.210451,64,1.0821346834071355,0.17777811338859328,0.008408731437860775,6,0.7522294651921657,5000,COMPLETE
700,0.06670738011598587,2026-05-19 00:25:40.892400,2026-05-19 00:25:41.137750,0 days 00:00:00.245350,64,1.298474485832107,1.7445754767083144,0.009996554317666165,4,0.7277886082006426,4000,PRUNED
701,0.03411932662129402,2026-05-19 00:25:41.144700,2026-05-19 00:25:41.421176,0 days 00:00:00.276476,48,4.492552940125147,0.39942002312884034,0.007341464042439796,5,0.7087086558814941,5000,PRUNED
702,0.028912875801324844,2026-05-19 00:25:41.427990,2026-05-19 00:25:41.682150,0 days 00:00:00.254160,80,1.0067270301423152,0.13019890881309484,0.003896900231621668,6,0.8040004599234841,5000,PRUNED
703,0.031431782990694046,2026-05-19 00:25:41.688652,2026-05-19 00:25:41.907893,0 days 00:00:00.219241,32,1.1864677283285228,0.22316818941764788,0.008683796925005954,5,0.7388218853169298,4000,PRUNED
704,0.029446754604578018,2026-05-19 00:25:41.914246,2026-05-19 00:25:42.152618,0 days 00:00:00.238372,64,1.0012401631658079,0.006201195288898006,0.00795037521915484,6,0.7613176147198066,5000,PRUNED
705,0.0642249584197998,2026-05-19 00:25:42.159277,2026-05-19 00:25:42.309041,0 days 00:00:00.149764,48,1.3478602280368628,0.2815505376716453,0.006358858170275542,2,0.7518072836718047,5000,PRUNED
706,0.0001876779570011422,2026-05-19 00:25:42.315565,2026-05-19 00:25:54.473718,0 days 00:00:12.158153,64,1.1603647550442653,0.0831891154301652,0.009349876264852126,6,0.7225649248091285,4000,COMPLETE
707,0.030703697353601456,2026-05-19 00:25:54.485597,2026-05-19 00:25:54.761268,0 days 00:00:00.275671,48,1.0006360383700283,0.11522874843420575,0.007467380993921484,5,0.5767145297955198,5000,PRUNED
708,0.03638748824596405,2026-05-19 00:25:54.767887,2026-05-19 00:25:55.009416,0 days 00:00:00.241529,96,1.8985654426504195,0.16037467478566628,0.008663323649219993,5,0.6757390753784983,5000,PRUNED
709,0.027984686195850372,2026-05-19 00:25:55.016633,2026-05-19 00:25:55.263673,0 days 00:00:00.247040,64,1.5389441829499326,0.6197722846731069,0.006877293519579114,6,0.4177287503976727,5000,PRUNED
710,0.03157021105289459,2026-05-19 00:25:55.271322,2026-05-19 00:25:55.453527,0 days 00:00:00.182205,64,10.544557271209007,0.2000588961098239,0.008059242211952216,3,0.5345092190804999,5000,PRUNED
711,0.014613869599997997,2026-05-19 00:25:55.462331,2026-05-19 00:25:55.915869,0 days 00:00:00.453538,80,1.2593352192666996,0.3368449846586262,0.005936689143725391,6,0.7850268229976581,5000,PRUNED
712,0.0353606641292572,2026-05-19 00:25:55.923836,2026-05-19 00:25:56.168877,0 days 00:00:00.245041,64,1.1062642733772252,0.051135861576659926,0.0032639692435814673,6,0.7355770182907939,4000,PRUNED
713,0.015202994458377361,2026-05-19 00:25:56.177090,2026-05-19 00:25:56.592510,0 days 00:00:00.415420,48,2.112820525589878,0.07145802751912723,0.009287835079804274,5,0.6278411985808012,5000,PRUNED
714,0.04041125252842903,2026-05-19 00:25:56.600647,2026-05-19 00:25:56.826278,0 days 00:00:00.225631,64,2.9219562131561463,0.2873757236001077,0.0018448508691392847,5,0.7697526091640083,5000,PRUNED
715,0.06900861859321594,2026-05-19 00:25:56.834721,2026-05-19 00:25:57.076801,0 days 00:00:00.242080,64,1.7191309280915452,0.2364728249200655,0.0005925848970557651,6,0.7477389549803025,4000,PRUNED
716,0.06741003692150116,2026-05-19 00:25:57.085205,2026-05-19 00:25:57.339165,0 days 00:00:00.253960,96,1.184666498266496,0.45750582064738815,0.00010872645303248493,6,0.3661693767393913,5000,PRUNED
717,0.02028242126107216,2026-05-19 00:25:57.347734,2026-05-19 00:25:57.772211,0 days 00:00:00.424477,48,1.3989877776494068,0.16499402798193308,0.005642636891655039,5,0.7028070168412288,5000,PRUNED
718,0.038566723465919495,2026-05-19 00:25:57.779654,2026-05-19 00:25:58.020117,0 days 00:00:00.240463,32,1.0821504736802396,0.09814260534502674,0.007153961005360136,6,0.7171192682485305,5000,PRUNED
719,0.03724385052919388,2026-05-19 00:25:58.027154,2026-05-19 00:25:58.245219,0 days 00:00:00.218065,80,1.246800069352025,0.36727828963747844,0.008163834692953823,5,0.7949348710058688,2000,PRUNED
720,0.040228866040706635,2026-05-19 00:25:58.253344,2026-05-19 00:25:58.488237,0 days 00:00:00.234893,64,44.4417931330068,0.19642432433740725,0.004773945577569286,6,0.7406373572923061,5000,PRUNED
721,0.028727645054459572,2026-05-19 00:25:58.495962,2026-05-19 00:25:58.722685,0 days 00:00:00.226723,48,1.0010199354451377,0.1307131759853404,0.009234398204224403,5,0.7281321730555637,4000,PRUNED
722,0.05030972510576248,2026-05-19 00:25:58.731167,2026-05-19 00:25:58.967977,0 days 00:00:00.236810,48,37.51405400679657,0.24039465547844718,0.006504284992179431,6,0.6114640658200636,5000,PRUNED
723,0.02936609648168087,2026-05-19 00:25:58.975689,2026-05-19 00:25:59.204911,0 days 00:00:00.229222,64,1.1169676299615643,0.161476044381132,0.007662187421646303,5,0.8124438316843097,5000,PRUNED
724,0.055188339203596115,2026-05-19 00:25:59.212516,2026-05-19 00:25:59.464108,0 days 00:00:00.251592,64,1.5047170247645194,0.7891389517814313,0.0009513757896056576,6,0.7609603551848712,4000,PRUNED
725,0.040250327438116074,2026-05-19 00:25:59.471483,2026-05-19 00:25:59.714204,0 days 00:00:00.242721,48,1.2948587344355338,0.29914304063550917,0.008649229952285464,6,0.7737870414878448,5000,PRUNED
726,0.03554092347621918,2026-05-19 00:25:59.720720,2026-05-19 00:25:59.949062,0 days 00:00:00.228342,64,1.158260833798317,0.19560867683485533,0.007470584674020413,5,0.7527945180684569,5000,PRUNED
727,0.03401825204491615,2026-05-19 00:25:59.956031,2026-05-19 00:26:00.204915,0 days 00:00:00.248884,64,1.0871760155742562,0.5725524580119373,0.005193568392934478,6,0.6919433885793526,5000,PRUNED
728,0.02895522490143776,2026-05-19 00:26:00.211352,2026-05-19 00:26:00.461200,0 days 00:00:00.249848,80,1.38852870300715,0.10818140402908528,0.009937269399040431,6,0.7115253231785187,5000,PRUNED
729,0.03779735788702965,2026-05-19 00:26:00.467641,2026-05-19 00:26:00.721267,0 days 00:00:00.253626,48,7.525694801905249,0.14358357217669318,0.006819636650722545,6,0.7408589971662131,3000,PRUNED
730,0.04842322692275047,2026-05-19 00:26:00.728041,2026-05-19 00:26:00.910830,0 days 00:00:00.182789,64,1.204933682041352,0.24955580606456404,0.008467402544073698,3,0.8373355486198455,5000,PRUNED
731,0.03484157845377922,2026-05-19 00:26:00.918677,2026-05-19 00:26:01.183233,0 days 00:00:00.264556,48,3.7723070368791176,0.39058616196422713,0.007976301480343588,5,0.5524528420246988,3000,PRUNED
732,0.0655347928404808,2026-05-19 00:26:01.190754,2026-05-19 00:26:01.409718,0 days 00:00:00.218964,64,1.1129988483505948,0.9429071297907042,0.006274073708024565,4,0.7823264379009246,5000,PRUNED
733,0.03522399440407753,2026-05-19 00:26:01.416766,2026-05-19 00:26:01.644405,0 days 00:00:00.227639,96,1.6042275604963203,0.05625926649984301,0.009196688743569945,5,0.7271877648437045,4000,PRUNED
734,0.03725695610046387,2026-05-19 00:26:01.651993,2026-05-19 00:26:01.899543,0 days 00:00:00.247550,64,1.0001161597186088,0.33429217682207757,0.005849080248434785,6,0.7638745543459606,5000,PRUNED
735,0.02816816419363022,2026-05-19 00:26:01.905828,2026-05-19 00:26:02.149225,0 days 00:00:00.243397,48,1.2954723004901576,0.08734765452418115,0.0074543892882709024,6,0.42907733027011735,1000,PRUNED
736,0.05697034299373627,2026-05-19 00:26:02.156762,2026-05-19 00:26:02.376702,0 days 00:00:00.219940,80,1.0896506657683735,1.2870383435758588,0.008703711960442477,5,0.8006696329677242,5000,PRUNED
737,0.0016006387304514647,2026-05-19 00:26:02.384569,2026-05-19 00:26:05.328419,0 days 00:00:02.943850,64,2.262930012404706,0.01561579221231762,0.00996578302578854,5,0.7304775217008832,5000,PRUNED
738,0.028094926849007607,2026-05-19 00:26:05.335512,2026-05-19 00:26:05.577012,0 days 00:00:00.241500,112,2.5118280041898977,0.22479489399859132,0.004246588901644167,6,0.8205306179634548,2000,PRUNED
739,0.010629775002598763,2026-05-19 00:26:05.584833,2026-05-19 00:26:06.191509,0 days 00:00:00.606676,64,1.860292536442329,0.0715723869397727,0.007914402143622634,5,0.6617545434841694,4000,PRUNED
740,0.04987278953194618,2026-05-19 00:26:06.200443,2026-05-19 00:26:06.471161,0 days 00:00:00.270718,48,27.945051468695894,0.28050255544961195,0.006906490130137544,6,0.8965404865516484,5000,PRUNED
741,0.04439902305603027,2026-05-19 00:26:06.479153,2026-05-19 00:26:06.944570,0 days 00:00:00.465417,64,1.222589234447647,0.12333929092994496,0.008651404058969926,6,0.7533602696105931,5000,PRUNED
742,0.0360141322016716,2026-05-19 00:26:06.952212,2026-05-19 00:26:07.179299,0 days 00:00:00.227087,16,1.4359222079229428,0.20885784064739538,0.009231755994934704,5,0.7871244208056714,5000,PRUNED
743,0.03190097585320473,2026-05-19 00:26:07.187314,2026-05-19 00:26:07.438251,0 days 00:00:00.250937,48,1.152409150910684,0.48098118012738145,0.006980205938041145,6,0.7411966292278523,4000,PRUNED
744,0.028192980214953423,2026-05-19 00:26:07.446825,2026-05-19 00:26:07.668708,0 days 00:00:00.221883,64,6.417026418102892,0.17286188610799583,0.008017895383274002,5,0.875867446185717,5000,PRUNED
745,0.03886166214942932,2026-05-19 00:26:07.676813,2026-05-19 00:26:07.925746,0 days 00:00:00.248933,32,1.0758763522711048,0.15165909639325464,0.006312322170361823,6,0.7191456168834082,5000,PRUNED
746,0.0477021299302578,2026-05-19 00:26:07.933453,2026-05-19 00:26:08.135447,0 days 00:00:00.201994,80,1.3162331140606052,0.29742283526050556,0.007335620574758166,4,0.7748472574420779,4000,PRUNED
747,0.0390351340174675,2026-05-19 00:26:08.142316,2026-05-19 00:26:08.393423,0 days 00:00:00.251107,112,1.1927871853056173,0.1006017389419892,0.009147027917658482,6,0.5233097499917514,5000,PRUNED
748,0.033258020877838135,2026-05-19 00:26:08.400393,2026-05-19 00:26:08.623053,0 days 00:00:00.222660,96,3.4196468389993044,0.022775989697984108,0.005652183968634597,5,0.7054569232593828,5000,PRUNED
749,0.029838580638170242,2026-05-19 00:26:08.629903,2026-05-19 00:26:08.791322,0 days 00:00:00.161419,128,1.6700250827745304,0.3863481501019022,0.008436232396158181,2,0.49161538823968265,5000,PRUNED
750,5.787261761724949e-05,2026-05-19 00:26:08.798302,2026-05-19 00:26:25.664480,0 days 00:00:16.866178,64,1.0768395313372507,0.19112999827190408,0.007809494513418944,6,0.7346182211295613,4000,COMPLETE
751,0.03198659420013428,2026-05-19 00:26:25.674346,2026-05-19 00:26:25.925624,0 days 00:00:00.251278,64,15.031767511666777,2.122746848607458,0.006302456174128507,6,0.7198136524354546,4000,PRUNED
752,0.002724624238908291,2026-05-19 00:26:25.932099,2026-05-19 00:26:27.840545,0 days 00:00:01.908446,64,1.4364536085985005,0.18751535513491835,0.006742605399986709,6,0.5954481507466816,4000,PRUNED
753,0.03295546770095825,2026-05-19 00:26:27.848628,2026-05-19 00:26:28.092290,0 days 00:00:00.243662,64,5.104581938971491,0.2452539456918576,0.007402962343628774,6,0.7318038033500058,4000,PRUNED
754,0.035968564450740814,2026-05-19 00:26:28.099694,2026-05-19 00:26:28.349288,0 days 00:00:00.249594,64,1.255371092388333,0.2053432066423198,0.00542372057344018,6,0.7106279246228501,4000,PRUNED
755,1.8085218471242115e-05,2026-05-19 00:26:28.357073,2026-05-19 00:26:47.354464,0 days 00:00:18.997391,64,1.3679644471974322,0.24630857020206118,0.007550928744152998,6,0.6833849629201456,4000,COMPLETE
756,0.036218639463186264,2026-05-19 00:26:47.369742,2026-05-19 00:26:47.597070,0 days 00:00:00.227328,64,1.3162614928405407,0.2687349768893761,0.007707862514111166,4,0.673014722989975,4000,PRUNED
757,0.06835144758224487,2026-05-19 00:26:47.604510,2026-05-19 00:26:47.857025,0 days 00:00:00.252515,64,1.4021888803956468,0.3328379690065726,0.007239990756719998,6,0.4506518760652035,4000,PRUNED
758,0.03551322966814041,2026-05-19 00:26:47.863787,2026-05-19 00:26:48.063869,0 days 00:00:00.200082,64,1.259853829492417,0.25788515469610573,0.007852618307384618,4,0.6959173239206918,4000,PRUNED
759,0.011399763636291027,2026-05-19 00:26:48.070449,2026-05-19 00:26:48.735105,0 days 00:00:00.664656,64,1.527562879550461,0.22963838585852706,0.006702942677900562,6,0.46020944896281024,4000,PRUNED
760,0.03816279396414757,2026-05-19 00:26:48.741689,2026-05-19 00:26:48.992213,0 days 00:00:00.250524,64,1.1711309875477813,0.0016220489971147916,0.008094406579102086,6,0.6881789380800409,4000,PRUNED
761,0.02832549251616001,2026-05-19 00:26:48.998637,2026-05-19 00:26:49.247986,0 days 00:00:00.249349,64,1.331203260958539,0.2955652590576979,0.0070372178327511295,6,0.6542721334800368,4000,PRUNED
762,0.014788963831961155,2026-05-19 00:26:49.254381,2026-05-19 00:26:49.706615,0 days 00:00:00.452234,64,1.0969326447542895,0.23875651150585242,0.008134732130233354,6,0.6780688129540774,4000,PRUNED
763,0.07096369564533234,2026-05-19 00:26:49.712998,2026-05-19 00:26:49.959113,0 days 00:00:00.246115,64,1.2000981581100325,0.36241922315878977,0.00016400217126468153,6,0.6855956003051782,4000,PRUNED
764,0.0007905974634923041,2026-05-19 00:26:49.965998,2026-05-19 00:26:54.764277,0 days 00:00:04.798279,64,1.0881295958308175,0.21518570358357095,0.007316188164245763,6,0.7003210960861573,4000,PRUNED
765,0.036172471940517426,2026-05-19 00:26:54.771736,2026-05-19 00:26:55.047400,0 days 00:00:00.275664,64,1.4098645696712615,0.3126741824081146,0.006454064608277876,6,0.4376671416430018,4000,PRUNED
766,0.0010036892490461469,2026-05-19 00:26:55.054805,2026-05-19 00:26:59.427826,0 days 00:00:04.373021,64,1.2232375940238016,0.2658463630562799,0.008655795211941859,6,0.4684956307710169,4000,PRUNED
767,0.027179697528481483,2026-05-19 00:26:59.436398,2026-05-19 00:26:59.682992,0 days 00:00:00.246594,64,1.5274086585656894,0.4387132484307405,0.007759342513440364,6,0.7137247332406991,4000,PRUNED
768,9.94637084659189e-05,2026-05-19 00:26:59.689806,2026-05-19 00:27:11.960848,0 days 00:00:12.271042,64,1.0829660150190927,0.19394367719140118,0.009994417314049805,6,0.7234139253238998,4000,COMPLETE
