number,value,datetime_start,datetime_complete,duration,params_hidden,params_lambda_ic,params_lambda_phys,params_lr,params_n_layers,params_scheduler_gamma,params_scheduler_step,state
989,0.006488025188446045,2026-05-19 00:31:46.960891,2026-05-19 00:31:47.727056,0 days 00:00:00.766165,64,2.414080142989636,0.3321758741357507,0.009959395306574956,5,0.6134936054719253,5000,PRUNED
990,0.012554733082652092,2026-05-19 00:31:47.736361,2026-05-19 00:31:48.197540,0 days 00:00:00.461179,128,1.5025365643256403,0.1910659025759777,0.0064070544314194,6,0.8048874668922738,4000,PRUNED
991,0.005648700520396233,2026-05-19 00:31:48.205695,2026-05-19 00:31:49.039410,0 days 00:00:00.833715,64,1.2867308964788011,0.22570784405354852,0.008489915903778055,6,0.7523820007126046,5000,PRUNED
992,0.039430711418390274,2026-05-19 00:31:49.045895,2026-05-19 00:31:49.300511,0 days 00:00:00.254616,16,1.0808378994491599,0.28988406220373863,0.007780074425426296,6,0.8315492851046711,4000,PRUNED
993,0.014344502240419388,2026-05-19 00:31:49.307268,2026-05-19 00:31:49.760423,0 days 00:00:00.453155,64,1.1989201807708798,0.16627629654093048,0.006961615438400841,6,0.7334428992857169,5000,PRUNED
994,0.027290930971503258,2026-05-19 00:31:49.767198,2026-05-19 00:31:50.028734,0 days 00:00:00.261536,48,1.621868080815242,0.258624386789109,0.009236193818901844,5,0.7669244361379968,5000,PRUNED
995,0.028740808367729187,2026-05-19 00:31:50.036320,2026-05-19 00:31:50.292574,0 days 00:00:00.256254,80,1.3480738114247464,0.11814066735394788,0.007972564141317052,6,0.5675984056891694,4000,PRUNED
996,0.012218096293509007,2026-05-19 00:31:50.299126,2026-05-19 00:31:50.700385,0 days 00:00:00.401259,64,1.102923606542374,0.1336332817168443,0.009983262804714413,5,0.4517474827541194,5000,PRUNED
997,0.009814424440264702,2026-05-19 00:31:50.707067,2026-05-19 00:31:51.515776,0 days 00:00:00.808709,64,1.0079214686368623,0.20496212414203707,0.008637232490101265,6,0.7200827382078447,2000,PRUNED
998,0.035619281232357025,2026-05-19 00:31:51.523065,2026-05-19 00:31:51.819164,0 days 00:00:00.296099,96,1.1934944797824303,0.33746019283419454,0.007277815218183692,6,0.6778999258314182,4000,PRUNED
999,0.03488057851791382,2026-05-19 00:31:51.826063,2026-05-19 00:31:52.131447,0 days 00:00:00.305384,64,2.193517806446043,1.4940177164728121,0.008712713554833641,6,0.6983560662088474,5000,PRUNED
