number,value,datetime_start,datetime_complete,duration,params_hidden,params_lambda_ic,params_lambda_phys,params_lr,params_n_layers,params_scheduler_gamma,params_scheduler_step,state
0,0.006092776544392109,2026-05-19 00:04:20.372928,2026-05-19 00:04:38.492695,0 days 00:00:18.119767,48,15.75132049977973,0.8471801418819978,0.0002051338263087451,6,0.3935967122017216,1000,COMPLETE
1,2.578827661636751e-05,2026-05-19 00:04:38.506742,2026-05-19 00:04:55.552423,0 days 00:00:17.045681,112,1.0994335574766196,0.679657809075816,0.008706020878304856,5,0.7994655844802532,2000,COMPLETE
2,0.06325732916593552,2026-05-19 00:04:55.566444,2026-05-19 00:04:57.898682,0 days 00:00:02.332238,32,11.207606211860567,0.016480446427978974,0.0007309539835912913,2,0.47473748411882516,4000,COMPLETE
3,0.0005715365405194461,2026-05-19 00:04:57.908278,2026-05-19 00:05:31.488386,0 days 00:00:33.580108,32,8.168455894760163,0.029204338471814112,0.0037183641805732083,3,0.41980426929501585,3000,COMPLETE
4,0.003106903051957488,2026-05-19 00:05:31.499544,2026-05-19 00:06:03.528037,0 days 00:00:32.028493,80,2.1930485556643684,0.26926469100861794,0.00013492834268013249,2,0.8693313223520001,5000,COMPLETE
5,0.23935817182064056,2026-05-19 00:06:03.538169,2026-05-19 00:06:03.706761,0 days 00:00:00.168592,112,23.359635026261596,0.002458603276328005,0.0007591104805282694,3,0.3732229409068673,3000,PRUNED
6,0.24676677584648132,2026-05-19 00:06:03.713088,2026-05-19 00:06:03.982036,0 days 00:00:00.268948,16,21.137059440645725,0.010842262717330166,0.0004201672054372534,6,0.6120408127066865,3000,PRUNED
7,3.185948298778385e-05,2026-05-19 00:06:03.988635,2026-05-19 00:06:38.162862,0 days 00:00:34.174227,32,75.68292060167619,1.2604664585649468,0.006161049539380964,6,0.6587399872866511,5000,COMPLETE
8,0.2303626984357834,2026-05-19 00:06:38.175755,2026-05-19 00:06:38.315174,0 days 00:00:00.139419,16,4.473636174621264,0.0015167330688076208,0.0005989003672254305,2,0.4628094190643376,5000,PRUNED
9,0.00010390501120127738,2026-05-19 00:06:38.322455,2026-05-19 00:06:54.801940,0 days 00:00:16.479485,48,1.9135880487692298,0.14817820606039092,0.0040215545266902904,3,0.3447303862078625,5000,COMPLETE
10,0.06391523033380508,2026-05-19 00:06:54.813802,2026-05-19 00:06:55.424209,0 days 00:00:00.610407,128,1.0862348973937128,7.553503645583189,0.0020124870829750945,5,0.8445988771695108,1000,PRUNED
11,0.0006538427551276982,2026-05-19 00:06:55.432240,2026-05-19 00:07:09.311524,0 days 00:00:13.879284,96,96.55565586404381,4.1227039564557195,0.007791470666172783,5,0.7109790362975853,2000,COMPLETE
12,0.003800409846007824,2026-05-19 00:07:09.322414,2026-05-19 00:07:13.390664,0 days 00:00:04.068250,80,99.14191510481005,1.2269950005516586,0.007956692282233665,5,0.7266836773846171,2000,PRUNED
13,0.005396584048867226,2026-05-19 00:07:13.398068,2026-05-19 00:07:17.830889,0 days 00:00:04.432821,128,42.25341142883644,0.7221503416201749,0.002012962831034317,6,0.7235345463194052,4000,PRUNED
14,0.00029701850144192576,2026-05-19 00:07:17.837716,2026-05-19 00:07:30.827495,0 days 00:00:12.989779,64,45.774787153236524,2.2943250835053917,0.004261548525190929,4,0.5811442655053709,2000,COMPLETE
15,8.772323781158775e-05,2026-05-19 00:07:30.839732,2026-05-19 00:07:51.719682,0 days 00:00:20.879950,96,4.995657141647444,0.257965681676157,0.009818247569037455,5,0.782801182566667,4000,COMPLETE
16,0.0906079113483429,2026-05-19 00:07:51.730765,2026-05-19 00:07:51.959431,0 days 00:00:00.228666,64,3.7665435455339784,0.06446221903608028,0.0015107653087335614,4,0.6000139096604017,2000,PRUNED
17,9.666337427916005e-05,2026-05-19 00:07:51.967611,2026-05-19 00:08:07.183340,0 days 00:00:15.215729,112,1.0246748445375236,0.5097975228189386,0.005603029841417724,6,0.7991010874923367,4000,COMPLETE
18,0.0504189133644104,2026-05-19 00:08:07.195120,2026-05-19 00:08:07.445655,0 days 00:00:00.250535,48,44.231398593930834,2.302230307837834,0.0027790154491502904,5,0.6366104039797016,1000,PRUNED
19,0.1155768483877182,2026-05-19 00:08:07.452089,2026-05-19 00:08:07.684541,0 days 00:00:00.232452,96,8.229086558998668,0.060894794372568437,0.0011982448134112169,6,0.5281096358316664,2000,PRUNED
20,0.0672469288110733,2026-05-19 00:08:07.691199,2026-05-19 00:08:07.892960,0 days 00:00:00.201761,64,2.3083123192396884,9.807934335521601,0.006420381557327489,4,0.6662482553243512,3000,PRUNED
21,0.00012389832409098744,2026-05-19 00:08:07.899545,2026-05-19 00:08:28.659424,0 days 00:00:20.759879,96,4.384691240155528,0.236487944037281,0.0097332804462723,5,0.7904499880445636,4000,COMPLETE
22,0.028719715774059296,2026-05-19 00:08:28.670844,2026-05-19 00:08:29.156469,0 days 00:00:00.485625,112,5.863871873896023,0.35253317777183774,0.009937170128862544,5,0.7806239207051526,5000,PRUNED
23,0.061662063002586365,2026-05-19 00:08:29.166294,2026-05-19 00:08:29.384035,0 days 00:00:00.217741,96,1.5339213971428955,1.4229022620494547,0.005122950469508641,4,0.8845642877736568,4000,PRUNED
24,0.00011052697664126754,2026-05-19 00:08:29.393598,2026-05-19 00:08:53.237519,0 days 00:00:23.843921,80,3.1417639113887175,0.10525506803398074,0.002968835783743788,6,0.6786575096035401,5000,COMPLETE
25,0.0006364047876559198,2026-05-19 00:08:53.246481,2026-05-19 00:09:04.909744,0 days 00:00:11.663263,112,29.481940043322762,3.2697008961494207,0.00554575836055187,5,0.7631487771262789,4000,PRUNED
26,0.0002972205402329564,2026-05-19 00:09:04.917373,2026-05-19 00:09:23.505910,0 days 00:00:18.588537,128,10.67379250592378,0.19892490183295064,0.006901294124591142,6,0.8455128652121097,5000,COMPLETE
27,0.043273963034152985,2026-05-19 00:09:23.514908,2026-05-19 00:09:23.777304,0 days 00:00:00.262396,32,6.0033051947336675,0.40117933045286336,0.0027099096542930446,5,0.8135805043580835,4000,PRUNED
28,0.039908867329359055,2026-05-19 00:09:23.783882,2026-05-19 00:09:23.981698,0 days 00:00:00.197816,96,59.60710360410062,0.7493727629653077,0.00978447599368575,4,0.5497705278035329,3000,PRUNED
29,0.09201717376708984,2026-05-19 00:09:23.988509,2026-05-19 00:09:24.222585,0 days 00:00:00.234076,80,15.854629149104188,1.0733630100509852,0.00043324874404618774,6,0.747976665161351,5000,PRUNED
30,0.06315969675779343,2026-05-19 00:09:24.229107,2026-05-19 00:09:24.463456,0 days 00:00:00.234349,112,1.489640714469024,5.152301075957681,0.0002531278360124861,5,0.6777746069297628,1000,PRUNED
31,0.00010516895417822525,2026-05-19 00:09:24.469664,2026-05-19 00:09:41.451516,0 days 00:00:16.981852,112,1.244519460779512,0.48823250565750187,0.005447501845663944,6,0.812355603970472,4000,COMPLETE
32,0.05125848948955536,2026-05-19 00:09:41.463654,2026-05-19 00:09:41.714549,0 days 00:00:00.250895,128,1.0071403128847234,0.599402219230699,0.006774649821319949,6,0.8263009296045067,4000,PRUNED
33,0.015076534822583199,2026-05-19 00:09:41.721872,2026-05-19 00:09:42.388959,0 days 00:00:00.667087,112,2.8850279543007153,2.1196325642426386,0.004583421204302014,6,0.7434636338162629,3000,PRUNED
34,0.018003560602664948,2026-05-19 00:09:42.395541,2026-05-19 00:09:43.018467,0 days 00:00:00.622926,96,1.6531107562456444,0.03386349758284921,0.003571214275848953,6,0.8893871961398969,4000,PRUNED
35,0.00012904968752991408,2026-05-19 00:09:43.024889,2026-05-19 00:09:56.389812,0 days 00:00:13.364923,112,2.629557046296721,0.1389315556602366,0.007303416754470403,5,0.7788535525967761,3000,COMPLETE
36,0.15525388717651367,2026-05-19 00:09:56.401991,2026-05-19 00:09:56.657130,0 days 00:00:00.255139,32,15.182275249142327,0.008380795406954248,0.003440447741482186,5,0.6355412324410232,5000,PRUNED
37,0.08201450109481812,2026-05-19 00:09:56.663661,2026-05-19 00:09:56.957327,0 days 00:00:00.293666,16,6.0668916888583295,0.32623037845134517,0.002012919066546547,6,0.7006796534361726,4000,PRUNED
38,0.06584729254245758,2026-05-19 00:09:56.965796,2026-05-19 00:09:57.212180,0 days 00:00:00.246384,80,2.0080934868110343,1.4648666558248566,0.0001113717572032857,6,0.8556337399165652,5000,PRUNED
39,0.02774994820356369,2026-05-19 00:09:57.218826,2026-05-19 00:09:57.532283,0 days 00:00:00.313457,128,1.3212937044646136,0.07408390537496719,0.005510299489635373,3,0.46971636487442076,3000,PRUNED
40,0.039637234061956406,2026-05-19 00:09:57.541384,2026-05-19 00:09:57.767894,0 days 00:00:00.226510,48,14.754171871364653,0.22535035640231732,0.00858983092068102,5,0.8077847003694358,3000,PRUNED
41,0.0654912143945694,2026-05-19 00:09:57.775403,2026-05-19 00:09:57.941948,0 days 00:00:00.166545,48,1.9647835942009948,0.13814440777422524,0.004762401428105243,3,0.3254852738944713,5000,PRUNED
42,0.05663878470659256,2026-05-19 00:09:57.948178,2026-05-19 00:09:58.103957,0 days 00:00:00.155779,16,1.0189733581418612,0.5766774499065668,0.00388755796359742,2,0.3016007767663688,5000,PRUNED
43,0.029522880911827087,2026-05-19 00:09:58.110287,2026-05-19 00:09:58.471274,0 days 00:00:00.360987,32,1.7405479646898825,0.03571344592510508,0.0066112754484969815,4,0.4256149139320614,5000,PRUNED
44,0.05652280151844025,2026-05-19 00:09:58.478236,2026-05-19 00:09:58.632202,0 days 00:00:00.153966,48,1.2469748140581742,0.9130350770709001,0.00835914068547936,2,0.519101368968495,4000,PRUNED
45,0.09895656257867813,2026-05-19 00:09:58.638330,2026-05-19 00:09:58.810604,0 days 00:00:00.172274,32,3.627711421141427,0.16863073977194284,0.0025435311790330778,3,0.74186034088921,2000,PRUNED
46,0.07173827290534973,2026-05-19 00:09:58.816882,2026-05-19 00:09:58.985824,0 days 00:00:00.168942,64,2.3481074546244076,0.2983066251345943,0.0009119181537993274,3,0.4006117325847126,5000,PRUNED
47,0.049254052340984344,2026-05-19 00:09:58.992740,2026-05-19 00:09:59.187488,0 days 00:00:00.194748,96,74.06491127596415,1.7626859566400714,0.0015156166016162876,4,0.3644860038547343,4000,PRUNED
48,0.057788457721471786,2026-05-19 00:09:59.194291,2026-05-19 00:09:59.370538,0 days 00:00:00.176247,112,7.998538067531401,3.334078633529737,0.005826472733340489,3,0.6380274826522142,1000,PRUNED
49,0.04002226144075394,2026-05-19 00:09:59.376794,2026-05-19 00:09:59.610451,0 days 00:00:00.233657,48,1.8564733706197314,0.09904377215721646,0.004119320896556683,6,0.5719850908989471,2000,PRUNED
50,0.19305667281150818,2026-05-19 00:09:59.616617,2026-05-19 00:09:59.836799,0 days 00:00:00.220182,32,23.22638218820746,0.019979903114283434,0.003240434410087215,5,0.7030474327466109,5000,PRUNED
51,0.04551203176379204,2026-05-19 00:09:59.843393,2026-05-19 00:10:00.085761,0 days 00:00:00.242368,112,1.2298842684466038,0.4496190595964546,0.008190358712782174,6,0.8208210194550478,4000,PRUNED
52,0.00010966231639031321,2026-05-19 00:10:00.092272,2026-05-19 00:10:13.796389,0 days 00:00:13.704117,112,1.1515445432451035,0.5662774045620603,0.005287415323244471,6,0.7952786668415227,4000,COMPLETE
53,0.04879035800695419,2026-05-19 00:10:13.804519,2026-05-19 00:10:14.089522,0 days 00:00:00.285003,128,1.3732717029463324,0.8045895833613549,0.006143807909211105,6,0.8662453938413313,4000,PRUNED
54,0.052067652344703674,2026-05-19 00:10:14.095952,2026-05-19 00:10:14.381176,0 days 00:00:00.285224,96,28.903312130221295,0.44155613559488055,0.004414005985193783,6,0.7650410175277197,4000,PRUNED
55,0.05365759879350662,2026-05-19 00:10:14.387826,2026-05-19 00:10:14.612738,0 days 00:00:00.224912,128,4.861835771284161,1.111721577984534,0.0077518833685494256,5,0.8353022089547844,3000,PRUNED
56,0.0384148433804512,2026-05-19 00:10:14.622127,2026-05-19 00:10:14.854310,0 days 00:00:00.232183,112,1.5054618019731576,0.30184433346421824,0.009495297628168458,4,0.7217567478135423,5000,PRUNED
57,4.7596746298950166e-05,2026-05-19 00:10:14.861836,2026-05-19 00:10:35.982989,0 days 00:00:21.121153,96,2.4402882481272425,0.1972756436166849,0.006255532391606076,6,0.5156428556473345,4000,COMPLETE
58,0.038820747286081314,2026-05-19 00:10:35.994227,2026-05-19 00:10:36.212563,0 days 00:00:00.218336,80,2.449100839553433,0.04579548317796388,0.0023709668316065154,5,0.5034967037837467,5000,PRUNED
59,0.00027956272242590785,2026-05-19 00:10:36.220562,2026-05-19 00:10:53.102532,0 days 00:00:16.881970,96,3.438438779477706,0.12333236163948574,0.007100621504316218,6,0.44070467870590174,3000,COMPLETE
60,0.09170134365558624,2026-05-19 00:10:53.113967,2026-05-19 00:10:53.362169,0 days 00:00:00.248202,64,4.813504835247674,0.0847668931198815,0.0014746501183981592,5,0.3684955628179182,4000,PRUNED
61,0.00012114941637264565,2026-05-19 00:10:53.368710,2026-05-19 00:11:10.184223,0 days 00:00:16.815513,96,2.1229664468986593,0.19330916929766137,0.0051671203130213795,6,0.49603435609289676,4000,COMPLETE
62,0.035236526280641556,2026-05-19 00:11:10.197196,2026-05-19 00:11:10.485231,0 days 00:00:00.288035,112,1.1741205513727815,0.4961153455038527,0.006045885008549616,6,0.7658160161248103,4000,PRUNED
63,0.06924746930599213,2026-05-19 00:11:10.493652,2026-05-19 00:11:10.775481,0 days 00:00:00.281829,112,1.7050111749079488,0.26951267688852815,0.00019569524800225723,6,0.8028551748976568,4000,PRUNED
64,0.03743970766663551,2026-05-19 00:11:10.784351,2026-05-19 00:11:11.027414,0 days 00:00:00.243063,96,8.875989754098372,0.7079130446664552,0.00847241718333345,6,0.6568139135285815,5000,PRUNED
65,0.05658135190606117,2026-05-19 00:11:11.039724,2026-05-19 00:11:11.285550,0 days 00:00:00.245826,80,2.867625339507804,0.3538249586320617,0.004100047748074856,6,0.5895917764199645,4000,PRUNED
66,0.03955724462866783,2026-05-19 00:11:11.291813,2026-05-19 00:11:11.532429,0 days 00:00:00.240616,128,1.4034195558335432,0.18266612696331663,0.009896782389528949,6,0.6161195176134491,1000,PRUNED
67,0.08733139932155609,2026-05-19 00:11:11.539105,2026-05-19 00:11:11.755512,0 days 00:00:00.216407,16,1.0711049164441786,0.0043102115913214644,0.0047386581948153945,5,0.5500723999033091,2000,PRUNED
68,0.014631345868110657,2026-05-19 00:11:11.762350,2026-05-19 00:11:12.409876,0 days 00:00:00.647526,112,1.6553992225218868,1.1906902849461076,0.006103111354590563,6,0.8960280150072226,4000,PRUNED
69,0.01746273972094059,2026-05-19 00:11:12.416701,2026-05-19 00:11:12.998118,0 days 00:00:00.581417,96,6.812010789307351,2.56495725319339,0.0030808731716810457,5,0.8500723436407439,3000,PRUNED
70,9.791968477657065e-05,2026-05-19 00:11:13.006922,2026-05-19 00:11:28.182288,0 days 00:00:15.175366,80,4.110311902397977,0.8913240666838462,0.007408771387633091,6,0.7790522994689392,5000,COMPLETE
71,0.03605222329497337,2026-05-19 00:11:28.191402,2026-05-19 00:11:28.454378,0 days 00:00:00.262976,80,3.9942914745411526,1.5456197867792392,0.007104813683391908,6,0.7775321633423962,5000,PRUNED
72,0.017527928575873375,2026-05-19 00:11:28.461176,2026-05-19 00:11:29.154755,0 days 00:00:00.693579,80,2.9964095994732545,0.8577248157723356,0.007481326297248109,6,0.7932328838838255,5000,PRUNED
73,0.039194054901599884,2026-05-19 00:11:29.161891,2026-05-19 00:11:29.450370,0 days 00:00:00.288479,96,11.789518064464515,0.6615547930754752,0.009012229875685332,6,0.7343084630113087,5000,PRUNED
74,0.04094337671995163,2026-05-19 00:11:29.457736,2026-05-19 00:11:29.705261,0 days 00:00:00.247525,64,2.6882395093793994,0.3925881502119985,0.005125105089331579,6,0.8694251459775721,5000,PRUNED
75,0.03480866178870201,2026-05-19 00:11:29.711502,2026-05-19 00:11:29.944609,0 days 00:00:00.233107,96,2.152453451490417,0.24302873833026536,0.003727540164388785,6,0.7524614553253798,5000,PRUNED
76,0.055460184812545776,2026-05-19 00:11:29.950988,2026-05-19 00:11:30.140148,0 days 00:00:00.189160,112,5.163201626563673,5.074456722204908,0.00656581181134739,4,0.8312906465889688,5000,PRUNED
77,0.1754404604434967,2026-05-19 00:11:30.146385,2026-05-19 00:11:30.295254,0 days 00:00:00.148869,80,4.209609213964832,0.0012205945242266213,0.0005539199503058976,2,0.7831042509436448,4000,PRUNED
78,0.03852463513612747,2026-05-19 00:11:30.301578,2026-05-19 00:11:30.519461,0 days 00:00:00.217883,32,3.441968162948334,0.9852429478889964,0.007847502599754778,5,0.6859208484229739,4000,PRUNED
79,9.50672838371247e-05,2026-05-19 00:11:30.526008,2026-05-19 00:11:45.758016,0 days 00:00:15.232008,64,1.0009958646585486,0.05600989363387054,0.005781272446649668,4,0.7228481054073705,5000,COMPLETE
80,0.0017772308783605695,2026-05-19 00:11:45.771901,2026-05-19 00:11:49.283629,0 days 00:00:03.511728,64,1.5222443245078594,0.049316515014835784,0.005839850515722255,4,0.7149067711307958,5000,PRUNED
81,0.04415815323591232,2026-05-19 00:11:49.290375,2026-05-19 00:11:49.487824,0 days 00:00:00.197449,48,1.0276887053930144,0.15203697851007444,0.004734278535085702,4,0.8062967986030541,5000,PRUNED
82,0.010691216215491295,2026-05-19 00:11:49.494994,2026-05-19 00:11:50.066705,0 days 00:00:00.571711,64,1.198909883478055,0.08742911389616814,0.006840011559475816,3,0.3457305882073181,5000,PRUNED
83,0.033828262239694595,2026-05-19 00:11:50.073072,2026-05-19 00:11:50.268726,0 days 00:00:00.195654,64,1.2943286003957655,0.06519408867672942,0.008753066918931107,4,0.7642063041831032,5000,PRUNED
84,0.04704230651259422,2026-05-19 00:11:50.275052,2026-05-19 00:11:50.519572,0 days 00:00:00.244520,48,37.611230902126465,0.1234887555007529,0.005850342696192187,6,0.8198604606015003,4000,PRUNED
85,0.056537263095378876,2026-05-19 00:11:50.526225,2026-05-19 00:11:50.673828,0 days 00:00:00.147603,112,1.8823294265480066,0.560306785839222,0.004259832209609506,2,0.655732566591839,5000,PRUNED
86,0.05098124220967293,2026-05-19 00:11:50.680109,2026-05-19 00:11:50.915756,0 days 00:00:00.235647,112,1.3795111162597273,1.8808248746883636,0.00541881901562307,6,0.6900125045356711,4000,PRUNED
87,4.509017526288517e-05,2026-05-19 00:11:50.921998,2026-05-19 00:12:14.363120,0 days 00:00:23.441122,48,1.123972797911625,0.22935014314483232,0.007708100465019511,5,0.7308205034539312,5000,COMPLETE
88,7.262713188538328e-05,2026-05-19 00:12:14.375757,2026-05-19 00:12:30.696591,0 days 00:00:16.320834,48,1.120265513641534,0.2317777113066453,0.007684015817731283,5,0.7498286055271542,5000,COMPLETE
89,0.033051565289497375,2026-05-19 00:12:30.704920,2026-05-19 00:12:30.945217,0 days 00:00:00.240297,48,1.1102897966252454,0.2614315453864285,0.007919690925029485,5,0.7397018547323401,5000,PRUNED
90,0.035529330372810364,2026-05-19 00:12:30.951342,2026-05-19 00:12:31.197349,0 days 00:00:00.246007,32,12.350903137086352,0.21584978314259395,0.009974717894760244,5,0.705558599326415,5000,PRUNED
91,0.033766504377126694,2026-05-19 00:12:31.203671,2026-05-19 00:12:31.472888,0 days 00:00:00.269217,48,1.5489096210921602,0.16756285088164544,0.007300059073278331,5,0.7272434254383887,5000,PRUNED
92,0.00010489280248293653,2026-05-19 00:12:31.480852,2026-05-19 00:12:44.999815,0 days 00:00:13.518963,48,1.0067173336713453,0.1084668501331729,0.008851274674300273,5,0.7517666518475381,5000,COMPLETE
93,0.039919961243867874,2026-05-19 00:12:45.008640,2026-05-19 00:12:45.253014,0 days 00:00:00.244374,64,87.91947350696965,0.32453644653009645,0.0063879764588250275,5,0.778493403697795,5000,PRUNED
94,0.03974633663892746,2026-05-19 00:12:45.259737,2026-05-19 00:12:45.502379,0 days 00:00:00.242642,48,19.248118719976052,0.4870800000413662,0.008023858956565984,5,0.3944849147356742,5000,PRUNED
95,0.03408413007855415,2026-05-19 00:12:45.509567,2026-05-19 00:12:45.729327,0 days 00:00:00.219760,32,1.1201891128861414,0.048482400546090994,0.006645470023105583,4,0.6235153015691655,5000,PRUNED
96,0.0010755927069112659,2026-05-19 00:12:45.736780,2026-05-19 00:12:52.871832,0 days 00:00:07.135052,80,2.525161687291777,0.024545149359219764,0.009006186734360702,5,0.7207394249235691,5000,PRUNED
97,0.05885834991931915,2026-05-19 00:12:52.879028,2026-05-19 00:12:53.061518,0 days 00:00:00.182490,48,1.3078902936481727,0.4228509729293709,0.004663021147418295,3,0.7541734956620737,5000,PRUNED
98,0.0064735738560557365,2026-05-19 00:12:53.068465,2026-05-19 00:12:54.386661,0 days 00:00:01.318196,64,1.7854642269574816,0.207858361682187,0.007574583544711976,5,0.6946626569349474,2000,PRUNED
99,0.04831289127469063,2026-05-19 00:12:54.395108,2026-05-19 00:12:54.653064,0 days 00:00:00.257956,32,7.018553042212645,0.13381236306588282,0.005074037515102149,5,0.6665091535895218,5000,PRUNED
100,0.12211548537015915,2026-05-19 00:12:54.661772,2026-05-19 00:12:54.890567,0 days 00:00:00.228795,16,57.10538879474216,0.34771855538986524,0.006366981656793555,5,0.7932462371487915,3000,PRUNED
101,0.0001454092562198639,2026-05-19 00:12:54.898358,2026-05-19 00:13:10.734207,0 days 00:00:15.835849,48,1.0140199370121237,0.07280419899825523,0.00879301587940706,5,0.7585374528291564,5000,COMPLETE
102,0.033097729086875916,2026-05-19 00:13:10.745969,2026-05-19 00:13:11.002911,0 days 00:00:00.256942,48,1.1768529696331942,0.11391084308795767,0.009256108235869916,5,0.7733268400676591,5000,PRUNED
103,0.00010140213998965919,2026-05-19 00:13:11.010717,2026-05-19 00:13:28.213176,0 days 00:00:17.202459,48,1.0043984351973327,0.09414018498510708,0.007056620065118997,5,0.7309490800318786,5000,COMPLETE
104,0.005891670007258654,2026-05-19 00:13:28.221851,2026-05-19 00:13:29.223391,0 days 00:00:01.001540,64,1.4679068949553895,0.16074026040492448,0.005670893128870284,4,0.7356197393954294,5000,PRUNED
105,0.05075867474079132,2026-05-19 00:13:29.230928,2026-05-19 00:13:29.456116,0 days 00:00:00.225188,48,1.646488694697144,1.3775417217571462,0.006984434251041576,5,0.673515903729134,5000,PRUNED
106,0.039160918444395065,2026-05-19 00:13:29.464212,2026-05-19 00:13:29.712163,0 days 00:00:00.247951,32,1.1341367545079637,0.08723363031109649,0.0034954579481499643,6,0.6456136961394258,5000,PRUNED
107,0.0006369043258018792,2026-05-19 00:13:29.720892,2026-05-19 00:13:36.066701,0 days 00:00:06.345809,48,1.32789928505517,0.27555078427830937,0.008070912138337966,5,0.7132412968300841,5000,PRUNED
108,0.034158967435359955,2026-05-19 00:13:36.076062,2026-05-19 00:13:36.318492,0 days 00:00:00.242430,96,1.952015101146387,0.7607677071762242,0.007264251131568476,6,0.30173600545666057,2000,PRUNED
