number,value,datetime_start,datetime_complete,duration,params_hidden,params_lambda_ic,params_lambda_phys,params_lr,params_n_layers,params_scheduler_gamma,params_scheduler_step,state
549,0.13980013132095337,2026-05-19 00:23:18.606356,2026-05-19 00:23:18.829683,0 days 00:00:00.223327,64,1.136078276076087,0.002999744507980999,0.0008772010017755794,5,0.5525952005235212,5000,PRUNED
550,0.03513015806674957,2026-05-19 00:23:18.837652,2026-05-19 00:23:19.082059,0 days 00:00:00.244407,64,1.001079865019341,0.7910043133023488,0.006289173454969284,6,0.7789798152948313,5000,PRUNED
551,0.033218491822481155,2026-05-19 00:23:19.089879,2026-05-19 00:23:19.269983,0 days 00:00:00.180104,80,1.531530539532175,0.19352837652593968,0.009170763310213353,3,0.3440575540346442,4000,PRUNED
552,0.0316472128033638,2026-05-19 00:23:19.278032,2026-05-19 00:23:19.520754,0 days 00:00:00.242722,112,3.8685497306280956,0.1354960525747462,0.007423410618851738,6,0.7998874975134415,5000,PRUNED
553,0.029199304059147835,2026-05-19 00:23:19.528471,2026-05-19 00:23:19.750457,0 days 00:00:00.221986,64,2.797235368134131,0.3664377610974532,0.008144251681603175,5,0.69505640497409,5000,PRUNED
554,0.028985261917114258,2026-05-19 00:23:19.757330,2026-05-19 00:23:19.995067,0 days 00:00:00.237737,48,2.0513280339860747,0.25572945514879963,0.006820447801736376,6,0.5741055507844588,5000,PRUNED
555,0.029627762734889984,2026-05-19 00:23:20.001558,2026-05-19 00:23:20.175513,0 days 00:00:00.173955,112,1.111583781769305,0.16049080628260007,0.009162950774482105,3,0.7428685955841602,5000,PRUNED
556,0.03674788773059845,2026-05-19 00:23:20.181975,2026-05-19 00:23:20.404126,0 days 00:00:00.222151,64,1.2655887944760191,0.22184245312960466,0.00770582474382334,5,0.7512227757508286,4000,PRUNED
557,0.018117964267730713,2026-05-19 00:23:20.410815,2026-05-19 00:23:20.859560,0 days 00:00:00.448745,96,12.078973249282637,0.11292926148304028,0.008475158726858686,6,0.8287665268826474,5000,PRUNED
558,0.05852549895644188,2026-05-19 00:23:20.866143,2026-05-19 00:23:21.112605,0 days 00:00:00.246462,48,1.2036899312748897,1.738749929623724,0.009994256316662321,6,0.6647132255413952,5000,PRUNED
559,0.04989471659064293,2026-05-19 00:23:21.119769,2026-05-19 00:23:21.321266,0 days 00:00:00.201497,64,1.4285969973388948,0.3067560002488837,0.004663266980011853,4,0.4373575531219005,5000,PRUNED
560,0.033124733716249466,2026-05-19 00:23:21.327940,2026-05-19 00:23:21.556486,0 days 00:00:00.228546,64,1.8376293098711258,0.5285594763699724,0.0064987811278158746,5,0.4887555083705427,5000,PRUNED
561,0.032137949019670486,2026-05-19 00:23:21.563187,2026-05-19 00:23:21.798285,0 days 00:00:00.235098,48,1.0915017349953213,0.18731086327346733,0.005571184191229024,5,0.7237366582798719,4000,PRUNED
562,0.03594648838043213,2026-05-19 00:23:21.805341,2026-05-19 00:23:22.056545,0 days 00:00:00.251204,80,1.29090097272873,0.7004581267900075,0.008722397432644314,6,0.7617597893825211,4000,PRUNED
563,0.031014876440167427,2026-05-19 00:23:22.063387,2026-05-19 00:23:22.292935,0 days 00:00:00.229548,32,1.1106511258767944,0.0730750730379481,0.007630537934165635,5,0.7854892131879699,5000,PRUNED
564,0.0570177361369133,2026-05-19 00:23:22.299530,2026-05-19 00:23:22.545319,0 days 00:00:00.245789,64,3.291877136002455,0.14480091872288137,0.007085892125967259,6,0.7315817610158482,5000,PRUNED
565,0.015730855986475945,2026-05-19 00:23:22.552419,2026-05-19 00:23:23.018372,0 days 00:00:00.465953,112,1.1852509459387417,0.24432637251867254,0.0059567714023556146,6,0.6145333398264159,5000,PRUNED
566,0.0049087065272033215,2026-05-19 00:23:23.025649,2026-05-19 00:23:24.592920,0 days 00:00:01.567271,80,1.0020314843710851,0.0010435855196165675,0.008184561194045979,5,0.8122320320391848,4000,PRUNED
567,7.13329718564637e-05,2026-05-19 00:23:24.600575,2026-05-19 00:23:39.377866,0 days 00:00:14.777291,64,1.5118371879773356,0.3380643485114546,0.009137010454251658,6,0.7498654364844215,5000,COMPLETE
568,0.014804108068346977,2026-05-19 00:23:39.386778,2026-05-19 00:23:39.848590,0 days 00:00:00.461812,48,1.8037660387519527,0.42833412226038303,0.0069575602114701094,6,0.759094555437134,5000,PRUNED
569,0.05809826776385307,2026-05-19 00:23:39.855445,2026-05-19 00:23:40.030794,0 days 00:00:00.175349,64,1.6204766927399021,0.3495848818381954,0.0076924030318258315,2,0.7460645159276661,1000,PRUNED
570,0.0007704813033342361,2026-05-19 00:23:40.037713,2026-05-19 00:23:44.444111,0 days 00:00:04.406398,48,1.5290370154157857,0.4164069292154629,0.009048236244488538,6,0.7716390437407845,5000,PRUNED
571,0.04619457945227623,2026-05-19 00:23:44.452572,2026-05-19 00:23:44.666871,0 days 00:00:00.214299,64,1.634493560816766,0.3333214360912966,0.006393856875793327,4,0.7470747549909457,4000,PRUNED
572,0.04640816152095795,2026-05-19 00:23:44.676637,2026-05-19 00:23:44.903641,0 days 00:00:00.227004,48,1.4760424039774531,0.5223923285759586,0.005082893747206593,5,0.7335109593383156,5000,PRUNED
573,0.030295535922050476,2026-05-19 00:23:44.911647,2026-05-19 00:23:45.153356,0 days 00:00:00.241709,64,1.9770397175173353,0.6327944834201862,0.008309133239256963,6,0.7149635404725355,5000,PRUNED
574,0.04088423773646355,2026-05-19 00:23:45.161681,2026-05-19 00:23:45.407166,0 days 00:00:00.245485,96,1.3911093140520034,0.30580466472129864,0.009244563626650423,6,0.7569957926922858,5000,PRUNED
575,0.044599827378988266,2026-05-19 00:23:45.415020,2026-05-19 00:23:45.670263,0 days 00:00:00.255243,112,1.7614795123952292,0.9332844171275239,0.007417650777138943,6,0.38310361445951885,4000,PRUNED
576,0.03435448929667473,2026-05-19 00:23:45.676940,2026-05-19 00:23:45.896464,0 days 00:00:00.219524,64,1.3651574722769557,0.37355301708121963,0.0059848859868912654,5,0.7888960644860926,5000,PRUNED
577,0.08485198765993118,2026-05-19 00:23:45.902859,2026-05-19 00:23:46.115731,0 days 00:00:00.212872,16,85.38778416296658,0.46450569120583485,0.00853736971974173,5,0.7667643117280059,5000,PRUNED
578,0.035255830734968185,2026-05-19 00:23:46.122268,2026-05-19 00:23:46.342352,0 days 00:00:00.220084,64,2.4651377763357383,0.09151567167593054,0.006821970970554818,5,0.7382028223366901,5000,PRUNED
579,0.03352069482207298,2026-05-19 00:23:46.349820,2026-05-19 00:23:46.591775,0 days 00:00:00.241955,128,1.5539121380381813,0.29363184004670384,0.00072095624764307,6,0.7743752844061494,4000,PRUNED
580,0.03468194231390953,2026-05-19 00:23:46.598909,2026-05-19 00:23:46.837177,0 days 00:00:00.238268,80,6.637280698560534,0.04594536005666707,0.008010801283044476,6,0.7201188825156171,5000,PRUNED
581,0.03382720425724983,2026-05-19 00:23:46.844114,2026-05-19 00:23:47.062444,0 days 00:00:00.218330,48,1.2219388997042226,0.2648962455191954,0.00929711784963318,5,0.745858272641202,5000,PRUNED
582,0.04312621057033539,2026-05-19 00:23:47.068920,2026-05-19 00:23:47.318013,0 days 00:00:00.249093,32,8.903102582419143,1.1478576764092938,0.005474316070382062,6,0.7265777560336482,4000,PRUNED
583,0.0013906242093071342,2026-05-19 00:23:47.324484,2026-05-19 00:23:50.895341,0 days 00:00:03.570857,64,1.3108519137579673,0.10056534793561116,0.007323607749730848,5,0.7544539975152862,5000,PRUNED
584,0.039117686450481415,2026-05-19 00:23:50.904778,2026-05-19 00:23:51.186124,0 days 00:00:00.281346,48,1.495119141822177,0.40557583589607715,0.008502680113627837,6,0.7067566633155238,2000,PRUNED
585,0.016964981332421303,2026-05-19 00:23:51.194422,2026-05-19 00:23:51.602250,0 days 00:00:00.407828,64,1.3081374220986022,0.06594134914821843,0.006543115152198607,4,0.7962022024657995,3000,PRUNED
586,0.034173864871263504,2026-05-19 00:23:51.611621,2026-05-19 00:23:51.882397,0 days 00:00:00.270776,48,1.0003917096948152,0.3395027714191073,0.009986247989808794,5,0.7746126794452062,5000,PRUNED
587,0.020245900377631187,2026-05-19 00:23:51.891761,2026-05-19 00:23:52.429206,0 days 00:00:00.537445,64,1.1723754735985363,0.1180799151099142,0.0043546561209182105,6,0.7358024137451011,3000,PRUNED
588,0.002465540776029229,2026-05-19 00:23:52.438127,2026-05-19 00:23:54.735350,0 days 00:00:02.297223,64,1.6998895441610213,0.23603149988649322,0.007769019115250702,6,0.5424349883684876,5000,PRUNED
589,0.042739786207675934,2026-05-19 00:23:54.742668,2026-05-19 00:23:55.025957,0 days 00:00:00.283289,112,1.0969405600851392,1.4439374898948656,0.009016042002401508,6,0.80470602477391,4000,PRUNED
590,0.032350681722164154,2026-05-19 00:23:55.033609,2026-05-19 00:23:55.267817,0 days 00:00:00.234208,80,1.2412605785735384,0.5652629766181366,0.005944411426122845,5,0.5601179016812583,5000,PRUNED
591,0.04990240931510925,2026-05-19 00:23:55.275163,2026-05-19 00:23:55.533995,0 days 00:00:00.258832,48,72.01979635043912,0.16940671220232612,0.0071555254957552565,6,0.762663877309762,5000,PRUNED
592,0.06950592249631882,2026-05-19 00:23:55.541659,2026-05-19 00:23:55.799561,0 days 00:00:00.257902,112,1.4510466426668143,0.1973110244084692,0.0003859652133069738,5,0.7504721838888332,5000,PRUNED
593,0.030511662364006042,2026-05-19 00:23:55.806310,2026-05-19 00:23:56.046598,0 days 00:00:00.240288,64,1.0980053931533935,0.2866988097233481,0.007955935544992751,5,0.6926453543920869,4000,PRUNED
594,0.05978194624185562,2026-05-19 00:23:56.053767,2026-05-19 00:23:56.226056,0 days 00:00:00.172289,96,2.219790391559767,0.7883451293420308,0.005106330419842897,2,0.822743874663054,5000,PRUNED
595,0.001089816098101437,2026-05-19 00:23:56.233075,2026-05-19 00:24:00.221510,0 days 00:00:03.988435,48,1.335270006431447,0.14591371993437285,0.008718301629714466,6,0.784957126385728,5000,PRUNED
596,0.05293532833456993,2026-05-19 00:24:00.228207,2026-05-19 00:24:00.476492,0 days 00:00:00.248285,64,1.1790856598533292,0.46458010190839527,0.001116270234095786,6,0.7271959515737503,5000,PRUNED
597,0.03967142105102539,2026-05-19 00:24:00.483594,2026-05-19 00:24:00.732409,0 days 00:00:00.248815,48,1.0781334741849353,0.12282336238556342,0.006671519100136229,6,0.7104166141160425,4000,PRUNED
598,0.031810034066438675,2026-05-19 00:24:00.738800,2026-05-19 00:24:00.986521,0 days 00:00:00.247721,80,1.2618408790811186,0.08269970251976685,0.009936586337299588,5,0.7380191125407829,5000,PRUNED
599,0.03225170448422432,2026-05-19 00:24:00.992872,2026-05-19 00:24:01.220324,0 days 00:00:00.227452,64,1.003969436194208,0.3606100231729759,0.007915411543970708,5,0.7527915947008341,5000,PRUNED
600,0.05530409514904022,2026-05-19 00:24:01.227134,2026-05-19 00:24:01.407524,0 days 00:00:00.180390,64,1.1744026862768144,0.20773185204261027,0.006301852497503529,3,0.5119016297323438,5000,PRUNED
601,0.029155120253562927,2026-05-19 00:24:01.414021,2026-05-19 00:24:01.665446,0 days 00:00:00.251425,48,1.9594603374584758,0.2505777941441735,0.009150956062305201,6,0.5848938524855135,5000,PRUNED
602,0.028831196948885918,2026-05-19 00:24:01.673201,2026-05-19 00:24:01.921582,0 days 00:00:00.248381,112,1.413966689494423,0.1013137856581615,0.007339672057332351,6,0.5999593219016459,4000,PRUNED
603,0.02870027907192707,2026-05-19 00:24:01.929669,2026-05-19 00:24:02.176117,0 days 00:00:00.246448,64,1.0799939025865606,0.3037518573619569,0.00547892727021339,6,0.8060664504743973,5000,PRUNED
604,0.034232474863529205,2026-05-19 00:24:02.183927,2026-05-19 00:24:02.413487,0 days 00:00:00.229560,32,1.6073409471689772,0.6309037844685499,0.008537350060181097,5,0.7736973915441048,4000,PRUNED
605,9.196618339046836e-05,2026-05-19 00:24:02.421657,2026-05-19 00:24:15.455908,0 days 00:00:13.034251,64,1.258090781237619,0.1627168150264294,0.008138609422551703,6,0.7177938114414215,5000,COMPLETE
606,0.028611714020371437,2026-05-19 00:24:15.465491,2026-05-19 00:24:15.748950,0 days 00:00:00.283459,64,1.292422702636497,0.14631875971497227,0.007914471670047926,6,0.6801943427620408,5000,PRUNED
607,0.0029498396907001734,2026-05-19 00:24:15.756112,2026-05-19 00:24:17.196461,0 days 00:00:01.440349,64,1.1550229720004184,0.1693911708281969,0.009183756277608151,5,0.7172631543337689,5000,PRUNED
608,0.003625116776674986,2026-05-19 00:24:17.203333,2026-05-19 00:24:18.357344,0 days 00:00:01.154011,64,1.1265993880357608,0.1360218801425699,0.008316973303225358,5,0.6932708905933095,5000,PRUNED
609,0.028287779539823532,2026-05-19 00:24:18.364072,2026-05-19 00:24:18.656416,0 days 00:00:00.292344,64,1.3792024265364922,0.1932180864868921,0.0025839174273482764,6,0.7046205639976021,5000,PRUNED
610,0.03971545025706291,2026-05-19 00:24:18.663978,2026-05-19 00:24:18.957288,0 days 00:00:00.293310,64,7.122016127309018,0.16012204463722124,0.007558213288139646,6,0.7247744376941957,5000,PRUNED
611,0.0049881283193826675,2026-05-19 00:24:18.966694,2026-05-19 00:24:19.925370,0 days 00:00:00.958676,64,1.0024190079932218,0.12683581507388403,0.009212262851260065,5,0.7158679929874661,5000,PRUNED
612,0.00013543173554353416,2026-05-19 00:24:19.932294,2026-05-19 00:24:33.095303,0 days 00:00:13.163009,64,1.229265901006726,0.21640781227716976,0.008637785040154018,6,0.7349165013294271,5000,COMPLETE
613,0.01824413612484932,2026-05-19 00:24:33.106080,2026-05-19 00:24:33.585204,0 days 00:00:00.479124,64,2.645460627417793,0.05661290240047465,0.007305782096554471,5,0.7042577037070983,5000,PRUNED
614,0.033328961580991745,2026-05-19 00:24:33.593548,2026-05-19 00:24:33.843272,0 days 00:00:00.249724,64,4.750900643898706,0.03857491792463224,0.008260666126786987,6,0.7290859823360525,5000,PRUNED
615,0.040823787450790405,2026-05-19 00:24:33.851219,2026-05-19 00:24:34.064254,0 days 00:00:00.213035,64,23.134620950583347,0.17767308412051244,0.009247424596199027,5,0.7435263501770408,5000,PRUNED
616,0.030798308551311493,2026-05-19 00:24:34.071485,2026-05-19 00:24:34.309176,0 days 00:00:00.237691,48,1.5339882650271524,0.10823398439366617,0.006871997268473276,6,0.7558392450881646,5000,PRUNED
617,0.045464709401130676,2026-05-19 00:24:34.315716,2026-05-19 00:24:34.513304,0 days 00:00:00.197588,80,1.0788343648864234,0.2396072999893577,0.007892859186613447,4,0.7210724613350252,2000,PRUNED
618,0.00013277855759952217,2026-05-19 00:24:34.519724,2026-05-19 00:24:47.679576,0 days 00:00:13.159852,64,1.2364547434717823,0.20467130091490002,0.00997560116184212,6,0.741082304783388,5000,COMPLETE
619,0.0013741606380790472,2026-05-19 00:24:47.690845,2026-05-19 00:24:51.386046,0 days 00:00:03.695201,64,1.7870334455408687,0.07275691840904518,0.008626132481315031,6,0.5320390650205753,5000,PRUNED
620,0.07751482725143433,2026-05-19 00:24:51.393819,2026-05-19 00:24:51.627013,0 days 00:00:00.233194,48,1.0895937264771494,0.09008469938861481,0.00048626300691641093,5,0.7138104690487367,5000,PRUNED
621,0.03104441985487938,2026-05-19 00:24:51.634212,2026-05-19 00:24:51.839209,0 days 00:00:00.204997,64,2.077349899861958,0.15286844303094657,0.007178755965661836,4,0.729554281310751,5000,PRUNED
622,0.037263840436935425,2026-05-19 00:24:51.846945,2026-05-19 00:24:52.068362,0 days 00:00:00.221417,80,53.295871285040896,0.26369867597738156,0.007783748564314244,5,0.7567577287365691,5000,PRUNED
623,0.0027964168693870306,2026-05-19 00:24:52.076057,2026-05-19 00:24:53.551847,0 days 00:00:01.475790,64,1.3605539459528042,0.11737254681249835,0.00998395885025978,6,0.7438312791933825,5000,PRUNED
624,0.04353100806474686,2026-05-19 00:24:53.558947,2026-05-19 00:24:53.813353,0 days 00:00:00.254406,48,33.14464189070733,0.17267390810452574,0.008226282257507793,6,0.3996726397342163,5000,PRUNED
625,0.03386317193508148,2026-05-19 00:24:53.820149,2026-05-19 00:24:54.106688,0 days 00:00:00.286539,64,1.1845764685368212,0.2296976275572871,0.006753745448930248,6,0.3293667677204104,5000,PRUNED
626,0.02007310837507248,2026-05-19 00:24:54.113623,2026-05-19 00:24:54.531667,0 days 00:00:00.418044,48,3.705214178194915,0.269105948407023,0.009148716511688882,5,0.7008843922942902,5000,PRUNED
627,0.033054955303668976,2026-05-19 00:24:54.538849,2026-05-19 00:24:54.769549,0 days 00:00:00.230700,96,1.0013153825099412,0.131967288001583,0.007414522737656562,5,0.6548193934010877,3000,PRUNED
628,0.000800686189904809,2026-05-19 00:24:54.776408,2026-05-19 00:24:59.114115,0 days 00:00:04.337707,64,1.0923445230715363,0.18747860450197706,0.008513172959110742,6,0.6882004013683821,5000,PRUNED
629,0.03310975059866905,2026-05-19 00:24:59.121965,2026-05-19 00:24:59.349231,0 days 00:00:00.227266,48,1.4715194027885277,0.3121409954907787,0.0089131947045456,5,0.7314314351552647,5000,PRUNED
630,0.01571515016257763,2026-05-19 00:24:59.357743,2026-05-19 00:25:00.099169,0 days 00:00:00.741426,64,1.2733779401315544,0.21787786810433288,0.006535041108669571,6,0.6243626414399787,5000,PRUNED
631,0.03279280662536621,2026-05-19 00:25:00.106359,2026-05-19 00:25:00.383998,0 days 00:00:00.277639,96,2.368694164970953,0.0901104669990035,0.007774307346284114,6,0.7616429387559697,5000,PRUNED
632,0.03328026086091995,2026-05-19 00:25:00.390634,2026-05-19 00:25:00.590245,0 days 00:00:00.199611,48,1.1613937639128156,0.05187519340341451,0.009313144896018139,3,0.7699814102092932,5000,PRUNED
633,0.010160598903894424,2026-05-19 00:25:00.597026,2026-05-19 00:25:01.244604,0 days 00:00:00.647578,64,1.0839064846469126,0.009402456343443897,0.007060832216333295,6,0.6377291773946484,5000,PRUNED
634,0.03169991075992584,2026-05-19 00:25:01.251050,2026-05-19 00:25:01.422645,0 days 00:00:00.171595,80,1.0049210776793018,0.171826424310336,0.008186178651997155,3,0.746823823110545,5000,PRUNED
635,0.0355694442987442,2026-05-19 00:25:01.429136,2026-05-19 00:25:01.662121,0 days 00:00:00.232985,32,1.6006677787085455,0.10718666860869307,0.006256834372765165,5,0.7130509237382239,5000,PRUNED
636,0.0436076819896698,2026-05-19 00:25:01.668512,2026-05-19 00:25:01.906205,0 days 00:00:00.237693,64,5.366070991859734,0.14830682400596273,0.008676835458603972,6,0.6695751319379585,5000,PRUNED
637,0.046090830117464066,2026-05-19 00:25:01.913292,2026-05-19 00:25:02.136654,0 days 00:00:00.223362,48,1.326561035898829,0.9183337007042449,0.007596354570874907,5,0.7802668210575431,5000,PRUNED
638,0.004856877960264683,2026-05-19 00:25:02.144422,2026-05-19 00:25:03.227855,0 days 00:00:01.083433,64,2.9146744967284155,0.06777407308005975,0.009270360180025933,5,0.7339835273280777,5000,PRUNED
639,0.015313350595533848,2026-05-19 00:25:03.234269,2026-05-19 00:25:03.689281,0 days 00:00:00.455012,48,1.1991227279232304,0.2520705045077957,0.009969559623781186,6,0.7481345133140189,5000,PRUNED
640,0.028570175170898438,2026-05-19 00:25:03.696051,2026-05-19 00:25:03.932525,0 days 00:00:00.236474,64,1.0012073356945494,0.33227291110261975,0.0068790954937498995,6,0.7203298467005192,5000,PRUNED
641,0.029882825911045074,2026-05-19 00:25:03.938968,2026-05-19 00:25:04.180518,0 days 00:00:00.241550,80,1.153941445258793,0.20388041392497933,0.008294274709694538,6,0.7604018791497467,5000,PRUNED
642,0.04501999169588089,2026-05-19 00:25:04.186922,2026-05-19 00:25:04.416485,0 days 00:00:00.229563,64,1.4596040800179053,1.1477015456342767,0.007477443848800384,5,0.788782705639396,5000,PRUNED
643,0.030947091057896614,2026-05-19 00:25:04.423667,2026-05-19 00:25:04.665439,0 days 00:00:00.241772,64,1.2854826314448506,0.13261024034773702,0.005946493473899276,5,0.4123929592164791,5000,PRUNED
644,0.031455159187316895,2026-05-19 00:25:04.671862,2026-05-19 00:25:04.963021,0 days 00:00:00.291159,48,4.160990375615669,0.26579878848884375,0.009991022542468008,6,0.7378636437225798,5000,PRUNED
645,0.03316853940486908,2026-05-19 00:25:04.969935,2026-05-19 00:25:05.210189,0 days 00:00:00.240254,32,1.1043870513011753,0.08139699701793549,0.008611218735362398,5,0.7009189834412354,5000,PRUNED
646,0.02944210171699524,2026-05-19 00:25:05.217723,2026-05-19 00:25:05.467598,0 days 00:00:00.249875,64,1.2187392207757326,0.37143681664716344,0.006789787500130314,6,0.35501928301015523,5000,PRUNED
647,0.014651460573077202,2026-05-19 00:25:05.473895,2026-05-19 00:25:05.928243,0 days 00:00:00.454348,80,1.8663649061557626,0.193905940084202,0.007894275129067364,6,0.7638931370851426,1000,PRUNED
648,0.0035006338730454445,2026-05-19 00:25:05.935201,2026-05-19 00:25:07.407371,0 days 00:00:01.472170,64,1.6575782862036694,0.30183106680989086,0.009176678999696949,6,0.7260727644471877,5000,PRUNED
649,0.06347570568323135,2026-05-19 00:25:07.413971,2026-05-19 00:25:07.636129,0 days 00:00:00.222158,16,1.0814767207258724,3.0274581788464916,0.00629478291539908,5,0.3762839286199056,5000,PRUNED
650,0.04089125245809555,2026-05-19 00:25:07.642368,2026-05-19 00:25:07.887524,0 days 00:00:00.245156,48,13.804624248701133,0.11145836242827091,0.00768173073848586,6,0.5704817506352102,5000,PRUNED
651,0.03402997553348541,2026-05-19 00:25:07.894039,2026-05-19 00:25:08.094348,0 days 00:00:00.200309,64,1.3924412017357808,0.15487064615372612,0.00850199624005267,4,0.5050235392039988,2000,PRUNED
652,0.043805789202451706,2026-05-19 00:25:08.101027,2026-05-19 00:25:08.335824,0 days 00:00:00.234797,48,1.174158051704734,0.22682170628861945,0.0029084346272118893,5,0.7467390014041021,5000,PRUNED
653,0.033981338143348694,2026-05-19 00:25:08.342354,2026-05-19 00:25:08.538650,0 days 00:00:00.196296,64,1.0882776628444955,0.17936533856660977,0.0073550886198346125,4,0.777498490910655,3000,PRUNED
654,0.012873990461230278,2026-05-19 00:25:08.545001,2026-05-19 00:25:09.215894,0 days 00:00:00.670893,48,1.3079693146633358,0.2792236664495239,0.009997630263066335,6,0.7182970122568318,5000,PRUNED
655,0.05567316338419914,2026-05-19 00:25:09.222568,2026-05-19 00:25:09.375601,0 days 00:00:00.153033,64,1.0009039584885862,0.05993333125299569,0.008555806652121557,2,0.7319733649120694,5000,PRUNED
656,0.039410579949617386,2026-05-19 00:25:09.382188,2026-05-19 00:25:09.599754,0 days 00:00:00.217566,96,1.1922511152747866,0.09944007915304934,0.006872555616164345,5,0.6067308382018328,5000,PRUNED
657,0.05108769237995148,2026-05-19 00:25:09.606233,2026-05-19 00:25:09.859412,0 days 00:00:00.253179,64,1.0974566083676418,1.4778809324831506,0.005850499577322114,6,0.5255928277301674,5000,PRUNED
658,0.013521289452910423,2026-05-19 00:25:09.865829,2026-05-19 00:25:10.265683,0 days 00:00:00.399854,48,1.39870029769452,0.2340252576946298,0.00914851426639448,5,0.7544769245659768,5000,PRUNED
