number,value,datetime_start,datetime_complete,duration,params_hidden,params_lambda_ic,params_lambda_phys,params_lr,params_n_layers,params_scheduler_gamma,params_scheduler_step,state
439,0.04442405700683594,2026-05-19 00:22:13.463809,2026-05-19 00:22:13.664834,0 days 00:00:00.201025,48,1.3480316507785337,0.12819546888410502,0.0062590715412289,4,0.4340208842313408,5000,PRUNED
440,0.03061153180897236,2026-05-19 00:22:13.672780,2026-05-19 00:22:13.895920,0 days 00:00:00.223140,64,1.1921814803753135,0.3249170896357017,0.007894868714018243,5,0.750427732459764,3000,PRUNED
441,0.00102421420160681,2026-05-19 00:22:13.904354,2026-05-19 00:22:18.303862,0 days 00:00:04.399508,48,1.0819792556563304,0.22255812513384335,0.009280557446568367,6,0.631909384961891,2000,PRUNED
442,0.04511307179927826,2026-05-19 00:22:18.311173,2026-05-19 00:22:18.562103,0 days 00:00:00.250930,112,1.176182819897184,0.41777574926244626,0.009997356991694985,6,0.8403784866636649,5000,PRUNED
443,0.03347250074148178,2026-05-19 00:22:18.568321,2026-05-19 00:22:18.992150,0 days 00:00:00.423829,64,3.162277370855749,0.16831822823738818,0.004076122977459856,5,0.7220889317319982,5000,PRUNED
444,0.05142752453684807,2026-05-19 00:22:18.998738,2026-05-19 00:22:19.245260,0 days 00:00:00.246522,32,1.0067151604450042,0.668118633048547,0.0058058556535053344,6,0.7800001744818413,5000,PRUNED
445,0.044275496155023575,2026-05-19 00:22:19.251970,2026-05-19 00:22:19.431658,0 days 00:00:00.179688,64,1.0003994224508863,0.1402298426461045,0.006978307146399515,3,0.5964999774584441,4000,PRUNED
446,0.1662706732749939,2026-05-19 00:22:19.437976,2026-05-19 00:22:19.662211,0 days 00:00:00.224235,48,1.846042024189204,0.005191698018504444,0.0004459267515940709,5,0.801178367866901,5000,PRUNED
447,0.037674680352211,2026-05-19 00:22:19.668638,2026-05-19 00:22:19.914949,0 days 00:00:00.246311,64,1.528541101244388,0.9227704660415018,0.00853201799202275,6,0.5642852063311469,4000,PRUNED
448,0.010845777578651905,2026-05-19 00:22:19.921214,2026-05-19 00:22:20.572424,0 days 00:00:00.651210,64,1.3185101437732443,0.26158587034378844,0.007387405039570689,6,0.7632743162183433,5000,PRUNED
449,0.039307545870542526,2026-05-19 00:22:20.578945,2026-05-19 00:22:20.801717,0 days 00:00:00.222772,96,1.137438374745183,0.07837334880800173,0.008760970120667707,5,0.3353211125763914,5000,PRUNED
450,0.03164113685488701,2026-05-19 00:22:20.808300,2026-05-19 00:22:21.028119,0 days 00:00:00.219819,80,4.639540232157854,0.2099618005430182,0.005126505880502751,5,0.732868823883763,5000,PRUNED
451,0.03276732191443443,2026-05-19 00:22:21.034364,2026-05-19 00:22:21.283354,0 days 00:00:00.248990,48,2.345281363212775,0.35467807904570636,0.0066551557229006745,6,0.5378335683312371,4000,PRUNED
452,0.03689228370785713,2026-05-19 00:22:21.290018,2026-05-19 00:22:21.541126,0 days 00:00:00.251108,112,1.0945712220759605,0.193290431884205,0.007974218379142231,6,0.7448298302833073,5000,PRUNED
453,0.04958151653409004,2026-05-19 00:22:21.548401,2026-05-19 00:22:21.755287,0 days 00:00:00.206886,64,1.2169076658696676,0.26599566546421344,0.006096179742585836,4,0.7103164071382214,5000,PRUNED
454,0.014373325742781162,2026-05-19 00:22:21.762656,2026-05-19 00:22:22.175369,0 days 00:00:00.412713,48,1.366678549772876,0.09756847199812978,0.00911365960292474,5,0.4817899667454582,4000,PRUNED
455,0.031970296055078506,2026-05-19 00:22:22.182748,2026-05-19 00:22:22.408123,0 days 00:00:00.225375,64,2.118897964793071,0.49136950942040886,0.007553095302953433,5,0.8251066518404973,5000,PRUNED
456,0.0007228354224935174,2026-05-19 00:22:22.414694,2026-05-19 00:22:26.779208,0 days 00:00:04.364514,112,1.0752643616560777,0.15135217663322004,0.005584008326686234,6,0.7528780720978273,5000,PRUNED
457,0.06375560164451599,2026-05-19 00:22:26.786809,2026-05-19 00:22:27.030541,0 days 00:00:00.243732,80,1.0029159295001269,1.867438870927482,0.0082400880199838,6,0.7935297325463584,5000,PRUNED
458,0.03434479609131813,2026-05-19 00:22:27.039242,2026-05-19 00:22:27.217770,0 days 00:00:00.178528,64,1.244958284734748,0.12486091650810344,0.006762374255923882,3,0.38758025450259886,4000,PRUNED
459,0.011819545179605484,2026-05-19 00:22:27.226686,2026-05-19 00:22:27.897870,0 days 00:00:00.671184,48,1.4693771459736509,0.31469167741270987,0.00900694177024505,6,0.5805533886294915,2000,PRUNED
460,0.03530356287956238,2026-05-19 00:22:27.905944,2026-05-19 00:22:28.120773,0 days 00:00:00.214829,32,1.1746971367361119,0.22337754485253428,0.002762606461644989,5,0.7234291833601717,5000,PRUNED
461,0.004091020207852125,2026-05-19 00:22:28.128758,2026-05-19 00:22:29.253876,0 days 00:00:01.125118,64,1.0846312442686992,0.05152838482688597,0.007276243188130449,5,0.7696171805636018,5000,PRUNED
462,0.07107901573181152,2026-05-19 00:22:29.260960,2026-05-19 00:22:29.415964,0 days 00:00:00.155004,48,2.6208868368727267,0.39556390508506606,0.0001268079148932344,2,0.8163682932304781,5000,PRUNED
463,0.04979938268661499,2026-05-19 00:22:29.422524,2026-05-19 00:22:29.670015,0 days 00:00:00.247491,128,52.149738232270266,0.07258158754618758,0.009992598182275797,6,0.7338655748503096,3000,PRUNED
464,0.017005478963255882,2026-05-19 00:22:29.676515,2026-05-19 00:22:30.329793,0 days 00:00:00.653278,64,1.3442317506322552,0.16617825176266587,0.007909594825929529,6,0.6845229378224589,1000,PRUNED
465,0.028972569853067398,2026-05-19 00:22:30.336504,2026-05-19 00:22:30.581401,0 days 00:00:00.244897,64,1.645127769475654,0.10838969986319974,0.00628993355441813,6,0.6644902171171851,4000,PRUNED
466,0.057658080011606216,2026-05-19 00:22:30.587871,2026-05-19 00:22:30.813599,0 days 00:00:00.225728,48,1.0011970427129013,1.2237807096158297,0.0031614389334042032,5,0.7877323136986387,5000,PRUNED
467,0.01562053244560957,2026-05-19 00:22:30.820196,2026-05-19 00:22:31.274219,0 days 00:00:00.454023,112,18.19687526938698,0.2545609455689195,0.008652055846604854,6,0.8578168647948645,4000,PRUNED
468,0.014240462332963943,2026-05-19 00:22:31.280891,2026-05-19 00:22:31.688990,0 days 00:00:00.408099,80,1.1675429316496428,0.04015174497922534,0.007040833647050209,5,0.8058124224194935,5000,PRUNED
469,0.03580082207918167,2026-05-19 00:22:31.695595,2026-05-19 00:22:31.972951,0 days 00:00:00.277356,96,1.26537316339272,0.1845757386412508,0.009313304579085252,6,0.4161171455707797,5000,PRUNED
470,0.03715229779481888,2026-05-19 00:22:31.979360,2026-05-19 00:22:32.208189,0 days 00:00:00.228829,64,1.1415836321789559,0.5613747641365947,0.005279388352507835,5,0.6168492342310002,5000,PRUNED
471,0.048718299716711044,2026-05-19 00:22:32.214665,2026-05-19 00:22:32.469192,0 days 00:00:00.254527,48,6.184348110256376,0.3030015280450344,0.008179869424869438,6,0.7567367120299104,5000,PRUNED
472,0.04459725692868233,2026-05-19 00:22:32.476077,2026-05-19 00:22:32.739323,0 days 00:00:00.263246,64,1.4692676364557924,0.834196295673069,0.005994451996639797,5,0.4441174341908367,4000,PRUNED
473,0.013799280859529972,2026-05-19 00:22:32.746460,2026-05-19 00:22:33.542492,0 days 00:00:00.796032,64,1.0935172763343106,0.22468070592733969,0.007575091503026844,6,0.7138817215166873,5000,PRUNED
474,0.01189268659800291,2026-05-19 00:22:33.549508,2026-05-19 00:22:34.229271,0 days 00:00:00.679763,48,1.289163990325954,0.4068900048373401,0.009232328200884703,6,0.5265066225951613,5000,PRUNED
475,0.04094177484512329,2026-05-19 00:22:34.235982,2026-05-19 00:22:34.442064,0 days 00:00:00.206082,112,1.9713784888768902,0.13829629830333356,0.006619671851466608,4,0.7375738548928065,4000,PRUNED
476,0.046675119549036026,2026-05-19 00:22:34.448709,2026-05-19 00:22:34.664098,0 days 00:00:00.215389,64,1.7817924187104954,1.4747810099253718,0.008254192427955692,5,0.7700415951439562,5000,PRUNED
477,0.032223526388406754,2026-05-19 00:22:34.670380,2026-05-19 00:22:34.914663,0 days 00:00:00.244283,80,1.0984069670016516,0.33967815623512426,0.007403455193875789,6,0.7481105899638031,5000,PRUNED
478,0.0309471283107996,2026-05-19 00:22:34.921552,2026-05-19 00:22:35.139003,0 days 00:00:00.217451,48,4.0707462948329205,0.08602193407456839,0.004661884420505259,5,0.7262668104154669,5000,PRUNED
479,0.03620181977748871,2026-05-19 00:22:35.145322,2026-05-19 00:22:35.381911,0 days 00:00:00.236589,96,1.2046409701801266,0.18292721856787247,0.008559076811176753,6,0.45950559439045974,3000,PRUNED
480,0.03347865864634514,2026-05-19 00:22:35.388283,2026-05-19 00:22:35.603959,0 days 00:00:00.215676,64,1.0050784192565732,0.268590331274958,0.005699640435817401,5,0.7819333968136095,5000,PRUNED
481,0.01408239547163248,2026-05-19 00:22:35.610399,2026-05-19 00:22:36.249420,0 days 00:00:00.639021,64,1.3699410205367273,0.6627979667439835,0.009972632715505553,6,0.7979206516733209,5000,PRUNED
482,0.04365529119968414,2026-05-19 00:22:36.255997,2026-05-19 00:22:36.496939,0 days 00:00:00.240942,48,25.095402595469984,0.10910968886843012,0.006945020756288352,6,0.4913941709761087,4000,PRUNED
483,0.042757757008075714,2026-05-19 00:22:36.503437,2026-05-19 00:22:36.724838,0 days 00:00:00.221401,64,31.054439199110814,0.22659938898555762,0.009232929186932701,5,0.7000169198110607,4000,PRUNED
484,0.040840115398168564,2026-05-19 00:22:36.731806,2026-05-19 00:22:37.020650,0 days 00:00:00.288844,48,9.564995660333631,0.06561604186621994,0.007767210662669282,6,0.7654007752591457,5000,PRUNED
485,0.031107215210795403,2026-05-19 00:22:37.028337,2026-05-19 00:22:37.247959,0 days 00:00:00.219622,64,1.0917457373797248,0.33212674907643974,0.008521704439658455,5,0.7451985582285895,5000,PRUNED
486,0.04435694217681885,2026-05-19 00:22:37.254518,2026-05-19 00:22:37.491044,0 days 00:00:00.236526,16,3.5023211773378327,0.150156166726953,0.006192251307913159,6,0.7225670371082793,4000,PRUNED
487,0.05400097742676735,2026-05-19 00:22:37.497396,2026-05-19 00:22:37.692104,0 days 00:00:00.194708,112,1.2096907359231202,0.5080534290609385,0.00507660549778302,4,0.8119109893858925,5000,PRUNED
488,0.033417265862226486,2026-05-19 00:22:37.698877,2026-05-19 00:22:37.979117,0 days 00:00:00.280240,48,1.086459826958689,0.207382679835952,0.007958071964116695,6,0.7349293242075718,5000,PRUNED
489,0.06219107657670975,2026-05-19 00:22:37.985586,2026-05-19 00:22:38.242272,0 days 00:00:00.256686,64,1.2737743242556285,2.2480499297398686,0.001312489481551022,5,0.4721894527013037,5000,PRUNED
490,0.038764819502830505,2026-05-19 00:22:38.249142,2026-05-19 00:22:38.490989,0 days 00:00:00.241847,32,11.017827147695352,0.2832027100502506,0.0069088711181246616,6,0.7567345183823287,5000,PRUNED
491,0.02980508655309677,2026-05-19 00:22:38.497729,2026-05-19 00:22:38.738318,0 days 00:00:00.240589,80,1.5764444737453402,0.1768324063021055,0.009196647178653991,6,0.5506874332823127,4000,PRUNED
492,0.05089545249938965,2026-05-19 00:22:38.745336,2026-05-19 00:22:38.963024,0 days 00:00:00.217688,112,1.1313458684793392,1.0484980177505665,0.008596423115555425,5,0.5076047133238867,5000,PRUNED
493,0.0028529029805213213,2026-05-19 00:22:38.971396,2026-05-19 00:22:41.023117,0 days 00:00:02.051721,64,1.4276421889016413,0.12593210440673078,0.00751887118593027,6,0.7787205824585647,5000,PRUNED
494,0.03340166062116623,2026-05-19 00:22:41.029750,2026-05-19 00:22:41.289433,0 days 00:00:00.259683,48,1.008201019352041,0.0951131428243838,0.005663803556780407,5,0.8295100377203087,5000,PRUNED
495,0.0029825964011251926,2026-05-19 00:22:41.296271,2026-05-19 00:22:42.733632,0 days 00:00:01.437361,64,1.1909303295707925,0.4343248800088489,0.009940966230273704,6,0.5696629411922935,5000,PRUNED
496,0.03305545821785927,2026-05-19 00:22:42.741020,2026-05-19 00:22:42.954102,0 days 00:00:00.213082,64,1.0000487650710583,0.2341121307655521,0.006570280818044459,5,0.7121352367033263,4000,PRUNED
497,0.04223990440368652,2026-05-19 00:22:42.962746,2026-05-19 00:22:43.245473,0 days 00:00:00.282727,128,1.3127910926539508,0.35633078412479346,0.008083645626479286,6,0.7432492602647166,3000,PRUNED
498,0.03035770356655121,2026-05-19 00:22:43.254402,2026-05-19 00:22:43.472654,0 days 00:00:00.218252,48,1.1582204822881603,0.030036504671730115,0.007150441382018748,5,0.7874993169683395,5000,PRUNED
499,0.036676108837127686,2026-05-19 00:22:43.480428,2026-05-19 00:22:43.717979,0 days 00:00:00.237551,80,1.088151393811386,0.17201316832207483,0.00921995080909155,6,0.7268864992345174,5000,PRUNED
500,0.03561782464385033,2026-05-19 00:22:43.724882,2026-05-19 00:22:43.965726,0 days 00:00:00.240844,64,15.509920475140435,0.2593274167004702,0.0063856587175284245,6,0.763519254023283,5000,PRUNED
501,0.029724396765232086,2026-05-19 00:22:43.971973,2026-05-19 00:22:44.195354,0 days 00:00:00.223381,32,1.0001338639458919,0.061393758955795526,0.00856573711630082,5,0.42717258167034494,5000,PRUNED
502,0.040577612817287445,2026-05-19 00:22:44.201845,2026-05-19 00:22:44.442157,0 days 00:00:00.240312,48,1.2425146779664524,0.137538205855184,0.007574242846674795,6,0.8079019120671163,4000,PRUNED
503,0.015178307890892029,2026-05-19 00:22:44.448479,2026-05-19 00:22:44.752944,0 days 00:00:00.304465,112,40.50916038523899,0.5873587818678452,0.00994241404066248,3,0.7495298325188307,5000,PRUNED
504,0.032288096845149994,2026-05-19 00:22:44.760533,2026-05-19 00:22:44.973184,0 days 00:00:00.212651,64,63.71632679138712,0.7765305756690014,0.00594520742530263,5,0.6955298766584317,4000,PRUNED
505,0.037916310131549835,2026-05-19 00:22:44.979627,2026-05-19 00:22:45.211815,0 days 00:00:00.232188,96,1.382694550003834,0.21243657329793017,0.008756911760258317,6,0.7289697317225717,5000,PRUNED
506,0.06351784616708755,2026-05-19 00:22:45.218823,2026-05-19 00:22:45.371701,0 days 00:00:00.152878,64,2.4964115120454062,9.851557649727672,0.005381170771163885,2,0.7186236089384208,5000,PRUNED
507,0.010685423389077187,2026-05-19 00:22:45.377935,2026-05-19 00:22:45.980469,0 days 00:00:00.602534,64,2.1843577803128547,0.07684894673958059,0.008070381872003915,5,0.6040195653877886,2000,PRUNED
508,0.03260386362671852,2026-05-19 00:22:45.989033,2026-05-19 00:22:46.249769,0 days 00:00:00.260736,48,1.1492727082236198,0.1048108763308118,0.007021552622866808,6,0.30243199940226423,4000,PRUNED
509,0.01940257102251053,2026-05-19 00:22:46.256692,2026-05-19 00:22:46.690125,0 days 00:00:00.433433,80,1.5114512546940504,0.2951730528870414,0.004337557625425591,6,0.7382938564791186,5000,PRUNED
510,0.032364677637815475,2026-05-19 00:22:46.697561,2026-05-19 00:22:46.909925,0 days 00:00:00.212364,96,5.690415200665074,0.19047211628159552,0.009228995883383785,5,0.7671750993420943,5000,PRUNED
511,0.03025210276246071,2026-05-19 00:22:46.916365,2026-05-19 00:22:47.132960,0 days 00:00:00.216595,48,1.7504952932747657,0.04555983909008279,0.007700758336870425,5,0.7989580412967413,4000,PRUNED
512,0.03075483813881874,2026-05-19 00:22:47.139912,2026-05-19 00:22:47.381849,0 days 00:00:00.241937,64,1.0730415483601086,0.44247759199468867,0.004831733545903587,6,0.44230813579001993,5000,PRUNED
513,0.0004888412076979876,2026-05-19 00:22:47.389410,2026-05-19 00:22:54.827010,0 days 00:00:07.437600,64,1.2397773805712284,0.15899771974540894,0.00634602873778996,6,0.7837156208340117,5000,PRUNED
514,0.053007662296295166,2026-05-19 00:22:54.835020,2026-05-19 00:22:55.053518,0 days 00:00:00.218498,64,1.0866704776050373,0.24890015866074586,0.0020994545585237847,4,0.7546168652961829,5000,PRUNED
515,0.052800968289375305,2026-05-19 00:22:55.059911,2026-05-19 00:22:55.299661,0 days 00:00:00.239750,48,20.343795903641656,0.36201782862439935,0.008609783382059998,6,0.4012071206539312,4000,PRUNED
516,0.031051939353346825,2026-05-19 00:22:55.305762,2026-05-19 00:22:55.525773,0 days 00:00:00.220011,48,1.303647010383009,0.12310186703304932,0.007145298123062564,5,0.7068699977461865,5000,PRUNED
517,0.03440943732857704,2026-05-19 00:22:55.532258,2026-05-19 00:22:55.749650,0 days 00:00:00.217392,32,1.1584352342280648,0.2005495002246693,0.00915395459284264,5,0.7724498723495099,5000,PRUNED
518,0.030269363895058632,2026-05-19 00:22:55.756256,2026-05-19 00:22:55.998023,0 days 00:00:00.241767,112,1.0834496486578082,0.08915414864130819,0.003554583096755299,6,0.8228062168159723,5000,PRUNED
519,0.03913860395550728,2026-05-19 00:22:56.004528,2026-05-19 00:22:56.200849,0 days 00:00:00.196321,64,1.183390888881956,0.29609239962570866,0.008190424422350389,4,0.7941201141252663,5000,PRUNED
520,0.03639554604887962,2026-05-19 00:22:56.207198,2026-05-19 00:22:56.453279,0 days 00:00:00.246081,80,1.3925424157230015,0.6745985664629733,0.009996027936794813,6,0.6524403607727133,4000,PRUNED
521,0.03881169110536575,2026-05-19 00:22:56.459632,2026-05-19 00:22:56.704934,0 days 00:00:00.245302,48,1.007313480749182,0.900974290024507,0.0066448894165904715,6,0.5331007904421479,5000,PRUNED
522,0.03280631825327873,2026-05-19 00:22:56.711643,2026-05-19 00:22:56.943673,0 days 00:00:00.232030,112,1.608727467168716,0.144281689368497,0.005854077189040208,5,0.6289034292950503,4000,PRUNED
523,0.050042569637298584,2026-05-19 00:22:56.950821,2026-05-19 00:22:57.127839,0 days 00:00:00.177018,64,1.260569958130066,0.2421366586215545,0.007714449667178966,3,0.4541047478254355,5000,PRUNED
524,0.00018557935254648328,2026-05-19 00:22:57.134917,2026-05-19 00:23:10.491293,0 days 00:00:13.356376,64,1.0850646999452231,0.05325699037607919,0.00856003941565014,6,0.7384349489333651,5000,COMPLETE
525,0.01945951022207737,2026-05-19 00:23:10.503621,2026-05-19 00:23:10.960118,0 days 00:00:00.456497,48,1.934536096603722,0.11060263702767976,0.0072825451492665345,5,0.748147256630305,1000,PRUNED
526,0.0037866788916289806,2026-05-19 00:23:10.966660,2026-05-19 00:23:12.232650,0 days 00:00:01.265990,64,4.435728907558275,0.4994019841960462,0.009386712821511203,6,0.7171402038493658,5000,PRUNED
527,0.03288508206605911,2026-05-19 00:23:12.240491,2026-05-19 00:23:12.481672,0 days 00:00:00.241181,80,7.827552581927625,1.3178221020594336,0.005434641243513885,5,0.6778410272688232,4000,PRUNED
528,0.015454954467713833,2026-05-19 00:23:12.488524,2026-05-19 00:23:12.944640,0 days 00:00:00.456116,64,1.2133358996097394,0.1736765211727939,0.006564855080987989,6,0.8075385388120592,5000,PRUNED
529,0.06690385937690735,2026-05-19 00:23:12.951170,2026-05-19 00:23:13.191996,0 days 00:00:00.240826,96,1.4490020315617906,0.35580073087853464,0.00019268419655595588,6,0.47571817848686093,5000,PRUNED
530,0.029117228463292122,2026-05-19 00:23:13.198886,2026-05-19 00:23:13.425471,0 days 00:00:00.226585,48,1.0944353366349016,0.22024066355055805,0.007893184111058136,5,0.7343825268029055,5000,PRUNED
531,0.03346293047070503,2026-05-19 00:23:13.432156,2026-05-19 00:23:13.656246,0 days 00:00:00.224090,64,1.3138473286675856,0.28223102658361243,0.008653149984420393,5,0.36780255955737606,4000,PRUNED
532,0.055140841752290726,2026-05-19 00:23:13.662769,2026-05-19 00:23:13.912647,0 days 00:00:00.249878,48,3.062221307107946,0.07250117670075142,0.00997639297379651,6,0.5181231757285872,5000,PRUNED
533,0.030660076066851616,2026-05-19 00:23:13.919114,2026-05-19 00:23:14.162759,0 days 00:00:00.243645,112,1.166374726764534,0.15098459711861983,0.006120226325564418,6,0.7772837475010401,5000,PRUNED
534,0.03613827005028725,2026-05-19 00:23:14.169074,2026-05-19 00:23:14.391173,0 days 00:00:00.222099,80,1.0680463887175264,0.1989740883808854,0.00722473340334679,5,0.7606469401506492,3000,PRUNED
535,0.01663883402943611,2026-05-19 00:23:14.397387,2026-05-19 00:23:14.840437,0 days 00:00:00.443050,64,1.181438214942446,0.40834653102018786,0.0082816153852888,6,0.8423630418265934,2000,PRUNED
536,0.03655017912387848,2026-05-19 00:23:14.847370,2026-05-19 00:23:15.085960,0 days 00:00:00.238590,32,1.2917024723264763,0.2570041149271784,0.005024025454295297,6,0.4977249767265137,4000,PRUNED
537,0.04948686063289642,2026-05-19 00:23:15.092985,2026-05-19 00:23:15.304017,0 days 00:00:00.211032,96,1.075521307629669,0.32218016612833783,0.009042753753693096,4,0.7267558594056537,5000,PRUNED
538,0.03053095191717148,2026-05-19 00:23:15.310749,2026-05-19 00:23:15.530849,0 days 00:00:00.220100,64,1.011512023873275,0.09810446579938895,0.006769380093176186,5,0.7919142334809763,5000,PRUNED
539,0.01182033121585846,2026-05-19 00:23:15.537675,2026-05-19 00:23:16.172849,0 days 00:00:00.635174,112,1.1753124003252182,0.12349603460374167,0.007616657010260974,6,0.8157224326320898,5000,PRUNED
540,0.02973526157438755,2026-05-19 00:23:16.179472,2026-05-19 00:23:16.421236,0 days 00:00:00.241764,64,1.006934409241868,0.5820883476782235,0.0059708693994600425,6,0.755260215337211,5000,PRUNED
541,0.022911041975021362,2026-05-19 00:23:16.427738,2026-05-19 00:23:16.837152,0 days 00:00:00.409414,48,5.064565522547094,0.17271911856124936,0.0038937346159646485,5,0.6396552296104562,4000,PRUNED
542,0.03002125211060047,2026-05-19 00:23:16.845023,2026-05-19 00:23:17.116969,0 days 00:00:00.271946,48,1.69464382107865,0.22704906190123292,0.009094247534144536,5,0.7068471347296124,5000,PRUNED
543,0.03964964672923088,2026-05-19 00:23:17.124736,2026-05-19 00:23:17.379723,0 days 00:00:00.254987,16,1.3974275532021538,1.0649949263281673,0.007963408449482956,6,0.7429123141718904,4000,PRUNED
544,0.039004240185022354,2026-05-19 00:23:17.386107,2026-05-19 00:23:17.610372,0 days 00:00:00.224265,64,1.0031477572322565,0.44626330224512695,0.007064486841724568,5,0.5909472636187032,5000,PRUNED
545,0.033367037773132324,2026-05-19 00:23:17.617029,2026-05-19 00:23:17.857691,0 days 00:00:00.240662,64,2.2618417281487844,0.06076245530403588,0.005487529447132277,6,0.7190557596784699,5000,PRUNED
546,0.06685368716716766,2026-05-19 00:23:17.864390,2026-05-19 00:23:18.087196,0 days 00:00:00.222806,48,1.2363733957635568,5.439214245182035,0.008419820744892273,5,0.4652659627002866,5000,PRUNED
547,0.05781032517552376,2026-05-19 00:23:18.093896,2026-05-19 00:23:18.345179,0 days 00:00:00.251283,48,1.1398469040565244,0.2855945188765767,0.0016198477454866782,6,0.7674111053795547,4000,PRUNED
548,0.054525475949048996,2026-05-19 00:23:18.351897,2026-05-19 00:23:18.599816,0 days 00:00:00.247919,128,1.3512788649104839,0.08450687187357903,0.009959808684266271,6,0.7357255741863772,3000,PRUNED
