number,value,datetime_start,datetime_complete,duration,params_hidden,params_lambda_ic,params_lambda_phys,params_lr,params_n_layers,params_scheduler_gamma,params_scheduler_step,state
329,0.10161685943603516,2026-05-19 00:21:01.111821,2026-05-19 00:21:01.327423,0 days 00:00:00.215602,80,20.87210900771776,0.3994220664316183,0.007459106376857837,5,0.34575160954261186,4000,PRUNED
330,0.00017618919082451612,2026-05-19 00:21:01.334461,2026-05-19 00:21:17.483492,0 days 00:00:16.149031,64,2.618973326010059,0.6265496855611882,0.0084277802798439,6,0.7572580935300178,5000,COMPLETE
331,0.044904984533786774,2026-05-19 00:21:17.495579,2026-05-19 00:21:17.759026,0 days 00:00:00.263447,112,1.2551672241209162,0.17691182744386685,0.009965097827363278,6,0.5722409091041308,5000,PRUNED
332,0.03647053241729736,2026-05-19 00:21:17.766160,2026-05-19 00:21:17.988322,0 days 00:00:00.222162,16,1.7124546895344137,0.2307897326091644,0.007075586440609112,5,0.8327143613269468,5000,PRUNED
333,0.03590415418148041,2026-05-19 00:21:17.994670,2026-05-19 00:21:18.242235,0 days 00:00:00.247565,48,1.162654546815613,0.08298074931973129,0.005935041385036847,6,0.4841083946768012,5000,PRUNED
334,0.017994079738855362,2026-05-19 00:21:18.248490,2026-05-19 00:21:18.658928,0 days 00:00:00.410438,64,2.0234921362711438,0.19029536173015676,0.00837679635574637,5,0.8122289833960568,4000,PRUNED
335,0.038261208683252335,2026-05-19 00:21:18.666019,2026-05-19 00:21:18.913375,0 days 00:00:00.247356,96,1.3578298831041575,0.31477872754813485,0.00659622115043168,6,0.7425294731508026,5000,PRUNED
336,0.07723836600780487,2026-05-19 00:21:18.920816,2026-05-19 00:21:19.136840,0 days 00:00:00.216024,64,1.0858393617994955,0.10600054856404299,0.0005238419185127129,5,0.6732485138021318,5000,PRUNED
337,0.04288365691900253,2026-05-19 00:21:19.143984,2026-05-19 00:21:19.391378,0 days 00:00:00.247394,128,47.10507324284642,0.1548355835508302,0.007690880998790291,6,0.7719560086491006,4000,PRUNED
338,0.03374462574720383,2026-05-19 00:21:19.397939,2026-05-19 00:21:19.625232,0 days 00:00:00.227293,48,1.1908457402594215,0.2684951159418923,0.008920619912053361,5,0.7219340867177525,5000,PRUNED
339,0.04111197218298912,2026-05-19 00:21:19.632736,2026-05-19 00:21:19.884328,0 days 00:00:00.251592,80,1.0735736723682503,0.45150958144396003,0.00919137152853437,6,0.4435411036632897,5000,PRUNED
340,0.06442207843065262,2026-05-19 00:21:19.893151,2026-05-19 00:21:20.081199,0 days 00:00:00.188048,64,1.000568673169213,0.7966864878284717,0.0071525256731040125,4,0.7914087819621893,4000,PRUNED
341,0.030878230929374695,2026-05-19 00:21:20.089975,2026-05-19 00:21:20.295964,0 days 00:00:00.205989,112,6.380419885291072,0.21043824277222342,0.005271484215537851,4,0.6597222207410937,5000,PRUNED
342,0.0007993160979822278,2026-05-19 00:21:20.304094,2026-05-19 00:21:25.082715,0 days 00:00:04.778621,64,1.4429939067045652,0.05273334535900281,0.007942062021918892,6,0.7118372155400592,2000,PRUNED
343,0.037187956273555756,2026-05-19 00:21:25.089586,2026-05-19 00:21:25.348624,0 days 00:00:00.259038,48,1.2501698933569856,0.5179015490685057,0.006317423020747323,5,0.7309795054921747,5000,PRUNED
344,0.05045921728014946,2026-05-19 00:21:25.357055,2026-05-19 00:21:25.552773,0 days 00:00:00.195718,32,1.1328399748422777,0.13006073440270674,0.009260979636871843,3,0.4088764430962388,5000,PRUNED
345,0.030007949098944664,2026-05-19 00:21:25.561507,2026-05-19 00:21:25.802860,0 days 00:00:00.241353,64,1.000134636556226,0.3665628227958612,0.004576765331521495,6,0.7482188496253344,4000,PRUNED
346,0.009151192381978035,2026-05-19 00:21:25.811014,2026-05-19 00:21:26.745298,0 days 00:00:00.934284,48,1.3062855379130687,0.2346363209487393,0.008099284408704078,5,0.5366728222169975,5000,PRUNED
347,0.010072683915495872,2026-05-19 00:21:26.751568,2026-05-19 00:21:27.617523,0 days 00:00:00.865955,64,1.829252516693349,0.16500585753535615,0.0058273015680285764,6,0.8457579479945216,5000,PRUNED
348,0.014329135417938232,2026-05-19 00:21:27.625017,2026-05-19 00:21:28.163797,0 days 00:00:00.538780,80,1.5671982861255753,0.09856119925221389,0.006860184793842541,6,0.47118246167703587,5000,PRUNED
349,0.03904423862695694,2026-05-19 00:21:28.170229,2026-05-19 00:21:28.383764,0 days 00:00:00.213535,112,1.1658998143678758,0.29838814910496725,0.008533393946966065,5,0.7020386990520612,5000,PRUNED
350,0.01054464466869831,2026-05-19 00:21:28.390138,2026-05-19 00:21:29.028217,0 days 00:00:00.638079,48,1.0841739622038344,0.06450919492328669,0.009937458623996013,6,0.7693160699503624,4000,PRUNED
351,0.023982228711247444,2026-05-19 00:21:29.034551,2026-05-19 00:21:29.424806,0 days 00:00:00.390255,96,26.999054961508666,0.19424922624753072,0.007458821312517048,5,0.7596508447882677,5000,PRUNED
352,0.01181486900895834,2026-05-19 00:21:29.431863,2026-05-19 00:21:30.203690,0 days 00:00:00.771827,64,1.3340125140039147,0.6388415458522398,0.008683210365196814,6,0.7369633954553069,5000,PRUNED
353,0.036514297127723694,2026-05-19 00:21:30.210800,2026-05-19 00:21:30.467508,0 days 00:00:00.256708,48,2.809248272698072,0.2605710500399173,0.003751288279973094,6,0.8179597029283765,4000,PRUNED
354,0.04586311802268028,2026-05-19 00:21:30.474110,2026-05-19 00:21:30.699863,0 days 00:00:00.225753,64,1.1706176822269192,0.12797247543791312,0.0013628321755250223,5,0.8032715014124095,5000,PRUNED
355,0.06204685941338539,2026-05-19 00:21:30.706956,2026-05-19 00:21:30.954262,0 days 00:00:00.247306,80,1.079450568976613,1.2511772112552164,0.007639157203506065,6,0.7270084650572347,5000,PRUNED
356,0.03200170397758484,2026-05-19 00:21:30.961039,2026-05-19 00:21:31.206708,0 days 00:00:00.245669,64,1.2594436105440037,0.3443478534630043,0.002443831167325382,6,0.787567499705928,1000,PRUNED
357,0.12734133005142212,2026-05-19 00:21:31.213466,2026-05-19 00:21:31.368251,0 days 00:00:00.154785,48,16.696996445116802,0.07655385859833867,0.0062823115469674345,2,0.7528223952742032,3000,PRUNED
358,0.03668944165110588,2026-05-19 00:21:31.374765,2026-05-19 00:21:31.596702,0 days 00:00:00.221937,32,3.515912613204515,0.2103685007905703,0.006926278658334149,5,0.5104695394557573,5000,PRUNED
359,0.03145971521735191,2026-05-19 00:21:31.603371,2026-05-19 00:21:31.849401,0 days 00:00:00.246030,64,1.0809807485371068,0.41935804771979673,0.009977254787878745,6,0.5532263768898424,5000,PRUNED
360,0.0434749498963356,2026-05-19 00:21:31.857105,2026-05-19 00:21:32.085670,0 days 00:00:00.228565,64,1.0006005108776799,0.9470655449590112,0.00835936950131588,5,0.7792440658697525,4000,PRUNED
361,0.028458228334784508,2026-05-19 00:21:32.092344,2026-05-19 00:21:32.553520,0 days 00:00:00.461176,112,5.65612301970499,0.15169094481124426,0.00564357156691946,6,0.3665814724167322,5000,PRUNED
362,0.038318704813718796,2026-05-19 00:21:32.560900,2026-05-19 00:21:32.819103,0 days 00:00:00.258203,80,1.4730793692766964,0.5366885807607518,0.008906814085615233,6,0.39361854787223405,5000,PRUNED
363,0.029525402933359146,2026-05-19 00:21:32.827002,2026-05-19 00:21:33.047169,0 days 00:00:00.220167,64,9.733587276799726,0.278756281274942,0.0050259689067596435,5,0.4601919664767681,4000,PRUNED
364,0.038175325840711594,2026-05-19 00:21:33.053970,2026-05-19 00:21:33.299585,0 days 00:00:00.245615,32,1.1984359769481483,0.09251395096478034,0.007282709650963238,6,0.7420480374363597,3000,PRUNED
365,0.015735484659671783,2026-05-19 00:21:33.307134,2026-05-19 00:21:33.770823,0 days 00:00:00.463689,48,1.6539453971954872,0.043599637144077504,0.007896447836716402,5,0.6207874805891576,5000,PRUNED
366,0.12224753201007843,2026-05-19 00:21:33.778453,2026-05-19 00:21:33.952137,0 days 00:00:00.173684,64,1.1502811627912026,0.023450179596483368,0.00015241784861637673,3,0.6876621736904577,5000,PRUNED
367,0.0035042252857238054,2026-05-19 00:21:33.959385,2026-05-19 00:21:35.264481,0 days 00:00:01.305096,112,1.3596508050339973,0.0018176100309409643,0.006587386036912129,5,0.7226768476582653,4000,PRUNED
368,0.007634562905877829,2026-05-19 00:21:35.271239,2026-05-19 00:21:36.331528,0 days 00:00:01.060289,64,2.3546237440896602,0.18232195873456847,0.009157900739040648,6,0.6418320501739345,5000,PRUNED
369,0.04649871587753296,2026-05-19 00:21:36.340124,2026-05-19 00:21:36.538771,0 days 00:00:00.198647,48,1.0028324564456692,0.24224759631417794,0.008152126023267552,4,0.5924047751933672,5000,PRUNED
370,0.03030230477452278,2026-05-19 00:21:36.546528,2026-05-19 00:21:36.777636,0 days 00:00:00.231108,96,1.2197747809712123,0.1104295455489101,0.006089116970889227,6,0.7081412830879313,5000,PRUNED
371,0.0171032901853323,2026-05-19 00:21:36.785445,2026-05-19 00:21:37.236636,0 days 00:00:00.451191,48,1.0861966762753243,0.3689484410388782,0.00915331495711723,6,0.8027994630835755,5000,PRUNED
372,0.03475046157836914,2026-05-19 00:21:37.245904,2026-05-19 00:21:37.463068,0 days 00:00:00.217164,64,1.2925283792673825,0.2044991797840737,0.007582929781766357,5,0.7544661626490128,4000,PRUNED
373,0.0316430926322937,2026-05-19 00:21:37.471002,2026-05-19 00:21:37.688116,0 days 00:00:00.217114,64,2.1219870514752195,0.7247185108037774,0.006918268312747371,5,0.7715783200329912,5000,PRUNED
374,0.03861279413104057,2026-05-19 00:21:37.695047,2026-05-19 00:21:38.088517,0 days 00:00:00.393470,48,1.1005505971386356,0.14269882772694512,0.005384689501632317,5,0.7310752584064218,4000,PRUNED
375,0.016085755079984665,2026-05-19 00:21:38.096123,2026-05-19 00:21:38.599965,0 days 00:00:00.503842,64,4.20789688374611,0.3208991093558512,0.008427075709047351,6,0.8212757745563405,2000,PRUNED
376,0.0496315099298954,2026-05-19 00:21:38.609797,2026-05-19 00:21:38.904530,0 days 00:00:00.294733,48,1.403946132029939,1.5912643405653495,0.00430771670336347,6,0.49551619259862684,5000,PRUNED
377,0.013437247835099697,2026-05-19 00:21:38.912083,2026-05-19 00:21:39.762038,0 days 00:00:00.849955,64,1.1842913583208443,0.16436500816061586,0.009212565659871932,6,0.7860986201067248,5000,PRUNED
378,0.037830278277397156,2026-05-19 00:21:39.768949,2026-05-19 00:21:39.984411,0 days 00:00:00.215462,112,3.090586551191077,0.465860811863948,0.006290025233435395,5,0.7404607552616786,5000,PRUNED
379,0.003979738336056471,2026-05-19 00:21:39.991745,2026-05-19 00:21:41.441760,0 days 00:00:01.450015,96,1.0884335185804634,0.058355018702066955,0.007682327595630398,6,0.7624454050923973,4000,PRUNED
380,0.018843049183487892,2026-05-19 00:21:41.448874,2026-05-19 00:21:41.903231,0 days 00:00:00.454357,48,1.2439808767542477,0.23048819649317712,0.008463374269629367,5,0.7142085633491492,5000,PRUNED
381,0.0363241471350193,2026-05-19 00:21:41.910566,2026-05-19 00:21:42.102968,0 days 00:00:00.192402,128,1.5354106814404236,0.11845340594231452,0.009322644200768665,4,0.7500684825453334,5000,PRUNED
382,0.033029887825250626,2026-05-19 00:21:42.110530,2026-05-19 00:21:42.395616,0 days 00:00:00.285086,64,1.0804060765810504,0.29011890307859617,0.007038372837970093,6,0.4515472515911435,5000,PRUNED
383,0.007087824400514364,2026-05-19 00:21:42.402374,2026-05-19 00:21:43.437928,0 days 00:00:01.035554,64,1.8850514336143802,0.1831832349717551,0.009904756039793516,6,0.7969482608877033,3000,PRUNED
384,0.03361039608716965,2026-05-19 00:21:43.445176,2026-05-19 00:21:43.714092,0 days 00:00:00.268916,48,1.170525322562609,0.08266619540742297,0.005809572491067446,5,0.7229759006623951,4000,PRUNED
385,0.11054863780736923,2026-05-19 00:21:43.721401,2026-05-19 00:21:44.013042,0 days 00:00:00.291641,80,41.40080517624494,1.054526930944405,0.007826608472442835,6,0.5609746007825354,5000,PRUNED
386,0.039629943668842316,2026-05-19 00:21:44.019858,2026-05-19 00:21:44.314394,0 days 00:00:00.294536,16,1.3128940093801689,0.23442573111957093,0.004761982307121445,6,0.6978294956743963,5000,PRUNED
387,0.03916080296039581,2026-05-19 00:21:44.323177,2026-05-19 00:21:44.553260,0 days 00:00:00.230083,112,1.0090921690653296,0.13671972467937973,0.006611417251591111,5,0.8093526741558236,4000,PRUNED
388,0.015984773635864258,2026-05-19 00:21:44.562009,2026-05-19 00:21:45.102616,0 days 00:00:00.540607,64,1.0005806572689289,0.36620131666518985,0.008545343568786,6,0.7720613225964676,5000,PRUNED
389,0.036123886704444885,2026-05-19 00:21:45.110687,2026-05-19 00:21:45.368847,0 days 00:00:00.258160,48,1.1630638527404193,0.25543493561819913,0.007436203720470895,5,0.5244263163676002,5000,PRUNED
390,0.03168918192386627,2026-05-19 00:21:45.377373,2026-05-19 00:21:45.663815,0 days 00:00:00.286442,64,79.80459820577532,0.5629023317161415,0.009946370487367401,6,0.7318148601247082,4000,PRUNED
391,0.034065090119838715,2026-05-19 00:21:45.672649,2026-05-19 00:21:45.920387,0 days 00:00:00.247738,80,1.7047535744008762,0.19653052008600713,0.008553307892878968,5,0.6074635155316898,5000,PRUNED
392,0.035986557602882385,2026-05-19 00:21:45.929819,2026-05-19 00:21:46.213990,0 days 00:00:00.284171,48,1.4457648163923928,0.07301454874965395,0.006019458407580989,6,0.8334145047648973,5000,PRUNED
393,0.03989618644118309,2026-05-19 00:21:46.221760,2026-05-19 00:21:46.486583,0 days 00:00:00.264823,64,1.2527007178757077,0.7857540515707855,0.005270364966809769,5,0.43819564592160964,4000,PRUNED
394,0.036736197769641876,2026-05-19 00:21:46.493878,2026-05-19 00:21:46.777235,0 days 00:00:00.283357,96,1.0939094751384684,0.09758504152340279,0.007894571435903202,6,0.8824709733872464,5000,PRUNED
395,0.03314299136400223,2026-05-19 00:21:46.784024,2026-05-19 00:21:47.022538,0 days 00:00:00.238514,64,1.3391668100312606,0.29557383091476425,0.007036853513675391,5,0.7514352644699652,5000,PRUNED
396,0.014340998604893684,2026-05-19 00:21:47.030578,2026-05-19 00:21:47.492507,0 days 00:00:00.461929,48,2.5082302687431333,0.4284721822871325,0.009131467641224437,6,0.47365100588339715,5000,PRUNED
397,0.01946854405105114,2026-05-19 00:21:47.499655,2026-05-19 00:21:47.944042,0 days 00:00:00.444387,64,1.1488607933465842,0.16198433535197143,0.00813095178835027,6,0.580491090390761,5000,PRUNED
398,0.031693242490291595,2026-05-19 00:21:47.950460,2026-05-19 00:21:48.185933,0 days 00:00:00.235473,80,1.06832598670376,0.035629254933493275,0.00655313447192194,6,0.7397421810329894,4000,PRUNED
399,0.03709162771701813,2026-05-19 00:21:48.192748,2026-05-19 00:21:48.409653,0 days 00:00:00.216905,112,1.2072892570222662,0.11428523867772136,0.007317753207211566,5,0.7791936185234671,5000,PRUNED
400,0.04158062860369682,2026-05-19 00:21:48.415823,2026-05-19 00:21:48.671866,0 days 00:00:00.256043,32,1.2928193352994002,0.33909252568416703,0.009179916225654285,6,0.7611694995508388,5000,PRUNED
401,0.03562212362885475,2026-05-19 00:21:48.678455,2026-05-19 00:21:48.893454,0 days 00:00:00.214999,64,1.0828541408220347,0.015309227210031928,0.005748509305242166,5,0.4212815469459311,5000,PRUNED
402,0.05208374932408333,2026-05-19 00:21:48.899878,2026-05-19 00:21:49.071133,0 days 00:00:00.171255,48,1.5841676516068783,0.21024807700559073,0.00868322913638927,3,0.48654462498761425,4000,PRUNED
403,0.06854983419179916,2026-05-19 00:21:49.077608,2026-05-19 00:21:49.288998,0 days 00:00:00.211390,64,13.339033969148188,0.25875755193236394,0.0019419663683739239,5,0.7901868792667528,5000,PRUNED
404,0.06658904254436493,2026-05-19 00:21:49.295403,2026-05-19 00:21:49.490095,0 days 00:00:00.194692,48,1.4153100630562303,3.649797245906054,0.007883776095442491,4,0.714337386719371,5000,PRUNED
405,0.014987990260124207,2026-05-19 00:21:49.496790,2026-05-19 00:21:49.932200,0 days 00:00:00.435410,64,1.1610174186542828,0.1744003195510373,0.009912031749332376,6,0.37693258935070295,2000,PRUNED
406,0.05030724033713341,2026-05-19 00:21:49.938460,2026-05-19 00:21:50.174283,0 days 00:00:00.235823,112,2.2055462029203317,1.275467258847119,0.007407789007527933,6,0.7284323956228868,4000,PRUNED
407,0.06276173889636993,2026-05-19 00:21:50.180618,2026-05-19 00:21:50.424448,0 days 00:00:00.243830,64,1.0210168627234215,0.13643497191847678,0.0010014280267164708,6,0.8086584742700228,5000,PRUNED
408,0.04294881597161293,2026-05-19 00:21:50.430941,2026-05-19 00:21:50.654055,0 days 00:00:00.223114,128,1.2341560438158894,0.2204169024056693,0.006641823504050221,5,0.7430640269542517,5000,PRUNED
409,0.04294099658727646,2026-05-19 00:21:50.660522,2026-05-19 00:21:50.878894,0 days 00:00:00.218372,80,1.08058232257871,0.4706791648410347,0.00850434924040204,5,0.7681780733856204,1000,PRUNED
410,0.03357856720685959,2026-05-19 00:21:50.884989,2026-05-19 00:21:51.118583,0 days 00:00:00.233594,48,1.1601757235441417,0.05141837621475305,0.00622594274565958,6,0.6765538165040956,5000,PRUNED
411,0.06216549873352051,2026-05-19 00:21:51.125070,2026-05-19 00:21:51.336774,0 days 00:00:00.211704,64,1.370992499738824,0.2959693036504939,0.0006574796364009291,5,0.7544306828997056,4000,PRUNED
412,0.03754870221018791,2026-05-19 00:21:51.343268,2026-05-19 00:21:51.587358,0 days 00:00:00.244090,112,1.0086570649749884,0.06753816473284388,0.005226201977021535,6,0.8237423321508162,5000,PRUNED
413,0.043859805911779404,2026-05-19 00:21:51.593893,2026-05-19 00:21:51.775879,0 days 00:00:00.181986,96,3.80711469159595,0.1641566313706835,0.00923329415077714,3,0.7256662379745629,5000,PRUNED
414,0.03603846952319145,2026-05-19 00:21:51.782290,2026-05-19 00:21:52.028647,0 days 00:00:00.246357,48,1.0035041123634936,0.6010137736494336,0.007127925042749371,6,0.7890091282921479,5000,PRUNED
415,0.0343581922352314,2026-05-19 00:21:52.035198,2026-05-19 00:21:52.282095,0 days 00:00:00.246897,32,5.195513498680849,0.3764400771438008,0.008172857261679387,6,0.7045279005202169,3000,PRUNED
416,0.007280426565557718,2026-05-19 00:21:52.288494,2026-05-19 00:21:53.031350,0 days 00:00:00.742856,64,1.973322607418067,0.0957253497591455,0.009982072384450086,5,0.7444392240138515,5000,PRUNED
417,0.0608244463801384,2026-05-19 00:21:53.037956,2026-05-19 00:21:53.236986,0 days 00:00:00.199030,64,1.2630847046327602,0.8411003228218594,0.008791170215758835,4,0.8029487970401145,4000,PRUNED
418,0.03590703755617142,2026-05-19 00:21:53.243335,2026-05-19 00:21:53.491749,0 days 00:00:00.248414,48,1.1367828340944477,0.24775586159723784,0.007918060786486096,6,0.5446622722775677,5000,PRUNED
419,0.0711529329419136,2026-05-19 00:21:53.497942,2026-05-19 00:21:53.650598,0 days 00:00:00.152656,96,6.912475587411446,0.2039935277664926,0.005740854702667071,2,0.7747407980155804,5000,PRUNED
420,0.031594064086675644,2026-05-19 00:21:53.657613,2026-05-19 00:21:53.883920,0 days 00:00:00.226307,64,8.233504501718292,0.08320184320228649,0.00659980034279711,5,0.7631045538340255,4000,PRUNED
421,0.0073780217207968235,2026-05-19 00:21:53.890380,2026-05-19 00:21:54.957338,0 days 00:00:01.066958,80,1.1138994015014765,0.11943730800260684,0.007235420606317624,6,0.7341655350362852,5000,PRUNED
422,0.04084574431180954,2026-05-19 00:21:54.963945,2026-05-19 00:21:55.186423,0 days 00:00:00.222478,112,1.4635679537369755,0.30360188724090703,0.008874876624224816,5,0.6936940759763282,4000,PRUNED
423,0.03340613842010498,2026-05-19 00:21:55.192899,2026-05-19 00:21:55.441648,0 days 00:00:00.248749,64,1.0013086043786095,0.6915856788596952,0.004527157842122874,6,0.5159774749353808,5000,PRUNED
424,0.03328149765729904,2026-05-19 00:21:55.448222,2026-05-19 00:21:55.696058,0 days 00:00:00.247836,48,1.2591518288697066,0.18781735256338167,0.007806113567804889,6,0.7204467046368735,5000,PRUNED
425,0.029331430792808533,2026-05-19 00:21:55.703220,2026-05-19 00:21:55.930078,0 days 00:00:00.226858,64,1.7289061761009974,0.25738641480047547,0.006185116602938259,5,0.45176136676233586,5000,PRUNED
426,0.0026707607321441174,2026-05-19 00:21:55.937830,2026-05-19 00:21:57.625725,0 days 00:00:01.687895,64,1.140192891612321,0.14538254543641488,0.009242226636814635,5,0.7950932151217468,4000,PRUNED
427,0.0372445285320282,2026-05-19 00:21:57.632934,2026-05-19 00:21:57.886300,0 days 00:00:00.253366,48,1.2456940889804125,1.0631854161449854,0.0069517460394590965,6,0.6494554829948647,5000,PRUNED
428,0.03358026593923569,2026-05-19 00:21:57.893440,2026-05-19 00:21:58.138760,0 days 00:00:00.245320,80,1.0932712775168358,0.4755718596563937,0.008357736665730446,6,0.40655153185304216,5000,PRUNED
429,0.04613674059510231,2026-05-19 00:21:58.145975,2026-05-19 00:21:58.391510,0 days 00:00:00.245535,64,1.3140009662206869,0.3090396852487219,0.005496202487814598,6,0.74372980616293,5000,PRUNED
430,0.031688421964645386,2026-05-19 00:21:58.399134,2026-05-19 00:21:58.617833,0 days 00:00:00.218699,48,1.088855643368074,0.2231927474466915,0.00764223673605702,5,0.5022262600732182,5000,PRUNED
431,0.040960874408483505,2026-05-19 00:21:58.625605,2026-05-19 00:21:58.872934,0 days 00:00:00.247329,32,1.4100075580232203,0.3868315250093516,0.004842116871963048,6,0.8155541191260508,4000,PRUNED
432,0.003283390309661627,2026-05-19 00:21:58.880705,2026-05-19 00:22:00.155920,0 days 00:00:01.275215,112,1.5896318232053759,0.06022714852477018,0.009268427853957335,5,0.7798761865255115,5000,PRUNED
433,0.00016356939158868045,2026-05-19 00:22:00.162770,2026-05-19 00:22:11.525970,0 days 00:00:11.363200,64,1.0006721203318298,0.15988698219486386,0.008252188762647024,6,0.7587014439968202,5000,COMPLETE
434,0.07188033312559128,2026-05-19 00:22:11.536957,2026-05-19 00:22:11.778972,0 days 00:00:00.242015,48,99.6896565989759,0.1120761923609462,0.006571902207305789,5,0.3563781222979583,4000,PRUNED
435,0.06328849494457245,2026-05-19 00:22:11.786762,2026-05-19 00:22:12.067221,0 days 00:00:00.280459,64,1.1779458484415146,0.5443523210356634,0.0002805351920106914,6,0.46427786541494126,5000,PRUNED
436,0.0390436165034771,2026-05-19 00:22:12.075765,2026-05-19 00:22:12.324491,0 days 00:00:00.248726,16,1.2322257053271015,0.19118563881523226,0.00995028060255265,6,0.3199538964880897,5000,PRUNED
437,0.04190395772457123,2026-05-19 00:22:12.334406,2026-05-19 00:22:12.589456,0 days 00:00:00.255050,96,2.838240153158685,0.2680693149388236,0.007318765476703685,5,0.7074497637929399,5000,PRUNED
438,0.006924787536263466,2026-05-19 00:22:12.598085,2026-05-19 00:22:13.457126,0 days 00:00:00.859041,80,1.0916717246788195,0.0900533621046745,0.00859503039552736,6,0.7362991390719241,4000,PRUNED
