number,value,datetime_start,datetime_complete,duration,params_hidden,params_lambda_ic,params_lambda_phys,params_lr,params_n_layers,params_scheduler_gamma,params_scheduler_step,state
663,0.08272969722747803,2026-05-19 09:55:05.755746,2026-05-19 09:55:05.998128,0 days 00:00:00.242382,64,5.832742211206614,0.5486280873612052,0.009228173709912631,4,0.5468873222406364,3000,PRUNED
664,0.09830939769744873,2026-05-19 09:55:06.006339,2026-05-19 09:55:06.250318,0 days 00:00:00.243979,32,1.2229716441825595,0.04513998842459835,0.0075949931841975665,4,0.433975149880731,3000,PRUNED
665,0.08523080497980118,2026-05-19 09:55:06.257318,2026-05-19 09:55:06.488874,0 days 00:00:00.231556,64,1.0786167369554784,0.923874578966656,0.00861920095786021,4,0.6337256660193511,5000,PRUNED
666,0.026324186474084854,2026-05-19 09:55:06.496527,2026-05-19 09:55:07.203806,0 days 00:00:00.707279,48,1.3643194615666674,0.1846623656381333,0.009954430335734317,5,0.7377789353260826,3000,PRUNED
667,0.027985503897070885,2026-05-19 09:55:07.210629,2026-05-19 09:55:07.862800,0 days 00:00:00.652171,64,1.5211499966687614,0.2615778643795985,0.007085474822558681,4,0.5364856990881293,3000,PRUNED
668,0.08704277873039246,2026-05-19 09:55:07.870067,2026-05-19 09:55:08.093810,0 days 00:00:00.223743,64,1.1655970722434785,0.09078911775975554,0.004078450169924461,4,0.8578001371587862,5000,PRUNED
669,0.08913470804691315,2026-05-19 09:55:08.100415,2026-05-19 09:55:08.322340,0 days 00:00:00.221925,80,1.9816998246590594,0.3726823236449936,0.008136091560890187,4,0.4820719636251254,3000,PRUNED
670,0.09744779020547867,2026-05-19 09:55:08.329010,2026-05-19 09:55:08.568016,0 days 00:00:00.239006,112,1.2793907517744227,0.21553726821031993,0.00864667842743242,4,0.5648131452757587,3000,PRUNED
671,0.16729344427585602,2026-05-19 09:55:08.576013,2026-05-19 09:55:08.779846,0 days 00:00:00.203833,64,1.6724748119059123,0.7699194161260953,0.00011907043436703814,4,0.4999680308741163,5000,PRUNED
672,0.08326814323663712,2026-05-19 09:55:08.787655,2026-05-19 09:55:09.003989,0 days 00:00:00.216334,64,1.4342051343505942,0.29833414425890903,0.0025320883337225848,4,0.46342676964824564,3000,PRUNED
673,0.09959454089403152,2026-05-19 09:55:09.013303,2026-05-19 09:55:09.228318,0 days 00:00:00.215015,64,7.094380040260114,0.14987786201515438,0.007738164727311319,4,0.8967851560376876,3000,PRUNED
674,0.009019019082188606,2026-05-19 09:55:09.235906,2026-05-19 09:55:10.495975,0 days 00:00:01.260069,64,2.221278111658979,0.24604598794553317,0.009170299753844266,4,0.6833510216790271,5000,PRUNED
675,0.05098162591457367,2026-05-19 09:55:10.503518,2026-05-19 09:55:10.917801,0 days 00:00:00.414283,64,1.8507884956103926,0.4609043788948557,0.007158240400948071,4,0.5562490181012374,3000,PRUNED
676,0.08109935373067856,2026-05-19 09:55:10.924994,2026-05-19 09:55:11.142341,0 days 00:00:00.217347,64,1.1120297900175617,0.3425556348489561,0.009972849484315816,4,0.42319766963316724,3000,PRUNED
677,0.08472021669149399,2026-05-19 09:55:11.149149,2026-05-19 09:55:11.384907,0 days 00:00:00.235758,48,1.2773198453417998,0.19322232066889183,0.00653683449886062,4,0.448476958203637,3000,PRUNED
678,0.08824814856052399,2026-05-19 09:55:11.391467,2026-05-19 09:55:11.663452,0 days 00:00:00.271985,64,1.0079040910335937,0.6317448467237184,0.004594847238525674,5,0.3956982948368196,3000,PRUNED
679,0.08569756150245667,2026-05-19 09:55:11.670223,2026-05-19 09:55:11.921463,0 days 00:00:00.251240,64,1.5445526413084016,0.30408787330339115,0.0032165026060826814,4,0.3396548202742362,5000,PRUNED
680,0.11740288138389587,2026-05-19 09:55:11.928345,2026-05-19 09:55:12.157083,0 days 00:00:00.228738,64,1.1967936954733458,1.1210422307710688,0.000809095479892508,4,0.5143081990066312,3000,PRUNED
681,0.08050644397735596,2026-05-19 09:55:12.164881,2026-05-19 09:55:12.377027,0 days 00:00:00.212146,64,1.4031108102374557,0.24474257979228808,0.008326108694317347,4,0.5997791685852001,3000,PRUNED
682,0.08774516731500626,2026-05-19 09:55:12.386216,2026-05-19 09:55:12.631161,0 days 00:00:00.244945,64,1.6623539157511373,1.903167280332589,0.009129023710722198,5,0.5718312914809001,5000,PRUNED
683,0.09813623130321503,2026-05-19 09:55:12.638736,2026-05-19 09:55:12.853599,0 days 00:00:00.214863,80,1.3139627787192198,0.4109160883711331,0.003798886204593295,4,0.45833910605917993,3000,PRUNED
684,0.04019303619861603,2026-05-19 09:55:12.861887,2026-05-19 09:55:13.287262,0 days 00:00:00.425375,64,1.0872385909091766,0.2841678066274117,0.007707835401313642,4,0.47464841763401694,3000,PRUNED
685,0.24553534388542175,2026-05-19 09:55:13.296668,2026-05-19 09:55:13.460314,0 days 00:00:00.163646,64,48.130107805386466,0.2125052789484073,0.00837070534439697,2,0.369431911746521,5000,PRUNED
686,0.08650301396846771,2026-05-19 09:55:13.468444,2026-05-19 09:55:13.720435,0 days 00:00:00.251991,48,1.5084483198142862,0.5262317662415662,0.009986762583794719,4,0.5477457039278848,3000,PRUNED
687,0.044681232422590256,2026-05-19 09:55:13.728424,2026-05-19 09:55:14.133195,0 days 00:00:00.404771,64,1.1862993760105958,0.3438458759142377,0.006905873190097201,4,0.5792281867401134,5000,PRUNED
688,0.0858234167098999,2026-05-19 09:55:14.141178,2026-05-19 09:55:14.391638,0 days 00:00:00.250460,64,1.8048176360132122,0.16063854757879156,0.0027174732020556285,4,0.7569427158860864,3000,PRUNED
689,0.3101799786090851,2026-05-19 09:55:14.401398,2026-05-19 09:55:14.606926,0 days 00:00:00.205528,96,39.04855780873016,0.23738543556088817,0.0005504485363565338,4,0.48524153998647324,3000,PRUNED
690,0.0052839769050478935,2026-05-19 09:55:14.615889,2026-05-19 09:55:16.871328,0 days 00:00:02.255439,64,1.3186359187506214,0.1800797005832267,0.00907303220569528,4,0.5335086509195165,1000,PRUNED
691,0.04176013916730881,2026-05-19 09:55:16.881024,2026-05-19 09:55:17.328017,0 days 00:00:00.446993,64,2.0121133289447863,0.2768225124955556,0.007510236974232683,4,0.43691910321285254,5000,PRUNED
692,0.0869138240814209,2026-05-19 09:55:17.336822,2026-05-19 09:55:17.569641,0 days 00:00:00.232819,64,1.0948055272276431,0.11041944653171747,0.005046282493683737,4,0.5567915464871408,3000,PRUNED
693,0.10360746830701828,2026-05-19 09:55:17.579385,2026-05-19 09:55:17.834104,0 days 00:00:00.254719,16,1.4075004059659677,0.39275762989482965,0.008209278314650124,4,0.8027745052780868,3000,PRUNED
694,0.04021573066711426,2026-05-19 09:55:17.843936,2026-05-19 09:55:18.395798,0 days 00:00:00.551862,64,1.598202180517189,0.8618010642422468,0.009021870276052937,6,0.6201414788465808,3000,PRUNED
695,0.08392185717821121,2026-05-19 09:55:18.404372,2026-05-19 09:55:18.615123,0 days 00:00:00.210751,64,2.350080576680937,0.22007498180319054,0.006330268254659206,4,0.7804558808022608,5000,PRUNED
696,0.08092115074396133,2026-05-19 09:55:18.623169,2026-05-19 09:55:18.845079,0 days 00:00:00.221910,64,1.2823619337460732,0.45666555369241957,0.007401103833769671,4,0.47129268133682384,3000,PRUNED
697,0.002380852587521076,2026-05-19 09:55:18.853464,2026-05-19 09:55:21.250537,0 days 00:00:02.397073,64,1.1613676148222496,0.30604644757201716,0.00833500450784202,5,0.8496215149484708,3000,PRUNED
698,0.1252676397562027,2026-05-19 09:55:21.257698,2026-05-19 09:55:21.479428,0 days 00:00:00.221730,48,1.4806493858638752,0.6813467947456582,0.001339193754730895,4,0.44852267896069814,5000,PRUNED
699,0.09472877532243729,2026-05-19 09:55:21.486867,2026-05-19 09:55:21.722347,0 days 00:00:00.235480,64,1.2479580410796192,0.2616473081289392,0.0034831769222523072,4,0.3552800826396505,1000,PRUNED
700,0.07727612555027008,2026-05-19 09:55:21.729304,2026-05-19 09:55:21.992189,0 days 00:00:00.262885,80,1.0620550216173021,0.19505955331593244,0.00999636621629771,5,0.4964988414241204,3000,PRUNED
701,0.014256926253437996,2026-05-19 09:55:21.999764,2026-05-19 09:55:22.802764,0 days 00:00:00.803000,64,1.779920697912051,0.3223035483740958,0.009028606442421275,4,0.4643310080597147,3000,PRUNED
702,0.10652556270360947,2026-05-19 09:55:22.810415,2026-05-19 09:55:23.024400,0 days 00:00:00.213985,64,1.6144850231677987,0.13651290419249607,0.0077706167826197825,4,0.519014039516947,5000,PRUNED
703,0.05615641549229622,2026-05-19 09:55:23.031075,2026-05-19 09:55:23.412469,0 days 00:00:00.381394,48,1.3742555074777167,0.3779948871561246,0.006717417082422049,4,0.6612953312561127,3000,PRUNED
704,0.008531429804861546,2026-05-19 09:55:23.420577,2026-05-19 09:55:24.284741,0 days 00:00:00.864164,64,1.0085676020557874,0.23331345444305765,0.009125254506990923,4,0.8828573380071306,3000,PRUNED
705,0.08512642979621887,2026-05-19 09:55:24.291790,2026-05-19 09:55:24.514354,0 days 00:00:00.222564,96,2.6971703026443103,0.5578104296883392,0.008165807682944863,4,0.5678401781711369,5000,PRUNED
706,0.08996613323688507,2026-05-19 09:55:24.522753,2026-05-19 09:55:24.738186,0 days 00:00:00.215433,64,1.1640517305027083,0.9969061295813758,0.007306652336286397,4,0.41112277909920397,3000,PRUNED
707,0.0865364819765091,2026-05-19 09:55:24.744923,2026-05-19 09:55:24.991008,0 days 00:00:00.246085,64,1.4770139002428289,0.1696951906368795,0.005892079660010076,4,0.5855253616405216,5000,PRUNED
708,0.0901944637298584,2026-05-19 09:55:24.997940,2026-05-19 09:55:25.223595,0 days 00:00:00.225655,80,1.9412791565742693,0.27495367784118885,0.008609666293343506,4,0.5417749720550002,3000,PRUNED
709,0.08164077252149582,2026-05-19 09:55:25.230770,2026-05-19 09:55:25.486039,0 days 00:00:00.255269,64,1.2434158719310322,0.3599747091825109,0.002252166564714389,4,0.4550182873005634,3000,PRUNED
710,0.0869734063744545,2026-05-19 09:55:25.493210,2026-05-19 09:55:25.737466,0 days 00:00:00.244256,48,1.3565413722339585,0.4678794801565911,0.0030006764229162553,5,0.4840529299486305,3000,PRUNED
711,0.08741174638271332,2026-05-19 09:55:25.745921,2026-05-19 09:55:25.971914,0 days 00:00:00.225993,64,1.665765669873294,1.5235787307097852,0.004151275791940326,4,0.4297833793290847,5000,PRUNED
712,0.044064078480005264,2026-05-19 09:55:25.979290,2026-05-19 09:55:26.372711,0 days 00:00:00.393421,64,1.1526441053669918,0.2132289189202009,0.00913849657997303,4,0.5067785262969062,3000,PRUNED
713,0.0808175578713417,2026-05-19 09:55:26.379888,2026-05-19 09:55:26.618763,0 days 00:00:00.238875,64,2.16916969559717,0.7539063219061418,0.007850357268612223,4,0.5740744147323091,3000,PRUNED
714,0.03174544870853424,2026-05-19 09:55:26.627597,2026-05-19 09:55:27.241533,0 days 00:00:00.613936,64,1.471661049562369,0.3245562183453614,0.006878112510361683,4,0.5573566895639924,5000,PRUNED
715,0.053907137364149094,2026-05-19 09:55:27.249490,2026-05-19 09:55:27.723101,0 days 00:00:00.473611,64,1.2638750038953164,0.25645579556168674,0.004635415230747785,5,0.6112849064670727,3000,PRUNED
716,0.014136160723865032,2026-05-19 09:55:27.730237,2026-05-19 09:55:28.537222,0 days 00:00:00.806985,64,1.0685565282248402,0.18682080706711468,0.008383161985132982,4,0.5287083646657812,4000,PRUNED
717,0.08156289905309677,2026-05-19 09:55:28.545170,2026-05-19 09:55:28.760656,0 days 00:00:00.215486,64,1.7651931372099194,0.4205017193935845,0.009069538239407704,4,0.4696389997526249,3000,PRUNED
718,0.04255228862166405,2026-05-19 09:55:28.767221,2026-05-19 09:55:29.148702,0 days 00:00:00.381481,64,1.387213828992734,0.28433531065598333,0.00646035108825489,4,0.5943204831428098,3000,PRUNED
719,0.09217008203268051,2026-05-19 09:55:29.155996,2026-05-19 09:55:29.369655,0 days 00:00:00.213659,64,1.1924469041886787,1.182003476360108,0.007343700894378826,4,0.44261089345630744,4000,PRUNED
720,0.17539329826831818,2026-05-19 09:55:29.377212,2026-05-19 09:55:29.591002,0 days 00:00:00.213790,64,1.5786214551317648,0.1443863033496891,0.00044195451160345333,4,0.5598553213398832,5000,PRUNED
721,0.13043290376663208,2026-05-19 09:55:29.597777,2026-05-19 09:55:29.834716,0 days 00:00:00.236939,48,1.0073970576385696,0.5868189404723242,0.0006476345037255332,4,0.49326173150112906,1000,PRUNED
722,0.08124624937772751,2026-05-19 09:55:29.842296,2026-05-19 09:55:30.017466,0 days 00:00:00.175170,128,1.3326724183922976,0.22718617587658055,0.008027486361526504,2,0.544761866791035,3000,PRUNED
723,0.08537698537111282,2026-05-19 09:55:30.025014,2026-05-19 09:55:30.259294,0 days 00:00:00.234280,64,1.1210654230302695,0.3151708103484533,0.009936766538117871,4,0.4209437763048539,3000,PRUNED
724,0.10787487030029297,2026-05-19 09:55:30.267522,2026-05-19 09:55:30.482633,0 days 00:00:00.215111,32,1.5507828404223631,0.24186190042545422,0.009995821740907835,4,0.7924419075844009,3000,PRUNED
725,0.002982333768159151,2026-05-19 09:55:30.491393,2026-05-19 09:55:32.419868,0 days 00:00:01.928475,64,1.250988891282332,0.17899772703547662,0.008586758996215266,4,0.5769124749612666,5000,PRUNED
726,0.08400290459394455,2026-05-19 09:55:32.427269,2026-05-19 09:55:32.667526,0 days 00:00:00.240257,96,1.8647366426919352,0.37686526111043583,0.007498893591881903,4,0.46051738267382364,3000,PRUNED
727,0.09180596470832825,2026-05-19 09:55:32.674753,2026-05-19 09:55:32.918098,0 days 00:00:00.243345,64,3.1169365528382182,0.2753972357227619,0.005308795987008959,5,0.7702974812650171,4000,PRUNED
728,0.1722356528043747,2026-05-19 09:55:32.924691,2026-05-19 09:55:33.157279,0 days 00:00:00.232588,64,1.422656091029538,0.19886389502012683,0.00032838354033373215,4,0.47471107690255065,5000,PRUNED
729,0.08036558330059052,2026-05-19 09:55:33.164907,2026-05-19 09:55:33.395783,0 days 00:00:00.230876,64,1.1612649677197262,0.8535191258594128,0.00916345407216629,4,0.3949114157760801,3000,PRUNED
730,0.09073727577924728,2026-05-19 09:55:33.402893,2026-05-19 09:55:33.624696,0 days 00:00:00.221803,80,1.0021281920593108,0.5333322282259134,0.008010709518512097,4,0.5535194429282562,5000,PRUNED
731,0.05571746081113815,2026-05-19 09:55:33.631180,2026-05-19 09:55:34.014455,0 days 00:00:00.383275,64,3.648381376727126,0.3420858576461773,0.006403910826379815,4,0.4501720130890677,3000,PRUNED
732,0.03194617107510567,2026-05-19 09:55:34.021496,2026-05-19 09:55:34.579752,0 days 00:00:00.558256,64,1.9963524084953603,0.43014692917045777,0.00705573423724699,4,0.8110992007441856,3000,PRUNED
733,0.08456538617610931,2026-05-19 09:55:34.586748,2026-05-19 09:55:34.810301,0 days 00:00:00.223553,64,1.6912981776545026,0.6412506657025138,0.0036142686441827995,4,0.5950217275118682,2000,PRUNED
734,0.04472348093986511,2026-05-19 09:55:34.817087,2026-05-19 09:55:35.201615,0 days 00:00:00.384528,48,1.284531836639881,0.22941284383152372,0.009188416918406325,4,0.3246366954039474,4000,PRUNED
735,0.009209586307406425,2026-05-19 09:55:35.208291,2026-05-19 09:55:36.096729,0 days 00:00:00.888438,64,1.4718373664358781,0.2814492831960295,0.008644258177924491,4,0.8397475706319661,5000,PRUNED
736,0.039563391357660294,2026-05-19 09:55:36.105415,2026-05-19 09:55:36.540630,0 days 00:00:00.435215,64,1.1264915461434568,0.16236219055711157,0.007961916778317188,5,0.5666108845541964,3000,PRUNED
737,0.09550432115793228,2026-05-19 09:55:36.549280,2026-05-19 09:55:36.808858,0 days 00:00:00.259578,64,9.571088978873066,0.11915241135969665,0.005993925126185727,6,0.4798550298151922,3000,PRUNED
738,0.04286958649754524,2026-05-19 09:55:36.817116,2026-05-19 09:55:37.211640,0 days 00:00:00.394524,64,1.3415494901739913,0.34921412711372135,0.007214781437656808,4,0.5239367227627405,3000,PRUNED
739,0.0771358534693718,2026-05-19 09:55:37.220570,2026-05-19 09:55:37.434908,0 days 00:00:00.214338,48,2.296585873226341,0.0010491313825496307,0.00928069377263103,4,0.5079909747162603,5000,PRUNED
740,0.07879173755645752,2026-05-19 09:55:37.442963,2026-05-19 09:55:37.700652,0 days 00:00:00.257689,64,1.6235166430057046,0.2048326565467233,0.00488564323746813,5,0.5830150930242206,4000,PRUNED
741,0.09503620117902756,2026-05-19 09:55:37.708543,2026-05-19 09:55:37.932149,0 days 00:00:00.223606,96,1.2663851891222833,0.27016274820467057,0.008442700448799273,4,0.4408719985128936,3000,PRUNED
742,0.08206095546483994,2026-05-19 09:55:37.939213,2026-05-19 09:55:38.160159,0 days 00:00:00.220946,64,1.4521935491391926,0.4466239766183938,0.009961359406453367,4,0.5403446120821757,3000,PRUNED
743,0.08348812162876129,2026-05-19 09:55:38.167633,2026-05-19 09:55:38.390242,0 days 00:00:00.222609,64,1.0814363957849575,0.23579698884741052,0.00561475667860855,4,0.7479521021354215,3000,PRUNED
744,0.09115798771381378,2026-05-19 09:55:38.396688,2026-05-19 09:55:38.641100,0 days 00:00:00.244412,64,7.7719648639416485,0.6967603232435514,0.00790229294916833,4,0.46483855723415163,2000,PRUNED
745,0.08649703860282898,2026-05-19 09:55:38.647808,2026-05-19 09:55:38.838430,0 days 00:00:00.190622,64,1.1991978249664295,0.30664355652671704,0.0066792549180596655,3,0.5689756415191577,5000,PRUNED
746,0.0916614904999733,2026-05-19 09:55:38.845746,2026-05-19 09:55:39.058417,0 days 00:00:00.212671,80,1.8158542541105793,0.5037986693225566,0.008564840283327695,4,0.37889127461013516,4000,PRUNED
747,0.08465860038995743,2026-05-19 09:55:39.066070,2026-05-19 09:55:39.278267,0 days 00:00:00.212197,64,1.5434162623285372,0.9488524090516179,0.004305731837630637,4,0.7290372915575093,5000,PRUNED
748,0.08378611505031586,2026-05-19 09:55:39.285077,2026-05-19 09:55:39.493093,0 days 00:00:00.208016,64,1.3849489921371123,0.17336570632988701,0.007487741754660306,4,0.48869801558090614,3000,PRUNED
749,0.0396932028234005,2026-05-19 09:55:39.499528,2026-05-19 09:55:39.934535,0 days 00:00:00.435007,64,1.190079402242756,0.3733442608719849,0.009028039167094189,5,0.6042386545917094,3000,PRUNED
750,0.09964769333600998,2026-05-19 09:55:39.941117,2026-05-19 09:55:40.169456,0 days 00:00:00.228339,64,2.0685596550256022,0.22108503118303235,0.003275482247486951,4,0.45666277737718963,3000,PRUNED
751,0.08692418783903122,2026-05-19 09:55:40.176712,2026-05-19 09:55:40.421277,0 days 00:00:00.244565,48,2.462965361342432,1.185490635714396,0.009253317240086118,4,0.8625488071063715,3000,PRUNED
752,0.04573466256260872,2026-05-19 09:55:40.428516,2026-05-19 09:55:40.810811,0 days 00:00:00.382295,64,1.084502412091468,0.2659980504664863,0.006959004955958777,4,0.5491247385950492,5000,PRUNED
753,0.10246006399393082,2026-05-19 09:55:40.817961,2026-05-19 09:55:41.024235,0 days 00:00:00.206274,112,1.6342604668883491,0.32957236468118095,0.0016242811082127504,3,0.8270585362310893,3000,PRUNED
754,0.09298662841320038,2026-05-19 09:55:41.031163,2026-05-19 09:55:41.247811,0 days 00:00:00.216648,64,14.988877514557453,0.1539473780328782,0.00820802569907362,4,0.4746327290734759,4000,PRUNED
755,0.1311861127614975,2026-05-19 09:55:41.255095,2026-05-19 09:55:41.474307,0 days 00:00:00.219212,64,58.51999016631074,0.19596466180750033,0.0076777554583137494,4,0.43099009447480596,5000,PRUNED
756,0.0814855620265007,2026-05-19 09:55:41.481187,2026-05-19 09:55:41.690288,0 days 00:00:00.209101,64,1.3324942985515136,0.24725929451540798,0.0019867411365133538,4,0.5320448484315978,3000,PRUNED
757,0.09293458610773087,2026-05-19 09:55:41.696905,2026-05-19 09:55:41.890588,0 days 00:00:00.193683,64,1.2501030026397009,0.3008964866692984,0.003943637456117403,3,0.5787568673702927,3000,PRUNED
758,0.08443941920995712,2026-05-19 09:55:41.898382,2026-05-19 09:55:42.152570,0 days 00:00:00.254188,48,1.7828126222554135,0.7503514085217574,0.006225016301211699,5,0.563112247158463,3000,PRUNED
759,0.07778831571340561,2026-05-19 09:55:42.159527,2026-05-19 09:55:42.410863,0 days 00:00:00.251336,64,1.4501779110132256,0.39986535624726105,0.008606336545603182,4,0.33380626476421266,4000,PRUNED
760,0.07813713699579239,2026-05-19 09:55:42.418062,2026-05-19 09:55:42.642525,0 days 00:00:00.224463,64,1.0847645335167444,0.21589535467675555,0.00918159123740592,4,0.44987928718306475,5000,PRUNED
761,0.08590347319841385,2026-05-19 09:55:42.651293,2026-05-19 09:55:42.866176,0 days 00:00:00.214883,80,4.127647477677953,0.4804219347887256,0.00997566988841998,4,0.5033928711618941,1000,PRUNED
762,0.22718839347362518,2026-05-19 09:55:42.875239,2026-05-19 09:55:43.086913,0 days 00:00:00.211674,32,6.3254492723777025,0.13668893413741245,0.00024827802248485523,4,0.5872347480931648,3000,PRUNED
763,0.0002187767531722784,2026-05-19 09:55:43.095044,2026-05-19 09:55:52.564344,0 days 00:00:09.469300,64,1.1969700547010949,0.26796703388050336,0.007218877639955047,4,0.46701297050330787,3000,COMPLETE
764,0.04188074171543121,2026-05-19 09:55:52.580576,2026-05-19 09:55:52.993983,0 days 00:00:00.413407,64,1.5697235796019782,0.6096041224144451,0.008073655650156083,4,0.7959782801667987,5000,PRUNED
765,0.08406047523021698,2026-05-19 09:55:53.002597,2026-05-19 09:55:53.224842,0 days 00:00:00.222245,64,1.0044836082869468,0.33474304669891325,0.005146014947277578,3,0.35293277324504163,2000,PRUNED
766,0.09047111123800278,2026-05-19 09:55:53.233675,2026-05-19 09:55:53.495531,0 days 00:00:00.261856,96,1.3433577563483268,0.1996284540579058,0.008671515584642004,4,0.551753121275953,3000,PRUNED
767,0.028728501871228218,2026-05-19 09:55:53.501973,2026-05-19 09:55:54.055190,0 days 00:00:00.553217,64,1.1497338807171897,0.24709303548781994,0.006712166242540764,4,0.49144651838754694,3000,PRUNED
768,0.08110643178224564,2026-05-19 09:55:54.061699,2026-05-19 09:55:54.288797,0 days 00:00:00.227098,64,1.9087998022143167,0.41072919029300514,0.007716990154865347,5,0.5165014859599726,3000,PRUNED
769,0.0401730053126812,2026-05-19 09:55:54.295280,2026-05-19 09:55:54.676926,0 days 00:00:00.381646,64,1.673713758994534,0.3037048934157759,0.009227966191948695,4,0.5666509635801871,5000,PRUNED
770,0.08153947442770004,2026-05-19 09:55:54.683506,2026-05-19 09:55:54.908643,0 days 00:00:00.225137,64,1.4845783388052964,0.011494599557640943,0.0027663976517332315,4,0.44351724765050127,5000,PRUNED
771,0.004274432081729174,2026-05-19 09:55:54.915515,2026-05-19 09:55:56.787721,0 days 00:00:01.872206,64,1.2996041343144702,0.17656798191076967,0.00849169264647925,4,0.45661518744842533,3000,PRUNED
772,0.10293330252170563,2026-05-19 09:55:56.796780,2026-05-19 09:55:57.025339,0 days 00:00:00.228559,80,1.223823839290344,1.3322577419650936,0.005934473648383243,4,0.4157528575402929,4000,PRUNED
773,0.030117236077785492,2026-05-19 09:55:57.032872,2026-05-19 09:55:57.733990,0 days 00:00:00.701118,48,1.397722287616026,0.23020819687360516,0.009972245749161196,5,0.48152752779607516,3000,PRUNED
