number,value,datetime_start,datetime_complete,duration,params_hidden,params_lambda_ic,params_lambda_phys,params_lr,params_n_layers,params_scheduler_gamma,params_scheduler_step,state
884,0.10713590681552887,2026-05-19 09:58:22.349465,2026-05-19 09:58:22.560202,0 days 00:00:00.210737,64,1.1885221739459724,0.898353102390397,0.008474999290866803,2,0.5309462559412145,2000,PRUNED
885,0.09495832026004791,2026-05-19 09:58:22.567532,2026-05-19 09:58:22.802814,0 days 00:00:00.235282,64,10.808270717708817,0.21188191861773742,0.00992486112345164,4,0.4687511134577474,3000,PRUNED
886,0.08297355473041534,2026-05-19 09:58:22.809815,2026-05-19 09:58:23.031565,0 days 00:00:00.221750,48,1.3397070456427222,0.26390625786616967,0.008114002023672144,4,0.5462054416749144,3000,PRUNED
887,0.07771680504083633,2026-05-19 09:58:23.038316,2026-05-19 09:58:23.272846,0 days 00:00:00.234530,64,1.1089497048939676,0.6251433531822747,0.0032192515974980725,4,0.5703386519845912,5000,PRUNED
888,0.04003816470503807,2026-05-19 09:58:23.279597,2026-05-19 09:58:23.783392,0 days 00:00:00.503795,64,1.5036671498294918,0.45997187420079033,0.007179984222509702,5,0.6708346399423327,1000,PRUNED
889,0.011087678372859955,2026-05-19 09:58:23.790960,2026-05-19 09:58:25.003317,0 days 00:00:01.212357,64,1.687517417457476,0.18593541020084473,0.009157899698912161,4,0.45449940486144064,3000,PRUNED
890,0.0763770192861557,2026-05-19 09:58:25.010370,2026-05-19 09:58:25.246204,0 days 00:00:00.235834,64,1.4011629699855472,0.23806257247018342,0.008543376963837845,4,0.484110303500422,3000,PRUNED
891,0.09379170835018158,2026-05-19 09:58:25.253705,2026-05-19 09:58:25.477408,0 days 00:00:00.223703,64,2.0392486905904295,0.14509630857833675,0.007613056082069745,4,0.348320791587829,3000,PRUNED
892,0.042495496571063995,2026-05-19 09:58:25.485532,2026-05-19 09:58:25.914638,0 days 00:00:00.429106,64,1.1895998608894685,0.318501672299028,0.006589899034907723,4,0.5603050312354111,3000,PRUNED
893,0.0027451126370579004,2026-05-19 09:58:25.923036,2026-05-19 09:58:27.827798,0 days 00:00:01.904762,64,1.0895064748322998,0.3659349960434239,0.009247946849894806,4,0.4347918417142413,5000,PRUNED
894,0.08546363562345505,2026-05-19 09:58:27.835424,2026-05-19 09:58:28.052909,0 days 00:00:00.217485,48,1.240742502721407,0.27934141656958994,0.003696385757466323,4,0.7905644642995326,3000,PRUNED
895,0.08507398515939713,2026-05-19 09:58:28.060722,2026-05-19 09:58:28.278893,0 days 00:00:00.218171,80,1.0001183473972854,0.1195883978470052,0.008170379933331081,4,0.7711529583834668,5000,PRUNED
896,0.10884100943803787,2026-05-19 09:58:28.285697,2026-05-19 09:58:28.532017,0 days 00:00:00.246320,96,1.5348706270387997,0.20690222887732293,0.0044672102571582965,4,0.5131570452582208,3000,PRUNED
897,0.09232813864946365,2026-05-19 09:58:28.539248,2026-05-19 09:58:28.769464,0 days 00:00:00.230216,64,5.550936743268029,0.2382804285496868,0.008715709103700947,4,0.8305637535123936,3000,PRUNED
898,0.02497282437980175,2026-05-19 09:58:28.776141,2026-05-19 09:58:29.371170,0 days 00:00:00.595029,64,1.3473057549244452,0.2954620520685619,0.007309622039868577,4,0.44791324727116505,5000,PRUNED
899,0.07776716351509094,2026-05-19 09:58:29.378085,2026-05-19 09:58:29.596342,0 days 00:00:00.218257,64,1.833582881039821,0.7165642545999499,0.009319617731007184,4,0.5915809617437071,3000,PRUNED
900,0.09435644000768661,2026-05-19 09:58:29.603573,2026-05-19 09:58:29.886311,0 days 00:00:00.282738,64,1.1608360377397615,0.017318239562049614,0.007989548342545186,5,0.5818840205166728,2000,PRUNED
901,0.05874911695718765,2026-05-19 09:58:29.893150,2026-05-19 09:58:30.404775,0 days 00:00:00.511625,64,1.4323287411201189,0.0023292983971933186,0.005882742942476391,5,0.46140063781018115,3000,PRUNED
902,0.09086769074201584,2026-05-19 09:58:30.412171,2026-05-19 09:58:30.643905,0 days 00:00:00.231734,48,1.6319815659576564,0.1570284370256872,0.006651177567202667,4,0.5485041796000646,5000,PRUNED
903,0.07944180071353912,2026-05-19 09:58:30.651636,2026-05-19 09:58:30.878447,0 days 00:00:00.226811,64,1.3103965985570551,0.5374154702370729,0.002971496984571629,4,0.3597253563561638,3000,PRUNED
904,0.00856277346611023,2026-05-19 09:58:30.885479,2026-05-19 09:58:31.916367,0 days 00:00:01.030888,64,2.407123458103469,0.37217513908646155,0.00865241878914135,4,0.8803094985347439,3000,PRUNED
905,0.09818878769874573,2026-05-19 09:58:31.924567,2026-05-19 09:58:32.144927,0 days 00:00:00.220360,32,1.0834364998703607,0.19388412293870333,0.009355326071900096,4,0.5351021812866861,2000,PRUNED
906,0.10262973606586456,2026-05-19 09:58:32.153474,2026-05-19 09:58:32.380370,0 days 00:00:00.226896,64,3.740008450991282,4.606552697507087,0.007567424479638789,4,0.39392283522243526,1000,PRUNED
907,0.039516497403383255,2026-05-19 09:58:32.389265,2026-05-19 09:58:32.773503,0 days 00:00:00.384238,64,1.2652836409926789,0.2602134074652554,0.008156165925751154,4,0.4864508331335421,3000,PRUNED
908,0.08242086321115494,2026-05-19 09:58:32.780017,2026-05-19 09:58:33.020676,0 days 00:00:00.240659,64,1.528881231964048,0.4698928910369606,0.009910131193426304,4,0.3389029655104038,3000,PRUNED
909,0.09715529531240463,2026-05-19 09:58:33.027746,2026-05-19 09:58:33.247561,0 days 00:00:00.219815,80,2.0295311451560334,0.33146329616706854,0.009999086698315946,4,0.50176486148445,5000,PRUNED
910,0.04245288297533989,2026-05-19 09:58:33.254625,2026-05-19 09:58:33.673901,0 days 00:00:00.419276,64,1.0008126245831763,0.24250122754130796,0.007114991336107383,4,0.4186463983881313,3000,PRUNED
911,0.08509847521781921,2026-05-19 09:58:33.680516,2026-05-19 09:58:33.888935,0 days 00:00:00.208419,64,3.030358548651257,0.17997381217043032,0.008552854106852633,4,0.4734932670175559,5000,PRUNED
912,0.08273588120937347,2026-05-19 09:58:33.895920,2026-05-19 09:58:34.142835,0 days 00:00:00.246915,64,1.1612145280446013,0.9693404797872082,0.008766023982001424,4,0.737569807186888,3000,PRUNED
913,0.04842343181371689,2026-05-19 09:58:34.151071,2026-05-19 09:58:34.569094,0 days 00:00:00.418023,112,1.3890378114612518,0.4036882536921816,0.009995241028727416,4,0.5682515470955661,3000,PRUNED
914,0.08417488634586334,2026-05-19 09:58:34.577112,2026-05-19 09:58:34.852886,0 days 00:00:00.275774,64,2.7617019572369252,0.2914526730039096,0.006319515186652124,5,0.8115829951819357,5000,PRUNED
915,0.08103937655687332,2026-05-19 09:58:34.861448,2026-05-19 09:58:35.117099,0 days 00:00:00.255651,64,1.7775383613467242,0.2184428387195572,0.007812344017027345,4,0.4501000186526634,3000,PRUNED
916,0.09195730090141296,2026-05-19 09:58:35.125367,2026-05-19 09:58:35.362038,0 days 00:00:00.236671,48,1.2425224563221353,0.3286032083854082,0.0026277377842988895,4,0.5804093037668911,3000,PRUNED
917,0.09077832847833633,2026-05-19 09:58:35.370174,2026-05-19 09:58:35.597064,0 days 00:00:00.226890,64,1.5142984977097194,1.3045744800293988,0.00705162152886488,4,0.46626381529819777,3000,PRUNED
918,0.10569930821657181,2026-05-19 09:58:35.605115,2026-05-19 09:58:35.860245,0 days 00:00:00.255130,64,1.1015758877320763,0.21241567452728344,0.003936256449343588,4,0.36970672298561136,3000,PRUNED
919,0.043766088783741,2026-05-19 09:58:35.867113,2026-05-19 09:58:36.309727,0 days 00:00:00.442614,64,1.6780125933666166,0.5952465331379625,0.008937775658825347,5,0.4336116917259848,5000,PRUNED
920,0.13305062055587769,2026-05-19 09:58:36.317211,2026-05-19 09:58:36.538185,0 days 00:00:00.220974,64,71.22872121551012,0.26152597293403684,0.0076170241717523875,4,0.5616072530328553,3000,PRUNED
921,0.10830225795507431,2026-05-19 09:58:36.545812,2026-05-19 09:58:36.758397,0 days 00:00:00.212585,48,1.3046940085995131,0.7983270092333457,0.008329425654617457,4,0.8613219189332165,1000,PRUNED
922,0.08843094855546951,2026-05-19 09:58:36.765010,2026-05-19 09:58:37.059252,0 days 00:00:00.294242,96,1.1957237704461936,0.16494060533117774,0.005006877814161705,6,0.5494179968963618,4000,PRUNED
923,0.07899820059537888,2026-05-19 09:58:37.066233,2026-05-19 09:58:37.291190,0 days 00:00:00.224957,64,1.421856103794338,0.39024399852400027,0.009172101827166513,4,0.5212584588884275,5000,PRUNED
924,0.05439392849802971,2026-05-19 09:58:37.298263,2026-05-19 09:58:37.711226,0 days 00:00:00.412963,64,1.106795168111388,0.004035146503032477,0.008017806426106156,4,0.4926759010700447,3000,PRUNED
925,0.08752967417240143,2026-05-19 09:58:37.718329,2026-05-19 09:58:37.937686,0 days 00:00:00.219357,64,1.8390484648609395,0.10860107742744476,0.006711944556570129,4,0.8377599360574131,5000,PRUNED
926,0.07887090742588043,2026-05-19 09:58:37.944870,2026-05-19 09:58:38.178799,0 days 00:00:00.233929,64,1.2387628875359005,0.2723916594296948,0.009035408786125292,4,0.45866428258513103,3000,PRUNED
927,0.11425871402025223,2026-05-19 09:58:38.186194,2026-05-19 09:58:38.360182,0 days 00:00:00.173988,96,2.1859150166338117,1.8257080047976473,0.007359684049757631,2,0.47871658673460127,3000,PRUNED
928,0.08709945529699326,2026-05-19 09:58:38.367618,2026-05-19 09:58:38.613070,0 days 00:00:00.245452,64,1.5924862917356093,0.20202237269929565,0.005957168469000572,4,0.541567891483189,3000,PRUNED
929,0.09078937023878098,2026-05-19 09:58:38.619734,2026-05-19 09:58:38.882190,0 days 00:00:00.262456,80,1.3501352536823124,0.32742998791428013,0.008296445332553032,4,0.7227055616816523,3000,PRUNED
930,0.00026735186111181974,2026-05-19 09:58:38.889869,2026-05-19 09:58:47.421320,0 days 00:00:08.531451,64,1.0867211106312282,0.1484919703315632,0.009194832172334164,4,0.43762606328721904,5000,COMPLETE
931,0.08591752499341965,2026-05-19 09:58:47.433196,2026-05-19 09:58:47.666929,0 days 00:00:00.233733,48,1.4641529518198269,0.24304075059171662,0.0035347022816387018,4,0.7572509183531976,3000,PRUNED
932,0.08029912412166595,2026-05-19 09:58:47.673993,2026-05-19 09:58:47.895537,0 days 00:00:00.221544,64,1.1796619613553951,0.3030521840107617,0.0019086118005596855,4,0.5752730386186625,5000,PRUNED
933,0.042061496526002884,2026-05-19 09:58:47.903402,2026-05-19 09:58:48.288836,0 days 00:00:00.385434,64,2.0016836848997976,0.4418924459114661,0.008001096580325296,4,0.5296311803348224,3000,PRUNED
934,0.0449732206761837,2026-05-19 09:58:48.296086,2026-05-19 09:58:48.742997,0 days 00:00:00.446911,64,1.3261078438995844,0.1792094253300938,0.009223998639695571,5,0.3183169269003045,4000,PRUNED
935,0.04008482024073601,2026-05-19 09:58:48.749785,2026-05-19 09:58:49.140821,0 days 00:00:00.391036,64,1.0047503519572178,0.2278887364581141,0.006892109979832653,4,0.786842154354707,3000,PRUNED
936,0.08764912188053131,2026-05-19 09:58:49.147882,2026-05-19 09:58:49.381988,0 days 00:00:00.234106,64,1.2369948872971748,0.13071362377234752,0.007594166781706962,4,0.5556754447445281,4000,PRUNED
937,0.046321067959070206,2026-05-19 09:58:49.390185,2026-05-19 09:58:49.832400,0 days 00:00:00.442215,64,1.7409029034137582,0.36951689372365776,0.008478102128585461,5,0.4689394312542054,3000,PRUNED
938,0.08572105318307877,2026-05-19 09:58:49.839517,2026-05-19 09:58:50.074631,0 days 00:00:00.235114,128,1.583474031902021,0.2868615399029744,0.005617443623415431,4,0.5874178020069146,3000,PRUNED
939,0.009828856214880943,2026-05-19 09:58:50.082173,2026-05-19 09:58:51.079663,0 days 00:00:00.997490,64,1.3740337727418503,0.5110776528056066,0.009389795057848786,4,0.8209373479974117,5000,PRUNED
940,0.08107662945985794,2026-05-19 09:58:51.086379,2026-05-19 09:58:51.354327,0 days 00:00:00.267948,64,1.1242211679604979,0.18987485371375723,0.009999302723901872,4,0.45154312958227105,3000,PRUNED
941,0.09088645875453949,2026-05-19 09:58:51.362114,2026-05-19 09:58:51.592660,0 days 00:00:00.230546,48,2.5448343682780497,0.7084204096279033,0.004615510492492753,4,0.5099600882562045,3000,PRUNED
942,0.08922845870256424,2026-05-19 09:58:51.599623,2026-05-19 09:58:51.836011,0 days 00:00:00.236388,64,1.4751377604007612,1.1037599171220145,0.009967831309540001,4,0.48181487505333,5000,PRUNED
943,0.08146723359823227,2026-05-19 09:58:51.843583,2026-05-19 09:58:52.098018,0 days 00:00:00.254435,80,1.2295719123729283,0.23758926926163818,0.00850857586402178,4,0.38313219935763176,3000,PRUNED
944,0.044195882976055145,2026-05-19 09:58:52.105106,2026-05-19 09:58:52.569872,0 days 00:00:00.464766,64,1.1061438089907496,0.34204876718865074,0.007407078203206946,4,0.5688545495664297,3000,PRUNED
945,0.025396086275577545,2026-05-19 09:58:52.576547,2026-05-19 09:58:53.175359,0 days 00:00:00.598812,64,1.389431873445912,0.2651466155110183,0.007992440419613528,4,0.6041091709909466,5000,PRUNED
946,0.08560243248939514,2026-05-19 09:58:53.181659,2026-05-19 09:58:53.446165,0 days 00:00:00.264506,64,3.4522643746430295,0.2110774254757415,0.006456580990101442,4,0.35796014236833407,3000,PRUNED
947,0.09959191828966141,2026-05-19 09:58:53.452593,2026-05-19 09:58:53.711736,0 days 00:00:00.259143,96,1.5985618716725305,0.4326048464534292,0.008700541850737846,4,0.4407796766823174,4000,PRUNED
948,0.08656343072652817,2026-05-19 09:58:53.718485,2026-05-19 09:58:53.964976,0 days 00:00:00.246491,64,1.2561427551920394,0.908756602994955,0.0071946792920809625,4,0.5449156518654157,3000,PRUNED
949,0.10046139359474182,2026-05-19 09:58:53.971691,2026-05-19 09:58:54.255291,0 days 00:00:00.283600,64,1.9170531026958606,0.16056006098087758,0.0032606635817612494,5,0.3286107407414435,1000,PRUNED
950,0.08448636531829834,2026-05-19 09:58:54.262625,2026-05-19 09:58:54.537514,0 days 00:00:00.274889,48,1.086702780990113,0.290496824195305,0.002864636180481527,4,0.4678771316606968,2000,PRUNED
951,0.09584652632474899,2026-05-19 09:58:54.544810,2026-05-19 09:58:54.784276,0 days 00:00:00.239466,64,1.4716939587882614,0.23793175709369402,0.004246006375687705,4,0.48907067391826337,3000,PRUNED
952,0.07626459747552872,2026-05-19 09:58:54.791201,2026-05-19 09:58:55.026144,0 days 00:00:00.234943,64,1.7364988209340497,0.5628599222667112,0.00880589657612991,4,0.4571604676938153,2000,PRUNED
953,0.04312838613986969,2026-05-19 09:58:55.033297,2026-05-19 09:58:55.495527,0 days 00:00:00.462230,64,1.3178003471413278,0.3485896264894558,0.007900772807157981,4,0.42175652784514006,5000,PRUNED
954,0.0003681736998260021,2026-05-19 09:58:55.502665,2026-05-19 09:59:03.061134,0 days 00:00:07.558469,64,1.1677573693008485,0.18922257066310744,0.009256571087505291,4,0.34568929998000864,3000,COMPLETE
955,0.10467185825109482,2026-05-19 09:59:03.075497,2026-05-19 09:59:03.302081,0 days 00:00:00.226584,64,1.0094128136904927,1.4728646690415705,0.006343150026340775,4,0.7051282196692585,3000,PRUNED
956,0.01554421242326498,2026-05-19 09:59:03.310598,2026-05-19 09:59:04.184310,0 days 00:00:00.873712,64,1.3729616111858394,0.28254313242169793,0.008170034962953899,4,0.7970327926548738,5000,PRUNED
957,0.08555392175912857,2026-05-19 09:59:04.191592,2026-05-19 09:59:04.462124,0 days 00:00:00.270532,64,2.237410105408561,0.22115499758848353,0.006936061501672032,4,0.4069481635364764,3000,PRUNED
958,0.03944625332951546,2026-05-19 09:59:04.468924,2026-05-19 09:59:04.966867,0 days 00:00:00.497943,48,1.2177173581590908,0.3936517402111777,0.009956133307200039,5,0.55842022119469,3000,PRUNED
959,0.08714268356561661,2026-05-19 09:59:04.973850,2026-05-19 09:59:05.225306,0 days 00:00:00.251456,80,1.587195800772795,0.6503506309898587,0.00869027043945027,4,0.5340970906639935,5000,PRUNED
960,0.0826263576745987,2026-05-19 09:59:05.232410,2026-05-19 09:59:05.477106,0 days 00:00:00.244696,64,1.1486875022726235,0.31045547490311404,0.007472689091618689,4,0.5008297706665071,3000,PRUNED
961,0.07846120744943619,2026-05-19 09:59:05.485111,2026-05-19 09:59:05.729482,0 days 00:00:00.244371,64,1.4861345458955189,0.4807629183346873,0.009227658936738804,4,0.5745382980751172,4000,PRUNED
962,0.1193031296133995,2026-05-19 09:59:05.737868,2026-05-19 09:59:05.974018,0 days 00:00:00.236150,64,1.8669079513137512,0.14052147101840973,0.0038028696804827903,5,0.4760365503064615,3000,PRUNED
963,0.08370359987020493,2026-05-19 09:59:05.982747,2026-05-19 09:59:06.221337,0 days 00:00:00.238590,64,1.298689878766447,0.2445217563490604,0.005430093804835355,4,0.8534884776638638,4000,PRUNED
964,0.027380086481571198,2026-05-19 09:59:06.228986,2026-05-19 09:59:06.902393,0 days 00:00:00.673407,64,1.0729294690247697,0.1899499825435757,0.007977163369346608,4,0.3059612595200719,5000,PRUNED
965,0.08202515542507172,2026-05-19 09:59:06.910964,2026-05-19 09:59:07.142160,0 days 00:00:00.231196,96,1.000282016817332,0.29936620558655713,0.009968003780419123,4,0.777747550437654,3000,PRUNED
966,0.08223864436149597,2026-05-19 09:59:07.151067,2026-05-19 09:59:07.425818,0 days 00:00:00.274751,64,4.059480213732481,0.3808819542241558,0.008807229602702197,4,0.5871319381476835,3000,PRUNED
967,0.12248607724905014,2026-05-19 09:59:07.432876,2026-05-19 09:59:07.695693,0 days 00:00:00.262817,16,6.2185769994422735,0.7804782514271809,0.006839981102185871,4,0.44538687040375,3000,PRUNED
968,0.09787189215421677,2026-05-19 09:59:07.703304,2026-05-19 09:59:07.961948,0 days 00:00:00.258644,48,1.689459274885264,0.25592458154697967,0.0022816053391910784,4,0.56400298613571,5000,PRUNED
969,0.07934284955263138,2026-05-19 09:59:07.971630,2026-05-19 09:59:08.187896,0 days 00:00:00.216266,64,1.1846759409303043,0.16642716071910676,0.007659097029332447,4,0.46148497223279616,3000,PRUNED
970,0.0001638614194234833,2026-05-19 09:59:08.196318,2026-05-19 09:59:22.026211,0 days 00:00:13.829893,64,1.3832797675681194,0.3365445390817914,0.008568304536082013,6,0.5195445440712172,3000,COMPLETE
971,0.08388886600732803,2026-05-19 09:59:22.041741,2026-05-19 09:59:22.296402,0 days 00:00:00.254661,64,1.2716298296639843,0.2252339949966541,0.005966875251152063,4,0.3731839557874856,5000,PRUNED
972,0.10186023265123367,2026-05-19 09:59:22.305734,2026-05-19 09:59:22.524469,0 days 00:00:00.218735,64,2.047779745714339,0.20113972336579267,0.0016755298683610968,4,0.8718757221826061,3000,PRUNED
973,0.08332154899835587,2026-05-19 09:59:22.531830,2026-05-19 09:59:22.791960,0 days 00:00:00.260130,64,1.5158665122863546,1.100532467805642,0.009187900902143385,4,0.548073792390534,1000,PRUNED
974,0.09508735686540604,2026-05-19 09:59:22.799778,2026-05-19 09:59:22.982293,0 days 00:00:00.182515,64,1.0897142378102969,0.2743801719413303,0.008265311132639978,2,0.4786633105386853,3000,PRUNED
975,0.07690107077360153,2026-05-19 09:59:22.989475,2026-05-19 09:59:23.207419,0 days 00:00:00.217944,64,1.1702979161115177,0.42756504956848645,0.007280670356922111,4,0.7502569385070822,3000,PRUNED
976,0.11197711527347565,2026-05-19 09:59:23.214091,2026-05-19 09:59:23.480312,0 days 00:00:00.266221,80,25.62844052212206,0.16563740434666044,0.008085203832991926,5,0.4962108744778259,5000,PRUNED
977,0.0440916009247303,2026-05-19 09:59:23.487359,2026-05-19 09:59:23.978469,0 days 00:00:00.491110,48,1.6990981132243614,0.5490786774926804,0.009922307658546504,5,0.4252035839763392,3000,PRUNED
978,0.14138957858085632,2026-05-19 09:59:23.986338,2026-05-19 09:59:24.236250,0 days 00:00:00.249912,64,1.3809553239642296,0.3215887972966524,0.0006139424300705747,4,0.45942727975249303,2000,PRUNED
979,0.007016268093138933,2026-05-19 09:59:24.243452,2026-05-19 09:59:25.369097,0 days 00:00:01.125645,64,1.2687905633670928,0.12594781428052731,0.009106659271952247,4,0.8118504909160144,4000,PRUNED
980,0.08515716344118118,2026-05-19 09:59:25.378083,2026-05-19 09:59:25.628728,0 days 00:00:00.250645,64,1.4870094867147263,0.918337363076336,0.0068002988701379745,4,0.8871675636005469,3000,PRUNED
981,0.10182905197143555,2026-05-19 09:59:25.638589,2026-05-19 09:59:25.862983,0 days 00:00:00.224394,64,1.155533393595665,0.24531008504510204,0.0047413647662606475,3,0.5919791777357045,5000,PRUNED
982,0.07799676060676575,2026-05-19 09:59:25.870070,2026-05-19 09:59:26.127868,0 days 00:00:00.257798,64,1.071645535600908,0.1942542949038472,0.002068391793727895,4,0.5614592696846794,3000,PRUNED
983,0.08358680456876755,2026-05-19 09:59:26.134499,2026-05-19 09:59:26.348068,0 days 00:00:00.213569,64,1.8552074895939037,0.0805029781825247,0.007658759939921258,4,0.4446243342234925,5000,PRUNED
984,0.12969054281711578,2026-05-19 09:59:26.355596,2026-05-19 09:59:26.609737,0 days 00:00:00.254141,64,1.315826097420427,0.26416201218142615,0.0007591753573490523,4,0.5365422635605116,3000,PRUNED
985,0.09968631714582443,2026-05-19 09:59:26.618577,2026-05-19 09:59:26.859816,0 days 00:00:00.241239,96,1.635208813968378,0.39120322130025487,0.008517477979974875,4,0.7670052925993082,4000,PRUNED
986,0.0800810232758522,2026-05-19 09:59:26.867155,2026-05-19 09:59:27.062022,0 days 00:00:00.194867,64,1.4410357082109364,0.22746635736674742,0.009107744301254298,3,0.39657477835747834,3000,PRUNED
987,0.09784038364887238,2026-05-19 09:59:27.068766,2026-05-19 09:59:27.316418,0 days 00:00:00.247652,80,7.285133822263814,0.3336624084992488,0.0035729174708625626,4,0.824662421294906,3000,PRUNED
988,0.0869700014591217,2026-05-19 09:59:27.323298,2026-05-19 09:59:27.581975,0 days 00:00:00.258677,48,2.3541678957318513,0.47970024297477976,0.00620308341680086,4,0.6828767954686685,3000,PRUNED
989,0.08133664727210999,2026-05-19 09:59:27.588923,2026-05-19 09:59:27.807417,0 days 00:00:00.218494,64,1.2357263369631832,0.21130536496451394,0.009980671234619754,4,0.5715041566504423,5000,PRUNED
990,0.0017682267352938652,2026-05-19 09:59:27.814553,2026-05-19 09:59:30.453328,0 days 00:00:02.638775,64,1.0046849676933232,0.2761260338757473,0.007673599840065676,5,0.4716953128272577,3000,PRUNED
991,0.09001225233078003,2026-05-19 09:59:30.460506,2026-05-19 09:59:30.685836,0 days 00:00:00.225330,64,1.5816656093370633,0.15231476460296206,0.004014155459556959,4,0.4844523915037862,2000,PRUNED
992,0.09106616675853729,2026-05-19 09:59:30.693034,2026-05-19 09:59:30.928116,0 days 00:00:00.235082,32,4.834969877929719,0.3408723473008267,0.008598547911901467,4,0.5105980863352609,5000,PRUNED
993,0.0849270448088646,2026-05-19 09:59:30.934730,2026-05-19 09:59:31.160844,0 days 00:00:00.226114,64,1.1643478007997994,0.6180744067224183,0.007169996883202117,4,0.8387684623558636,3000,PRUNED
994,0.0922076553106308,2026-05-19 09:59:31.167343,2026-05-19 09:59:31.411799,0 days 00:00:00.244456,64,2.016533804212125,0.1944216630523451,0.00309905447924079,3,0.5481893894676686,4000,PRUNED
