number,value,datetime_start,datetime_complete,duration,params_hidden,params_lambda_ic,params_lambda_phys,params_lr,params_n_layers,params_scheduler_gamma,params_scheduler_step,state
995,0.07936946302652359,2026-05-19 09:59:31.418885,2026-05-19 09:59:31.633685,0 days 00:00:00.214800,64,1.3650443996894555,0.2821575901597279,0.009257945431512603,4,0.5802401118562325,3000,PRUNED
996,0.04523180052638054,2026-05-19 09:59:31.640203,2026-05-19 09:59:32.008060,0 days 00:00:00.367857,48,1.27806596404017,0.23295675671115237,0.008047676987604791,4,0.6251498408476749,5000,PRUNED
997,0.008089950308203697,2026-05-19 09:59:32.014471,2026-05-19 09:59:32.869158,0 days 00:00:00.854687,64,1.1127839850036823,0.373017483019961,0.008561766687135349,4,0.3559693762502146,3000,PRUNED
998,0.08563093096017838,2026-05-19 09:59:32.875543,2026-05-19 09:59:33.088703,0 days 00:00:00.213160,64,1.491072103817296,0.7735818713988175,0.006685766943844743,4,0.4317090012014043,3000,PRUNED
999,0.0009226765250787139,2026-05-19 09:59:33.095116,2026-05-19 09:59:37.529796,0 days 00:00:04.434680,64,1.8094594077488533,0.17126924903302096,0.009267053110415124,4,0.45350246399359795,3000,PRUNED
