number,value,datetime_start,datetime_complete,duration,params_hidden,params_lambda_ic,params_lambda_phys,params_lr,params_n_layers,params_scheduler_gamma,params_scheduler_step,state
331,0.00013201915135141462,2026-05-19 09:50:23.941966,2026-05-19 09:50:34.438381,0 days 00:00:10.496415,64,1.0052982067010154,0.1912905624692286,0.008167153593469416,4,0.814318726552774,3000,COMPLETE
332,0.053337402641773224,2026-05-19 09:50:34.448094,2026-05-19 09:50:34.863179,0 days 00:00:00.415085,64,1.4215347030141323,0.4887636847391733,0.006591914488586543,4,0.5784299402606417,3000,PRUNED
333,0.09010949730873108,2026-05-19 09:50:34.870912,2026-05-19 09:50:35.112363,0 days 00:00:00.241451,64,4.5514129261910785,0.24814136199462963,0.0039895911760159525,4,0.5091522276059749,2000,PRUNED
334,0.08967973291873932,2026-05-19 09:50:35.119426,2026-05-19 09:50:35.368468,0 days 00:00:00.249042,64,1.861110239202623,0.1321742104172926,0.00751524098796204,4,0.7962965519896399,4000,PRUNED
335,0.14643630385398865,2026-05-19 09:50:35.374970,2026-05-19 09:50:35.574731,0 days 00:00:00.199761,48,2.9400240142692664,0.3290870907026997,0.002046106937919791,3,0.8273821240484457,1000,PRUNED
336,0.0004143349069636315,2026-05-19 09:50:35.581206,2026-05-19 09:50:41.690911,0 days 00:00:06.109705,64,1.1775388130183426,0.2077906058934645,0.0087686228968589,4,0.4660924303077152,5000,COMPLETE
337,0.08999672532081604,2026-05-19 09:50:41.699591,2026-05-19 09:50:41.915980,0 days 00:00:00.216389,80,1.2916289245631436,0.4204051081202038,0.009364218032398253,4,0.44581935716196747,3000,PRUNED
338,0.09573612362146378,2026-05-19 09:50:41.922822,2026-05-19 09:50:42.163620,0 days 00:00:00.240798,64,20.452994912279767,0.2738564409171678,0.004889972400541142,4,0.4886587853922948,4000,PRUNED
339,0.10836425423622131,2026-05-19 09:50:42.170645,2026-05-19 09:50:42.411787,0 days 00:00:00.241142,64,2.0569492398099136,0.16198888460220986,0.007966585635509501,4,0.5588784670959215,5000,PRUNED
340,0.07926204800605774,2026-05-19 09:50:42.419242,2026-05-19 09:50:42.642584,0 days 00:00:00.223342,64,1.0935828543690749,0.8270125207245458,0.00339731420050916,4,0.47690082625659014,3000,PRUNED
341,0.0949014201760292,2026-05-19 09:50:42.649200,2026-05-19 09:50:42.897903,0 days 00:00:00.248703,96,1.513193220851677,0.5510984796587745,0.009955053884037177,4,0.4566667822483747,3000,PRUNED
342,0.08915538340806961,2026-05-19 09:50:42.904678,2026-05-19 09:50:43.127374,0 days 00:00:00.222696,64,1.7206460091293188,0.0031177120401586294,0.006816322078231404,4,0.5346199239196193,5000,PRUNED
343,0.11704816669225693,2026-05-19 09:50:43.134308,2026-05-19 09:50:43.324537,0 days 00:00:00.190229,80,15.750847599884578,1.3751157142436983,0.001793938432519079,3,0.6013771696857305,3000,PRUNED
344,0.10009929537773132,2026-05-19 09:50:43.332157,2026-05-19 09:50:43.585557,0 days 00:00:00.253400,32,1.4142813607743314,0.23672021077384997,0.008652662235403433,4,0.394892076957305,2000,PRUNED
345,0.10240346938371658,2026-05-19 09:50:43.592470,2026-05-19 09:50:43.759506,0 days 00:00:00.167036,48,1.0011261404016143,0.3405519096795307,0.005997190548963948,2,0.5775540947692319,4000,PRUNED
346,0.08332889527082443,2026-05-19 09:50:43.766242,2026-05-19 09:50:43.972554,0 days 00:00:00.206312,64,1.133878966581775,0.2817129942639711,0.007569576289902076,4,0.4714744464898534,5000,PRUNED
347,0.11050307005643845,2026-05-19 09:50:43.979169,2026-05-19 09:50:44.191881,0 days 00:00:00.212712,64,1.6219383350424954,0.19302407863407947,0.004365998540342516,4,0.7348096374012238,3000,PRUNED
348,0.0041958121582865715,2026-05-19 09:50:44.198182,2026-05-19 09:50:46.057806,0 days 00:00:01.859624,64,1.2340049274183746,0.41861528582962804,0.008563748591647052,4,0.5199640759920028,3000,PRUNED
349,0.0745571181178093,2026-05-19 09:50:46.064811,2026-05-19 09:50:46.518327,0 days 00:00:00.453516,64,1.9606344171526309,1.1144602044284728,0.009967187069746522,6,0.4437045311100126,2000,PRUNED
350,0.08400136977434158,2026-05-19 09:50:46.525273,2026-05-19 09:50:46.738893,0 days 00:00:00.213620,64,1.2982476853331906,0.6903417616351175,0.007420289837977172,4,0.8470436048107481,3000,PRUNED
351,0.09428700059652328,2026-05-19 09:50:46.747314,2026-05-19 09:50:46.934255,0 days 00:00:00.186941,96,2.3640658692889325,0.2342035440495192,0.008999618807310122,3,0.8707985883508388,5000,PRUNED
352,0.12290317565202713,2026-05-19 09:50:46.942416,2026-05-19 09:50:47.163534,0 days 00:00:00.221118,64,1.489656623437742,0.3548950517851918,0.0010636559823319063,4,0.590883630915594,3000,PRUNED
353,0.009540903382003307,2026-05-19 09:50:47.171621,2026-05-19 09:50:48.254537,0 days 00:00:01.082916,64,1.1128205327983902,0.28430604502356854,0.008042695869387963,4,0.5643495243284978,5000,PRUNED
354,0.08058300614356995,2026-05-19 09:50:48.261331,2026-05-19 09:50:48.492558,0 days 00:00:00.231227,64,1.712412945504719,0.17449927835573031,0.00689834436041702,4,0.4572780659157048,4000,PRUNED
355,0.09403368085622787,2026-05-19 09:50:48.499097,2026-05-19 09:50:48.711238,0 days 00:00:00.212141,48,10.514121835982193,0.5495905036146487,0.005460590310535162,4,0.49868838783182134,3000,PRUNED
356,0.08676627278327942,2026-05-19 09:50:48.718155,2026-05-19 09:50:48.909983,0 days 00:00:00.191828,64,1.357857253150589,0.2199630614474508,0.009146239117145849,3,0.3669097268227135,4000,PRUNED
357,0.049440979957580566,2026-05-19 09:50:48.916604,2026-05-19 09:50:49.338339,0 days 00:00:00.421735,64,1.8265554306316816,0.301398933471966,0.006350522645790364,4,0.4245696471977312,5000,PRUNED
358,0.08084553480148315,2026-05-19 09:50:49.345001,2026-05-19 09:50:49.588107,0 days 00:00:00.243106,64,2.1724804623463583,0.4043893103025551,0.008171669378466575,4,0.5459019077799164,3000,PRUNED
359,0.0937146469950676,2026-05-19 09:50:49.596027,2026-05-19 09:50:49.812459,0 days 00:00:00.216432,64,1.184199853518655,0.10787697428810297,0.007376313735783072,4,0.48585352832822093,4000,PRUNED
360,0.08596103638410568,2026-05-19 09:50:49.819766,2026-05-19 09:50:50.032288,0 days 00:00:00.212522,48,1.5109554846275428,0.23829553549861893,0.003665804517775914,4,0.6131107717572648,3000,PRUNED
361,0.08790313452482224,2026-05-19 09:50:50.041177,2026-05-19 09:50:50.226862,0 days 00:00:00.185685,64,1.2912471989740248,0.1530947909361998,0.008539382707916359,3,0.3437681772957088,2000,PRUNED
362,0.0011471648467704654,2026-05-19 09:50:50.235029,2026-05-19 09:50:53.167507,0 days 00:00:02.932478,64,1.000474775479067,0.33184445775025767,0.00909697816637638,4,0.8322397964166278,3000,PRUNED
363,0.09459313005208969,2026-05-19 09:50:53.174547,2026-05-19 09:50:53.379879,0 days 00:00:00.205332,64,1.4290360108041138,0.2694331338366885,0.00309247795353975,4,0.7483547096369999,5000,PRUNED
364,0.1621508151292801,2026-05-19 09:50:53.386436,2026-05-19 09:50:53.588062,0 days 00:00:00.201626,64,1.093957510875849,0.48144389954387784,0.00010448622230718482,4,0.4379101952734056,3000,PRUNED
365,0.044174108654260635,2026-05-19 09:50:53.594711,2026-05-19 09:50:53.926193,0 days 00:00:00.331482,64,1.6128941341346115,0.20339991218639586,0.009988848557358461,3,0.4689416509824527,5000,PRUNED
366,0.08627353608608246,2026-05-19 09:50:53.932835,2026-05-19 09:50:54.136358,0 days 00:00:00.203523,64,1.2089383105890228,0.9804274192997658,0.00787579697415932,4,0.8017571231965872,3000,PRUNED
367,0.10306569188833237,2026-05-19 09:50:54.143705,2026-05-19 09:50:54.356905,0 days 00:00:00.213200,80,2.0023598305578756,0.3688969925284566,0.0050206758803805675,4,0.4565451780918149,4000,PRUNED
368,0.08663754910230637,2026-05-19 09:50:54.364036,2026-05-19 09:50:54.606645,0 days 00:00:00.242609,64,1.3700448242587089,0.7755869093500023,0.006665741420208123,4,0.8191600640087074,3000,PRUNED
369,0.08201003819704056,2026-05-19 09:50:54.613586,2026-05-19 09:50:54.826453,0 days 00:00:00.212867,64,1.0880896596846206,0.2563929136304113,0.004069840168474941,4,0.5545759977382987,4000,PRUNED
370,0.1071905717253685,2026-05-19 09:50:54.834244,2026-05-19 09:50:55.057836,0 days 00:00:00.223592,48,2.626957114569727,0.18707150852680138,0.00223503824010244,4,0.4757024190672889,3000,PRUNED
371,0.09254977852106094,2026-05-19 09:50:55.066179,2026-05-19 09:50:55.277852,0 days 00:00:00.211673,96,1.251673340753651,0.3060083231728821,0.005938230234999974,4,0.7907659836005357,5000,PRUNED
372,0.040912970900535583,2026-05-19 09:50:55.287497,2026-05-19 09:50:55.689340,0 days 00:00:00.401843,64,1.822223855927862,0.6244241542771499,0.008503270281137426,4,0.5746947086161021,3000,PRUNED
373,0.09572532773017883,2026-05-19 09:50:55.698053,2026-05-19 09:50:55.914899,0 days 00:00:00.216846,64,1.5761792336299125,0.12909099563538362,0.007384679172174112,4,0.32590623948868985,2000,PRUNED
374,0.08280621469020844,2026-05-19 09:50:55.924214,2026-05-19 09:50:56.146316,0 days 00:00:00.222102,64,5.336930244829721,0.4581593766961201,0.00924890037912477,4,0.7632395115800868,4000,PRUNED
375,0.08471548557281494,2026-05-19 09:50:56.154500,2026-05-19 09:50:56.390736,0 days 00:00:00.236236,64,1.1506242523641153,0.2220344267421976,0.004624572625486334,4,0.5898525966939718,5000,PRUNED
376,0.18859876692295074,2026-05-19 09:50:56.398131,2026-05-19 09:50:56.588121,0 days 00:00:00.189990,48,1.4617776487422867,0.28807498697711303,0.0003558062106338083,3,0.40812401588247055,2000,PRUNED
377,0.04264502599835396,2026-05-19 09:50:56.595323,2026-05-19 09:50:57.045057,0 days 00:00:00.449734,64,1.3205374535993126,0.35209440026956335,0.00813330228137703,4,0.38736077516020423,3000,PRUNED
378,0.09126483649015427,2026-05-19 09:50:57.051624,2026-05-19 09:50:57.260069,0 days 00:00:00.208445,80,3.167705604207053,0.16590794367118944,0.0069852698946330965,3,0.4501658300439398,4000,PRUNED
379,0.10321130603551865,2026-05-19 09:50:57.266484,2026-05-19 09:50:57.492589,0 days 00:00:00.226105,112,1.6786467021692373,0.2392705484127556,0.00912503005446644,4,0.4984762060390295,3000,PRUNED
380,0.028883930295705795,2026-05-19 09:50:57.498979,2026-05-19 09:50:58.095385,0 days 00:00:00.596406,64,2.2535322971827134,0.4278745448723932,0.007813966350191435,4,0.8522397077995154,3000,PRUNED
381,0.0002017875376623124,2026-05-19 09:50:58.102167,2026-05-19 09:51:09.352773,0 days 00:00:11.250606,64,1.2280399748962443,0.1930555522985292,0.00864025712175346,4,0.5141263348473711,5000,COMPLETE
382,0.04421568661928177,2026-05-19 09:51:09.363458,2026-05-19 09:51:09.796804,0 days 00:00:00.433346,64,1.0810738518389567,0.25900552292496326,0.005514166256608798,4,0.5301388269051102,1000,PRUNED
383,0.08797720074653625,2026-05-19 09:51:09.803693,2026-05-19 09:51:10.052677,0 days 00:00:00.248984,96,1.41248300589929,0.33967761596549856,0.009887810515985999,4,0.4831483941988927,3000,PRUNED
384,0.08676619082689285,2026-05-19 09:51:10.059214,2026-05-19 09:51:10.299297,0 days 00:00:00.240083,64,1.8202457588404215,0.836059781758571,0.00637702442577607,4,0.567342311388828,5000,PRUNED
385,0.08014228940010071,2026-05-19 09:51:10.306146,2026-05-19 09:51:10.538170,0 days 00:00:00.232024,64,1.1719854567917258,0.5113560245851961,0.007220386906762774,4,0.4685551412941804,3000,PRUNED
386,0.09146630764007568,2026-05-19 09:51:10.546014,2026-05-19 09:51:10.735223,0 days 00:00:00.189209,64,1.5402301067868995,0.20265624381304082,0.008385068288081225,3,0.419156832501808,3000,PRUNED
387,0.10062814503908157,2026-05-19 09:51:10.742346,2026-05-19 09:51:10.991485,0 days 00:00:00.249139,48,1.3020717183868376,1.2791323964480386,0.009005780694204612,4,0.4377079265770929,5000,PRUNED
388,0.08012194186449051,2026-05-19 09:51:10.998143,2026-05-19 09:51:11.245885,0 days 00:00:00.247742,64,1.0051483931335936,0.29044396464586403,0.007716021694586759,4,0.5832256051498267,3000,PRUNED
389,0.08890701085329056,2026-05-19 09:51:11.252416,2026-05-19 09:51:11.560425,0 days 00:00:00.308009,64,1.655470660173537,0.710300214365482,0.0033975681219767166,6,0.5411198758361705,4000,PRUNED
390,0.09462691098451614,2026-05-19 09:51:11.567104,2026-05-19 09:51:11.770390,0 days 00:00:00.203286,64,2.006454009813362,0.14412316044564016,0.002587871873260439,4,0.8078686274643252,3000,PRUNED
391,0.18148571252822876,2026-05-19 09:51:11.777099,2026-05-19 09:51:11.973331,0 days 00:00:00.196232,64,24.384664552418112,0.3815385451947698,0.0038442068796371172,2,0.4572258608125354,5000,PRUNED
392,0.00022021910990588367,2026-05-19 09:51:11.980375,2026-05-19 09:51:25.281385,0 days 00:00:13.301010,64,2.4789291009217753,0.23950403173292564,0.00943724030588386,4,0.5991408112865939,4000,COMPLETE
393,0.08497388660907745,2026-05-19 09:51:25.294173,2026-05-19 09:51:25.494958,0 days 00:00:00.200785,48,1.4408722096217654,0.30263370854353494,0.009971940531383948,3,0.47901486607769506,4000,PRUNED
394,0.22890806198120117,2026-05-19 09:51:25.503061,2026-05-19 09:51:25.719458,0 days 00:00:00.216397,64,94.02425451339428,0.5876104863767194,0.0028859581187733806,4,0.46219229751968355,2000,PRUNED
395,0.08164247125387192,2026-05-19 09:51:25.727067,2026-05-19 09:51:25.931425,0 days 00:00:00.204358,64,1.1021305448687009,0.21059721062991935,0.004426446583833828,4,0.5645603955574381,3000,PRUNED
396,0.1021546721458435,2026-05-19 09:51:25.940411,2026-05-19 09:51:26.140473,0 days 00:00:00.200062,64,1.170879517790603,0.18157879460391652,0.006747076374627755,3,0.8407437823357302,3000,PRUNED
397,0.08635467290878296,2026-05-19 09:51:26.147949,2026-05-19 09:51:26.353349,0 days 00:00:00.205400,64,1.3138384165981625,1.0592187264716213,0.008212591869677838,4,0.43070134000907434,5000,PRUNED
398,0.09614509344100952,2026-05-19 09:51:26.359498,2026-05-19 09:51:26.572542,0 days 00:00:00.213044,64,32.73546893340058,0.26064228214571283,0.0076929389851438336,4,0.4901403807510148,3000,PRUNED
399,0.09403649717569351,2026-05-19 09:51:26.580791,2026-05-19 09:51:26.789439,0 days 00:00:00.208648,80,1.2403447376204955,0.3946552753750444,0.005717309096702578,4,0.6317954530184975,5000,PRUNED
400,0.005367187317460775,2026-05-19 09:51:26.798002,2026-05-19 09:51:28.105821,0 days 00:00:01.307819,64,2.1578219158111605,0.3481255187880828,0.008759290137546533,4,0.8228815419586895,3000,PRUNED
401,0.08426319807767868,2026-05-19 09:51:28.113473,2026-05-19 09:51:28.363371,0 days 00:00:00.249898,64,1.7645159975478406,0.2762116081238885,0.004991499470893776,4,0.7734593562971315,3000,PRUNED
402,0.125810444355011,2026-05-19 09:51:28.370244,2026-05-19 09:51:28.615318,0 days 00:00:00.245074,16,1.553215935148583,0.4675599362076487,0.006357052779883925,4,0.4514798868720928,4000,PRUNED
403,0.029842015355825424,2026-05-19 09:51:28.622900,2026-05-19 09:51:29.155637,0 days 00:00:00.532737,64,1.0887421681280085,0.15642320347782324,0.007169266575843128,4,0.5546446216866929,3000,PRUNED
404,0.11726758629083633,2026-05-19 09:51:29.162432,2026-05-19 09:51:29.353924,0 days 00:00:00.191492,64,1.3953215955385296,0.2357224534000653,0.0015327500214044733,3,0.5060908438645723,5000,PRUNED
405,0.0022274476941674948,2026-05-19 09:51:29.360428,2026-05-19 09:51:31.704052,0 days 00:00:02.343624,64,1.9338223864211035,0.32540528986011974,0.009210263008913918,4,0.5739359683647587,3000,PRUNED
406,0.08228939771652222,2026-05-19 09:51:31.711786,2026-05-19 09:51:31.929102,0 days 00:00:00.217316,96,1.230900751614523,0.061170530861755903,0.008299095415585302,4,0.3507564850835632,4000,PRUNED
407,0.012547435238957405,2026-05-19 09:51:31.935784,2026-05-19 09:51:33.036596,0 days 00:00:01.100812,64,1.4690861513567988,0.21541024033844236,0.009988220090150251,4,0.44526045973396394,2000,PRUNED
408,0.04243501275777817,2026-05-19 09:51:33.044488,2026-05-19 09:51:33.463865,0 days 00:00:00.419377,64,1.6694381038994721,0.6572490500087907,0.007718326460604761,4,0.4674244388975958,5000,PRUNED
409,0.0834653228521347,2026-05-19 09:51:33.473126,2026-05-19 09:51:33.704450,0 days 00:00:00.231324,64,1.0119166775704136,0.8614814059544542,0.008662634372853669,4,0.5281884118062459,3000,PRUNED
410,0.09297842532396317,2026-05-19 09:51:33.711477,2026-05-19 09:51:33.898805,0 days 00:00:00.187328,64,1.3427349656104908,0.2780055033856655,0.007074381948385427,3,0.47982565158734447,5000,PRUNED
411,0.10846635699272156,2026-05-19 09:51:33.906045,2026-05-19 09:51:34.123849,0 days 00:00:00.217804,80,1.153162338978946,1.6434762207795113,0.005924398851052448,4,0.37767188101075194,4000,PRUNED
412,0.10235947370529175,2026-05-19 09:51:34.130342,2026-05-19 09:51:34.360191,0 days 00:00:00.229849,32,1.2562687054868988,0.1791157764443438,0.00926511400614363,4,0.8625429945049083,3000,PRUNED
413,0.041593991219997406,2026-05-19 09:51:34.367943,2026-05-19 09:51:34.757523,0 days 00:00:00.389580,64,1.5375464622283999,0.4377726737516319,0.008130650605385705,4,0.5448183754837226,2000,PRUNED
414,0.08808325231075287,2026-05-19 09:51:34.764558,2026-05-19 09:51:35.009941,0 days 00:00:00.245383,48,1.8267511705961463,0.12307987343420332,0.0032135627787178035,4,0.5796431680505333,5000,PRUNED
415,0.08161168545484543,2026-05-19 09:51:35.017022,2026-05-19 09:51:35.252667,0 days 00:00:00.235645,64,1.0845862425857733,0.5636743296523931,0.0036251382264443867,4,0.49450273752946444,3000,PRUNED
416,0.08341247588396072,2026-05-19 09:51:35.259527,2026-05-19 09:51:35.509012,0 days 00:00:00.249485,64,2.3393401332805026,0.340475434863315,0.005229578908917647,4,0.7895219167207318,3000,PRUNED
417,0.10531409829854965,2026-05-19 09:51:35.516409,2026-05-19 09:51:35.719154,0 days 00:00:00.202745,128,2.0808010726472435,0.24033440382921653,0.007446065923600164,3,0.4020867907457115,3000,PRUNED
418,0.08350594341754913,2026-05-19 09:51:35.727023,2026-05-19 09:51:35.935510,0 days 00:00:00.208487,64,1.3990387642098627,0.20000084955002542,0.006579036006416226,4,0.46466032679030994,3000,PRUNED
419,0.00877168495208025,2026-05-19 09:51:35.942149,2026-05-19 09:51:36.861552,0 days 00:00:00.919403,64,1.1520167634122809,0.30151268655585955,0.008776563144920346,4,0.5535744135994805,4000,PRUNED
420,0.08748228847980499,2026-05-19 09:51:36.869385,2026-05-19 09:51:37.104418,0 days 00:00:00.235033,64,1.6704256299468723,0.256084324948192,0.004347755315580815,4,0.5973743634909952,5000,PRUNED
421,0.0779864490032196,2026-05-19 09:51:37.112035,2026-05-19 09:51:37.320049,0 days 00:00:00.208014,64,1.2996568548885221,0.4000252249873437,0.008017623581010087,4,0.43622880649041706,3000,PRUNED
422,0.00019440826145000756,2026-05-19 09:51:37.328035,2026-05-19 09:51:52.245250,0 days 00:00:14.917215,64,1.0039121380227902,0.1581780491820991,0.009206650351058413,4,0.4510529108678849,2000,COMPLETE
423,0.09917010366916656,2026-05-19 09:51:52.258757,2026-05-19 09:51:52.464751,0 days 00:00:00.205994,48,1.5192631573710875,0.9405929515372508,0.008357972110251967,3,0.8168727146255387,3000,PRUNED
424,0.03039732202887535,2026-05-19 09:51:52.471646,2026-05-19 09:51:53.107784,0 days 00:00:00.636138,64,1.1868303156796378,0.20620590721851112,0.007094286852687052,4,0.4769720226494782,4000,PRUNED
425,0.08514564484357834,2026-05-19 09:51:53.117093,2026-05-19 09:51:53.352390,0 days 00:00:00.235297,80,1.9372563909787133,0.3118204234095064,0.004003916909618788,4,0.8310002033327768,5000,PRUNED
426,0.08381732553243637,2026-05-19 09:51:53.362269,2026-05-19 09:51:53.583149,0 days 00:00:00.220880,64,1.3853221074695097,0.02333974377748569,0.008853486907194308,4,0.6070422542997378,3000,PRUNED
427,0.08169253170490265,2026-05-19 09:51:53.591637,2026-05-19 09:51:53.842741,0 days 00:00:00.251104,48,2.8425513286913917,0.38142684665323195,0.00951583626436281,5,0.7078042413361135,5000,PRUNED
428,0.10873685777187347,2026-05-19 09:51:53.849398,2026-05-19 09:51:54.067008,0 days 00:00:00.217610,64,1.0824322700608255,0.5128693588946183,0.0011929288195006071,4,0.5681260491818334,1000,PRUNED
429,0.07981141656637192,2026-05-19 09:51:54.073956,2026-05-19 09:51:54.320784,0 days 00:00:00.246828,64,1.7512915353851592,0.24924551809186943,0.0061904869879807955,4,0.5219478673255015,3000,PRUNED
430,0.08722129464149475,2026-05-19 09:51:54.328006,2026-05-19 09:51:54.528838,0 days 00:00:00.200832,96,1.264974174344355,0.09509591169967471,0.007822289842803256,3,0.5856756937066139,3000,PRUNED
431,0.08377110958099365,2026-05-19 09:51:54.535289,2026-05-19 09:51:54.771499,0 days 00:00:00.236210,64,6.031847745360242,0.6975299746673422,0.0074958296948151705,4,0.42073888383352176,5000,PRUNED
432,0.05553874745965004,2026-05-19 09:51:54.778949,2026-05-19 09:51:55.224988,0 days 00:00:00.446039,64,1.5476960037399774,0.29942478269731265,0.004647233151073895,4,0.804340429598735,3000,PRUNED
433,0.0895753875374794,2026-05-19 09:51:55.231993,2026-05-19 09:51:55.417709,0 days 00:00:00.185716,64,1.1817009836959864,0.18348368072149857,0.008520793515102529,2,0.6805388867498927,4000,PRUNED
434,0.00036493269726634026,2026-05-19 09:51:55.424304,2026-05-19 09:52:03.633186,0 days 00:00:08.208882,64,1.403458284121967,0.21713245222989344,0.009809164854768395,6,0.4626517740380092,3000,COMPLETE
435,0.07937730103731155,2026-05-19 09:52:03.643930,2026-05-19 09:52:03.884138,0 days 00:00:00.240208,64,4.222640672956988,0.3500064623050843,0.006572417779616794,4,0.4884586113716982,4000,PRUNED
436,0.08852243423461914,2026-05-19 09:52:03.893095,2026-05-19 09:52:04.120055,0 days 00:00:00.226960,64,2.1782134599167304,1.1486883502908207,0.005478914932699695,4,0.507173035255671,5000,PRUNED
437,0.010494147427380085,2026-05-19 09:52:04.127696,2026-05-19 09:52:05.076630,0 days 00:00:00.948934,64,1.0898190298861643,0.26199709458872467,0.008066116001235173,4,0.44108539791627777,3000,PRUNED
438,0.08968013525009155,2026-05-19 09:52:05.084159,2026-05-19 09:52:05.334808,0 days 00:00:00.250649,48,1.2917294052555217,0.5197344590838998,0.009125936478352917,4,0.5580415593555349,3000,PRUNED
439,0.34463760256767273,2026-05-19 09:52:05.342178,2026-05-19 09:52:05.561601,0 days 00:00:00.219423,64,17.931756941204345,0.1490670768612948,0.00020972848227363057,3,0.47649409901876333,4000,PRUNED
440,0.04819193854928017,2026-05-19 09:52:05.570802,2026-05-19 09:52:06.009175,0 days 00:00:00.438373,64,1.649894998305942,0.42084278236703004,0.00697678601960311,4,0.4542998937783405,5000,PRUNED
