number,value,datetime_start,datetime_complete,duration,params_hidden,params_lambda_ic,params_lambda_phys,params_lr,params_n_layers,params_scheduler_gamma,params_scheduler_step,state
441,0.001826713909395039,2026-05-19 09:52:06.017377,2026-05-19 09:52:08.527892,0 days 00:00:02.510515,64,1.9027705239304173,0.21108128069420856,0.009948278395607265,4,0.7537694612617798,2000,PRUNED
442,0.015303144231438637,2026-05-19 09:52:08.534942,2026-05-19 09:52:09.379111,0 days 00:00:00.844169,64,1.4687140933990146,0.29524382962151746,0.008566045022270008,4,0.5391071013622686,3000,PRUNED
443,0.09214172512292862,2026-05-19 09:52:09.387124,2026-05-19 09:52:09.607350,0 days 00:00:00.220226,48,2.5409036084692946,0.24191434263357645,0.007577335417749617,4,0.8815344532156776,3000,PRUNED
444,0.1422617882490158,2026-05-19 09:52:09.614003,2026-05-19 09:52:09.809227,0 days 00:00:00.195224,80,11.781701800292469,0.17435529781174472,0.0023866616168077607,3,0.8438712385149925,5000,PRUNED
445,0.12321784347295761,2026-05-19 09:52:09.816558,2026-05-19 09:52:10.035763,0 days 00:00:00.219205,64,1.0005884130654445,0.7983719541275802,0.0006584022592698775,4,0.46691738040344644,4000,PRUNED
446,0.020417945459485054,2026-05-19 09:52:10.042372,2026-05-19 09:52:10.927796,0 days 00:00:00.885424,64,1.1718315555985586,0.005191698018504444,0.00999812496116891,4,0.7287144611189298,3000,PRUNED
447,0.07940742373466492,2026-05-19 09:52:10.934081,2026-05-19 09:52:11.133919,0 days 00:00:00.199838,64,1.3540512919254555,0.34747022518146414,0.008755878976155741,4,0.5749042675962815,5000,PRUNED
448,0.12458918988704681,2026-05-19 09:52:11.140335,2026-05-19 09:52:11.352646,0 days 00:00:00.212311,96,1.6076235046598466,2.6846320523611333,0.0035446574617892432,4,0.6217356221584921,3000,PRUNED
449,0.014815493486821651,2026-05-19 09:52:11.358878,2026-05-19 09:52:12.071124,0 days 00:00:00.712246,64,1.252932122177069,0.2610631053663639,0.0077477535487546585,4,0.5890405051164631,2000,PRUNED
450,0.047742392867803574,2026-05-19 09:52:12.077564,2026-05-19 09:52:12.497854,0 days 00:00:00.420290,64,1.0952549432417609,0.44125942940212637,0.005917532547233523,5,0.43267083970233816,4000,PRUNED
451,0.09641675651073456,2026-05-19 09:52:12.506332,2026-05-19 09:52:12.707097,0 days 00:00:00.200765,112,1.787637337123504,0.3036010438535465,0.00286214903328124,4,0.35981315015976817,5000,PRUNED
452,0.08812066912651062,2026-05-19 09:52:12.715911,2026-05-19 09:52:12.903357,0 days 00:00:00.187446,64,1.4423592186320995,0.6104220665578611,0.0040868160735735275,3,0.44903012362162886,3000,PRUNED
453,0.07787599414587021,2026-05-19 09:52:12.910983,2026-05-19 09:52:13.116525,0 days 00:00:00.205542,80,1.2280019482654423,0.21706320700330928,0.006969478344001967,4,0.4921748325269888,3000,PRUNED
454,0.001407427480444312,2026-05-19 09:52:13.122743,2026-05-19 09:52:16.233299,0 days 00:00:03.110556,64,2.279814850551651,0.3807889577130019,0.009054724938306337,4,0.8600109738226999,4000,PRUNED
455,0.11490169167518616,2026-05-19 09:52:16.240733,2026-05-19 09:52:16.498261,0 days 00:00:00.257528,64,1.9717532487980383,0.1785579410492974,0.004991867081532718,4,0.3213792631503558,3000,PRUNED
456,0.0981433093547821,2026-05-19 09:52:16.505786,2026-05-19 09:52:16.703956,0 days 00:00:00.198170,64,3.7505767469115665,0.25780884306921353,0.0083223689493643,3,0.46856726995180525,5000,PRUNED
457,0.08714880049228668,2026-05-19 09:52:16.712098,2026-05-19 09:52:16.911747,0 days 00:00:00.199649,64,1.342707639713369,0.9663383962146014,0.006351936216817728,4,0.7896966026256469,2000,PRUNED
458,0.10719898343086243,2026-05-19 09:52:16.920009,2026-05-19 09:52:17.131279,0 days 00:00:00.211270,48,1.5552999361259017,0.11812493949452232,0.0074440566481368126,4,0.5576143611299784,3000,PRUNED
459,0.09598272293806076,2026-05-19 09:52:17.139685,2026-05-19 09:52:17.362146,0 days 00:00:00.222461,32,1.142204381172182,1.3673710668043038,0.009001858605918588,4,0.8154458419753401,5000,PRUNED
460,0.08169184625148773,2026-05-19 09:52:17.371269,2026-05-19 09:52:17.609360,0 days 00:00:00.238091,64,1.000870222365363,0.3207088764920198,0.0031312237624912887,4,0.5156803466163478,3000,PRUNED
461,0.05040981248021126,2026-05-19 09:52:17.616545,2026-05-19 09:52:18.007304,0 days 00:00:00.390759,64,1.758230241161607,0.0012544897987182065,0.008133957530706032,3,0.7753596042291868,3000,PRUNED
462,0.0890713483095169,2026-05-19 09:52:18.015793,2026-05-19 09:52:18.262752,0 days 00:00:00.246959,64,1.3215542240864648,0.13559836395764516,0.0019632440430890773,4,0.8977164645721235,3000,PRUNED
463,0.08784592151641846,2026-05-19 09:52:18.269784,2026-05-19 09:52:18.505321,0 days 00:00:00.235537,96,2.099812403460568,0.21411557470564427,0.0099852558319263,4,0.5470253345694007,5000,PRUNED
464,0.07928530871868134,2026-05-19 09:52:18.512206,2026-05-19 09:52:18.745175,0 days 00:00:00.232969,64,1.4560659308530393,0.5033156319267721,0.006906859047356924,4,0.8338478082562262,4000,PRUNED
465,0.0944700688123703,2026-05-19 09:52:18.752975,2026-05-19 09:52:18.980891,0 days 00:00:00.227916,48,1.1040179789054543,0.2833518985258737,0.008052794983650968,4,0.41394819900108626,3000,PRUNED
466,0.08408144861459732,2026-05-19 09:52:18.987254,2026-05-19 09:52:19.211704,0 days 00:00:00.224450,80,1.2040028035924388,0.36314659028576823,0.009199879149674947,4,0.33755182553334256,4000,PRUNED
467,0.08408010005950928,2026-05-19 09:52:19.217840,2026-05-19 09:52:19.479510,0 days 00:00:00.261670,64,1.6647254108333924,0.67489436404013,0.005725115005727524,4,0.48354612754869813,3000,PRUNED
468,0.005536201409995556,2026-05-19 09:52:19.486974,2026-05-19 09:52:20.903157,0 days 00:00:01.416183,64,1.3017131099443067,0.2296743485673086,0.00740752760804231,4,0.4574084706130538,5000,PRUNED
469,0.09763361513614655,2026-05-19 09:52:20.910377,2026-05-19 09:52:21.124188,0 days 00:00:00.213811,64,1.4857764773632782,0.19438917796159283,0.004678279960172389,4,0.5662850909385131,2000,PRUNED
470,0.08883485943078995,2026-05-19 09:52:21.133119,2026-05-19 09:52:21.340892,0 days 00:00:00.207773,64,1.104344001488495,0.43272670941504787,0.0037771668327025304,4,0.8015018281444743,4000,PRUNED
471,0.09143418073654175,2026-05-19 09:52:21.348164,2026-05-19 09:52:21.560695,0 days 00:00:00.212531,64,9.1567361198948,0.15721619463177908,0.008517196573994749,3,0.4979544415914172,3000,PRUNED
472,0.09817832708358765,2026-05-19 09:52:21.568454,2026-05-19 09:52:21.763278,0 days 00:00:00.194824,64,1.8774938664708942,0.27630296885540356,0.006367378122573113,3,0.6027152208388548,5000,PRUNED
473,0.041521843522787094,2026-05-19 09:52:21.770175,2026-05-19 09:52:22.218012,0 days 00:00:00.447837,64,1.2142873114709878,0.3397706689359074,0.007953864134513223,4,0.5330874918635875,1000,PRUNED
474,0.13480298221111298,2026-05-19 09:52:22.224832,2026-05-19 09:52:22.474317,0 days 00:00:00.249485,48,1.5838811570511595,5.57124055991167,0.00916741299062489,4,0.5815528458178946,3000,PRUNED
475,0.08691377192735672,2026-05-19 09:52:22.482535,2026-05-19 09:52:22.689447,0 days 00:00:00.206912,64,1.063364939111249,0.8084414515503978,0.006985979225564637,4,0.4762592153329932,3000,PRUNED
476,0.09269177913665771,2026-05-19 09:52:22.696182,2026-05-19 09:52:22.922088,0 days 00:00:00.225906,64,4.753953398821186,0.24635570334369067,0.005419133712105874,4,0.46246222962682565,3000,PRUNED
477,0.07856712490320206,2026-05-19 09:52:22.928662,2026-05-19 09:52:23.173028,0 days 00:00:00.244366,64,1.3823650570667243,0.5962578415547761,0.009183060744535525,4,0.44003804115004486,5000,PRUNED
478,0.08347368240356445,2026-05-19 09:52:23.180227,2026-05-19 09:52:23.431107,0 days 00:00:00.250880,64,1.756634068260646,0.18882463115080048,0.008411192860077367,4,0.38447024897629073,3000,PRUNED
479,0.08549962937831879,2026-05-19 09:52:23.437981,2026-05-19 09:52:23.651470,0 days 00:00:00.213489,64,1.1988848739239868,1.165676471359709,0.0033874253615845985,4,0.4252858082387547,4000,PRUNED
480,0.08871926367282867,2026-05-19 09:52:23.658007,2026-05-19 09:52:23.896725,0 days 00:00:00.238718,64,2.714094050691349,0.3857299964128068,0.0042952881330256135,5,0.7427540627155751,5000,PRUNED
481,0.04949679225683212,2026-05-19 09:52:23.905059,2026-05-19 09:52:24.272347,0 days 00:00:00.367288,64,2.37694253497619,0.3162490063390591,0.009972632715505553,3,0.6552638062460168,4000,PRUNED
482,0.09099441021680832,2026-05-19 09:52:24.279917,2026-05-19 09:52:24.575934,0 days 00:00:00.296017,96,7.611995077008016,0.23400939835919707,0.007522290752749304,6,0.4510514330205919,3000,PRUNED
483,0.07878267765045166,2026-05-19 09:52:24.584546,2026-05-19 09:52:24.831675,0 days 00:00:00.247129,64,3.4260032103074325,0.2815265566067273,0.008768041029926817,4,0.8714654739958195,4000,PRUNED
484,0.08716097474098206,2026-05-19 09:52:24.840250,2026-05-19 09:52:25.066099,0 days 00:00:00.225849,48,1.3375328422675745,0.48354517678684417,0.006098445644246745,4,0.5918664252167407,3000,PRUNED
485,0.08268550038337708,2026-05-19 09:52:25.073737,2026-05-19 09:52:25.275989,0 days 00:00:00.202252,64,1.5252747058443423,0.20744644078510824,0.007775222833151354,4,0.5684926586562141,3000,PRUNED
486,0.08270511776208878,2026-05-19 09:52:25.283737,2026-05-19 09:52:25.503144,0 days 00:00:00.219407,64,2.0600045845169,0.14689073065458916,0.006735479122261416,4,0.47215598013610666,2000,PRUNED
487,0.049387283623218536,2026-05-19 09:52:25.510404,2026-05-19 09:52:25.942818,0 days 00:00:00.432414,80,1.0690383505090322,0.07737720156274207,0.00922888996991866,4,0.8237656240134296,5000,PRUNED
488,0.04107219725847244,2026-05-19 09:52:25.950297,2026-05-19 09:52:26.399108,0 days 00:00:00.448811,64,1.2450418502132419,0.2936496115463233,0.008396197945469261,4,0.5407704806526408,2000,PRUNED
489,0.096269890666008,2026-05-19 09:52:26.407471,2026-05-19 09:52:26.628518,0 days 00:00:00.221047,64,1.4293082627673068,0.16874013414882597,0.007353527534125326,3,0.5052301434646644,5000,PRUNED
490,0.08154651522636414,2026-05-19 09:52:26.635847,2026-05-19 09:52:26.875555,0 days 00:00:00.239708,64,1.1650928451731986,0.3638148234095672,0.004982112125463033,4,0.8483217387530273,3000,PRUNED
491,0.10293371230363846,2026-05-19 09:52:26.882555,2026-05-19 09:52:27.119886,0 days 00:00:00.237331,112,1.723361555740287,0.24100199717313953,0.009332108676668898,4,0.6159926813541561,3000,PRUNED
492,0.07767698913812637,2026-05-19 09:52:27.126485,2026-05-19 09:52:27.377919,0 days 00:00:00.251434,64,1.5952148601407965,0.5535414708224596,0.008292784071054637,4,0.4435850949620752,3000,PRUNED
493,0.09278631210327148,2026-05-19 09:52:27.384380,2026-05-19 09:52:27.604292,0 days 00:00:00.219912,48,1.0052734799888599,0.436228402831733,0.006658296113245871,4,0.4819090797080806,4000,PRUNED
494,0.10016612708568573,2026-05-19 09:52:27.611377,2026-05-19 09:52:27.811685,0 days 00:00:00.200308,64,1.3412470623210428,0.9706548276302166,0.0025768588802813964,3,0.5580728526175867,3000,PRUNED
495,0.1103881448507309,2026-05-19 09:52:27.818906,2026-05-19 09:52:27.979645,0 days 00:00:00.160739,64,1.1434164447495447,2.121639602565884,0.009977214086305423,2,0.6925683769217387,5000,PRUNED
496,0.12318434566259384,2026-05-19 09:52:27.986779,2026-05-19 09:52:28.220200,0 days 00:00:00.233421,64,68.93632144144874,0.3216512742659281,0.007752308593450676,4,0.3958906665914504,4000,PRUNED
497,0.09951106458902359,2026-05-19 09:52:28.227178,2026-05-19 09:52:28.451895,0 days 00:00:00.224717,80,1.987305046910626,0.6936422028092114,0.00371718714399199,4,0.6410369059677428,5000,PRUNED
498,0.09915287047624588,2026-05-19 09:52:28.458788,2026-05-19 09:52:28.710232,0 days 00:00:00.251444,32,1.4631095452100853,0.2595982427973165,0.008654958696928687,4,0.4609118410004514,3000,PRUNED
499,0.08359017968177795,2026-05-19 09:52:28.716718,2026-05-19 09:52:28.960232,0 days 00:00:00.243514,64,1.2511229793752527,0.18736219497024828,0.005745024135141994,4,0.3660783344800821,3000,PRUNED
500,0.23037303984165192,2026-05-19 09:52:28.967318,2026-05-19 09:52:29.194841,0 days 00:00:00.227523,64,2.2667183128653727,0.22727137623896657,0.00017979972712537019,4,0.577372709169441,3000,PRUNED
501,0.090506412088871,2026-05-19 09:52:29.201750,2026-05-19 09:52:29.395185,0 days 00:00:00.193435,64,1.0011197141660866,0.3860534086142312,0.007180076004193633,3,0.7633246259018907,5000,PRUNED
502,0.16303934156894684,2026-05-19 09:52:29.401476,2026-05-19 09:52:29.611174,0 days 00:00:00.209698,48,1.6118360057933752,0.014096835022972034,0.0017192011789222963,4,0.8093782237579575,4000,PRUNED
503,0.09936552494764328,2026-05-19 09:52:29.617955,2026-05-19 09:52:29.855150,0 days 00:00:00.237195,64,40.50916038523899,0.290234831317138,0.008031604134444596,4,0.4818328994872571,3000,PRUNED
504,0.10036739706993103,2026-05-19 09:52:29.861512,2026-05-19 09:52:30.071189,0 days 00:00:00.209677,96,1.8305562138118554,1.4882664984930973,0.004226165602175485,4,0.5198155701330639,4000,PRUNED
505,0.12723229825496674,2026-05-19 09:52:30.077732,2026-05-19 09:52:30.332493,0 days 00:00:00.254761,64,1.3690839287642493,0.20967062479668955,0.000895492905116575,4,0.4903345787859276,5000,PRUNED
506,0.097294382750988,2026-05-19 09:52:30.339174,2026-05-19 09:52:30.583494,0 days 00:00:00.244320,64,6.69579442218091,9.851557649727672,0.009078469319650336,4,0.7844368600332478,3000,PRUNED
507,4.7852594434516504e-05,2026-05-19 09:52:30.591441,2026-05-19 09:52:45.047721,0 days 00:00:14.456280,64,1.1345167248871162,0.3405685756246826,0.009935742100561574,5,0.45587493658965156,3000,COMPLETE
508,0.01868097297847271,2026-05-19 09:52:45.060590,2026-05-19 09:52:45.984566,0 days 00:00:00.923976,64,1.1042223975809053,0.4581888158955488,0.009144189013855325,5,0.4316982482026241,3000,PRUNED
509,0.015351967886090279,2026-05-19 09:52:45.991359,2026-05-19 09:52:46.900801,0 days 00:00:00.909442,64,1.1542233620161795,0.346925453194154,0.009459358663290137,5,0.45241038699888764,4000,PRUNED
510,0.044515982270240784,2026-05-19 09:52:46.908296,2026-05-19 09:52:47.376121,0 days 00:00:00.467825,64,1.233714702323295,0.5732453479205611,0.0081644319524365,5,0.5528368392387154,5000,PRUNED
511,0.09409686923027039,2026-05-19 09:52:47.383157,2026-05-19 09:52:47.664396,0 days 00:00:00.281239,48,1.0768220323389497,0.7972078661640019,0.005258185307348958,5,0.4426086778122014,1000,PRUNED
512,0.08411191403865814,2026-05-19 09:52:47.671177,2026-05-19 09:52:47.905335,0 days 00:00:00.234158,64,1.2343817614134531,0.41089505774899476,0.0062221801906805225,5,0.7181173556890103,2000,PRUNED
513,0.07859689742326736,2026-05-19 09:52:47.912432,2026-05-19 09:52:48.147473,0 days 00:00:00.235041,64,1.0801074282616192,0.31016734574543453,0.003049094463929874,5,0.31108634405739505,3000,PRUNED
514,0.04021678864955902,2026-05-19 09:52:48.154403,2026-05-19 09:52:48.582610,0 days 00:00:00.428207,64,1.2846513026635389,0.4740298407649599,0.009997942070323812,5,0.41138430919361196,3000,PRUNED
515,0.07889652997255325,2026-05-19 09:52:48.589334,2026-05-19 09:52:48.853986,0 days 00:00:00.264652,80,1.0021829616970008,0.3320092115283775,0.0073704350558359815,5,0.5711535265258889,5000,PRUNED
516,0.0018951613456010818,2026-05-19 09:52:48.861208,2026-05-19 09:52:51.412210,0 days 00:00:02.551002,64,1.1561682714604675,0.2686309195338439,0.008652656672769805,5,0.5941043540853486,3000,PRUNED
517,0.09574189782142639,2026-05-19 09:52:51.419381,2026-05-19 09:52:51.655774,0 days 00:00:00.236393,64,1.3724233784958155,0.11021444977302892,0.004621845897131832,5,0.42771293930061405,5000,PRUNED
518,0.05586479976773262,2026-05-19 09:52:51.662564,2026-05-19 09:52:52.114945,0 days 00:00:00.452381,64,1.1628467531509068,0.3984194550889184,0.003912962770757164,5,0.8317247820625584,4000,PRUNED
519,0.09496870636940002,2026-05-19 09:52:52.121661,2026-05-19 09:52:52.312617,0 days 00:00:00.190956,64,1.3082173270119097,1.0474130414616787,0.006886140401330325,3,0.5288975736861492,3000,PRUNED
520,0.09147365391254425,2026-05-19 09:52:52.319209,2026-05-19 09:52:52.549858,0 days 00:00:00.230649,96,3.051807956042272,0.5231380249915246,0.009437615916842161,5,0.4683747306925097,3000,PRUNED
521,0.09268166124820709,2026-05-19 09:52:52.556364,2026-05-19 09:52:52.750889,0 days 00:00:00.194525,64,1.4554650587629647,0.6983559331569729,0.007903073562295693,3,0.8006183887213049,4000,PRUNED
522,0.15287646651268005,2026-05-19 09:52:52.759550,2026-05-19 09:52:52.936219,0 days 00:00:00.176669,64,1.2269353592131111,0.2555068557619066,0.0007385423693327829,2,0.4557169348214523,5000,PRUNED
523,0.0001465340901631862,2026-05-19 09:52:52.944863,2026-05-19 09:53:14.098276,0 days 00:00:21.153413,48,1.1034091119075522,0.3372556467710956,0.008348876466367018,6,0.8551489175875678,2000,COMPLETE
524,0.044202618300914764,2026-05-19 09:53:14.108822,2026-05-19 09:53:14.477148,0 days 00:00:00.368326,64,1.3215408736148493,0.16615305766193744,0.009235220237567598,3,0.5804202776346309,3000,PRUNED
525,0.0826558843255043,2026-05-19 09:53:14.483956,2026-05-19 09:53:14.761832,0 days 00:00:00.277876,64,1.186140769257187,0.28222710165428333,0.0033960279168745553,5,0.5430737424446038,5000,PRUNED
526,0.0791950523853302,2026-05-19 09:53:14.769018,2026-05-19 09:53:14.978062,0 days 00:00:00.209044,80,1.0037517917034595,0.22412813690622407,0.008671929460385511,3,0.565029946376138,3000,PRUNED
527,0.08958990126848221,2026-05-19 09:53:14.984634,2026-05-19 09:53:15.171044,0 days 00:00:00.186410,64,1.4734639134320389,0.3931267255624345,0.009851051579796629,3,0.44286164191983013,3000,PRUNED
528,0.27425625920295715,2026-05-19 09:53:15.177452,2026-05-19 09:53:15.359617,0 days 00:00:00.182165,64,13.850450672884342,0.19124380260950227,0.0004167291342185104,3,0.4692339462624122,2000,PRUNED
529,0.1092236340045929,2026-05-19 09:53:15.366509,2026-05-19 09:53:15.596488,0 days 00:00:00.229979,64,2.62053602469556,0.1402512437766894,0.0059731366986175965,5,0.4993431292323605,4000,PRUNED
530,0.08943906426429749,2026-05-19 09:53:15.604444,2026-05-19 09:53:15.805998,0 days 00:00:00.201554,64,1.0939576249630356,0.9147317701530183,0.007279637516251508,4,0.35000816780962274,3000,PRUNED
531,0.1044485941529274,2026-05-19 09:53:15.814569,2026-05-19 09:53:16.017591,0 days 00:00:00.203022,96,1.300449494008323,0.5976492663559315,0.0027340999370871915,4,0.8164809339734285,3000,PRUNED
532,0.08984066545963287,2026-05-19 09:53:16.026480,2026-05-19 09:53:16.229863,0 days 00:00:00.203383,64,1.428311456975951,1.2717157008227968,0.009980999565407666,4,0.8401621140033393,5000,PRUNED
533,0.0878148227930069,2026-05-19 09:53:16.237311,2026-05-19 09:53:16.422360,0 days 00:00:00.185049,64,1.2262144504719774,0.29388588837409363,0.006475234266048692,3,0.45997059206591184,4000,PRUNED
534,0.09466763585805893,2026-05-19 09:53:16.430199,2026-05-19 09:53:16.668023,0 days 00:00:00.237824,64,1.5492056626433843,0.22693663777748888,0.0014191385188514192,5,0.5533952332331786,3000,PRUNED
535,0.03987419605255127,2026-05-19 09:53:16.674582,2026-05-19 09:53:17.055824,0 days 00:00:00.381242,64,1.1489761593936714,0.44569130163966886,0.007995042935130026,4,0.5983614656768482,5000,PRUNED
536,0.08930497616529465,2026-05-19 09:53:17.062678,2026-05-19 09:53:17.301997,0 days 00:00:00.239319,128,2.1485678413136307,0.3502943982422587,0.0012072740001210043,4,0.4755595242564065,3000,PRUNED
537,0.08406823128461838,2026-05-19 09:53:17.309436,2026-05-19 09:53:17.555621,0 days 00:00:00.246185,48,1.3657579774934667,0.2703609392009483,0.008701294784548107,4,0.584915673265568,4000,PRUNED
538,0.0895131304860115,2026-05-19 09:53:17.562956,2026-05-19 09:53:17.762595,0 days 00:00:00.199639,64,1.0805209283239023,0.1852394725313543,0.009997347414873556,3,0.4499601991715939,2000,PRUNED
539,0.04644351080060005,2026-05-19 09:53:17.769599,2026-05-19 09:53:18.149388,0 days 00:00:00.379789,64,1.2522285943226787,0.001873338297997379,0.007553319956290086,4,0.3003511472102896,3000,PRUNED
540,0.08232921361923218,2026-05-19 09:53:18.155974,2026-05-19 09:53:18.377208,0 days 00:00:00.221234,64,1.6461944437568377,0.2339349059835912,0.002164601677440134,4,0.669917514915668,5000,PRUNED
541,0.045255906879901886,2026-05-19 09:53:18.383729,2026-05-19 09:53:18.771588,0 days 00:00:00.387859,64,1.4197879223697236,0.3416487040623259,0.006678267945985074,4,0.6080944967720137,3000,PRUNED
542,0.08723718672990799,2026-05-19 09:53:18.778294,2026-05-19 09:53:19.027575,0 days 00:00:00.249281,48,1.1522745271610866,0.5213142216795924,0.005182251098643803,4,0.5123637490229384,5000,PRUNED
543,0.08972951769828796,2026-05-19 09:53:19.034352,2026-05-19 09:53:19.237090,0 days 00:00:00.202738,64,2.496233029710363,0.2944501457710267,0.008598350652514138,3,0.422028321597704,3000,PRUNED
544,0.08229241520166397,2026-05-19 09:53:19.243906,2026-05-19 09:53:19.492120,0 days 00:00:00.248214,64,1.0047116474829811,0.7453378026299796,0.007689093199961589,4,0.7945205920935305,2000,PRUNED
545,0.09647566825151443,2026-05-19 09:53:19.498498,2026-05-19 09:53:19.715411,0 days 00:00:00.216913,64,1.5739342385652728,1.7118710290144734,0.009226738339132304,4,0.37246126782707256,3000,PRUNED
546,0.17194506525993347,2026-05-19 09:53:19.721806,2026-05-19 09:53:19.969894,0 days 00:00:00.248088,64,1.2911841327473053,0.2086898312877305,0.00025751298638965284,5,0.4888909134457736,4000,PRUNED
547,0.08096086978912354,2026-05-19 09:53:19.976516,2026-05-19 09:53:20.199273,0 days 00:00:00.222757,64,1.8089342764951823,0.412463636106316,0.004325176402755679,4,0.3341448191648374,3000,PRUNED
548,0.0875210091471672,2026-05-19 09:53:20.206174,2026-05-19 09:53:20.453979,0 days 00:00:00.247805,80,1.0961754351637607,0.16188164570243196,0.005710333264287377,4,0.43854087607655007,5000,PRUNED
549,0.04232577234506607,2026-05-19 09:53:20.461437,2026-05-19 09:53:20.903060,0 days 00:00:00.441623,48,1.9623189384827997,0.2627234977189867,0.008629999671730611,4,0.5358841471632475,4000,PRUNED
550,0.07801734656095505,2026-05-19 09:53:20.910083,2026-05-19 09:53:21.213610,0 days 00:00:00.303527,96,1.203672422727877,0.3398740633647609,0.007066102808404102,6,0.4034028932090511,3000,PRUNED
551,0.04775382950901985,2026-05-19 09:53:21.219862,2026-05-19 09:53:21.542160,0 days 00:00:00.322298,64,1.4572211814907146,0.21663629616936464,0.0077881828646220825,3,0.5625178620894435,4000,PRUNED
